This report is based off energy estimates for individual components of the SpiNNaker machine. It is not meant to be completely accurate. But does use provenance data gathered from the machine to estimate the energy usage and therefore should be in the right ballpark.


The energy components we use are as follows:

The energy usage for a chip when all cores are 100% active for a millisecond is 0.0006399999999999999 Joules.
The energy usage for a chip when all cores are not active for a millisecond is 0.00036 Joules.
The energy used by the machine for firing a packet is 8e-10 Joules.
The energy used by each active FPGA per millisecond is 0.000584635 Joules.


The packet cost is 0.023900540799999988 Joules
0 FPGAs on the Spalloc-ed boards are turned on and therefore the energy used by the FPGA during the entire time the machine was booted (which was 117952.26 ms) is 0.0 Joules. The usage during execution was 0.0 Joules.The amount of time used during the loading process is 28085.286999999997 milliseconds.
Assumed only 2 monitor cores is executing that this point. We also assume that there is a baseline active router/cooling component that is using 4340.865163455298 Joules. Overall the energy usage is 4785.387505539742 Joules.
The amount of time used during the data extraction process is 3609.387 milliseconds.
Assumed only 2 monitor cores is executing at this point. We also assume that there is a baseline active router/cooling component that is using 556.4359421189461 Joules. Hence the overall energy usage is 4252.881978676082 Joules.

processor 0:0:0 used 0.1066666666666606 Joules by being active during the execution of the simulation
processor 0:0:1 (running ChipPowerMonitor on 0, 0) used 0.0 Joules by being active during the execution of the simulation
processor 0:0:2 used 0.0007647999999999747 Joules by being active during the execution of the simulation
processor 0:0:3 used 5.688888888888889e-06 Joules by being active during the execution of the simulation
processor 0:0:4 used 0.004283377777777693 Joules by being active during the execution of the simulation
processor 0:0:5 used 0.004297599999999918 Joules by being active during the execution of the simulation
processor 0:0:6 used 0.004306844444444361 Joules by being active during the execution of the simulation
processor 0:0:7 used 0.004322488888888811 Joules by being active during the execution of the simulation
processor 0:0:8 used 0.0042609777777776955 Joules by being active during the execution of the simulation
processor 0:0:9 used 0.0043086222222221415 Joules by being active during the execution of the simulation
processor 0:0:10 used 0.004291555555555469 Joules by being active during the execution of the simulation
processor 0:0:11 used 0.004317511111111022 Joules by being active during the execution of the simulation
processor 0:0:12 used 0.004254222222222142 Joules by being active during the execution of the simulation
processor 0:0:13 used 0.0042744888888888 Joules by being active during the execution of the simulation
processor 0:0:14 used 0.004277688888888801 Joules by being active during the execution of the simulation
processor 0:0:15 used 0.0043054222222221415 Joules by being active during the execution of the simulation
processor 0:0:16 used 0.004317511111111018 Joules by being active during the execution of the simulation
processor 0:0:17 used 0.004278044444444355 Joules by being active during the execution of the simulation
The chip at 0,0 used 1.08 Joules by being idle during the execution of the simulation

processor 0:1:0 used 0.1066666666666606 Joules by being active during the execution of the simulation
processor 0:1:1 (running ChipPowerMonitor on 0, 1) used 0.0 Joules by being active during the execution of the simulation
processor 0:1:2 used 0.004273777777777698 Joules by being active during the execution of the simulation
processor 0:1:3 used 0.004330311111111025 Joules by being active during the execution of the simulation
processor 0:1:4 used 0.004296888888888805 Joules by being active during the execution of the simulation
processor 0:1:5 used 0.004282666666666582 Joules by being active during the execution of the simulation
processor 0:1:6 used 0.004262399999999916 Joules by being active during the execution of the simulation
processor 0:1:7 used 0.004237155555555473 Joules by being active during the execution of the simulation
processor 0:1:8 used 0.00427519999999992 Joules by being active during the execution of the simulation
processor 0:1:9 used 0.00427235555555547 Joules by being active during the execution of the simulation
processor 0:1:10 used 0.0007665777777777487 Joules by being active during the execution of the simulation
processor 0:1:11 used 0.004213333333333259 Joules by being active during the execution of the simulation
processor 0:1:12 used 0.00424888888888881 Joules by being active during the execution of the simulation
processor 0:1:13 used 0.0042538666666665885 Joules by being active during the execution of the simulation
processor 0:1:14 used 0.004282666666666581 Joules by being active during the execution of the simulation
processor 0:1:15 used 0.0042609777777776955 Joules by being active during the execution of the simulation
processor 0:1:16 used 0.004283377777777689 Joules by being active during the execution of the simulation
processor 0:1:17 used 0.004211199999999923 Joules by being active during the execution of the simulation
The chip at 0,1 used 1.08 Joules by being idle during the execution of the simulation

processor 0:2:0 used 0.1066666666666606 Joules by being active during the execution of the simulation
processor 0:2:1 (running ChipPowerMonitor on 0, 2) used 0.0 Joules by being active during the execution of the simulation
processor 0:2:2 used 0.004264888888888804 Joules by being active during the execution of the simulation
processor 0:2:3 used 0.004237155555555472 Joules by being active during the execution of the simulation
processor 0:2:4 used 0.004242133333333248 Joules by being active during the execution of the simulation
processor 0:2:5 used 0.0042819555555554676 Joules by being active during the execution of the simulation
processor 0:2:6 used 0.0042741333333332415 Joules by being active during the execution of the simulation
processor 0:2:7 used 0.004278755555555465 Joules by being active during the execution of the simulation
processor 0:2:8 used 0.004262044444444358 Joules by being active during the execution of the simulation
processor 0:2:9 used 0.004219733333333246 Joules by being active during the execution of the simulation
processor 0:2:10 used 0.0007715555555555264 Joules by being active during the execution of the simulation
processor 0:2:11 used 0.00422435555555547 Joules by being active during the execution of the simulation
processor 0:2:12 used 0.0043096888888888 Joules by being active during the execution of the simulation
processor 0:2:13 used 0.004216177777777695 Joules by being active during the execution of the simulation
processor 0:2:14 used 0.004288711111111026 Joules by being active during the execution of the simulation
processor 0:2:15 used 0.004241066666666583 Joules by being active during the execution of the simulation
processor 0:2:16 used 0.0042485333333332495 Joules by being active during the execution of the simulation
processor 0:2:17 used 0.004285866666666578 Joules by being active during the execution of the simulation
The chip at 0,2 used 1.08 Joules by being idle during the execution of the simulation

processor 0:3:0 used 0.1066666666666606 Joules by being active during the execution of the simulation
processor 0:3:1 (running ChipPowerMonitor on 0, 3) used 0.03555164444444436 Joules by being active during the execution of the simulation
processor 0:3:2 used 0.004292977777777696 Joules by being active during the execution of the simulation
processor 0:3:3 used 0.004297599999999918 Joules by being active during the execution of the simulation
processor 0:3:4 used 0.00431786666666657 Joules by being active during the execution of the simulation
processor 0:3:5 used 0.004369777777777688 Joules by being active during the execution of the simulation
processor 0:3:6 used 0.004307199999999923 Joules by being active during the execution of the simulation
processor 0:3:7 used 0.004298666666666571 Joules by being active during the execution of the simulation
processor 0:3:8 used 0.004331377777777685 Joules by being active during the execution of the simulation
processor 0:3:9 used 0.004317155555555464 Joules by being active during the execution of the simulation
processor 0:3:10 used 0.0007594666666666379 Joules by being active during the execution of the simulation
processor 0:3:11 used 0.004311822222222143 Joules by being active during the execution of the simulation
processor 0:3:12 used 0.004283733333333243 Joules by being active during the execution of the simulation
processor 0:3:13 used 0.004343466666666585 Joules by being active during the execution of the simulation
processor 0:3:14 used 0.004291911111111023 Joules by being active during the execution of the simulation
processor 0:3:15 used 0.004276622222222132 Joules by being active during the execution of the simulation
processor 0:3:16 used 0.004241422222222141 Joules by being active during the execution of the simulation
processor 0:3:17 used 0.004276266666666574 Joules by being active during the execution of the simulation
The chip at 0,3 used 1.08 Joules by being idle during the execution of the simulation

processor 1:0:0 used 0.1066666666666606 Joules by being active during the execution of the simulation
processor 1:0:1 (running ChipPowerMonitor on 1, 0) used 0.035555555555555465 Joules by being active during the execution of the simulation
processor 1:0:2 used 0.004257422222222138 Joules by being active during the execution of the simulation
processor 1:0:3 used 0.004244266666666585 Joules by being active during the execution of the simulation
processor 1:0:4 used 0.004251733333333248 Joules by being active during the execution of the simulation
processor 1:0:5 used 0.0042439111111110366 Joules by being active during the execution of the simulation
processor 1:0:6 used 0.004263822222222152 Joules by being active during the execution of the simulation
processor 1:0:7 used 0.004273066666666582 Joules by being active during the execution of the simulation
processor 1:0:8 used 0.004222933333333258 Joules by being active during the execution of the simulation
processor 1:0:9 used 0.004231822222222148 Joules by being active during the execution of the simulation
processor 1:0:10 used 0.0007658666666666375 Joules by being active during the execution of the simulation
processor 1:0:11 used 0.004255999999999918 Joules by being active during the execution of the simulation
processor 1:0:12 used 0.004264177777777694 Joules by being active during the execution of the simulation
processor 1:0:13 used 0.004248533333333257 Joules by being active during the execution of the simulation
processor 1:0:14 used 0.004227911111111035 Joules by being active during the execution of the simulation
processor 1:0:15 used 0.004243199999999918 Joules by being active during the execution of the simulation
processor 1:0:16 used 0.004231111111111032 Joules by being active during the execution of the simulation
processor 1:0:17 used 0.004270222222222137 Joules by being active during the execution of the simulation
The chip at 1,0 used 1.08 Joules by being idle during the execution of the simulation

processor 1:1:0 used 0.1066666666666606 Joules by being active during the execution of the simulation
processor 1:1:1 (running ChipPowerMonitor on 1, 1) used 0.0 Joules by being active during the execution of the simulation
processor 1:1:2 used 0.004262755555555471 Joules by being active during the execution of the simulation
processor 1:1:3 used 0.0 Joules by being active during the execution of the simulation
processor 1:1:4 used 0.004247822222222144 Joules by being active during the execution of the simulation
processor 1:1:5 used 0.004323911111111029 Joules by being active during the execution of the simulation
processor 1:1:6 used 0.0042606222222221395 Joules by being active during the execution of the simulation
processor 1:1:7 used 0.004263466666666583 Joules by being active during the execution of the simulation
processor 1:1:8 used 0.004288355555555465 Joules by being active during the execution of the simulation
processor 1:1:9 used 0.004255288888888803 Joules by being active during the execution of the simulation
processor 1:1:10 used 0.004258133333333248 Joules by being active during the execution of the simulation
processor 1:1:11 used 0.0007544888888888612 Joules by being active during the execution of the simulation
processor 1:1:12 used 0.004270577777777695 Joules by being active during the execution of the simulation
processor 1:1:13 used 0.004267377777777696 Joules by being active during the execution of the simulation
processor 1:1:14 used 0.004264533333333252 Joules by being active during the execution of the simulation
processor 1:1:15 used 0.004252799999999915 Joules by being active during the execution of the simulation
processor 1:1:16 used 0.004281955555555471 Joules by being active during the execution of the simulation
processor 1:1:17 used 0.004237511111111026 Joules by being active during the execution of the simulation
The chip at 1,1 used 1.08 Joules by being idle during the execution of the simulation

processor 1:2:0 used 0.1066666666666606 Joules by being active during the execution of the simulation
processor 1:2:1 (running ChipPowerMonitor on 1, 2) used 0.0 Joules by being active during the execution of the simulation
processor 1:2:2 used 0.004222577777777701 Joules by being active during the execution of the simulation
processor 1:2:3 used 0.004263822222222137 Joules by being active during the execution of the simulation
processor 1:2:4 used 0.00426524444444436 Joules by being active during the execution of the simulation
processor 1:2:5 used 0.004228622222222142 Joules by being active during the execution of the simulation
processor 1:2:6 used 0.0042574222222221385 Joules by being active during the execution of the simulation
processor 1:2:7 used 0.0042513777777776944 Joules by being active during the execution of the simulation
processor 1:2:8 used 0.004242488888888806 Joules by being active during the execution of the simulation
processor 1:2:9 used 0.004299022222222144 Joules by being active during the execution of the simulation
processor 1:2:10 used 0.0007647999999999711 Joules by being active during the execution of the simulation
processor 1:2:11 used 0.0042488888888888065 Joules by being active during the execution of the simulation
processor 1:2:12 used 0.004242844444444364 Joules by being active during the execution of the simulation
processor 1:2:13 used 0.004268799999999911 Joules by being active during the execution of the simulation
processor 1:2:14 used 0.004252799999999919 Joules by being active during the execution of the simulation
processor 1:2:15 used 0.0042428444444443675 Joules by being active during the execution of the simulation
processor 1:2:16 used 0.004262399999999923 Joules by being active during the execution of the simulation
processor 1:2:17 used 0.004237511111111027 Joules by being active during the execution of the simulation
The chip at 1,2 used 1.08 Joules by being idle during the execution of the simulation

processor 1:3:0 used 0.1066666666666606 Joules by being active during the execution of the simulation
processor 1:3:1 (running ChipPowerMonitor on 1, 3) used 0.03555484444444436 Joules by being active during the execution of the simulation
processor 1:3:2 used 0.004317511111111025 Joules by being active during the execution of the simulation
processor 1:3:3 used 0.004260266666666581 Joules by being active during the execution of the simulation
processor 1:3:4 used 0.004269511111111019 Joules by being active during the execution of the simulation
processor 1:3:5 used 0.004316799999999912 Joules by being active during the execution of the simulation
processor 1:3:6 used 0.004299022222222137 Joules by being active during the execution of the simulation
processor 1:3:7 used 0.004279111111111027 Joules by being active during the execution of the simulation
processor 1:3:8 used 0.004292266666666582 Joules by being active during the execution of the simulation
processor 1:3:9 used 0.0042698666666665845 Joules by being active during the execution of the simulation
processor 1:3:10 used 0.0007555555555555277 Joules by being active during the execution of the simulation
processor 1:3:11 used 0.004278399999999907 Joules by being active during the execution of the simulation
processor 1:3:12 used 0.004324977777777689 Joules by being active during the execution of the simulation
processor 1:3:13 used 0.00431146666666658 Joules by being active during the execution of the simulation
processor 1:3:14 used 0.004240711111111025 Joules by being active during the execution of the simulation
processor 1:3:15 used 0.00435911111111102 Joules by being active during the execution of the simulation
processor 1:3:16 used 0.0 Joules by being active during the execution of the simulation
processor 1:3:17 used 0.004320711111111022 Joules by being active during the execution of the simulation
The chip at 1,3 used 1.08 Joules by being idle during the execution of the simulation

processor 1:4:0 used 0.1066666666666606 Joules by being active during the execution of the simulation
processor 1:4:1 (running ChipPowerMonitor on 1, 4) used 0.0 Joules by being active during the execution of the simulation
processor 1:4:2 used 0.0 Joules by being active during the execution of the simulation
processor 1:4:3 used 0.0 Joules by being active during the execution of the simulation
processor 1:4:4 used 0.0 Joules by being active during the execution of the simulation
processor 1:4:5 used 0.0 Joules by being active during the execution of the simulation
processor 1:4:6 used 0.0 Joules by being active during the execution of the simulation
processor 1:4:7 used 0.0 Joules by being active during the execution of the simulation
processor 1:4:8 used 0.0 Joules by being active during the execution of the simulation
processor 1:4:9 used 0.0 Joules by being active during the execution of the simulation
processor 1:4:10 used 0.0007377777777777511 Joules by being active during the execution of the simulation
processor 1:4:11 used 0.0 Joules by being active during the execution of the simulation
processor 1:4:12 used 0.0 Joules by being active during the execution of the simulation
processor 1:4:13 used 0.0 Joules by being active during the execution of the simulation
processor 1:4:14 used 0.0 Joules by being active during the execution of the simulation
processor 1:4:15 used 0.0 Joules by being active during the execution of the simulation
processor 1:4:16 used 0.0 Joules by being active during the execution of the simulation
processor 1:4:17 used 0.0 Joules by being active during the execution of the simulation
The chip at 1,4 used 1.08 Joules by being idle during the execution of the simulation

processor 2:0:0 used 0.1066666666666606 Joules by being active during the execution of the simulation
processor 2:0:1 (running ChipPowerMonitor on 2, 0) used 0.035555911111111026 Joules by being active during the execution of the simulation
processor 2:0:2 used 0.004233955555555471 Joules by being active during the execution of the simulation
processor 2:0:3 used 0.00424568888888881 Joules by being active during the execution of the simulation
processor 2:0:4 used 0.004269155555555465 Joules by being active during the execution of the simulation
processor 2:0:5 used 0.0042143999999999186 Joules by being active during the execution of the simulation
processor 2:0:6 used 0.004241777777777694 Joules by being active during the execution of the simulation
processor 2:0:7 used 0.004240355555555475 Joules by being active during the execution of the simulation
processor 2:0:8 used 0.004235022222222146 Joules by being active during the execution of the simulation
processor 2:0:9 used 0.0042403555555554796 Joules by being active during the execution of the simulation
processor 2:0:10 used 0.000758755555555527 Joules by being active during the execution of the simulation
processor 2:0:11 used 0.004231466666666585 Joules by being active during the execution of the simulation
processor 2:0:12 used 0.004226488888888812 Joules by being active during the execution of the simulation
processor 2:0:13 used 0.004211199999999925 Joules by being active during the execution of the simulation
processor 2:0:14 used 0.0042005333333332544 Joules by being active during the execution of the simulation
processor 2:0:15 used 0.004268088888888809 Joules by being active during the execution of the simulation
processor 2:0:16 used 0.004207288888888809 Joules by being active during the execution of the simulation
processor 2:0:17 used 0.00423999999999992 Joules by being active during the execution of the simulation
The chip at 2,0 used 1.08 Joules by being idle during the execution of the simulation

processor 2:1:0 used 0.1066666666666606 Joules by being active during the execution of the simulation
processor 2:1:1 (running ChipPowerMonitor on 2, 1) used 0.0 Joules by being active during the execution of the simulation
processor 2:1:2 used 0.004222222222222136 Joules by being active during the execution of the simulation
processor 2:1:3 used 0.00427911111111102 Joules by being active during the execution of the simulation
processor 2:1:4 used 0.00422435555555548 Joules by being active during the execution of the simulation
processor 2:1:5 used 0.0042225777777776955 Joules by being active during the execution of the simulation
processor 2:1:6 used 0.004208355555555482 Joules by being active during the execution of the simulation
processor 2:1:7 used 0.0041934222222221405 Joules by being active during the execution of the simulation
processor 2:1:8 used 0.00420408888888881 Joules by being active during the execution of the simulation
processor 2:1:9 used 0.0042887111111110255 Joules by being active during the execution of the simulation
processor 2:1:10 used 0.00075768888888886 Joules by being active during the execution of the simulation
processor 2:1:11 used 0.0042947555555554635 Joules by being active during the execution of the simulation
processor 2:1:12 used 0.004227199999999915 Joules by being active during the execution of the simulation
processor 2:1:13 used 0.004230755555555475 Joules by being active during the execution of the simulation
processor 2:1:14 used 0.00422115555555547 Joules by being active during the execution of the simulation
processor 2:1:15 used 0.0042111999999999185 Joules by being active during the execution of the simulation
processor 2:1:16 used 0.004193422222222149 Joules by being active during the execution of the simulation
processor 2:1:17 used 0.004243555555555477 Joules by being active during the execution of the simulation
The chip at 2,1 used 1.08 Joules by being idle during the execution of the simulation

processor 2:2:0 used 0.1066666666666606 Joules by being active during the execution of the simulation
processor 2:2:1 (running ChipPowerMonitor on 2, 2) used 0.0 Joules by being active during the execution of the simulation
processor 2:2:2 used 0.004251377777777692 Joules by being active during the execution of the simulation
processor 2:2:3 used 0.004236799999999917 Joules by being active during the execution of the simulation
processor 2:2:4 used 0.0042215111111110325 Joules by being active during the execution of the simulation
processor 2:2:5 used 0.004227199999999924 Joules by being active during the execution of the simulation
processor 2:2:6 used 0.004245333333333258 Joules by being active during the execution of the simulation
processor 2:2:7 used 0.004218666666666585 Joules by being active during the execution of the simulation
processor 2:2:8 used 0.004239288888888805 Joules by being active during the execution of the simulation
processor 2:2:9 used 0.004231822222222136 Joules by being active during the execution of the simulation
processor 2:2:10 used 0.0007669333333333034 Joules by being active during the execution of the simulation
processor 2:2:11 used 0.004256355555555472 Joules by being active during the execution of the simulation
processor 2:2:12 used 0.004220799999999922 Joules by being active during the execution of the simulation
processor 2:2:13 used 0.004240711111111029 Joules by being active during the execution of the simulation
processor 2:2:14 used 0.004236799999999918 Joules by being active during the execution of the simulation
processor 2:2:15 used 0.0042321777777776974 Joules by being active during the execution of the simulation
processor 2:2:16 used 0.004251022222222136 Joules by being active during the execution of the simulation
processor 2:2:17 used 0.004255999999999916 Joules by being active during the execution of the simulation
The chip at 2,2 used 1.08 Joules by being idle during the execution of the simulation

processor 2:3:0 used 0.1066666666666606 Joules by being active during the execution of the simulation
processor 2:3:1 (running ChipPowerMonitor on 2, 3) used 0.0 Joules by being active during the execution of the simulation
processor 2:3:2 used 0.004273066666666574 Joules by being active during the execution of the simulation
processor 2:3:3 used 0.004248177777777698 Joules by being active during the execution of the simulation
processor 2:3:4 used 0.004317511111111037 Joules by being active during the execution of the simulation
processor 2:3:5 used 0.004234666666666587 Joules by being active during the execution of the simulation
processor 2:3:6 used 0.004280177777777698 Joules by being active during the execution of the simulation
processor 2:3:7 used 0.004235377777777699 Joules by being active during the execution of the simulation
processor 2:3:8 used 0.004284088888888802 Joules by being active during the execution of the simulation
processor 2:3:9 used 0.004271644444444366 Joules by being active during the execution of the simulation
processor 2:3:10 used 0.0007651555555555265 Joules by being active during the execution of the simulation
processor 2:3:11 used 0.004289422222222141 Joules by being active during the execution of the simulation
processor 2:3:12 used 0.004275911111111026 Joules by being active during the execution of the simulation
processor 2:3:13 used 0.004254577777777695 Joules by being active during the execution of the simulation
processor 2:3:14 used 0.004281599999999919 Joules by being active during the execution of the simulation
processor 2:3:15 used 0.004296888888888802 Joules by being active during the execution of the simulation
processor 2:3:16 used 0.004274488888888804 Joules by being active during the execution of the simulation
processor 2:3:17 used 0.004230755555555482 Joules by being active during the execution of the simulation
The chip at 2,3 used 1.08 Joules by being idle during the execution of the simulation

processor 2:4:0 used 0.1066666666666606 Joules by being active during the execution of the simulation
processor 2:4:1 (running ChipPowerMonitor on 2, 4) used 0.0 Joules by being active during the execution of the simulation
processor 2:4:2 used 0.0 Joules by being active during the execution of the simulation
processor 2:4:3 used 0.0 Joules by being active during the execution of the simulation
processor 2:4:4 used 0.0 Joules by being active during the execution of the simulation
processor 2:4:5 used 0.0 Joules by being active during the execution of the simulation
processor 2:4:6 used 0.0 Joules by being active during the execution of the simulation
processor 2:4:7 used 0.0 Joules by being active during the execution of the simulation
processor 2:4:8 used 0.0 Joules by being active during the execution of the simulation
processor 2:4:9 used 0.0 Joules by being active during the execution of the simulation
processor 2:4:10 used 0.0007416888888888617 Joules by being active during the execution of the simulation
processor 2:4:11 used 0.0 Joules by being active during the execution of the simulation
processor 2:4:12 used 0.0 Joules by being active during the execution of the simulation
processor 2:4:13 used 0.0 Joules by being active during the execution of the simulation
processor 2:4:14 used 0.0 Joules by being active during the execution of the simulation
processor 2:4:15 used 0.0 Joules by being active during the execution of the simulation
processor 2:4:16 used 0.0 Joules by being active during the execution of the simulation
processor 2:4:17 used 0.0 Joules by being active during the execution of the simulation
The chip at 2,4 used 1.08 Joules by being idle during the execution of the simulation

processor 2:5:0 used 0.1066666666666606 Joules by being active during the execution of the simulation
processor 2:5:1 (running ChipPowerMonitor on 2, 5) used 0.0 Joules by being active during the execution of the simulation
processor 2:5:2 used 0.0 Joules by being active during the execution of the simulation
processor 2:5:3 used 0.0 Joules by being active during the execution of the simulation
processor 2:5:4 used 0.0 Joules by being active during the execution of the simulation
processor 2:5:5 used 0.0 Joules by being active during the execution of the simulation
processor 2:5:6 used 0.0 Joules by being active during the execution of the simulation
processor 2:5:7 used 0.0 Joules by being active during the execution of the simulation
processor 2:5:8 used 0.0 Joules by being active during the execution of the simulation
processor 2:5:9 used 0.0 Joules by being active during the execution of the simulation
processor 2:5:10 used 0.0007352888888888623 Joules by being active during the execution of the simulation
processor 2:5:11 used 0.0 Joules by being active during the execution of the simulation
processor 2:5:12 used 0.0 Joules by being active during the execution of the simulation
processor 2:5:13 used 0.0 Joules by being active during the execution of the simulation
processor 2:5:14 used 0.0 Joules by being active during the execution of the simulation
processor 2:5:15 used 0.0 Joules by being active during the execution of the simulation
processor 2:5:16 used 0.0 Joules by being active during the execution of the simulation
processor 2:5:17 used 0.0 Joules by being active during the execution of the simulation
The chip at 2,5 used 1.08 Joules by being idle during the execution of the simulation

processor 3:0:0 used 0.1066666666666606 Joules by being active during the execution of the simulation
processor 3:0:1 (running ChipPowerMonitor on 3, 0) used 0.03555377777777769 Joules by being active during the execution of the simulation
processor 3:0:2 used 0.004283022222222142 Joules by being active during the execution of the simulation
processor 3:0:3 used 0.004308977777777698 Joules by being active during the execution of the simulation
processor 3:0:4 used 0.004290488888888797 Joules by being active during the execution of the simulation
processor 3:0:5 used 0.004290133333333245 Joules by being active during the execution of the simulation
processor 3:0:6 used 0.0042659555555554715 Joules by being active during the execution of the simulation
processor 3:0:7 used 0.004260977777777695 Joules by being active during the execution of the simulation
processor 3:0:8 used 0.004244622222222137 Joules by being active during the execution of the simulation
processor 3:0:9 used 0.004297955555555474 Joules by being active during the execution of the simulation
processor 3:0:10 used 0.0007591111111110828 Joules by being active during the execution of the simulation
processor 3:0:11 used 0.00426097777777769 Joules by being active during the execution of the simulation
processor 3:0:12 used 0.004227555555555475 Joules by being active during the execution of the simulation
processor 3:0:13 used 0.004291911111111027 Joules by being active during the execution of the simulation
processor 3:0:14 used 0.00424782222222214 Joules by being active during the execution of the simulation
processor 3:0:15 used 0.004259555555555473 Joules by being active during the execution of the simulation
processor 3:0:16 used 0.0 Joules by being active during the execution of the simulation
processor 3:0:17 used 0.004269155555555471 Joules by being active during the execution of the simulation
The chip at 3,0 used 1.08 Joules by being idle during the execution of the simulation

processor 3:1:0 used 0.1066666666666606 Joules by being active during the execution of the simulation
processor 3:1:1 (running ChipPowerMonitor on 3, 1) used 0.0 Joules by being active during the execution of the simulation
processor 3:1:2 used 0.004237155555555469 Joules by being active during the execution of the simulation
processor 3:1:3 used 0.0 Joules by being active during the execution of the simulation
processor 3:1:4 used 0.004235022222222137 Joules by being active during the execution of the simulation
processor 3:1:5 used 0.004296177777777695 Joules by being active during the execution of the simulation
processor 3:1:6 used 0.004247111111111026 Joules by being active during the execution of the simulation
processor 3:1:7 used 0.004229688888888812 Joules by being active during the execution of the simulation
processor 3:1:8 used 0.004269866666666575 Joules by being active during the execution of the simulation
processor 3:1:9 used 0.004281599999999919 Joules by being active during the execution of the simulation
processor 3:1:10 used 0.004286933333333243 Joules by being active during the execution of the simulation
processor 3:1:11 used 0.004310044444444359 Joules by being active during the execution of the simulation
processor 3:1:12 used 0.004251022222222144 Joules by being active during the execution of the simulation
processor 3:1:13 used 0.004306488888888802 Joules by being active during the execution of the simulation
processor 3:1:14 used 0.004262399999999919 Joules by being active during the execution of the simulation
processor 3:1:15 used 0.0007477333333333052 Joules by being active during the execution of the simulation
processor 3:1:16 used 0.004231466666666585 Joules by being active during the execution of the simulation
processor 3:1:17 used 0.00422079999999992 Joules by being active during the execution of the simulation
The chip at 3,1 used 1.08 Joules by being idle during the execution of the simulation

processor 3:2:0 used 0.1066666666666606 Joules by being active during the execution of the simulation
processor 3:2:1 (running ChipPowerMonitor on 3, 2) used 3.5555555555555553e-07 Joules by being active during the execution of the simulation
processor 3:2:2 used 0.004257777777777709 Joules by being active during the execution of the simulation
processor 3:2:3 used 0.004263466666666584 Joules by being active during the execution of the simulation
processor 3:2:4 used 0.00428622222222213 Joules by being active during the execution of the simulation
processor 3:2:5 used 0.004263111111111028 Joules by being active during the execution of the simulation
processor 3:2:6 used 0.004276977777777688 Joules by being active during the execution of the simulation
processor 3:2:7 used 0.004293688888888807 Joules by being active during the execution of the simulation
processor 3:2:8 used 0.004284799999999917 Joules by being active during the execution of the simulation
processor 3:2:9 used 0.004246755555555482 Joules by being active during the execution of the simulation
processor 3:2:10 used 0.0007640888888888601 Joules by being active during the execution of the simulation
processor 3:2:11 used 0.0042439111111110305 Joules by being active during the execution of the simulation
processor 3:2:12 used 0.004250666666666587 Joules by being active during the execution of the simulation
processor 3:2:13 used 0.004274844444444358 Joules by being active during the execution of the simulation
processor 3:2:14 used 0.004281244444444354 Joules by being active during the execution of the simulation
processor 3:2:15 used 0.004276266666666581 Joules by being active during the execution of the simulation
processor 3:2:16 used 0.004269511111111028 Joules by being active during the execution of the simulation
processor 3:2:17 used 0.004214399999999923 Joules by being active during the execution of the simulation
The chip at 3,2 used 1.08 Joules by being idle during the execution of the simulation

processor 3:3:0 used 0.1066666666666606 Joules by being active during the execution of the simulation
processor 3:3:1 (running ChipPowerMonitor on 3, 3) used 0.0 Joules by being active during the execution of the simulation
processor 3:3:2 used 0.004294399999999913 Joules by being active during the execution of the simulation
processor 3:3:3 used 0.0042549333333332445 Joules by being active during the execution of the simulation
processor 3:3:4 used 0.004267377777777686 Joules by being active during the execution of the simulation
processor 3:3:5 used 0.0042766222222221355 Joules by being active during the execution of the simulation
processor 3:3:6 used 0.004291911111111032 Joules by being active during the execution of the simulation
processor 3:3:7 used 0.004283377777777687 Joules by being active during the execution of the simulation
processor 3:3:8 used 0.004284088888888803 Joules by being active during the execution of the simulation
processor 3:3:9 used 0.004268444444444358 Joules by being active during the execution of the simulation
processor 3:3:10 used 0.0007573333333333048 Joules by being active during the execution of the simulation
processor 3:3:11 used 0.004296888888888807 Joules by being active during the execution of the simulation
processor 3:3:12 used 0.004301511111111029 Joules by being active during the execution of the simulation
processor 3:3:13 used 0.0042983111111110335 Joules by being active during the execution of the simulation
processor 3:3:14 used 0.004286933333333252 Joules by being active during the execution of the simulation
processor 3:3:15 used 0.004230044444444367 Joules by being active during the execution of the simulation
processor 3:3:16 used 0.0 Joules by being active during the execution of the simulation
processor 3:3:17 used 0.004274133333333245 Joules by being active during the execution of the simulation
The chip at 3,3 used 1.08 Joules by being idle during the execution of the simulation

processor 3:4:0 used 0.1066666666666606 Joules by being active during the execution of the simulation
processor 3:4:1 (running ChipPowerMonitor on 3, 4) used 0.0 Joules by being active during the execution of the simulation
processor 3:4:2 used 0.0 Joules by being active during the execution of the simulation
processor 3:4:3 used 0.0 Joules by being active during the execution of the simulation
processor 3:4:4 used 0.0 Joules by being active during the execution of the simulation
processor 3:4:5 used 0.0 Joules by being active during the execution of the simulation
processor 3:4:6 used 0.0 Joules by being active during the execution of the simulation
processor 3:4:7 used 0.0 Joules by being active during the execution of the simulation
processor 3:4:8 used 0.0 Joules by being active during the execution of the simulation
processor 3:4:9 used 0.0 Joules by being active during the execution of the simulation
processor 3:4:10 used 0.0007427555555555276 Joules by being active during the execution of the simulation
processor 3:4:11 used 0.0 Joules by being active during the execution of the simulation
processor 3:4:12 used 0.0 Joules by being active during the execution of the simulation
processor 3:4:13 used 0.0 Joules by being active during the execution of the simulation
processor 3:4:14 used 0.0 Joules by being active during the execution of the simulation
processor 3:4:15 used 0.0 Joules by being active during the execution of the simulation
processor 3:4:16 used 0.0 Joules by being active during the execution of the simulation
processor 3:4:17 used 0.0 Joules by being active during the execution of the simulation
The chip at 3,4 used 1.08 Joules by being idle during the execution of the simulation

processor 3:5:0 used 0.1066666666666606 Joules by being active during the execution of the simulation
processor 3:5:1 (running ChipPowerMonitor on 3, 5) used 0.0 Joules by being active during the execution of the simulation
processor 3:5:2 used 0.0 Joules by being active during the execution of the simulation
processor 3:5:3 used 0.0007377777777777505 Joules by being active during the execution of the simulation
processor 3:5:4 used 0.0 Joules by being active during the execution of the simulation
processor 3:5:5 used 0.0 Joules by being active during the execution of the simulation
processor 3:5:6 used 0.0 Joules by being active during the execution of the simulation
processor 3:5:7 used 0.0 Joules by being active during the execution of the simulation
processor 3:5:8 used 0.0 Joules by being active during the execution of the simulation
processor 3:5:9 used 0.0 Joules by being active during the execution of the simulation
processor 3:5:10 used 0.0 Joules by being active during the execution of the simulation
processor 3:5:11 used 0.0 Joules by being active during the execution of the simulation
processor 3:5:12 used 0.0 Joules by being active during the execution of the simulation
processor 3:5:13 used 0.0 Joules by being active during the execution of the simulation
processor 3:5:14 used 0.0 Joules by being active during the execution of the simulation
processor 3:5:15 used 0.0 Joules by being active during the execution of the simulation
processor 3:5:16 used 0.0 Joules by being active during the execution of the simulation
processor 3:5:17 used 0.0 Joules by being active during the execution of the simulation
The chip at 3,5 used 1.08 Joules by being idle during the execution of the simulation

processor 4:0:0 used 0.1066666666666606 Joules by being active during the execution of the simulation
processor 4:0:1 (running ChipPowerMonitor on 4, 0) used 0.0 Joules by being active during the execution of the simulation
processor 4:0:2 used 0.004245688888888808 Joules by being active during the execution of the simulation
processor 4:0:3 used 0.0042328888888888095 Joules by being active during the execution of the simulation
processor 4:0:4 used 0.004250666666666585 Joules by being active during the execution of the simulation
processor 4:0:5 used 0.004275911111111026 Joules by being active during the execution of the simulation
processor 4:0:6 used 0.004249244444444362 Joules by being active during the execution of the simulation
processor 4:0:7 used 0.004273777777777695 Joules by being active during the execution of the simulation
processor 4:0:8 used 0.004287999999999915 Joules by being active during the execution of the simulation
processor 4:0:9 used 0.004283377777777687 Joules by being active during the execution of the simulation
processor 4:0:10 used 0.0007594666666666385 Joules by being active during the execution of the simulation
processor 4:0:11 used 0.004246044444444361 Joules by being active during the execution of the simulation
processor 4:0:12 used 0.004267377777777698 Joules by being active during the execution of the simulation
processor 4:0:13 used 0.004299377777777694 Joules by being active during the execution of the simulation
processor 4:0:14 used 0.004228977777777696 Joules by being active during the execution of the simulation
processor 4:0:15 used 0.004251733333333258 Joules by being active during the execution of the simulation
processor 4:0:16 used 0.004227911111111031 Joules by being active during the execution of the simulation
processor 4:0:17 used 0.004264888888888805 Joules by being active during the execution of the simulation
The chip at 4,0 used 1.08 Joules by being idle during the execution of the simulation

processor 4:1:0 used 0.1066666666666606 Joules by being active during the execution of the simulation
processor 4:1:1 (running ChipPowerMonitor on 4, 1) used 0.0 Joules by being active during the execution of the simulation
processor 4:1:2 used 0.004245333333333258 Joules by being active during the execution of the simulation
processor 4:1:3 used 0.004246399999999921 Joules by being active during the execution of the simulation
processor 4:1:4 used 0.004275555555555467 Joules by being active during the execution of the simulation
processor 4:1:5 used 0.004284799999999907 Joules by being active during the execution of the simulation
processor 4:1:6 used 0.004269866666666577 Joules by being active during the execution of the simulation
processor 4:1:7 used 0.00425493333333325 Joules by being active during the execution of the simulation
processor 4:1:8 used 0.004279466666666573 Joules by being active during the execution of the simulation
processor 4:1:9 used 0.004309333333333244 Joules by being active during the execution of the simulation
processor 4:1:10 used 0.0007623111111110825 Joules by being active during the execution of the simulation
processor 4:1:11 used 0.004242488888888805 Joules by being active during the execution of the simulation
processor 4:1:12 used 0.004284444444444354 Joules by being active during the execution of the simulation
processor 4:1:13 used 0.004257066666666585 Joules by being active during the execution of the simulation
processor 4:1:14 used 0.004295466666666578 Joules by being active during the execution of the simulation
processor 4:1:15 used 0.004217599999999908 Joules by being active during the execution of the simulation
processor 4:1:16 used 0.004325333333333244 Joules by being active during the execution of the simulation
processor 4:1:17 used 0.004227555555555474 Joules by being active during the execution of the simulation
The chip at 4,1 used 1.08 Joules by being idle during the execution of the simulation

processor 4:2:0 used 0.1066666666666606 Joules by being active during the execution of the simulation
processor 4:2:1 (running ChipPowerMonitor on 4, 2) used 0.0 Joules by being active during the execution of the simulation
processor 4:2:2 used 0.0 Joules by being active during the execution of the simulation
processor 4:2:3 used 0.0 Joules by being active during the execution of the simulation
processor 4:2:4 used 0.0 Joules by being active during the execution of the simulation
processor 4:2:5 used 0.0 Joules by being active during the execution of the simulation
processor 4:2:6 used 0.000724977777777752 Joules by being active during the execution of the simulation
processor 4:2:7 used 0.0 Joules by being active during the execution of the simulation
processor 4:2:8 used 0.0 Joules by being active during the execution of the simulation
processor 4:2:9 used 0.0 Joules by being active during the execution of the simulation
processor 4:2:10 used 0.0 Joules by being active during the execution of the simulation
processor 4:2:11 used 0.0 Joules by being active during the execution of the simulation
processor 4:2:12 used 0.0 Joules by being active during the execution of the simulation
processor 4:2:13 used 0.0 Joules by being active during the execution of the simulation
processor 4:2:14 used 0.0 Joules by being active during the execution of the simulation
processor 4:2:15 used 0.0 Joules by being active during the execution of the simulation
processor 4:2:16 used 0.0 Joules by being active during the execution of the simulation
processor 4:2:17 used 0.0 Joules by being active during the execution of the simulation
The chip at 4,2 used 1.08 Joules by being idle during the execution of the simulation

processor 4:3:0 used 0.1066666666666606 Joules by being active during the execution of the simulation
processor 4:3:1 (running ChipPowerMonitor on 4, 3) used 0.0 Joules by being active during the execution of the simulation
processor 4:3:2 used 0.0 Joules by being active during the execution of the simulation
processor 4:3:3 used 0.0 Joules by being active during the execution of the simulation
processor 4:3:4 used 0.0 Joules by being active during the execution of the simulation
processor 4:3:5 used 0.0 Joules by being active during the execution of the simulation
processor 4:3:6 used 0.0 Joules by being active during the execution of the simulation
processor 4:3:7 used 0.0 Joules by being active during the execution of the simulation
processor 4:3:8 used 0.0 Joules by being active during the execution of the simulation
processor 4:3:9 used 0.0 Joules by being active during the execution of the simulation
processor 4:3:10 used 0.0007395555555555283 Joules by being active during the execution of the simulation
processor 4:3:11 used 0.0 Joules by being active during the execution of the simulation
processor 4:3:12 used 0.0 Joules by being active during the execution of the simulation
processor 4:3:13 used 0.0 Joules by being active during the execution of the simulation
processor 4:3:14 used 0.0 Joules by being active during the execution of the simulation
processor 4:3:15 used 0.0 Joules by being active during the execution of the simulation
processor 4:3:16 used 0.0 Joules by being active during the execution of the simulation
processor 4:3:17 used 0.0 Joules by being active during the execution of the simulation
The chip at 4,3 used 1.08 Joules by being idle during the execution of the simulation

processor 4:4:0 used 0.1066666666666606 Joules by being active during the execution of the simulation
processor 4:4:1 (running ChipPowerMonitor on 4, 4) used 3.5555555555555553e-07 Joules by being active during the execution of the simulation
processor 4:4:2 used 0.0 Joules by being active during the execution of the simulation
processor 4:4:3 used 0.0 Joules by being active during the execution of the simulation
processor 4:4:4 used 0.0 Joules by being active during the execution of the simulation
processor 4:4:5 used 0.0 Joules by being active during the execution of the simulation
processor 4:4:6 used 0.0 Joules by being active during the execution of the simulation
processor 4:4:7 used 0.0 Joules by being active during the execution of the simulation
processor 4:4:8 used 0.0 Joules by being active during the execution of the simulation
processor 4:4:9 used 0.0 Joules by being active during the execution of the simulation
processor 4:4:10 used 0.0007317333333333071 Joules by being active during the execution of the simulation
processor 4:4:11 used 0.0 Joules by being active during the execution of the simulation
processor 4:4:12 used 0.0 Joules by being active during the execution of the simulation
processor 4:4:13 used 0.0 Joules by being active during the execution of the simulation
processor 4:4:14 used 0.0 Joules by being active during the execution of the simulation
processor 4:4:15 used 0.0 Joules by being active during the execution of the simulation
processor 4:4:16 used 0.0 Joules by being active during the execution of the simulation
processor 4:4:17 used 0.0 Joules by being active during the execution of the simulation
The chip at 4,4 used 1.08 Joules by being idle during the execution of the simulation

processor 4:5:0 used 0.1066666666666606 Joules by being active during the execution of the simulation
processor 4:5:1 (running ChipPowerMonitor on 4, 5) used 0.0 Joules by being active during the execution of the simulation
processor 4:5:2 used 0.0 Joules by being active during the execution of the simulation
processor 4:5:3 used 0.0 Joules by being active during the execution of the simulation
processor 4:5:4 used 0.0 Joules by being active during the execution of the simulation
processor 4:5:5 used 0.0 Joules by being active during the execution of the simulation
processor 4:5:6 used 0.0 Joules by being active during the execution of the simulation
processor 4:5:7 used 0.0 Joules by being active during the execution of the simulation
processor 4:5:8 used 0.0 Joules by being active during the execution of the simulation
processor 4:5:9 used 0.0 Joules by being active during the execution of the simulation
processor 4:5:10 used 0.0007409777777777509 Joules by being active during the execution of the simulation
processor 4:5:11 used 0.0 Joules by being active during the execution of the simulation
processor 4:5:12 used 0.0 Joules by being active during the execution of the simulation
processor 4:5:13 used 0.0 Joules by being active during the execution of the simulation
processor 4:5:14 used 0.0 Joules by being active during the execution of the simulation
processor 4:5:15 used 0.0 Joules by being active during the execution of the simulation
processor 4:5:16 used 0.0 Joules by being active during the execution of the simulation
processor 4:5:17 used 0.0 Joules by being active during the execution of the simulation
The chip at 4,5 used 1.08 Joules by being idle during the execution of the simulation

processor 4:6:0 used 0.1066666666666606 Joules by being active during the execution of the simulation
processor 4:6:1 (running ChipPowerMonitor on 4, 6) used 0.0 Joules by being active during the execution of the simulation
processor 4:6:2 used 0.0 Joules by being active during the execution of the simulation
processor 4:6:3 used 0.0 Joules by being active during the execution of the simulation
processor 4:6:4 used 0.0 Joules by being active during the execution of the simulation
processor 4:6:5 used 0.0 Joules by being active during the execution of the simulation
processor 4:6:6 used 0.0 Joules by being active during the execution of the simulation
processor 4:6:7 used 0.0 Joules by being active during the execution of the simulation
processor 4:6:8 used 0.0 Joules by being active during the execution of the simulation
processor 4:6:9 used 0.0 Joules by being active during the execution of the simulation
processor 4:6:10 used 0.0007367111111110846 Joules by being active during the execution of the simulation
processor 4:6:11 used 0.0 Joules by being active during the execution of the simulation
processor 4:6:12 used 0.0 Joules by being active during the execution of the simulation
processor 4:6:13 used 0.0 Joules by being active during the execution of the simulation
processor 4:6:14 used 0.0 Joules by being active during the execution of the simulation
processor 4:6:15 used 0.0 Joules by being active during the execution of the simulation
processor 4:6:16 used 0.0 Joules by being active during the execution of the simulation
processor 4:6:17 used 0.0 Joules by being active during the execution of the simulation
The chip at 4,6 used 1.08 Joules by being idle during the execution of the simulation

processor 4:7:0 used 0.1066666666666606 Joules by being active during the execution of the simulation
processor 4:7:1 (running ChipPowerMonitor on 4, 7) used 0.0 Joules by being active during the execution of the simulation
processor 4:7:2 used 0.0 Joules by being active during the execution of the simulation
processor 4:7:3 used 0.0 Joules by being active during the execution of the simulation
processor 4:7:4 used 0.0 Joules by being active during the execution of the simulation
processor 4:7:5 used 0.0 Joules by being active during the execution of the simulation
processor 4:7:6 used 0.0 Joules by being active during the execution of the simulation
processor 4:7:7 used 0.0 Joules by being active during the execution of the simulation
processor 4:7:8 used 0.0 Joules by being active during the execution of the simulation
processor 4:7:9 used 0.0 Joules by being active during the execution of the simulation
processor 4:7:10 used 0.000734222222222195 Joules by being active during the execution of the simulation
processor 4:7:11 used 0.0 Joules by being active during the execution of the simulation
processor 4:7:12 used 0.0 Joules by being active during the execution of the simulation
processor 4:7:13 used 0.0 Joules by being active during the execution of the simulation
processor 4:7:14 used 0.0 Joules by being active during the execution of the simulation
processor 4:7:15 used 0.0 Joules by being active during the execution of the simulation
processor 4:7:16 used 0.0 Joules by being active during the execution of the simulation
processor 4:7:17 used 0.0 Joules by being active during the execution of the simulation
The chip at 4,7 used 1.08 Joules by being idle during the execution of the simulation

processor 5:1:0 used 0.1066666666666606 Joules by being active during the execution of the simulation
processor 5:1:1 (running ChipPowerMonitor on 5, 1) used 0.0 Joules by being active during the execution of the simulation
processor 5:1:2 used 0.004312533333333249 Joules by being active during the execution of the simulation
processor 5:1:3 used 0.004305066666666587 Joules by being active during the execution of the simulation
processor 5:1:4 used 0.004308977777777696 Joules by being active during the execution of the simulation
processor 5:1:5 used 0.0042552888888888005 Joules by being active during the execution of the simulation
processor 5:1:6 used 0.004308622222222141 Joules by being active during the execution of the simulation
processor 5:1:7 used 0.004284444444444352 Joules by being active during the execution of the simulation
processor 5:1:8 used 0.004349866666666583 Joules by being active during the execution of the simulation
processor 5:1:9 used 0.004317866666666581 Joules by being active during the execution of the simulation
processor 5:1:10 used 0.000770844444444414 Joules by being active during the execution of the simulation
processor 5:1:11 used 0.004337422222222133 Joules by being active during the execution of the simulation
processor 5:1:12 used 0.004335644444444358 Joules by being active during the execution of the simulation
processor 5:1:13 used 0.0042879999999999195 Joules by being active during the execution of the simulation
processor 5:1:14 used 0.004284088888888803 Joules by being active during the execution of the simulation
processor 5:1:15 used 0.00428693333333325 Joules by being active during the execution of the simulation
processor 5:1:16 used 0.00431608888888881 Joules by being active during the execution of the simulation
processor 5:1:17 used 0.004269155555555478 Joules by being active during the execution of the simulation
The chip at 5,1 used 1.08 Joules by being idle during the execution of the simulation

processor 5:2:0 used 0.1066666666666606 Joules by being active during the execution of the simulation
processor 5:2:1 (running ChipPowerMonitor on 5, 2) used 0.03555484444444436 Joules by being active during the execution of the simulation
processor 5:2:2 used 0.004333511111111022 Joules by being active during the execution of the simulation
processor 5:2:3 used 0.004387911111111024 Joules by being active during the execution of the simulation
processor 5:2:4 used 0.0043455999999999035 Joules by being active during the execution of the simulation
processor 5:2:5 used 0.004383288888888798 Joules by being active during the execution of the simulation
processor 5:2:6 used 0.00435128888888879 Joules by being active during the execution of the simulation
processor 5:2:7 used 0.004312177777777689 Joules by being active during the execution of the simulation
processor 5:2:8 used 0.0 Joules by being active during the execution of the simulation
processor 5:2:9 used 0.0 Joules by being active during the execution of the simulation
processor 5:2:10 used 0.0 Joules by being active during the execution of the simulation
processor 5:2:11 used 0.0007420444444444177 Joules by being active during the execution of the simulation
processor 5:2:12 used 0.0 Joules by being active during the execution of the simulation
processor 5:2:13 used 0.0 Joules by being active during the execution of the simulation
processor 5:2:14 used 0.0 Joules by being active during the execution of the simulation
processor 5:2:15 used 0.0 Joules by being active during the execution of the simulation
processor 5:2:16 used 0.0 Joules by being active during the execution of the simulation
processor 5:2:17 used 0.0 Joules by being active during the execution of the simulation
The chip at 5,2 used 1.08 Joules by being idle during the execution of the simulation

processor 5:3:0 used 0.1066666666666606 Joules by being active during the execution of the simulation
processor 5:3:1 (running ChipPowerMonitor on 5, 3) used 0.0 Joules by being active during the execution of the simulation
processor 5:3:2 used 0.0 Joules by being active during the execution of the simulation
processor 5:3:3 used 0.0 Joules by being active during the execution of the simulation
processor 5:3:4 used 0.0 Joules by being active during the execution of the simulation
processor 5:3:5 used 0.0 Joules by being active during the execution of the simulation
processor 5:3:6 used 0.0 Joules by being active during the execution of the simulation
processor 5:3:7 used 0.0 Joules by being active during the execution of the simulation
processor 5:3:8 used 0.0 Joules by being active during the execution of the simulation
processor 5:3:9 used 0.0 Joules by being active during the execution of the simulation
processor 5:3:10 used 0.0007370666666666391 Joules by being active during the execution of the simulation
processor 5:3:11 used 0.0 Joules by being active during the execution of the simulation
processor 5:3:12 used 0.0 Joules by being active during the execution of the simulation
processor 5:3:13 used 0.0 Joules by being active during the execution of the simulation
processor 5:3:14 used 0.0 Joules by being active during the execution of the simulation
processor 5:3:15 used 0.0 Joules by being active during the execution of the simulation
processor 5:3:16 used 0.0 Joules by being active during the execution of the simulation
processor 5:3:17 used 0.0 Joules by being active during the execution of the simulation
The chip at 5,3 used 1.08 Joules by being idle during the execution of the simulation

processor 5:4:0 used 0.1066666666666606 Joules by being active during the execution of the simulation
processor 5:4:1 (running ChipPowerMonitor on 5, 4) used 0.0 Joules by being active during the execution of the simulation
processor 5:4:2 used 0.0 Joules by being active during the execution of the simulation
processor 5:4:3 used 0.0 Joules by being active during the execution of the simulation
processor 5:4:4 used 0.0 Joules by being active during the execution of the simulation
processor 5:4:5 used 0.0 Joules by being active during the execution of the simulation
processor 5:4:6 used 0.0 Joules by being active during the execution of the simulation
processor 5:4:7 used 0.0 Joules by being active during the execution of the simulation
processor 5:4:8 used 0.0 Joules by being active during the execution of the simulation
processor 5:4:9 used 0.0 Joules by being active during the execution of the simulation
processor 5:4:10 used 0.0 Joules by being active during the execution of the simulation
processor 5:4:11 used 0.0007377777777777513 Joules by being active during the execution of the simulation
processor 5:4:12 used 0.0 Joules by being active during the execution of the simulation
processor 5:4:13 used 0.0 Joules by being active during the execution of the simulation
processor 5:4:14 used 0.0 Joules by being active during the execution of the simulation
processor 5:4:15 used 0.0 Joules by being active during the execution of the simulation
processor 5:4:16 used 0.0 Joules by being active during the execution of the simulation
processor 5:4:17 used 0.0 Joules by being active during the execution of the simulation
The chip at 5,4 used 1.08 Joules by being idle during the execution of the simulation

processor 5:5:0 used 0.1066666666666606 Joules by being active during the execution of the simulation
processor 5:5:1 (running ChipPowerMonitor on 5, 5) used 0.0 Joules by being active during the execution of the simulation
processor 5:5:2 used 0.0 Joules by being active during the execution of the simulation
processor 5:5:3 used 0.0 Joules by being active during the execution of the simulation
processor 5:5:4 used 0.0 Joules by being active during the execution of the simulation
processor 5:5:5 used 0.0 Joules by being active during the execution of the simulation
processor 5:5:6 used 0.0 Joules by being active during the execution of the simulation
processor 5:5:7 used 0.0 Joules by being active during the execution of the simulation
processor 5:5:8 used 0.0 Joules by being active during the execution of the simulation
processor 5:5:9 used 0.0 Joules by being active during the execution of the simulation
processor 5:5:10 used 0.0 Joules by being active during the execution of the simulation
processor 5:5:11 used 0.0007413333333333069 Joules by being active during the execution of the simulation
processor 5:5:12 used 0.0 Joules by being active during the execution of the simulation
processor 5:5:13 used 0.0 Joules by being active during the execution of the simulation
processor 5:5:14 used 0.0 Joules by being active during the execution of the simulation
processor 5:5:15 used 0.0 Joules by being active during the execution of the simulation
processor 5:5:16 used 0.0 Joules by being active during the execution of the simulation
processor 5:5:17 used 0.0 Joules by being active during the execution of the simulation
The chip at 5,5 used 1.08 Joules by being idle during the execution of the simulation

processor 5:6:0 used 0.1066666666666606 Joules by being active during the execution of the simulation
processor 5:6:1 (running ChipPowerMonitor on 5, 6) used 0.0 Joules by being active during the execution of the simulation
processor 5:6:2 used 0.0 Joules by being active during the execution of the simulation
processor 5:6:3 used 0.0 Joules by being active during the execution of the simulation
processor 5:6:4 used 0.0 Joules by being active during the execution of the simulation
processor 5:6:5 used 0.0 Joules by being active during the execution of the simulation
processor 5:6:6 used 0.0 Joules by being active during the execution of the simulation
processor 5:6:7 used 0.0 Joules by being active during the execution of the simulation
processor 5:6:8 used 0.0 Joules by being active during the execution of the simulation
processor 5:6:9 used 0.0 Joules by being active during the execution of the simulation
processor 5:6:10 used 0.0 Joules by being active during the execution of the simulation
processor 5:6:11 used 0.0007335111111110842 Joules by being active during the execution of the simulation
processor 5:6:12 used 0.0 Joules by being active during the execution of the simulation
processor 5:6:13 used 0.0 Joules by being active during the execution of the simulation
processor 5:6:14 used 0.0 Joules by being active during the execution of the simulation
processor 5:6:15 used 0.0 Joules by being active during the execution of the simulation
processor 5:6:16 used 0.0 Joules by being active during the execution of the simulation
processor 5:6:17 used 0.0 Joules by being active during the execution of the simulation
The chip at 5,6 used 1.08 Joules by being idle during the execution of the simulation

processor 5:7:0 used 0.1066666666666606 Joules by being active during the execution of the simulation
processor 5:7:1 (running ChipPowerMonitor on 5, 7) used 0.0 Joules by being active during the execution of the simulation
processor 5:7:2 used 0.0 Joules by being active during the execution of the simulation
processor 5:7:3 used 0.0 Joules by being active during the execution of the simulation
processor 5:7:4 used 0.0 Joules by being active during the execution of the simulation
processor 5:7:5 used 0.0 Joules by being active during the execution of the simulation
processor 5:7:6 used 0.0 Joules by being active during the execution of the simulation
processor 5:7:7 used 0.0 Joules by being active during the execution of the simulation
processor 5:7:8 used 0.0 Joules by being active during the execution of the simulation
processor 5:7:9 used 0.0 Joules by being active during the execution of the simulation
processor 5:7:10 used 0.0007367111111110834 Joules by being active during the execution of the simulation
processor 5:7:11 used 0.0 Joules by being active during the execution of the simulation
processor 5:7:12 used 0.0 Joules by being active during the execution of the simulation
processor 5:7:13 used 0.0 Joules by being active during the execution of the simulation
processor 5:7:14 used 0.0 Joules by being active during the execution of the simulation
processor 5:7:15 used 0.0 Joules by being active during the execution of the simulation
processor 5:7:16 used 0.0 Joules by being active during the execution of the simulation
processor 5:7:17 used 0.0 Joules by being active during the execution of the simulation
The chip at 5,7 used 1.08 Joules by being idle during the execution of the simulation

processor 6:2:0 used 0.1066666666666606 Joules by being active during the execution of the simulation
processor 6:2:1 (running ChipPowerMonitor on 6, 2) used 0.0 Joules by being active during the execution of the simulation
processor 6:2:2 used 0.004307555555555467 Joules by being active during the execution of the simulation
processor 6:2:3 used 0.004299022222222142 Joules by being active during the execution of the simulation
processor 6:2:4 used 0.004301511111111027 Joules by being active during the execution of the simulation
processor 6:2:5 used 0.004271999999999905 Joules by being active during the execution of the simulation
processor 6:2:6 used 0.0043121777777776985 Joules by being active during the execution of the simulation
processor 6:2:7 used 0.004354488888888806 Joules by being active during the execution of the simulation
processor 6:2:8 used 0.004324266666666573 Joules by being active during the execution of the simulation
processor 6:2:9 used 0.00431111111111102 Joules by being active during the execution of the simulation
processor 6:2:10 used 0.000760177777777749 Joules by being active during the execution of the simulation
processor 6:2:11 used 0.004260622222222135 Joules by being active during the execution of the simulation
processor 6:2:12 used 0.004271644444444357 Joules by being active during the execution of the simulation
processor 6:2:13 used 0.0043100444444443544 Joules by being active during the execution of the simulation
processor 6:2:14 used 0.004309333333333247 Joules by being active during the execution of the simulation
processor 6:2:15 used 0.004311466666666578 Joules by being active during the execution of the simulation
processor 6:2:16 used 0.0042844444444443556 Joules by being active during the execution of the simulation
processor 6:2:17 used 0.004342755555555474 Joules by being active during the execution of the simulation
The chip at 6,2 used 1.08 Joules by being idle during the execution of the simulation

processor 6:3:0 used 0.1066666666666606 Joules by being active during the execution of the simulation
processor 6:3:1 (running ChipPowerMonitor on 6, 3) used 0.0 Joules by being active during the execution of the simulation
processor 6:3:2 used 0.0 Joules by being active during the execution of the simulation
processor 6:3:3 used 0.0 Joules by being active during the execution of the simulation
processor 6:3:4 used 0.0 Joules by being active during the execution of the simulation
processor 6:3:5 used 0.0 Joules by being active during the execution of the simulation
processor 6:3:6 used 0.0 Joules by being active during the execution of the simulation
processor 6:3:7 used 0.0 Joules by being active during the execution of the simulation
processor 6:3:8 used 0.0 Joules by being active during the execution of the simulation
processor 6:3:9 used 0.0 Joules by being active during the execution of the simulation
processor 6:3:10 used 0.0007303111111110853 Joules by being active during the execution of the simulation
processor 6:3:11 used 0.0 Joules by being active during the execution of the simulation
processor 6:3:12 used 0.0 Joules by being active during the execution of the simulation
processor 6:3:13 used 0.0 Joules by being active during the execution of the simulation
processor 6:3:14 used 0.0 Joules by being active during the execution of the simulation
processor 6:3:15 used 0.0 Joules by being active during the execution of the simulation
processor 6:3:16 used 0.0 Joules by being active during the execution of the simulation
processor 6:3:17 used 0.0 Joules by being active during the execution of the simulation
The chip at 6,3 used 1.08 Joules by being idle during the execution of the simulation

processor 6:4:0 used 0.1066666666666606 Joules by being active during the execution of the simulation
processor 6:4:1 (running ChipPowerMonitor on 6, 4) used 0.0 Joules by being active during the execution of the simulation
processor 6:4:2 used 0.0 Joules by being active during the execution of the simulation
processor 6:4:3 used 0.0 Joules by being active during the execution of the simulation
processor 6:4:4 used 0.0 Joules by being active during the execution of the simulation
processor 6:4:5 used 0.0 Joules by being active during the execution of the simulation
processor 6:4:6 used 0.0 Joules by being active during the execution of the simulation
processor 6:4:7 used 0.0 Joules by being active during the execution of the simulation
processor 6:4:8 used 0.0 Joules by being active during the execution of the simulation
processor 6:4:9 used 0.0 Joules by being active during the execution of the simulation
processor 6:4:10 used 0.0007434666666666395 Joules by being active during the execution of the simulation
processor 6:4:11 used 0.0 Joules by being active during the execution of the simulation
processor 6:4:12 used 0.0 Joules by being active during the execution of the simulation
processor 6:4:13 used 0.0 Joules by being active during the execution of the simulation
processor 6:4:14 used 0.0 Joules by being active during the execution of the simulation
processor 6:4:15 used 0.0 Joules by being active during the execution of the simulation
processor 6:4:16 used 0.0 Joules by being active during the execution of the simulation
processor 6:4:17 used 0.0 Joules by being active during the execution of the simulation
The chip at 6,4 used 1.08 Joules by being idle during the execution of the simulation

processor 6:5:0 used 0.1066666666666606 Joules by being active during the execution of the simulation
processor 6:5:1 (running ChipPowerMonitor on 6, 5) used 0.0 Joules by being active during the execution of the simulation
processor 6:5:2 used 0.0 Joules by being active during the execution of the simulation
processor 6:5:3 used 0.0 Joules by being active during the execution of the simulation
processor 6:5:4 used 0.0 Joules by being active during the execution of the simulation
processor 6:5:5 used 0.0 Joules by being active during the execution of the simulation
processor 6:5:6 used 0.0 Joules by being active during the execution of the simulation
processor 6:5:7 used 0.0 Joules by being active during the execution of the simulation
processor 6:5:8 used 0.0 Joules by being active during the execution of the simulation
processor 6:5:9 used 0.0 Joules by being active during the execution of the simulation
processor 6:5:10 used 0.0007374222222221959 Joules by being active during the execution of the simulation
processor 6:5:11 used 0.0 Joules by being active during the execution of the simulation
processor 6:5:12 used 0.0 Joules by being active during the execution of the simulation
processor 6:5:13 used 0.0 Joules by being active during the execution of the simulation
processor 6:5:14 used 0.0 Joules by being active during the execution of the simulation
processor 6:5:15 used 0.0 Joules by being active during the execution of the simulation
processor 6:5:16 used 0.0 Joules by being active during the execution of the simulation
processor 6:5:17 used 0.0 Joules by being active during the execution of the simulation
The chip at 6,5 used 1.08 Joules by being idle during the execution of the simulation

processor 6:6:0 used 0.1066666666666606 Joules by being active during the execution of the simulation
processor 6:6:1 (running ChipPowerMonitor on 6, 6) used 0.03555235555555547 Joules by being active during the execution of the simulation
processor 6:6:2 used 0.0 Joules by being active during the execution of the simulation
processor 6:6:3 used 0.0 Joules by being active during the execution of the simulation
processor 6:6:4 used 0.0 Joules by being active during the execution of the simulation
processor 6:6:5 used 0.0 Joules by being active during the execution of the simulation
processor 6:6:6 used 0.0 Joules by being active during the execution of the simulation
processor 6:6:7 used 0.0 Joules by being active during the execution of the simulation
processor 6:6:8 used 0.0 Joules by being active during the execution of the simulation
processor 6:6:9 used 0.0 Joules by being active during the execution of the simulation
processor 6:6:10 used 0.0007384888888888611 Joules by being active during the execution of the simulation
processor 6:6:11 used 0.0 Joules by being active during the execution of the simulation
processor 6:6:12 used 0.0 Joules by being active during the execution of the simulation
processor 6:6:13 used 0.0 Joules by being active during the execution of the simulation
processor 6:6:14 used 0.0 Joules by being active during the execution of the simulation
processor 6:6:15 used 0.0 Joules by being active during the execution of the simulation
processor 6:6:16 used 0.0 Joules by being active during the execution of the simulation
processor 6:6:17 used 0.0 Joules by being active during the execution of the simulation
The chip at 6,6 used 1.08 Joules by being idle during the execution of the simulation

processor 6:7:0 used 0.1066666666666606 Joules by being active during the execution of the simulation
processor 6:7:1 (running ChipPowerMonitor on 6, 7) used 0.0 Joules by being active during the execution of the simulation
processor 6:7:2 used 0.0 Joules by being active during the execution of the simulation
processor 6:7:3 used 0.0 Joules by being active during the execution of the simulation
processor 6:7:4 used 0.0 Joules by being active during the execution of the simulation
processor 6:7:5 used 0.0 Joules by being active during the execution of the simulation
processor 6:7:6 used 0.0 Joules by being active during the execution of the simulation
processor 6:7:7 used 0.0 Joules by being active during the execution of the simulation
processor 6:7:8 used 0.0 Joules by being active during the execution of the simulation
processor 6:7:9 used 0.0 Joules by being active during the execution of the simulation
processor 6:7:10 used 0.0007324444444444172 Joules by being active during the execution of the simulation
processor 6:7:11 used 0.0 Joules by being active during the execution of the simulation
processor 6:7:12 used 0.0 Joules by being active during the execution of the simulation
processor 6:7:13 used 0.0 Joules by being active during the execution of the simulation
processor 6:7:14 used 0.0 Joules by being active during the execution of the simulation
processor 6:7:15 used 0.0 Joules by being active during the execution of the simulation
processor 6:7:16 used 0.0 Joules by being active during the execution of the simulation
processor 6:7:17 used 0.0 Joules by being active during the execution of the simulation
The chip at 6,7 used 1.08 Joules by being idle during the execution of the simulation

processor 7:3:0 used 0.1066666666666606 Joules by being active during the execution of the simulation
processor 7:3:1 (running ChipPowerMonitor on 7, 3) used 0.0 Joules by being active during the execution of the simulation
processor 7:3:2 used 0.0 Joules by being active during the execution of the simulation
processor 7:3:3 used 0.0 Joules by being active during the execution of the simulation
processor 7:3:4 used 0.0 Joules by being active during the execution of the simulation
processor 7:3:5 used 0.0 Joules by being active during the execution of the simulation
processor 7:3:6 used 0.0 Joules by being active during the execution of the simulation
processor 7:3:7 used 0.0 Joules by being active during the execution of the simulation
processor 7:3:8 used 0.0 Joules by being active during the execution of the simulation
processor 7:3:9 used 0.0 Joules by being active during the execution of the simulation
processor 7:3:10 used 0.0007416888888888615 Joules by being active during the execution of the simulation
processor 7:3:11 used 0.0 Joules by being active during the execution of the simulation
processor 7:3:12 used 0.0 Joules by being active during the execution of the simulation
processor 7:3:13 used 0.0 Joules by being active during the execution of the simulation
processor 7:3:14 used 0.0 Joules by being active during the execution of the simulation
processor 7:3:15 used 0.0 Joules by being active during the execution of the simulation
processor 7:3:16 used 0.0 Joules by being active during the execution of the simulation
processor 7:3:17 used 0.0 Joules by being active during the execution of the simulation
The chip at 7,3 used 1.08 Joules by being idle during the execution of the simulation

processor 7:4:0 used 0.1066666666666606 Joules by being active during the execution of the simulation
processor 7:4:1 (running ChipPowerMonitor on 7, 4) used 0.0 Joules by being active during the execution of the simulation
processor 7:4:2 used 0.0 Joules by being active during the execution of the simulation
processor 7:4:3 used 0.0 Joules by being active during the execution of the simulation
processor 7:4:4 used 0.0 Joules by being active during the execution of the simulation
processor 7:4:5 used 0.0 Joules by being active during the execution of the simulation
processor 7:4:6 used 0.0 Joules by being active during the execution of the simulation
processor 7:4:7 used 0.0 Joules by being active during the execution of the simulation
processor 7:4:8 used 0.0 Joules by being active during the execution of the simulation
processor 7:4:9 used 0.0 Joules by being active during the execution of the simulation
processor 7:4:10 used 0.0007406222222221948 Joules by being active during the execution of the simulation
processor 7:4:11 used 0.0 Joules by being active during the execution of the simulation
processor 7:4:12 used 0.0 Joules by being active during the execution of the simulation
processor 7:4:13 used 0.0 Joules by being active during the execution of the simulation
processor 7:4:14 used 0.0 Joules by being active during the execution of the simulation
processor 7:4:15 used 0.0 Joules by being active during the execution of the simulation
processor 7:4:16 used 0.0 Joules by being active during the execution of the simulation
processor 7:4:17 used 0.0 Joules by being active during the execution of the simulation
The chip at 7,4 used 1.08 Joules by being idle during the execution of the simulation

processor 7:5:0 used 0.1066666666666606 Joules by being active during the execution of the simulation
processor 7:5:1 (running ChipPowerMonitor on 7, 5) used 0.0 Joules by being active during the execution of the simulation
processor 7:5:2 used 0.0 Joules by being active during the execution of the simulation
processor 7:5:3 used 0.0 Joules by being active during the execution of the simulation
processor 7:5:4 used 0.0 Joules by being active during the execution of the simulation
processor 7:5:5 used 0.0 Joules by being active during the execution of the simulation
processor 7:5:6 used 0.0 Joules by being active during the execution of the simulation
processor 7:5:7 used 0.0 Joules by being active during the execution of the simulation
processor 7:5:8 used 0.0 Joules by being active during the execution of the simulation
processor 7:5:9 used 0.0 Joules by being active during the execution of the simulation
processor 7:5:10 used 0.0007395555555555279 Joules by being active during the execution of the simulation
processor 7:5:11 used 0.0 Joules by being active during the execution of the simulation
processor 7:5:12 used 0.0 Joules by being active during the execution of the simulation
processor 7:5:13 used 0.0 Joules by being active during the execution of the simulation
processor 7:5:14 used 0.0 Joules by being active during the execution of the simulation
processor 7:5:15 used 0.0 Joules by being active during the execution of the simulation
processor 7:5:16 used 0.0 Joules by being active during the execution of the simulation
processor 7:5:17 used 0.0 Joules by being active during the execution of the simulation
The chip at 7,5 used 1.08 Joules by being idle during the execution of the simulation

processor 7:6:0 used 0.1066666666666606 Joules by being active during the execution of the simulation
processor 7:6:1 (running ChipPowerMonitor on 7, 6) used 0.0 Joules by being active during the execution of the simulation
processor 7:6:2 used 0.0 Joules by being active during the execution of the simulation
processor 7:6:3 used 0.0 Joules by being active during the execution of the simulation
processor 7:6:4 used 0.0 Joules by being active during the execution of the simulation
processor 7:6:5 used 0.0 Joules by being active during the execution of the simulation
processor 7:6:6 used 0.0 Joules by being active during the execution of the simulation
processor 7:6:7 used 0.0 Joules by being active during the execution of the simulation
processor 7:6:8 used 0.0 Joules by being active during the execution of the simulation
processor 7:6:9 used 0.0 Joules by being active during the execution of the simulation
processor 7:6:10 used 0.0007399111111110837 Joules by being active during the execution of the simulation
processor 7:6:11 used 0.0 Joules by being active during the execution of the simulation
processor 7:6:12 used 0.0 Joules by being active during the execution of the simulation
processor 7:6:13 used 0.0 Joules by being active during the execution of the simulation
processor 7:6:14 used 0.0 Joules by being active during the execution of the simulation
processor 7:6:15 used 0.0 Joules by being active during the execution of the simulation
processor 7:6:16 used 0.0 Joules by being active during the execution of the simulation
processor 7:6:17 used 0.0 Joules by being active during the execution of the simulation
The chip at 7,6 used 1.08 Joules by being idle during the execution of the simulation

processor 7:7:0 used 0.1066666666666606 Joules by being active during the execution of the simulation
processor 7:7:1 (running ChipPowerMonitor on 7, 7) used 3.5555555555555553e-07 Joules by being active during the execution of the simulation
processor 7:7:2 used 0.0 Joules by being active during the execution of the simulation
processor 7:7:3 used 0.0 Joules by being active during the execution of the simulation
processor 7:7:4 used 0.0 Joules by being active during the execution of the simulation
processor 7:7:5 used 0.0 Joules by being active during the execution of the simulation
processor 7:7:6 used 0.0 Joules by being active during the execution of the simulation
processor 7:7:7 used 0.0 Joules by being active during the execution of the simulation
processor 7:7:8 used 0.0 Joules by being active during the execution of the simulation
processor 7:7:9 used 0.0 Joules by being active during the execution of the simulation
processor 7:7:10 used 0.0007367111111110847 Joules by being active during the execution of the simulation
processor 7:7:11 used 0.0 Joules by being active during the execution of the simulation
processor 7:7:12 used 0.0 Joules by being active during the execution of the simulation
processor 7:7:13 used 0.0 Joules by being active during the execution of the simulation
processor 7:7:14 used 0.0 Joules by being active during the execution of the simulation
processor 7:7:15 used 0.0 Joules by being active during the execution of the simulation
processor 7:7:16 used 0.0 Joules by being active during the execution of the simulation
processor 7:7:17 used 0.0 Joules by being active during the execution of the simulation
The chip at 7,7 used 1.08 Joules by being idle during the execution of the simulation
