This report is based off energy estimates for individual components of the SpiNNaker machine. It is not meant to be completely accurate. But does use provenance data gathered from the machine to estimate the energy usage and therefore should be in the right ballpark.


The energy components we use are as follows:

The energy usage for a chip when all cores are 100% active for a millisecond is 0.0006399999999999999 Joules.
The energy usage for a chip when all cores are not active for a millisecond is 0.00036 Joules.
The energy used by the machine for firing a packet is 8e-10 Joules.
The energy used by each active FPGA per millisecond is 0.000584635 Joules.


The packet cost is 0.03922962239999996 Joules
0 FPGAs on the Spalloc-ed boards are turned on and therefore the energy used by the FPGA during the entire time the machine was booted (which was 148918.03299999997 ms) is 0.0 Joules. The usage during execution was 0.0 Joules.The amount of time used during the loading process is 20864.576000000005 milliseconds.
Assumed only 2 monitor cores is executing that this point. We also assume that there is a baseline active router/cooling component that is using 3227.182995556558 Joules. Overall the energy usage is 3564.2299313787803 Joules.
The amount of time used during the data extraction process is 6037.01 milliseconds.
Assumed only 2 monitor cores is executing at this point. We also assume that there is a baseline active router/cooling component that is using 930.6869412815801 Joules. Hence the overall energy usage is 6211.54081291186 Joules.

processor 0:0:0 used 0.17777777777778633 Joules by being active during the execution of the simulation
processor 0:0:1 (running ChipPowerMonitor on 0, 0) used 0.0 Joules by being active during the execution of the simulation
processor 0:0:2 used 0.03555199999999992 Joules by being active during the execution of the simulation
processor 0:0:3 used 0.0012725333333333095 Joules by being active during the execution of the simulation
processor 0:0:4 used 0.009470577777777791 Joules by being active during the execution of the simulation
processor 0:0:5 used 0.009477333333333372 Joules by being active during the execution of the simulation
processor 0:0:6 used 0.009565511111111126 Joules by being active during the execution of the simulation
processor 0:0:7 used 0.009581866666666713 Joules by being active during the execution of the simulation
processor 0:0:8 used 0.009462044444444472 Joules by being active during the execution of the simulation
processor 0:0:9 used 0.009563733333333359 Joules by being active during the execution of the simulation
processor 0:0:10 used 0.009467733333333348 Joules by being active during the execution of the simulation
processor 0:0:11 used 0.009516800000000025 Joules by being active during the execution of the simulation
processor 0:0:12 used 0.009412622222222266 Joules by being active during the execution of the simulation
processor 0:0:13 used 0.009546311111111143 Joules by being active during the execution of the simulation
processor 0:0:14 used 0.009519288888888923 Joules by being active during the execution of the simulation
processor 0:0:15 used 0.009460622222222223 Joules by being active during the execution of the simulation
processor 0:0:16 used 0.009548800000000034 Joules by being active during the execution of the simulation
processor 0:0:17 used 0.009462044444444493 Joules by being active during the execution of the simulation
The chip at 0,0 used 1.8 Joules by being idle during the execution of the simulation

processor 0:1:0 used 0.17777777777778633 Joules by being active during the execution of the simulation
processor 0:1:1 (running ChipPowerMonitor on 0, 1) used 0.0 Joules by being active during the execution of the simulation
processor 0:1:2 used 0.009483733333333369 Joules by being active during the execution of the simulation
processor 0:1:3 used 0.009462400000000034 Joules by being active during the execution of the simulation
processor 0:1:4 used 0.009539555555555582 Joules by being active during the execution of the simulation
processor 0:1:5 used 0.009397333333333369 Joules by being active during the execution of the simulation
processor 0:1:6 used 0.009540977777777808 Joules by being active during the execution of the simulation
processor 0:1:7 used 0.009389866666666693 Joules by being active during the execution of the simulation
processor 0:1:8 used 0.009480888888888907 Joules by being active during the execution of the simulation
processor 0:1:9 used 0.009559111111111126 Joules by being active during the execution of the simulation
processor 0:1:10 used 0.0012735999999999798 Joules by being active during the execution of the simulation
processor 0:1:11 used 0.009440355555555602 Joules by being active during the execution of the simulation
processor 0:1:12 used 0.009431111111111145 Joules by being active during the execution of the simulation
processor 0:1:13 used 0.009469511111111134 Joules by being active during the execution of the simulation
processor 0:1:14 used 0.009461688888888918 Joules by being active during the execution of the simulation
processor 0:1:15 used 0.00943680000000004 Joules by being active during the execution of the simulation
processor 0:1:16 used 0.009383466666666717 Joules by being active during the execution of the simulation
processor 0:1:17 used 0.009456355555555579 Joules by being active during the execution of the simulation
The chip at 0,1 used 1.8 Joules by being idle during the execution of the simulation

processor 0:2:0 used 0.17777777777778633 Joules by being active during the execution of the simulation
processor 0:2:1 (running ChipPowerMonitor on 0, 2) used 0.035555555555555465 Joules by being active during the execution of the simulation
processor 0:2:2 used 0.0 Joules by being active during the execution of the simulation
processor 0:2:3 used 0.0 Joules by being active during the execution of the simulation
processor 0:2:4 used 0.0 Joules by being active during the execution of the simulation
processor 0:2:5 used 0.0 Joules by being active during the execution of the simulation
processor 0:2:6 used 0.0 Joules by being active during the execution of the simulation
processor 0:2:7 used 0.0 Joules by being active during the execution of the simulation
processor 0:2:8 used 0.0 Joules by being active during the execution of the simulation
processor 0:2:9 used 0.0 Joules by being active during the execution of the simulation
processor 0:2:10 used 0.0012337777777777501 Joules by being active during the execution of the simulation
processor 0:2:11 used 0.0 Joules by being active during the execution of the simulation
processor 0:2:12 used 0.0 Joules by being active during the execution of the simulation
processor 0:2:13 used 0.0 Joules by being active during the execution of the simulation
processor 0:2:14 used 0.0 Joules by being active during the execution of the simulation
processor 0:2:15 used 0.0 Joules by being active during the execution of the simulation
processor 0:2:16 used 0.0 Joules by being active during the execution of the simulation
processor 0:2:17 used 0.0 Joules by being active during the execution of the simulation
The chip at 0,2 used 1.8 Joules by being idle during the execution of the simulation

processor 0:3:0 used 0.17777777777778633 Joules by being active during the execution of the simulation
processor 0:3:1 (running ChipPowerMonitor on 0, 3) used 0.0011879111111111006 Joules by being active during the execution of the simulation
processor 0:3:2 used 0.0 Joules by being active during the execution of the simulation
processor 0:3:3 used 0.0 Joules by being active during the execution of the simulation
processor 0:3:4 used 0.0 Joules by being active during the execution of the simulation
processor 0:3:5 used 0.0 Joules by being active during the execution of the simulation
processor 0:3:6 used 0.0 Joules by being active during the execution of the simulation
processor 0:3:7 used 0.0 Joules by being active during the execution of the simulation
processor 0:3:8 used 0.0 Joules by being active during the execution of the simulation
processor 0:3:9 used 0.0 Joules by being active during the execution of the simulation
processor 0:3:10 used 0.0012305777777777505 Joules by being active during the execution of the simulation
processor 0:3:11 used 0.0 Joules by being active during the execution of the simulation
processor 0:3:12 used 0.0 Joules by being active during the execution of the simulation
processor 0:3:13 used 0.0 Joules by being active during the execution of the simulation
processor 0:3:14 used 0.0 Joules by being active during the execution of the simulation
processor 0:3:15 used 0.0 Joules by being active during the execution of the simulation
processor 0:3:16 used 0.0 Joules by being active during the execution of the simulation
processor 0:3:17 used 0.0 Joules by being active during the execution of the simulation
The chip at 0,3 used 1.8 Joules by being idle during the execution of the simulation

processor 1:0:0 used 0.17777777777778633 Joules by being active during the execution of the simulation
processor 1:0:1 (running ChipPowerMonitor on 1, 0) used 3.5555555555555553e-07 Joules by being active during the execution of the simulation
processor 1:0:2 used 0.009420444444444504 Joules by being active during the execution of the simulation
processor 1:0:3 used 0.009420088888888926 Joules by being active during the execution of the simulation
processor 1:0:4 used 0.009461333333333362 Joules by being active during the execution of the simulation
processor 1:0:5 used 0.009412622222222257 Joules by being active during the execution of the simulation
processor 1:0:6 used 0.009435022222222254 Joules by being active during the execution of the simulation
processor 1:0:7 used 0.009515377777777811 Joules by being active during the execution of the simulation
processor 1:0:8 used 0.009472355555555612 Joules by being active during the execution of the simulation
processor 1:0:9 used 0.009450311111111139 Joules by being active during the execution of the simulation
processor 1:0:10 used 0.0012732444444444224 Joules by being active during the execution of the simulation
processor 1:0:11 used 0.00941333333333337 Joules by being active during the execution of the simulation
processor 1:0:12 used 0.009470933333333362 Joules by being active during the execution of the simulation
processor 1:0:13 used 0.009484088888888931 Joules by being active during the execution of the simulation
processor 1:0:14 used 0.009431111111111152 Joules by being active during the execution of the simulation
processor 1:0:15 used 0.009480533333333388 Joules by being active during the execution of the simulation
processor 1:0:16 used 0.009481955555555597 Joules by being active during the execution of the simulation
processor 1:0:17 used 0.009518577777777815 Joules by being active during the execution of the simulation
The chip at 1,0 used 1.8 Joules by being idle during the execution of the simulation

processor 1:1:0 used 0.17777777777778633 Joules by being active during the execution of the simulation
processor 1:1:1 (running ChipPowerMonitor on 1, 1) used 0.0 Joules by being active during the execution of the simulation
processor 1:1:2 used 0.002234311111111091 Joules by being active during the execution of the simulation
processor 1:1:3 used 0.009588266666666699 Joules by being active during the execution of the simulation
processor 1:1:4 used 0.009489422222222236 Joules by being active during the execution of the simulation
processor 1:1:5 used 0.009454222222222244 Joules by being active during the execution of the simulation
processor 1:1:6 used 0.00940017777777781 Joules by being active during the execution of the simulation
processor 1:1:7 used 0.009460266666666694 Joules by being active during the execution of the simulation
processor 1:1:8 used 0.00948551111111115 Joules by being active during the execution of the simulation
processor 1:1:9 used 0.009472711111111136 Joules by being active during the execution of the simulation
processor 1:1:10 used 0.009455644444444473 Joules by being active during the execution of the simulation
processor 1:1:11 used 0.0012643555555555321 Joules by being active during the execution of the simulation
processor 1:1:12 used 0.009492622222222266 Joules by being active during the execution of the simulation
processor 1:1:13 used 0.009467377777777813 Joules by being active during the execution of the simulation
processor 1:1:14 used 0.00946097777777782 Joules by being active during the execution of the simulation
processor 1:1:15 used 0.009471644444444474 Joules by being active during the execution of the simulation
processor 1:1:16 used 0.009427555555555574 Joules by being active during the execution of the simulation
processor 1:1:17 used 0.009508977777777818 Joules by being active during the execution of the simulation
The chip at 1,1 used 1.8 Joules by being idle during the execution of the simulation

processor 1:2:0 used 0.17777777777778633 Joules by being active during the execution of the simulation
processor 1:2:1 (running ChipPowerMonitor on 1, 2) used 0.035555555555555465 Joules by being active during the execution of the simulation
processor 1:2:2 used 0.009441066666666722 Joules by being active during the execution of the simulation
processor 1:2:3 used 0.009449600000000035 Joules by being active during the execution of the simulation
processor 1:2:4 used 0.009432177777777804 Joules by being active during the execution of the simulation
processor 1:2:5 used 0.009498311111111142 Joules by being active during the execution of the simulation
processor 1:2:6 used 0.009467377777777786 Joules by being active during the execution of the simulation
processor 1:2:7 used 0.00941546666666669 Joules by being active during the execution of the simulation
processor 1:2:8 used 0.00797937777777775 Joules by being active during the execution of the simulation
processor 1:2:9 used 0.009468444444444482 Joules by being active during the execution of the simulation
processor 1:2:10 used 0.0012636444444444205 Joules by being active during the execution of the simulation
processor 1:2:11 used 0.009468088888888915 Joules by being active during the execution of the simulation
processor 1:2:12 used 0.009394488888888936 Joules by being active during the execution of the simulation
processor 1:2:13 used 0.009427200000000044 Joules by being active during the execution of the simulation
processor 1:2:14 used 0.009502222222222243 Joules by being active during the execution of the simulation
processor 1:2:15 used 0.00945422222222226 Joules by being active during the execution of the simulation
processor 1:2:16 used 0.00944391111111116 Joules by being active during the execution of the simulation
processor 1:2:17 used 0.009371377777777804 Joules by being active during the execution of the simulation
The chip at 1,2 used 1.8 Joules by being idle during the execution of the simulation

processor 1:3:0 used 0.17777777777778633 Joules by being active during the execution of the simulation
processor 1:3:1 (running ChipPowerMonitor on 1, 3) used 0.0 Joules by being active during the execution of the simulation
processor 1:3:2 used 0.009450666666666704 Joules by being active during the execution of the simulation
processor 1:3:3 used 0.009419733333333354 Joules by being active during the execution of the simulation
processor 1:3:4 used 0.00938062222222225 Joules by being active during the execution of the simulation
processor 1:3:5 used 0.00946951111111117 Joules by being active during the execution of the simulation
processor 1:3:6 used 0.0 Joules by being active during the execution of the simulation
processor 1:3:7 used 0.008407822222222196 Joules by being active during the execution of the simulation
processor 1:3:8 used 0.0 Joules by being active during the execution of the simulation
processor 1:3:9 used 0.0 Joules by being active during the execution of the simulation
processor 1:3:10 used 0.001240177777777752 Joules by being active during the execution of the simulation
processor 1:3:11 used 0.0 Joules by being active during the execution of the simulation
processor 1:3:12 used 0.0 Joules by being active during the execution of the simulation
processor 1:3:13 used 0.0 Joules by being active during the execution of the simulation
processor 1:3:14 used 0.0 Joules by being active during the execution of the simulation
processor 1:3:15 used 0.0 Joules by being active during the execution of the simulation
processor 1:3:16 used 0.0 Joules by being active during the execution of the simulation
processor 1:3:17 used 0.0 Joules by being active during the execution of the simulation
The chip at 1,3 used 1.8 Joules by being idle during the execution of the simulation

processor 1:4:0 used 0.17777777777778633 Joules by being active during the execution of the simulation
processor 1:4:1 (running ChipPowerMonitor on 1, 4) used 3.5555555555555553e-07 Joules by being active during the execution of the simulation
processor 1:4:2 used 0.0 Joules by being active during the execution of the simulation
processor 1:4:3 used 0.0 Joules by being active during the execution of the simulation
processor 1:4:4 used 0.0 Joules by being active during the execution of the simulation
processor 1:4:5 used 0.0 Joules by being active during the execution of the simulation
processor 1:4:6 used 0.0 Joules by being active during the execution of the simulation
processor 1:4:7 used 0.0 Joules by being active during the execution of the simulation
processor 1:4:8 used 0.0 Joules by being active during the execution of the simulation
processor 1:4:9 used 0.0 Joules by being active during the execution of the simulation
processor 1:4:10 used 0.001231644444444417 Joules by being active during the execution of the simulation
processor 1:4:11 used 0.0 Joules by being active during the execution of the simulation
processor 1:4:12 used 0.0 Joules by being active during the execution of the simulation
processor 1:4:13 used 0.0 Joules by being active during the execution of the simulation
processor 1:4:14 used 0.0 Joules by being active during the execution of the simulation
processor 1:4:15 used 0.0 Joules by being active during the execution of the simulation
processor 1:4:16 used 0.0 Joules by being active during the execution of the simulation
processor 1:4:17 used 0.0 Joules by being active during the execution of the simulation
The chip at 1,4 used 1.8 Joules by being idle during the execution of the simulation

processor 2:0:0 used 0.17777777777778633 Joules by being active during the execution of the simulation
processor 2:0:1 (running ChipPowerMonitor on 2, 0) used 0.0 Joules by being active during the execution of the simulation
processor 2:0:2 used 0.009461688888888918 Joules by being active during the execution of the simulation
processor 2:0:3 used 0.00948408888888893 Joules by being active during the execution of the simulation
processor 2:0:4 used 0.009491911111111124 Joules by being active during the execution of the simulation
processor 2:0:5 used 0.009425422222222238 Joules by being active during the execution of the simulation
processor 2:0:6 used 0.00952320000000005 Joules by being active during the execution of the simulation
processor 2:0:7 used 0.009459200000000044 Joules by being active during the execution of the simulation
processor 2:0:8 used 0.009473066666666703 Joules by being active during the execution of the simulation
processor 2:0:9 used 0.009453511111111135 Joules by being active during the execution of the simulation
processor 2:0:10 used 0.0012622222222221987 Joules by being active during the execution of the simulation
processor 2:0:11 used 0.009502222222222257 Joules by being active during the execution of the simulation
processor 2:0:12 used 0.009498666666666692 Joules by being active during the execution of the simulation
processor 2:0:13 used 0.009447822222222253 Joules by being active during the execution of the simulation
processor 2:0:14 used 0.009368888888888897 Joules by being active during the execution of the simulation
processor 2:0:15 used 0.009441422222222245 Joules by being active during the execution of the simulation
processor 2:0:16 used 0.009458844444444486 Joules by being active during the execution of the simulation
processor 2:0:17 used 0.0094314666666667 Joules by being active during the execution of the simulation
The chip at 2,0 used 1.8 Joules by being idle during the execution of the simulation

processor 2:1:0 used 0.17777777777778633 Joules by being active during the execution of the simulation
processor 2:1:1 (running ChipPowerMonitor on 2, 1) used 0.03555484444444436 Joules by being active during the execution of the simulation
processor 2:1:2 used 0.009492622222222248 Joules by being active during the execution of the simulation
processor 2:1:3 used 0.009481600000000019 Joules by being active during the execution of the simulation
processor 2:1:4 used 0.009444977777777816 Joules by being active during the execution of the simulation
processor 2:1:5 used 0.0094762666666667 Joules by being active during the execution of the simulation
processor 2:1:6 used 0.009426133333333371 Joules by being active during the execution of the simulation
processor 2:1:7 used 0.009311288888888934 Joules by being active during the execution of the simulation
processor 2:1:8 used 0.009392355555555603 Joules by being active during the execution of the simulation
processor 2:1:9 used 0.009520355555555587 Joules by being active during the execution of the simulation
processor 2:1:10 used 0.0012689777777777555 Joules by being active during the execution of the simulation
processor 2:1:11 used 0.009471288888888924 Joules by being active during the execution of the simulation
processor 2:1:12 used 0.009432177777777814 Joules by being active during the execution of the simulation
processor 2:1:13 used 0.009432888888888907 Joules by being active during the execution of the simulation
processor 2:1:14 used 0.009343644444444483 Joules by being active during the execution of the simulation
processor 2:1:15 used 0.009354666666666699 Joules by being active during the execution of the simulation
processor 2:1:16 used 0.009387733333333358 Joules by being active during the execution of the simulation
processor 2:1:17 used 0.009456000000000034 Joules by being active during the execution of the simulation
The chip at 2,1 used 1.8 Joules by being idle during the execution of the simulation

processor 2:2:0 used 0.17777777777778633 Joules by being active during the execution of the simulation
processor 2:2:1 (running ChipPowerMonitor on 2, 2) used 0.0 Joules by being active during the execution of the simulation
processor 2:2:2 used 0.009548444444444474 Joules by being active during the execution of the simulation
processor 2:2:3 used 0.009447466666666718 Joules by being active during the execution of the simulation
processor 2:2:4 used 0.009421155555555576 Joules by being active during the execution of the simulation
processor 2:2:5 used 0.009478044444444486 Joules by being active during the execution of the simulation
processor 2:2:6 used 0.0094723555555556 Joules by being active during the execution of the simulation
processor 2:2:7 used 0.009401244444444483 Joules by being active during the execution of the simulation
processor 2:2:8 used 0.009494400000000016 Joules by being active during the execution of the simulation
processor 2:2:9 used 0.00946453333333335 Joules by being active during the execution of the simulation
processor 2:2:10 used 0.0012636444444444192 Joules by being active during the execution of the simulation
processor 2:2:11 used 0.00948515555555558 Joules by being active during the execution of the simulation
processor 2:2:12 used 0.009407288888888907 Joules by being active during the execution of the simulation
processor 2:2:13 used 0.009500088888888921 Joules by being active during the execution of the simulation
processor 2:2:14 used 0.009471288888888936 Joules by being active during the execution of the simulation
processor 2:2:15 used 0.009373866666666692 Joules by being active during the execution of the simulation
processor 2:2:16 used 0.009359288888888918 Joules by being active during the execution of the simulation
processor 2:2:17 used 0.009508977777777813 Joules by being active during the execution of the simulation
The chip at 2,2 used 1.8 Joules by being idle during the execution of the simulation

processor 2:3:0 used 0.17777777777778633 Joules by being active during the execution of the simulation
processor 2:3:1 (running ChipPowerMonitor on 2, 3) used 0.035555555555555465 Joules by being active during the execution of the simulation
processor 2:3:2 used 0.009472000000000026 Joules by being active during the execution of the simulation
processor 2:3:3 used 0.009490133333333367 Joules by being active during the execution of the simulation
processor 2:3:4 used 0.009461333333333346 Joules by being active during the execution of the simulation
processor 2:3:5 used 0.009422222222222254 Joules by being active during the execution of the simulation
processor 2:3:6 used 0.009422577777777798 Joules by being active during the execution of the simulation
processor 2:3:7 used 0.009551644444444483 Joules by being active during the execution of the simulation
processor 2:3:8 used 0.009475555555555598 Joules by being active during the execution of the simulation
processor 2:3:9 used 0.009536355555555584 Joules by being active during the execution of the simulation
processor 2:3:10 used 0.0012757333333333104 Joules by being active during the execution of the simulation
processor 2:3:11 used 0.009494400000000031 Joules by being active during the execution of the simulation
processor 2:3:12 used 0.009457777777777817 Joules by being active during the execution of the simulation
processor 2:3:13 used 0.009550222222222245 Joules by being active during the execution of the simulation
processor 2:3:14 used 0.009556622222222241 Joules by being active during the execution of the simulation
processor 2:3:15 used 0.009502222222222242 Joules by being active during the execution of the simulation
processor 2:3:16 used 0.009459200000000063 Joules by being active during the execution of the simulation
processor 2:3:17 used 0.00954097777777779 Joules by being active during the execution of the simulation
The chip at 2,3 used 1.8 Joules by being idle during the execution of the simulation

processor 2:4:0 used 0.17777777777778633 Joules by being active during the execution of the simulation
processor 2:4:1 (running ChipPowerMonitor on 2, 4) used 0.0 Joules by being active during the execution of the simulation
processor 2:4:2 used 0.0 Joules by being active during the execution of the simulation
processor 2:4:3 used 0.0 Joules by being active during the execution of the simulation
processor 2:4:4 used 0.0 Joules by being active during the execution of the simulation
processor 2:4:5 used 0.0 Joules by being active during the execution of the simulation
processor 2:4:6 used 0.0 Joules by being active during the execution of the simulation
processor 2:4:7 used 0.0 Joules by being active during the execution of the simulation
processor 2:4:8 used 0.0 Joules by being active during the execution of the simulation
processor 2:4:9 used 0.0 Joules by being active during the execution of the simulation
processor 2:4:10 used 0.0012280888888888612 Joules by being active during the execution of the simulation
processor 2:4:11 used 0.0 Joules by being active during the execution of the simulation
processor 2:4:12 used 0.0 Joules by being active during the execution of the simulation
processor 2:4:13 used 0.0 Joules by being active during the execution of the simulation
processor 2:4:14 used 0.0 Joules by being active during the execution of the simulation
processor 2:4:15 used 0.0 Joules by being active during the execution of the simulation
processor 2:4:16 used 0.0 Joules by being active during the execution of the simulation
processor 2:4:17 used 0.0 Joules by being active during the execution of the simulation
The chip at 2,4 used 1.8 Joules by being idle during the execution of the simulation

processor 2:5:0 used 0.17777777777778633 Joules by being active during the execution of the simulation
processor 2:5:1 (running ChipPowerMonitor on 2, 5) used 0.0 Joules by being active during the execution of the simulation
processor 2:5:2 used 0.0 Joules by being active during the execution of the simulation
processor 2:5:3 used 0.0 Joules by being active during the execution of the simulation
processor 2:5:4 used 0.0 Joules by being active during the execution of the simulation
processor 2:5:5 used 0.0 Joules by being active during the execution of the simulation
processor 2:5:6 used 0.0 Joules by being active during the execution of the simulation
processor 2:5:7 used 0.0 Joules by being active during the execution of the simulation
processor 2:5:8 used 0.0 Joules by being active during the execution of the simulation
processor 2:5:9 used 0.0 Joules by being active during the execution of the simulation
processor 2:5:10 used 0.0012223999999999707 Joules by being active during the execution of the simulation
processor 2:5:11 used 0.0 Joules by being active during the execution of the simulation
processor 2:5:12 used 0.0 Joules by being active during the execution of the simulation
processor 2:5:13 used 0.0 Joules by being active during the execution of the simulation
processor 2:5:14 used 0.0 Joules by being active during the execution of the simulation
processor 2:5:15 used 0.0 Joules by being active during the execution of the simulation
processor 2:5:16 used 0.0 Joules by being active during the execution of the simulation
processor 2:5:17 used 0.0 Joules by being active during the execution of the simulation
The chip at 2,5 used 1.8 Joules by being idle during the execution of the simulation

processor 3:0:0 used 0.17777777777778633 Joules by being active during the execution of the simulation
processor 3:0:1 (running ChipPowerMonitor on 3, 0) used 0.035555555555555465 Joules by being active during the execution of the simulation
processor 3:0:2 used 0.0 Joules by being active during the execution of the simulation
processor 3:0:3 used 0.0 Joules by being active during the execution of the simulation
processor 3:0:4 used 0.0 Joules by being active during the execution of the simulation
processor 3:0:5 used 0.0 Joules by being active during the execution of the simulation
processor 3:0:6 used 0.0 Joules by being active during the execution of the simulation
processor 3:0:7 used 0.0 Joules by being active during the execution of the simulation
processor 3:0:8 used 0.0 Joules by being active during the execution of the simulation
processor 3:0:9 used 0.0 Joules by being active during the execution of the simulation
processor 3:0:10 used 0.001236622222222194 Joules by being active during the execution of the simulation
processor 3:0:11 used 0.0 Joules by being active during the execution of the simulation
processor 3:0:12 used 0.0 Joules by being active during the execution of the simulation
processor 3:0:13 used 0.0 Joules by being active during the execution of the simulation
processor 3:0:14 used 0.0 Joules by being active during the execution of the simulation
processor 3:0:15 used 0.0 Joules by being active during the execution of the simulation
processor 3:0:16 used 0.0 Joules by being active during the execution of the simulation
processor 3:0:17 used 0.0 Joules by being active during the execution of the simulation
The chip at 3,0 used 1.8 Joules by being idle during the execution of the simulation

processor 3:1:0 used 0.17777777777778633 Joules by being active during the execution of the simulation
processor 3:1:1 (running ChipPowerMonitor on 3, 1) used 0.0 Joules by being active during the execution of the simulation
processor 3:1:2 used 0.0 Joules by being active during the execution of the simulation
processor 3:1:3 used 0.0 Joules by being active during the execution of the simulation
processor 3:1:4 used 0.0 Joules by being active during the execution of the simulation
processor 3:1:5 used 0.0 Joules by being active during the execution of the simulation
processor 3:1:6 used 0.0 Joules by being active during the execution of the simulation
processor 3:1:7 used 0.0 Joules by being active during the execution of the simulation
processor 3:1:8 used 0.0 Joules by being active during the execution of the simulation
processor 3:1:9 used 0.0 Joules by being active during the execution of the simulation
processor 3:1:10 used 0.0012380444444444175 Joules by being active during the execution of the simulation
processor 3:1:11 used 0.0 Joules by being active during the execution of the simulation
processor 3:1:12 used 0.0 Joules by being active during the execution of the simulation
processor 3:1:13 used 0.0 Joules by being active during the execution of the simulation
processor 3:1:14 used 0.0 Joules by being active during the execution of the simulation
processor 3:1:15 used 0.0 Joules by being active during the execution of the simulation
processor 3:1:16 used 0.0 Joules by being active during the execution of the simulation
processor 3:1:17 used 0.0 Joules by being active during the execution of the simulation
The chip at 3,1 used 1.8 Joules by being idle during the execution of the simulation

processor 3:2:0 used 0.17777777777778633 Joules by being active during the execution of the simulation
processor 3:2:1 (running ChipPowerMonitor on 3, 2) used 0.0 Joules by being active during the execution of the simulation
processor 3:2:2 used 0.0 Joules by being active during the execution of the simulation
processor 3:2:3 used 0.0 Joules by being active during the execution of the simulation
processor 3:2:4 used 0.0 Joules by being active during the execution of the simulation
processor 3:2:5 used 0.0 Joules by being active during the execution of the simulation
processor 3:2:6 used 0.0 Joules by being active during the execution of the simulation
processor 3:2:7 used 0.0 Joules by being active during the execution of the simulation
processor 3:2:8 used 0.0 Joules by being active during the execution of the simulation
processor 3:2:9 used 0.0 Joules by being active during the execution of the simulation
processor 3:2:10 used 0.0012273777777777489 Joules by being active during the execution of the simulation
processor 3:2:11 used 0.0 Joules by being active during the execution of the simulation
processor 3:2:12 used 0.0 Joules by being active during the execution of the simulation
processor 3:2:13 used 0.0 Joules by being active during the execution of the simulation
processor 3:2:14 used 0.0 Joules by being active during the execution of the simulation
processor 3:2:15 used 0.0 Joules by being active during the execution of the simulation
processor 3:2:16 used 0.0 Joules by being active during the execution of the simulation
processor 3:2:17 used 0.0 Joules by being active during the execution of the simulation
The chip at 3,2 used 1.8 Joules by being idle during the execution of the simulation

processor 3:3:0 used 0.17777777777778633 Joules by being active during the execution of the simulation
processor 3:3:1 (running ChipPowerMonitor on 3, 3) used 0.0 Joules by being active during the execution of the simulation
processor 3:3:2 used 0.0012263111111110799 Joules by being active during the execution of the simulation
processor 3:3:3 used 0.0 Joules by being active during the execution of the simulation
processor 3:3:4 used 0.0 Joules by being active during the execution of the simulation
processor 3:3:5 used 0.0 Joules by being active during the execution of the simulation
processor 3:3:6 used 0.17777777777778633 Joules by being active during the execution of the simulation
processor 3:3:7 used 0.0 Joules by being active during the execution of the simulation
processor 3:3:8 used 0.0 Joules by being active during the execution of the simulation
processor 3:3:9 used 0.0 Joules by being active during the execution of the simulation
processor 3:3:10 used 0.0 Joules by being active during the execution of the simulation
processor 3:3:11 used 0.0 Joules by being active during the execution of the simulation
processor 3:3:12 used 0.0 Joules by being active during the execution of the simulation
processor 3:3:13 used 0.0 Joules by being active during the execution of the simulation
processor 3:3:14 used 0.0 Joules by being active during the execution of the simulation
processor 3:3:15 used 0.0 Joules by being active during the execution of the simulation
processor 3:3:16 used 0.0 Joules by being active during the execution of the simulation
processor 3:3:17 used 0.0 Joules by being active during the execution of the simulation
The chip at 3,3 used 1.8 Joules by being idle during the execution of the simulation

processor 3:4:0 used 0.17777777777778633 Joules by being active during the execution of the simulation
processor 3:4:1 (running ChipPowerMonitor on 3, 4) used 0.0 Joules by being active during the execution of the simulation
processor 3:4:2 used 0.0 Joules by being active during the execution of the simulation
processor 3:4:3 used 0.0 Joules by being active during the execution of the simulation
processor 3:4:4 used 0.0 Joules by being active during the execution of the simulation
processor 3:4:5 used 0.0 Joules by being active during the execution of the simulation
processor 3:4:6 used 0.0 Joules by being active during the execution of the simulation
processor 3:4:7 used 0.0 Joules by being active during the execution of the simulation
processor 3:4:8 used 0.0 Joules by being active during the execution of the simulation
processor 3:4:9 used 0.0 Joules by being active during the execution of the simulation
processor 3:4:10 used 0.001240533333333308 Joules by being active during the execution of the simulation
processor 3:4:11 used 0.0 Joules by being active during the execution of the simulation
processor 3:4:12 used 0.0 Joules by being active during the execution of the simulation
processor 3:4:13 used 0.0 Joules by being active during the execution of the simulation
processor 3:4:14 used 0.0 Joules by being active during the execution of the simulation
processor 3:4:15 used 0.0 Joules by being active during the execution of the simulation
processor 3:4:16 used 0.0 Joules by being active during the execution of the simulation
processor 3:4:17 used 0.0 Joules by being active during the execution of the simulation
The chip at 3,4 used 1.8 Joules by being idle during the execution of the simulation

processor 3:5:0 used 0.17777777777778633 Joules by being active during the execution of the simulation
processor 3:5:1 (running ChipPowerMonitor on 3, 5) used 3.5555555555555553e-07 Joules by being active during the execution of the simulation
processor 3:5:2 used 0.0 Joules by being active during the execution of the simulation
processor 3:5:3 used 0.0 Joules by being active during the execution of the simulation
processor 3:5:4 used 0.0 Joules by being active during the execution of the simulation
processor 3:5:5 used 0.0 Joules by being active during the execution of the simulation
processor 3:5:6 used 0.0 Joules by being active during the execution of the simulation
processor 3:5:7 used 0.0 Joules by being active during the execution of the simulation
processor 3:5:8 used 0.0 Joules by being active during the execution of the simulation
processor 3:5:9 used 0.0 Joules by being active during the execution of the simulation
processor 3:5:10 used 0.0 Joules by being active during the execution of the simulation
processor 3:5:11 used 0.001220977777777748 Joules by being active during the execution of the simulation
processor 3:5:12 used 0.0 Joules by being active during the execution of the simulation
processor 3:5:13 used 0.0 Joules by being active during the execution of the simulation
processor 3:5:14 used 0.0 Joules by being active during the execution of the simulation
processor 3:5:15 used 0.0 Joules by being active during the execution of the simulation
processor 3:5:16 used 0.0 Joules by being active during the execution of the simulation
processor 3:5:17 used 0.0 Joules by being active during the execution of the simulation
The chip at 3,5 used 1.8 Joules by being idle during the execution of the simulation

processor 3:6:0 used 0.17777777777778633 Joules by being active during the execution of the simulation
processor 3:6:1 (running ChipPowerMonitor on 3, 6) used 0.035555555555555465 Joules by being active during the execution of the simulation
processor 3:6:2 used 0.0 Joules by being active during the execution of the simulation
processor 3:6:3 used 0.0 Joules by being active during the execution of the simulation
processor 3:6:4 used 0.0 Joules by being active during the execution of the simulation
processor 3:6:5 used 0.0 Joules by being active during the execution of the simulation
processor 3:6:6 used 0.0 Joules by being active during the execution of the simulation
processor 3:6:7 used 0.0 Joules by being active during the execution of the simulation
processor 3:6:8 used 0.0 Joules by being active during the execution of the simulation
processor 3:6:9 used 0.0 Joules by being active during the execution of the simulation
processor 3:6:10 used 0.0012305777777777492 Joules by being active during the execution of the simulation
processor 3:6:11 used 0.0 Joules by being active during the execution of the simulation
processor 3:6:12 used 0.0 Joules by being active during the execution of the simulation
processor 3:6:13 used 0.0 Joules by being active during the execution of the simulation
processor 3:6:14 used 0.0 Joules by being active during the execution of the simulation
processor 3:6:15 used 0.0 Joules by being active during the execution of the simulation
processor 3:6:16 used 0.0 Joules by being active during the execution of the simulation
processor 3:6:17 used 0.0 Joules by being active during the execution of the simulation
The chip at 3,6 used 1.8 Joules by being idle during the execution of the simulation

processor 4:0:0 used 0.17777777777778633 Joules by being active during the execution of the simulation
processor 4:0:1 (running ChipPowerMonitor on 4, 0) used 0.0 Joules by being active during the execution of the simulation
processor 4:0:2 used 0.0 Joules by being active during the execution of the simulation
processor 4:0:3 used 0.0 Joules by being active during the execution of the simulation
processor 4:0:4 used 0.0 Joules by being active during the execution of the simulation
processor 4:0:5 used 0.0 Joules by being active during the execution of the simulation
processor 4:0:6 used 0.0 Joules by being active during the execution of the simulation
processor 4:0:7 used 0.0 Joules by being active during the execution of the simulation
processor 4:0:8 used 0.0 Joules by being active during the execution of the simulation
processor 4:0:9 used 0.0 Joules by being active during the execution of the simulation
processor 4:0:10 used 0.0012284444444444155 Joules by being active during the execution of the simulation
processor 4:0:11 used 0.0 Joules by being active during the execution of the simulation
processor 4:0:12 used 0.0 Joules by being active during the execution of the simulation
processor 4:0:13 used 0.0 Joules by being active during the execution of the simulation
processor 4:0:14 used 0.0 Joules by being active during the execution of the simulation
processor 4:0:15 used 0.0 Joules by being active during the execution of the simulation
processor 4:0:16 used 0.0 Joules by being active during the execution of the simulation
processor 4:0:17 used 0.0 Joules by being active during the execution of the simulation
The chip at 4,0 used 1.8 Joules by being idle during the execution of the simulation

processor 4:1:0 used 0.17777777777778633 Joules by being active during the execution of the simulation
processor 4:1:1 (running ChipPowerMonitor on 4, 1) used 0.0 Joules by being active during the execution of the simulation
processor 4:1:2 used 0.0 Joules by being active during the execution of the simulation
processor 4:1:3 used 0.0 Joules by being active during the execution of the simulation
processor 4:1:4 used 0.0 Joules by being active during the execution of the simulation
processor 4:1:5 used 0.0 Joules by being active during the execution of the simulation
processor 4:1:6 used 0.0 Joules by being active during the execution of the simulation
processor 4:1:7 used 0.0 Joules by being active during the execution of the simulation
processor 4:1:8 used 0.0 Joules by being active during the execution of the simulation
processor 4:1:9 used 0.0 Joules by being active during the execution of the simulation
processor 4:1:10 used 0.0012177777777777482 Joules by being active during the execution of the simulation
processor 4:1:11 used 0.0 Joules by being active during the execution of the simulation
processor 4:1:12 used 0.0 Joules by being active during the execution of the simulation
processor 4:1:13 used 0.0 Joules by being active during the execution of the simulation
processor 4:1:14 used 0.0 Joules by being active during the execution of the simulation
processor 4:1:15 used 0.0 Joules by being active during the execution of the simulation
processor 4:1:16 used 0.0 Joules by being active during the execution of the simulation
processor 4:1:17 used 0.0 Joules by being active during the execution of the simulation
The chip at 4,1 used 1.8 Joules by being idle during the execution of the simulation

processor 4:2:0 used 0.17777777777778633 Joules by being active during the execution of the simulation
processor 4:2:1 (running ChipPowerMonitor on 4, 2) used 0.0 Joules by being active during the execution of the simulation
processor 4:2:2 used 0.0 Joules by being active during the execution of the simulation
processor 4:2:3 used 0.0 Joules by being active during the execution of the simulation
processor 4:2:4 used 0.0 Joules by being active during the execution of the simulation
processor 4:2:5 used 0.0 Joules by being active during the execution of the simulation
processor 4:2:6 used 0.0 Joules by being active during the execution of the simulation
processor 4:2:7 used 0.0 Joules by being active during the execution of the simulation
processor 4:2:8 used 0.0 Joules by being active during the execution of the simulation
processor 4:2:9 used 0.0 Joules by being active during the execution of the simulation
processor 4:2:10 used 0.0012334222222221958 Joules by being active during the execution of the simulation
processor 4:2:11 used 0.0 Joules by being active during the execution of the simulation
processor 4:2:12 used 0.0 Joules by being active during the execution of the simulation
processor 4:2:13 used 0.0 Joules by being active during the execution of the simulation
processor 4:2:14 used 0.0 Joules by being active during the execution of the simulation
processor 4:2:15 used 0.0 Joules by being active during the execution of the simulation
processor 4:2:16 used 0.0 Joules by being active during the execution of the simulation
processor 4:2:17 used 0.0 Joules by being active during the execution of the simulation
The chip at 4,2 used 1.8 Joules by being idle during the execution of the simulation

processor 4:3:0 used 0.17777777777778633 Joules by being active during the execution of the simulation
processor 4:3:1 (running ChipPowerMonitor on 4, 3) used 0.035555555555555465 Joules by being active during the execution of the simulation
processor 4:3:2 used 0.0 Joules by being active during the execution of the simulation
processor 4:3:3 used 0.0 Joules by being active during the execution of the simulation
processor 4:3:4 used 0.0 Joules by being active during the execution of the simulation
processor 4:3:5 used 0.0 Joules by being active during the execution of the simulation
processor 4:3:6 used 0.0 Joules by being active during the execution of the simulation
processor 4:3:7 used 0.0 Joules by being active during the execution of the simulation
processor 4:3:8 used 0.0 Joules by being active during the execution of the simulation
processor 4:3:9 used 0.0 Joules by being active during the execution of the simulation
processor 4:3:10 used 0.0 Joules by being active during the execution of the simulation
processor 4:3:11 used 0.0012252444444444165 Joules by being active during the execution of the simulation
processor 4:3:12 used 0.0 Joules by being active during the execution of the simulation
processor 4:3:13 used 0.0 Joules by being active during the execution of the simulation
processor 4:3:14 used 0.0 Joules by being active during the execution of the simulation
processor 4:3:15 used 0.0 Joules by being active during the execution of the simulation
processor 4:3:16 used 0.0 Joules by being active during the execution of the simulation
processor 4:3:17 used 0.0 Joules by being active during the execution of the simulation
The chip at 4,3 used 1.8 Joules by being idle during the execution of the simulation

processor 4:4:0 used 0.17777777777778633 Joules by being active during the execution of the simulation
processor 4:4:1 (running ChipPowerMonitor on 4, 4) used 0.0 Joules by being active during the execution of the simulation
processor 4:4:2 used 0.0 Joules by being active during the execution of the simulation
processor 4:4:3 used 0.0 Joules by being active during the execution of the simulation
processor 4:4:4 used 0.0 Joules by being active during the execution of the simulation
processor 4:4:5 used 0.0 Joules by being active during the execution of the simulation
processor 4:4:6 used 0.0 Joules by being active during the execution of the simulation
processor 4:4:7 used 0.0 Joules by being active during the execution of the simulation
processor 4:4:8 used 0.0 Joules by being active during the execution of the simulation
processor 4:4:9 used 0.0 Joules by being active during the execution of the simulation
processor 4:4:10 used 0.0012255999999999723 Joules by being active during the execution of the simulation
processor 4:4:11 used 0.0 Joules by being active during the execution of the simulation
processor 4:4:12 used 0.0 Joules by being active during the execution of the simulation
processor 4:4:13 used 0.0 Joules by being active during the execution of the simulation
processor 4:4:14 used 0.0 Joules by being active during the execution of the simulation
processor 4:4:15 used 0.0 Joules by being active during the execution of the simulation
processor 4:4:16 used 0.0 Joules by being active during the execution of the simulation
processor 4:4:17 used 0.0 Joules by being active during the execution of the simulation
The chip at 4,4 used 1.8 Joules by being idle during the execution of the simulation

processor 4:5:0 used 0.17777777777778633 Joules by being active during the execution of the simulation
processor 4:5:1 (running ChipPowerMonitor on 4, 5) used 0.035556622222222126 Joules by being active during the execution of the simulation
processor 4:5:2 used 0.0 Joules by being active during the execution of the simulation
processor 4:5:3 used 0.0 Joules by being active during the execution of the simulation
processor 4:5:4 used 0.0 Joules by being active during the execution of the simulation
processor 4:5:5 used 0.0 Joules by being active during the execution of the simulation
processor 4:5:6 used 0.0 Joules by being active during the execution of the simulation
processor 4:5:7 used 0.0 Joules by being active during the execution of the simulation
processor 4:5:8 used 0.0 Joules by being active during the execution of the simulation
processor 4:5:9 used 0.0 Joules by being active during the execution of the simulation
processor 4:5:10 used 0.0012280888888888616 Joules by being active during the execution of the simulation
processor 4:5:11 used 0.0 Joules by being active during the execution of the simulation
processor 4:5:12 used 0.0 Joules by being active during the execution of the simulation
processor 4:5:13 used 0.0 Joules by being active during the execution of the simulation
processor 4:5:14 used 0.0 Joules by being active during the execution of the simulation
processor 4:5:15 used 0.0 Joules by being active during the execution of the simulation
processor 4:5:16 used 0.0 Joules by being active during the execution of the simulation
processor 4:5:17 used 0.0 Joules by being active during the execution of the simulation
The chip at 4,5 used 1.8 Joules by being idle during the execution of the simulation

processor 4:6:0 used 0.17777777777778633 Joules by being active during the execution of the simulation
processor 4:6:1 (running ChipPowerMonitor on 4, 6) used 0.035555555555555465 Joules by being active during the execution of the simulation
processor 4:6:2 used 0.0 Joules by being active during the execution of the simulation
processor 4:6:3 used 0.0 Joules by being active during the execution of the simulation
processor 4:6:4 used 0.0 Joules by being active during the execution of the simulation
processor 4:6:5 used 0.0 Joules by being active during the execution of the simulation
processor 4:6:6 used 0.0 Joules by being active during the execution of the simulation
processor 4:6:7 used 0.0 Joules by being active during the execution of the simulation
processor 4:6:8 used 0.0 Joules by being active during the execution of the simulation
processor 4:6:9 used 0.0 Joules by being active during the execution of the simulation
processor 4:6:10 used 0.0012330666666666387 Joules by being active during the execution of the simulation
processor 4:6:11 used 0.0 Joules by being active during the execution of the simulation
processor 4:6:12 used 0.0 Joules by being active during the execution of the simulation
processor 4:6:13 used 0.0 Joules by being active during the execution of the simulation
processor 4:6:14 used 0.0 Joules by being active during the execution of the simulation
processor 4:6:15 used 0.0 Joules by being active during the execution of the simulation
processor 4:6:16 used 0.0 Joules by being active during the execution of the simulation
processor 4:6:17 used 0.0 Joules by being active during the execution of the simulation
The chip at 4,6 used 1.8 Joules by being idle during the execution of the simulation

processor 4:7:0 used 0.17777777777778633 Joules by being active during the execution of the simulation
processor 4:7:1 (running ChipPowerMonitor on 4, 7) used 0.0 Joules by being active during the execution of the simulation
processor 4:7:2 used 0.0 Joules by being active during the execution of the simulation
processor 4:7:3 used 0.0 Joules by being active during the execution of the simulation
processor 4:7:4 used 0.0 Joules by being active during the execution of the simulation
processor 4:7:5 used 0.0 Joules by being active during the execution of the simulation
processor 4:7:6 used 0.0 Joules by being active during the execution of the simulation
processor 4:7:7 used 0.0 Joules by being active during the execution of the simulation
processor 4:7:8 used 0.0 Joules by being active during the execution of the simulation
processor 4:7:9 used 0.0 Joules by being active during the execution of the simulation
processor 4:7:10 used 0.0012266666666666372 Joules by being active during the execution of the simulation
processor 4:7:11 used 0.0 Joules by being active during the execution of the simulation
processor 4:7:12 used 0.0 Joules by being active during the execution of the simulation
processor 4:7:13 used 0.0 Joules by being active during the execution of the simulation
processor 4:7:14 used 0.0 Joules by being active during the execution of the simulation
processor 4:7:15 used 0.0 Joules by being active during the execution of the simulation
processor 4:7:16 used 0.0 Joules by being active during the execution of the simulation
processor 4:7:17 used 0.0 Joules by being active during the execution of the simulation
The chip at 4,7 used 1.8 Joules by being idle during the execution of the simulation

processor 5:1:0 used 0.17777777777778633 Joules by being active during the execution of the simulation
processor 5:1:1 (running ChipPowerMonitor on 5, 1) used 0.0 Joules by being active during the execution of the simulation
processor 5:1:2 used 0.0 Joules by being active during the execution of the simulation
processor 5:1:3 used 0.0 Joules by being active during the execution of the simulation
processor 5:1:4 used 0.0 Joules by being active during the execution of the simulation
processor 5:1:5 used 0.0 Joules by being active during the execution of the simulation
processor 5:1:6 used 0.0 Joules by being active during the execution of the simulation
processor 5:1:7 used 0.0 Joules by being active during the execution of the simulation
processor 5:1:8 used 0.0 Joules by being active during the execution of the simulation
processor 5:1:9 used 0.0 Joules by being active during the execution of the simulation
processor 5:1:10 used 0.0012291555555555285 Joules by being active during the execution of the simulation
processor 5:1:11 used 0.0 Joules by being active during the execution of the simulation
processor 5:1:12 used 0.0 Joules by being active during the execution of the simulation
processor 5:1:13 used 0.0 Joules by being active during the execution of the simulation
processor 5:1:14 used 0.0 Joules by being active during the execution of the simulation
processor 5:1:15 used 0.0 Joules by being active during the execution of the simulation
processor 5:1:16 used 0.0 Joules by being active during the execution of the simulation
processor 5:1:17 used 0.0 Joules by being active during the execution of the simulation
The chip at 5,1 used 1.8 Joules by being idle during the execution of the simulation

processor 5:2:0 used 0.17777777777778633 Joules by being active during the execution of the simulation
processor 5:2:1 (running ChipPowerMonitor on 5, 2) used 0.035555555555555465 Joules by being active during the execution of the simulation
processor 5:2:2 used 0.0 Joules by being active during the execution of the simulation
processor 5:2:3 used 0.0 Joules by being active during the execution of the simulation
processor 5:2:4 used 0.0 Joules by being active during the execution of the simulation
processor 5:2:5 used 0.0 Joules by being active during the execution of the simulation
processor 5:2:6 used 0.0 Joules by being active during the execution of the simulation
processor 5:2:7 used 0.0 Joules by being active during the execution of the simulation
processor 5:2:8 used 0.0 Joules by being active during the execution of the simulation
processor 5:2:9 used 0.0 Joules by being active during the execution of the simulation
processor 5:2:10 used 0.001222399999999973 Joules by being active during the execution of the simulation
processor 5:2:11 used 0.0 Joules by being active during the execution of the simulation
processor 5:2:12 used 0.0 Joules by being active during the execution of the simulation
processor 5:2:13 used 0.0 Joules by being active during the execution of the simulation
processor 5:2:14 used 0.0 Joules by being active during the execution of the simulation
processor 5:2:15 used 0.0 Joules by being active during the execution of the simulation
processor 5:2:16 used 0.0 Joules by being active during the execution of the simulation
processor 5:2:17 used 0.0 Joules by being active during the execution of the simulation
The chip at 5,2 used 1.8 Joules by being idle during the execution of the simulation

processor 5:3:0 used 0.17777777777778633 Joules by being active during the execution of the simulation
processor 5:3:1 (running ChipPowerMonitor on 5, 3) used 0.0 Joules by being active during the execution of the simulation
processor 5:3:2 used 0.0 Joules by being active during the execution of the simulation
processor 5:3:3 used 0.0 Joules by being active during the execution of the simulation
processor 5:3:4 used 0.0 Joules by being active during the execution of the simulation
processor 5:3:5 used 0.0 Joules by being active during the execution of the simulation
processor 5:3:6 used 0.0 Joules by being active during the execution of the simulation
processor 5:3:7 used 0.0 Joules by being active during the execution of the simulation
processor 5:3:8 used 0.0 Joules by being active during the execution of the simulation
processor 5:3:9 used 0.0 Joules by being active during the execution of the simulation
processor 5:3:10 used 0.0012266666666666379 Joules by being active during the execution of the simulation
processor 5:3:11 used 0.0 Joules by being active during the execution of the simulation
processor 5:3:12 used 0.0 Joules by being active during the execution of the simulation
processor 5:3:13 used 0.0 Joules by being active during the execution of the simulation
processor 5:3:14 used 0.0 Joules by being active during the execution of the simulation
processor 5:3:15 used 0.0 Joules by being active during the execution of the simulation
processor 5:3:16 used 0.0 Joules by being active during the execution of the simulation
processor 5:3:17 used 0.0 Joules by being active during the execution of the simulation
The chip at 5,3 used 1.8 Joules by being idle during the execution of the simulation

processor 5:4:0 used 0.17777777777778633 Joules by being active during the execution of the simulation
processor 5:4:1 (running ChipPowerMonitor on 5, 4) used 0.035555555555555465 Joules by being active during the execution of the simulation
processor 5:4:2 used 0.0 Joules by being active during the execution of the simulation
processor 5:4:3 used 0.0 Joules by being active during the execution of the simulation
processor 5:4:4 used 0.0 Joules by being active during the execution of the simulation
processor 5:4:5 used 0.0 Joules by being active during the execution of the simulation
processor 5:4:6 used 0.0012124444444444162 Joules by being active during the execution of the simulation
processor 5:4:7 used 0.0 Joules by being active during the execution of the simulation
processor 5:4:8 used 0.0 Joules by being active during the execution of the simulation
processor 5:4:9 used 0.0 Joules by being active during the execution of the simulation
processor 5:4:10 used 0.0 Joules by being active during the execution of the simulation
processor 5:4:11 used 0.0 Joules by being active during the execution of the simulation
processor 5:4:12 used 0.0 Joules by being active during the execution of the simulation
processor 5:4:13 used 0.0 Joules by being active during the execution of the simulation
processor 5:4:14 used 0.0 Joules by being active during the execution of the simulation
processor 5:4:15 used 0.0 Joules by being active during the execution of the simulation
processor 5:4:16 used 0.0 Joules by being active during the execution of the simulation
processor 5:4:17 used 0.0 Joules by being active during the execution of the simulation
The chip at 5,4 used 1.8 Joules by being idle during the execution of the simulation

processor 5:5:0 used 0.17777777777778633 Joules by being active during the execution of the simulation
processor 5:5:1 (running ChipPowerMonitor on 5, 5) used 3.5555555555555553e-07 Joules by being active during the execution of the simulation
processor 5:5:2 used 0.0 Joules by being active during the execution of the simulation
processor 5:5:3 used 0.0 Joules by being active during the execution of the simulation
processor 5:5:4 used 0.0 Joules by being active during the execution of the simulation
processor 5:5:5 used 0.0 Joules by being active during the execution of the simulation
processor 5:5:6 used 0.0 Joules by being active during the execution of the simulation
processor 5:5:7 used 0.0 Joules by being active during the execution of the simulation
processor 5:5:8 used 0.0 Joules by being active during the execution of the simulation
processor 5:5:9 used 0.0 Joules by being active during the execution of the simulation
processor 5:5:10 used 0.0012373333333333065 Joules by being active during the execution of the simulation
processor 5:5:11 used 0.0 Joules by being active during the execution of the simulation
processor 5:5:12 used 0.0 Joules by being active during the execution of the simulation
processor 5:5:13 used 0.0 Joules by being active during the execution of the simulation
processor 5:5:14 used 0.0 Joules by being active during the execution of the simulation
processor 5:5:15 used 0.0 Joules by being active during the execution of the simulation
processor 5:5:16 used 0.0 Joules by being active during the execution of the simulation
processor 5:5:17 used 0.0 Joules by being active during the execution of the simulation
The chip at 5,5 used 1.8 Joules by being idle during the execution of the simulation

processor 5:6:0 used 0.17777777777778633 Joules by being active during the execution of the simulation
processor 5:6:1 (running ChipPowerMonitor on 5, 6) used 0.07110008888888582 Joules by being active during the execution of the simulation
processor 5:6:2 used 0.0 Joules by being active during the execution of the simulation
processor 5:6:3 used 0.0 Joules by being active during the execution of the simulation
processor 5:6:4 used 0.0 Joules by being active during the execution of the simulation
processor 5:6:5 used 0.0 Joules by being active during the execution of the simulation
processor 5:6:6 used 0.0 Joules by being active during the execution of the simulation
processor 5:6:7 used 0.0 Joules by being active during the execution of the simulation
processor 5:6:8 used 0.0 Joules by being active during the execution of the simulation
processor 5:6:9 used 0.0 Joules by being active during the execution of the simulation
processor 5:6:10 used 0.0 Joules by being active during the execution of the simulation
processor 5:6:11 used 0.0012394666666666386 Joules by being active during the execution of the simulation
processor 5:6:12 used 0.0 Joules by being active during the execution of the simulation
processor 5:6:13 used 0.0 Joules by being active during the execution of the simulation
processor 5:6:14 used 0.0 Joules by being active during the execution of the simulation
processor 5:6:15 used 0.0 Joules by being active during the execution of the simulation
processor 5:6:16 used 0.0 Joules by being active during the execution of the simulation
processor 5:6:17 used 0.0 Joules by being active during the execution of the simulation
The chip at 5,6 used 1.8 Joules by being idle during the execution of the simulation

processor 5:7:0 used 0.17777777777778633 Joules by being active during the execution of the simulation
processor 5:7:1 (running ChipPowerMonitor on 5, 7) used 0.0 Joules by being active during the execution of the simulation
processor 5:7:2 used 0.0 Joules by being active during the execution of the simulation
processor 5:7:3 used 0.0 Joules by being active during the execution of the simulation
processor 5:7:4 used 0.0 Joules by being active during the execution of the simulation
processor 5:7:5 used 0.0 Joules by being active during the execution of the simulation
processor 5:7:6 used 0.0 Joules by being active during the execution of the simulation
processor 5:7:7 used 0.0 Joules by being active during the execution of the simulation
processor 5:7:8 used 0.0 Joules by being active during the execution of the simulation
processor 5:7:9 used 0.0 Joules by being active during the execution of the simulation
processor 5:7:10 used 0.001234488888888861 Joules by being active during the execution of the simulation
processor 5:7:11 used 0.0 Joules by being active during the execution of the simulation
processor 5:7:12 used 0.0 Joules by being active during the execution of the simulation
processor 5:7:13 used 0.0 Joules by being active during the execution of the simulation
processor 5:7:14 used 0.0 Joules by being active during the execution of the simulation
processor 5:7:15 used 0.0 Joules by being active during the execution of the simulation
processor 5:7:16 used 0.0 Joules by being active during the execution of the simulation
processor 5:7:17 used 0.0 Joules by being active during the execution of the simulation
The chip at 5,7 used 1.8 Joules by being idle during the execution of the simulation

processor 6:2:0 used 0.17777777777778633 Joules by being active during the execution of the simulation
processor 6:2:1 (running ChipPowerMonitor on 6, 2) used 0.0 Joules by being active during the execution of the simulation
processor 6:2:2 used 0.0 Joules by being active during the execution of the simulation
processor 6:2:3 used 0.0 Joules by being active during the execution of the simulation
processor 6:2:4 used 0.0 Joules by being active during the execution of the simulation
processor 6:2:5 used 0.0 Joules by being active during the execution of the simulation
processor 6:2:6 used 0.0 Joules by being active during the execution of the simulation
processor 6:2:7 used 0.0 Joules by being active during the execution of the simulation
processor 6:2:8 used 0.0 Joules by being active during the execution of the simulation
processor 6:2:9 used 0.0 Joules by being active during the execution of the simulation
processor 6:2:10 used 0.0012319999999999731 Joules by being active during the execution of the simulation
processor 6:2:11 used 0.0 Joules by being active during the execution of the simulation
processor 6:2:12 used 0.0 Joules by being active during the execution of the simulation
processor 6:2:13 used 0.0 Joules by being active during the execution of the simulation
processor 6:2:14 used 0.0 Joules by being active during the execution of the simulation
processor 6:2:15 used 0.0 Joules by being active during the execution of the simulation
processor 6:2:16 used 0.0 Joules by being active during the execution of the simulation
processor 6:2:17 used 0.0 Joules by being active during the execution of the simulation
The chip at 6,2 used 1.8 Joules by being idle during the execution of the simulation

processor 6:3:0 used 0.17777777777778633 Joules by being active during the execution of the simulation
processor 6:3:1 (running ChipPowerMonitor on 6, 3) used 0.0 Joules by being active during the execution of the simulation
processor 6:3:2 used 0.0 Joules by being active during the execution of the simulation
processor 6:3:3 used 0.0 Joules by being active during the execution of the simulation
processor 6:3:4 used 0.0 Joules by being active during the execution of the simulation
processor 6:3:5 used 0.0 Joules by being active during the execution of the simulation
processor 6:3:6 used 0.0 Joules by being active during the execution of the simulation
processor 6:3:7 used 0.0 Joules by being active during the execution of the simulation
processor 6:3:8 used 0.0 Joules by being active during the execution of the simulation
processor 6:3:9 used 0.0 Joules by being active during the execution of the simulation
processor 6:3:10 used 0.0012284444444444174 Joules by being active during the execution of the simulation
processor 6:3:11 used 0.0 Joules by being active during the execution of the simulation
processor 6:3:12 used 0.0 Joules by being active during the execution of the simulation
processor 6:3:13 used 0.0 Joules by being active during the execution of the simulation
processor 6:3:14 used 0.0 Joules by being active during the execution of the simulation
processor 6:3:15 used 0.0 Joules by being active during the execution of the simulation
processor 6:3:16 used 0.0 Joules by being active during the execution of the simulation
processor 6:3:17 used 0.0 Joules by being active during the execution of the simulation
The chip at 6,3 used 1.8 Joules by being idle during the execution of the simulation

processor 6:4:0 used 0.17777777777778633 Joules by being active during the execution of the simulation
processor 6:4:1 (running ChipPowerMonitor on 6, 4) used 0.0 Joules by being active during the execution of the simulation
processor 6:4:2 used 0.0 Joules by being active during the execution of the simulation
processor 6:4:3 used 0.0 Joules by being active during the execution of the simulation
processor 6:4:4 used 0.0 Joules by being active during the execution of the simulation
processor 6:4:5 used 0.0 Joules by being active during the execution of the simulation
processor 6:4:6 used 0.0 Joules by being active during the execution of the simulation
processor 6:4:7 used 0.0 Joules by being active during the execution of the simulation
processor 6:4:8 used 0.0 Joules by being active during the execution of the simulation
processor 6:4:9 used 0.0 Joules by being active during the execution of the simulation
processor 6:4:10 used 0.0012437333333333077 Joules by being active during the execution of the simulation
processor 6:4:11 used 0.0 Joules by being active during the execution of the simulation
processor 6:4:12 used 0.0 Joules by being active during the execution of the simulation
processor 6:4:13 used 0.0 Joules by being active during the execution of the simulation
processor 6:4:14 used 0.0 Joules by being active during the execution of the simulation
processor 6:4:15 used 0.0 Joules by being active during the execution of the simulation
processor 6:4:16 used 0.0 Joules by being active during the execution of the simulation
processor 6:4:17 used 0.0 Joules by being active during the execution of the simulation
The chip at 6,4 used 1.8 Joules by being idle during the execution of the simulation

processor 6:5:0 used 0.17777777777778633 Joules by being active during the execution of the simulation
processor 6:5:1 (running ChipPowerMonitor on 6, 5) used 0.03554631111111103 Joules by being active during the execution of the simulation
processor 6:5:2 used 0.0 Joules by being active during the execution of the simulation
processor 6:5:3 used 0.0 Joules by being active during the execution of the simulation
processor 6:5:4 used 0.0 Joules by being active during the execution of the simulation
processor 6:5:5 used 0.0 Joules by being active during the execution of the simulation
processor 6:5:6 used 0.0 Joules by being active during the execution of the simulation
processor 6:5:7 used 0.0 Joules by being active during the execution of the simulation
processor 6:5:8 used 0.0 Joules by being active during the execution of the simulation
processor 6:5:9 used 0.0 Joules by being active during the execution of the simulation
processor 6:5:10 used 0.0012401777777777511 Joules by being active during the execution of the simulation
processor 6:5:11 used 0.0 Joules by being active during the execution of the simulation
processor 6:5:12 used 0.0 Joules by being active during the execution of the simulation
processor 6:5:13 used 0.0 Joules by being active during the execution of the simulation
processor 6:5:14 used 0.0 Joules by being active during the execution of the simulation
processor 6:5:15 used 0.0 Joules by being active during the execution of the simulation
processor 6:5:16 used 0.0 Joules by being active during the execution of the simulation
processor 6:5:17 used 0.0 Joules by being active during the execution of the simulation
The chip at 6,5 used 1.8 Joules by being idle during the execution of the simulation

processor 6:6:0 used 0.17777777777778633 Joules by being active during the execution of the simulation
processor 6:6:1 (running ChipPowerMonitor on 6, 6) used 0.0 Joules by being active during the execution of the simulation
processor 6:6:2 used 0.0 Joules by being active during the execution of the simulation
processor 6:6:3 used 0.0 Joules by being active during the execution of the simulation
processor 6:6:4 used 0.0 Joules by being active during the execution of the simulation
processor 6:6:5 used 0.0 Joules by being active during the execution of the simulation
processor 6:6:6 used 0.0 Joules by being active during the execution of the simulation
processor 6:6:7 used 0.0 Joules by being active during the execution of the simulation
processor 6:6:8 used 0.0 Joules by being active during the execution of the simulation
processor 6:6:9 used 0.0 Joules by being active during the execution of the simulation
processor 6:6:10 used 0.0 Joules by being active during the execution of the simulation
processor 6:6:11 used 0.0012220444444444169 Joules by being active during the execution of the simulation
processor 6:6:12 used 0.0 Joules by being active during the execution of the simulation
processor 6:6:13 used 0.0 Joules by being active during the execution of the simulation
processor 6:6:14 used 0.0 Joules by being active during the execution of the simulation
processor 6:6:15 used 0.0 Joules by being active during the execution of the simulation
processor 6:6:16 used 0.0 Joules by being active during the execution of the simulation
processor 6:6:17 used 0.0 Joules by being active during the execution of the simulation
The chip at 6,6 used 1.8 Joules by being idle during the execution of the simulation

processor 6:7:0 used 0.17777777777778633 Joules by being active during the execution of the simulation
processor 6:7:1 (running ChipPowerMonitor on 6, 7) used 0.0 Joules by being active during the execution of the simulation
processor 6:7:2 used 0.0 Joules by being active during the execution of the simulation
processor 6:7:3 used 0.0 Joules by being active during the execution of the simulation
processor 6:7:4 used 0.0 Joules by being active during the execution of the simulation
processor 6:7:5 used 0.0 Joules by being active during the execution of the simulation
processor 6:7:6 used 0.0 Joules by being active during the execution of the simulation
processor 6:7:7 used 0.0 Joules by being active during the execution of the simulation
processor 6:7:8 used 0.0 Joules by being active during the execution of the simulation
processor 6:7:9 used 0.0 Joules by being active during the execution of the simulation
processor 6:7:10 used 0.0012248888888888598 Joules by being active during the execution of the simulation
processor 6:7:11 used 0.0 Joules by being active during the execution of the simulation
processor 6:7:12 used 0.0 Joules by being active during the execution of the simulation
processor 6:7:13 used 0.0 Joules by being active during the execution of the simulation
processor 6:7:14 used 0.0 Joules by being active during the execution of the simulation
processor 6:7:15 used 0.0 Joules by being active during the execution of the simulation
processor 6:7:16 used 0.0 Joules by being active during the execution of the simulation
processor 6:7:17 used 0.0 Joules by being active during the execution of the simulation
The chip at 6,7 used 1.8 Joules by being idle during the execution of the simulation

processor 7:3:0 used 0.17777777777778633 Joules by being active during the execution of the simulation
processor 7:3:1 (running ChipPowerMonitor on 7, 3) used 0.0 Joules by being active during the execution of the simulation
processor 7:3:2 used 0.0 Joules by being active during the execution of the simulation
processor 7:3:3 used 0.0 Joules by being active during the execution of the simulation
processor 7:3:4 used 0.0 Joules by being active during the execution of the simulation
processor 7:3:5 used 0.0 Joules by being active during the execution of the simulation
processor 7:3:6 used 0.0 Joules by being active during the execution of the simulation
processor 7:3:7 used 0.0 Joules by being active during the execution of the simulation
processor 7:3:8 used 0.0 Joules by being active during the execution of the simulation
processor 7:3:9 used 0.0 Joules by being active during the execution of the simulation
processor 7:3:10 used 0.001230577777777752 Joules by being active during the execution of the simulation
processor 7:3:11 used 0.0 Joules by being active during the execution of the simulation
processor 7:3:12 used 0.0 Joules by being active during the execution of the simulation
processor 7:3:13 used 0.0 Joules by being active during the execution of the simulation
processor 7:3:14 used 0.0 Joules by being active during the execution of the simulation
processor 7:3:15 used 0.0 Joules by being active during the execution of the simulation
processor 7:3:16 used 0.0 Joules by being active during the execution of the simulation
processor 7:3:17 used 0.0 Joules by being active during the execution of the simulation
The chip at 7,3 used 1.8 Joules by being idle during the execution of the simulation

processor 7:4:0 used 0.17777777777778633 Joules by being active during the execution of the simulation
processor 7:4:1 (running ChipPowerMonitor on 7, 4) used 0.0 Joules by being active during the execution of the simulation
processor 7:4:2 used 0.0 Joules by being active during the execution of the simulation
processor 7:4:3 used 0.0 Joules by being active during the execution of the simulation
processor 7:4:4 used 0.0 Joules by being active during the execution of the simulation
processor 7:4:5 used 0.0 Joules by being active during the execution of the simulation
processor 7:4:6 used 0.0 Joules by being active during the execution of the simulation
processor 7:4:7 used 0.0 Joules by being active during the execution of the simulation
processor 7:4:8 used 0.0 Joules by being active during the execution of the simulation
processor 7:4:9 used 0.0 Joules by being active during the execution of the simulation
processor 7:4:10 used 0.0012330666666666382 Joules by being active during the execution of the simulation
processor 7:4:11 used 0.0 Joules by being active during the execution of the simulation
processor 7:4:12 used 0.0 Joules by being active during the execution of the simulation
processor 7:4:13 used 0.0 Joules by being active during the execution of the simulation
processor 7:4:14 used 0.0 Joules by being active during the execution of the simulation
processor 7:4:15 used 0.0 Joules by being active during the execution of the simulation
processor 7:4:16 used 0.0 Joules by being active during the execution of the simulation
processor 7:4:17 used 0.0 Joules by being active during the execution of the simulation
The chip at 7,4 used 1.8 Joules by being idle during the execution of the simulation

processor 7:5:0 used 0.17777777777778633 Joules by being active during the execution of the simulation
processor 7:5:1 (running ChipPowerMonitor on 7, 5) used 0.035555555555555465 Joules by being active during the execution of the simulation
processor 7:5:2 used 0.0 Joules by being active during the execution of the simulation
processor 7:5:3 used 0.0 Joules by being active during the execution of the simulation
processor 7:5:4 used 0.0 Joules by being active during the execution of the simulation
processor 7:5:5 used 0.0 Joules by being active during the execution of the simulation
processor 7:5:6 used 0.0 Joules by being active during the execution of the simulation
processor 7:5:7 used 0.0 Joules by being active during the execution of the simulation
processor 7:5:8 used 0.0 Joules by being active during the execution of the simulation
processor 7:5:9 used 0.0 Joules by being active during the execution of the simulation
processor 7:5:10 used 0.0012209777777777507 Joules by being active during the execution of the simulation
processor 7:5:11 used 0.0 Joules by being active during the execution of the simulation
processor 7:5:12 used 0.0 Joules by being active during the execution of the simulation
processor 7:5:13 used 0.0 Joules by being active during the execution of the simulation
processor 7:5:14 used 0.0 Joules by being active during the execution of the simulation
processor 7:5:15 used 0.0 Joules by being active during the execution of the simulation
processor 7:5:16 used 0.0 Joules by being active during the execution of the simulation
processor 7:5:17 used 0.0 Joules by being active during the execution of the simulation
The chip at 7,5 used 1.8 Joules by being idle during the execution of the simulation

processor 7:6:0 used 0.17777777777778633 Joules by being active during the execution of the simulation
processor 7:6:1 (running ChipPowerMonitor on 7, 6) used 0.0 Joules by being active during the execution of the simulation
processor 7:6:2 used 0.0 Joules by being active during the execution of the simulation
processor 7:6:3 used 0.0 Joules by being active during the execution of the simulation
processor 7:6:4 used 0.0 Joules by being active during the execution of the simulation
processor 7:6:5 used 0.0 Joules by being active during the execution of the simulation
processor 7:6:6 used 0.0 Joules by being active during the execution of the simulation
processor 7:6:7 used 0.0 Joules by being active during the execution of the simulation
processor 7:6:8 used 0.0 Joules by being active during the execution of the simulation
processor 7:6:9 used 0.0 Joules by being active during the execution of the simulation
processor 7:6:10 used 0.0012241777777777492 Joules by being active during the execution of the simulation
processor 7:6:11 used 0.0 Joules by being active during the execution of the simulation
processor 7:6:12 used 0.0 Joules by being active during the execution of the simulation
processor 7:6:13 used 0.0 Joules by being active during the execution of the simulation
processor 7:6:14 used 0.0 Joules by being active during the execution of the simulation
processor 7:6:15 used 0.0 Joules by being active during the execution of the simulation
processor 7:6:16 used 0.0 Joules by being active during the execution of the simulation
processor 7:6:17 used 0.0 Joules by being active during the execution of the simulation
The chip at 7,6 used 1.8 Joules by being idle during the execution of the simulation

processor 7:7:0 used 0.17777777777778633 Joules by being active during the execution of the simulation
processor 7:7:1 (running ChipPowerMonitor on 7, 7) used 0.0 Joules by being active during the execution of the simulation
processor 7:7:2 used 0.0 Joules by being active during the execution of the simulation
processor 7:7:3 used 0.0 Joules by being active during the execution of the simulation
processor 7:7:4 used 0.0 Joules by being active during the execution of the simulation
processor 7:7:5 used 0.0 Joules by being active during the execution of the simulation
processor 7:7:6 used 0.0 Joules by being active during the execution of the simulation
processor 7:7:7 used 0.0 Joules by being active during the execution of the simulation
processor 7:7:8 used 0.0 Joules by being active during the execution of the simulation
processor 7:7:9 used 0.0 Joules by being active during the execution of the simulation
processor 7:7:10 used 0.001236266666666639 Joules by being active during the execution of the simulation
processor 7:7:11 used 0.0 Joules by being active during the execution of the simulation
processor 7:7:12 used 0.0 Joules by being active during the execution of the simulation
processor 7:7:13 used 0.0 Joules by being active during the execution of the simulation
processor 7:7:14 used 0.0 Joules by being active during the execution of the simulation
processor 7:7:15 used 0.0 Joules by being active during the execution of the simulation
processor 7:7:16 used 0.0 Joules by being active during the execution of the simulation
processor 7:7:17 used 0.0 Joules by being active during the execution of the simulation
The chip at 7,7 used 1.8 Joules by being idle during the execution of the simulation
