This report is based off energy estimates for individual components of the SpiNNaker machine. It is not meant to be completely accurate. But does use provenance data gathered from the machine to estimate the energy usage and therefore should be in the right ballpark.


The energy components we use are as follows:

The energy usage for a chip when all cores are 100% active for a millisecond is 0.0006399999999999999 Joules.
The energy usage for a chip when all cores are not active for a millisecond is 0.00036 Joules.
The energy used by the machine for firing a packet is 8e-10 Joules.
The energy used by each active FPGA per millisecond is 0.000584635 Joules.


The packet cost is 0.0230488752 Joules
0 FPGAs on the Spalloc-ed boards are turned on and therefore the energy used by the FPGA during the entire time the machine was booted (which was 89322.066 ms) is 0.0 Joules. The usage during execution was 0.0 Joules.The amount of time used during the loading process is 12868.422000000002 milliseconds.
Assumed only 2 monitor cores is executing that this point. We also assume that there is a baseline active router/cooling component that is using 1992.7133716377023 Joules. Overall the energy usage is 2198.528799264369 Joules.
The amount of time used during the data extraction process is 3621.5690000000004 milliseconds.
Assumed only 2 monitor cores is executing at this point. We also assume that there is a baseline active router/cooling component that is using 558.3139625825021 Joules. Hence the overall energy usage is 3759.341055330702 Joules.

processor 0:0:0 used 0.1066666666666606 Joules by being active during the execution of the simulation
processor 0:0:1 (running ChipPowerMonitor on 0, 0) used 0.0 Joules by being active during the execution of the simulation
processor 0:0:2 used 0.0007658666666666412 Joules by being active during the execution of the simulation
processor 0:0:3 used 0.0 Joules by being active during the execution of the simulation
processor 0:0:4 used 0.015706311111111048 Joules by being active during the execution of the simulation
processor 0:0:5 used 0.01580977777777773 Joules by being active during the execution of the simulation
processor 0:0:6 used 0.015756799999999935 Joules by being active during the execution of the simulation
processor 0:0:7 used 0.01578595555555551 Joules by being active during the execution of the simulation
processor 0:0:8 used 0.01574151111111107 Joules by being active during the execution of the simulation
processor 0:0:9 used 0.015881599999999958 Joules by being active during the execution of the simulation
processor 0:0:10 used 0.0158588444444444 Joules by being active during the execution of the simulation
processor 0:0:11 used 0.0158627555555555 Joules by being active during the execution of the simulation
processor 0:0:12 used 0.015822933333333275 Joules by being active during the execution of the simulation
processor 0:0:13 used 0.015800177777777733 Joules by being active during the execution of the simulation
processor 0:0:14 used 0.015883022222222168 Joules by being active during the execution of the simulation
processor 0:0:15 used 0.015792711111111083 Joules by being active during the execution of the simulation
processor 0:0:16 used 0.015812622222222156 Joules by being active during the execution of the simulation
processor 0:0:17 used 0.015787377777777698 Joules by being active during the execution of the simulation
The chip at 0,0 used 1.08 Joules by being idle during the execution of the simulation

processor 0:1:0 used 0.1066666666666606 Joules by being active during the execution of the simulation
processor 0:1:1 (running ChipPowerMonitor on 0, 1) used 0.0 Joules by being active during the execution of the simulation
processor 0:1:2 used 0.0 Joules by being active during the execution of the simulation
processor 0:1:3 used 0.0 Joules by being active during the execution of the simulation
processor 0:1:4 used 0.0 Joules by being active during the execution of the simulation
processor 0:1:5 used 0.0 Joules by being active during the execution of the simulation
processor 0:1:6 used 0.0 Joules by being active during the execution of the simulation
processor 0:1:7 used 0.0 Joules by being active during the execution of the simulation
processor 0:1:8 used 0.0 Joules by being active during the execution of the simulation
processor 0:1:9 used 0.0 Joules by being active during the execution of the simulation
processor 0:1:10 used 0.0007338666666666393 Joules by being active during the execution of the simulation
processor 0:1:11 used 0.0 Joules by being active during the execution of the simulation
processor 0:1:12 used 0.0 Joules by being active during the execution of the simulation
processor 0:1:13 used 0.0 Joules by being active during the execution of the simulation
processor 0:1:14 used 0.0 Joules by being active during the execution of the simulation
processor 0:1:15 used 0.0 Joules by being active during the execution of the simulation
processor 0:1:16 used 0.0 Joules by being active during the execution of the simulation
processor 0:1:17 used 0.0 Joules by being active during the execution of the simulation
The chip at 0,1 used 1.08 Joules by being idle during the execution of the simulation

processor 0:2:0 used 0.1066666666666606 Joules by being active during the execution of the simulation
processor 0:2:1 (running ChipPowerMonitor on 0, 2) used 0.0 Joules by being active during the execution of the simulation
processor 0:2:2 used 0.0 Joules by being active during the execution of the simulation
processor 0:2:3 used 0.0 Joules by being active during the execution of the simulation
processor 0:2:4 used 0.0 Joules by being active during the execution of the simulation
processor 0:2:5 used 0.0 Joules by being active during the execution of the simulation
processor 0:2:6 used 0.0 Joules by being active during the execution of the simulation
processor 0:2:7 used 0.0 Joules by being active during the execution of the simulation
processor 0:2:8 used 0.0 Joules by being active during the execution of the simulation
processor 0:2:9 used 0.0 Joules by being active during the execution of the simulation
processor 0:2:10 used 0.0007391999999999724 Joules by being active during the execution of the simulation
processor 0:2:11 used 0.0 Joules by being active during the execution of the simulation
processor 0:2:12 used 0.0 Joules by being active during the execution of the simulation
processor 0:2:13 used 0.0 Joules by being active during the execution of the simulation
processor 0:2:14 used 0.0 Joules by being active during the execution of the simulation
processor 0:2:15 used 0.0 Joules by being active during the execution of the simulation
processor 0:2:16 used 0.0 Joules by being active during the execution of the simulation
processor 0:2:17 used 0.0 Joules by being active during the execution of the simulation
The chip at 0,2 used 1.08 Joules by being idle during the execution of the simulation

processor 0:3:0 used 0.1066666666666606 Joules by being active during the execution of the simulation
processor 0:3:1 (running ChipPowerMonitor on 0, 3) used 0.0 Joules by being active during the execution of the simulation
processor 0:3:2 used 0.0 Joules by being active during the execution of the simulation
processor 0:3:3 used 0.0 Joules by being active during the execution of the simulation
processor 0:3:4 used 0.0 Joules by being active during the execution of the simulation
processor 0:3:5 used 0.0 Joules by being active during the execution of the simulation
processor 0:3:6 used 0.0 Joules by being active during the execution of the simulation
processor 0:3:7 used 0.0 Joules by being active during the execution of the simulation
processor 0:3:8 used 0.0 Joules by being active during the execution of the simulation
processor 0:3:9 used 0.0 Joules by being active during the execution of the simulation
processor 0:3:10 used 0.0007431111111110841 Joules by being active during the execution of the simulation
processor 0:3:11 used 0.0 Joules by being active during the execution of the simulation
processor 0:3:12 used 0.0 Joules by being active during the execution of the simulation
processor 0:3:13 used 0.0 Joules by being active during the execution of the simulation
processor 0:3:14 used 0.0 Joules by being active during the execution of the simulation
processor 0:3:15 used 0.0 Joules by being active during the execution of the simulation
processor 0:3:16 used 0.0 Joules by being active during the execution of the simulation
processor 0:3:17 used 0.0 Joules by being active during the execution of the simulation
The chip at 0,3 used 1.08 Joules by being idle during the execution of the simulation

processor 1:0:0 used 0.1066666666666606 Joules by being active during the execution of the simulation
processor 1:0:1 (running ChipPowerMonitor on 1, 0) used 0.035555555555555465 Joules by being active during the execution of the simulation
processor 1:0:2 used 0.014589866666666652 Joules by being active during the execution of the simulation
processor 1:0:3 used 0.01577955555555552 Joules by being active during the execution of the simulation
processor 1:0:4 used 0.0 Joules by being active during the execution of the simulation
processor 1:0:5 used 0.015769955555555507 Joules by being active during the execution of the simulation
processor 1:0:6 used 0.01575822222222217 Joules by being active during the execution of the simulation
processor 1:0:7 used 0.013841422222222219 Joules by being active during the execution of the simulation
processor 1:0:8 used 0.0 Joules by being active during the execution of the simulation
processor 1:0:9 used 0.0 Joules by being active during the execution of the simulation
processor 1:0:10 used 0.0 Joules by being active during the execution of the simulation
processor 1:0:11 used 0.0 Joules by being active during the execution of the simulation
processor 1:0:12 used 0.0 Joules by being active during the execution of the simulation
processor 1:0:13 used 0.0 Joules by being active during the execution of the simulation
processor 1:0:14 used 0.0007399111111110841 Joules by being active during the execution of the simulation
processor 1:0:15 used 0.0 Joules by being active during the execution of the simulation
processor 1:0:16 used 0.0 Joules by being active during the execution of the simulation
processor 1:0:17 used 0.0 Joules by being active during the execution of the simulation
The chip at 1,0 used 1.08 Joules by being idle during the execution of the simulation

processor 1:1:0 used 0.1066666666666606 Joules by being active during the execution of the simulation
processor 1:1:1 (running ChipPowerMonitor on 1, 1) used 0.0 Joules by being active during the execution of the simulation
processor 1:1:2 used 0.0 Joules by being active during the execution of the simulation
processor 1:1:3 used 0.0 Joules by being active during the execution of the simulation
processor 1:1:4 used 0.0 Joules by being active during the execution of the simulation
processor 1:1:5 used 0.0 Joules by being active during the execution of the simulation
processor 1:1:6 used 0.0007310222222221952 Joules by being active during the execution of the simulation
processor 1:1:7 used 0.0 Joules by being active during the execution of the simulation
processor 1:1:8 used 0.0 Joules by being active during the execution of the simulation
processor 1:1:9 used 0.0 Joules by being active during the execution of the simulation
processor 1:1:10 used 0.0 Joules by being active during the execution of the simulation
processor 1:1:11 used 0.0 Joules by being active during the execution of the simulation
processor 1:1:12 used 0.0 Joules by being active during the execution of the simulation
processor 1:1:13 used 0.0 Joules by being active during the execution of the simulation
processor 1:1:14 used 0.0 Joules by being active during the execution of the simulation
processor 1:1:15 used 0.0 Joules by being active during the execution of the simulation
processor 1:1:16 used 0.0 Joules by being active during the execution of the simulation
processor 1:1:17 used 0.0 Joules by being active during the execution of the simulation
The chip at 1,1 used 1.08 Joules by being idle during the execution of the simulation

processor 1:2:0 used 0.1066666666666606 Joules by being active during the execution of the simulation
processor 1:2:1 (running ChipPowerMonitor on 1, 2) used 0.0 Joules by being active during the execution of the simulation
processor 1:2:2 used 0.0 Joules by being active during the execution of the simulation
processor 1:2:3 used 0.0 Joules by being active during the execution of the simulation
processor 1:2:4 used 0.0 Joules by being active during the execution of the simulation
processor 1:2:5 used 0.0 Joules by being active during the execution of the simulation
processor 1:2:6 used 0.0 Joules by being active during the execution of the simulation
processor 1:2:7 used 0.0 Joules by being active during the execution of the simulation
processor 1:2:8 used 0.0 Joules by being active during the execution of the simulation
processor 1:2:9 used 0.0 Joules by being active during the execution of the simulation
processor 1:2:10 used 0.0007388444444444171 Joules by being active during the execution of the simulation
processor 1:2:11 used 0.0 Joules by being active during the execution of the simulation
processor 1:2:12 used 0.0 Joules by being active during the execution of the simulation
processor 1:2:13 used 0.0 Joules by being active during the execution of the simulation
processor 1:2:14 used 0.0 Joules by being active during the execution of the simulation
processor 1:2:15 used 0.0 Joules by being active during the execution of the simulation
processor 1:2:16 used 0.0 Joules by being active during the execution of the simulation
processor 1:2:17 used 0.0 Joules by being active during the execution of the simulation
The chip at 1,2 used 1.08 Joules by being idle during the execution of the simulation

processor 1:3:0 used 0.1066666666666606 Joules by being active during the execution of the simulation
processor 1:3:1 (running ChipPowerMonitor on 1, 3) used 0.03555484444444436 Joules by being active during the execution of the simulation
processor 1:3:2 used 0.0 Joules by being active during the execution of the simulation
processor 1:3:3 used 0.0 Joules by being active during the execution of the simulation
processor 1:3:4 used 0.0 Joules by being active during the execution of the simulation
processor 1:3:5 used 0.0 Joules by being active during the execution of the simulation
processor 1:3:6 used 0.0 Joules by being active during the execution of the simulation
processor 1:3:7 used 0.0 Joules by being active during the execution of the simulation
processor 1:3:8 used 0.0 Joules by being active during the execution of the simulation
processor 1:3:9 used 0.0 Joules by being active during the execution of the simulation
processor 1:3:10 used 0.0 Joules by being active during the execution of the simulation
processor 1:3:11 used 0.000737777777777751 Joules by being active during the execution of the simulation
processor 1:3:12 used 0.0 Joules by being active during the execution of the simulation
processor 1:3:13 used 0.0 Joules by being active during the execution of the simulation
processor 1:3:14 used 0.0 Joules by being active during the execution of the simulation
processor 1:3:15 used 0.0 Joules by being active during the execution of the simulation
processor 1:3:16 used 0.0 Joules by being active during the execution of the simulation
processor 1:3:17 used 0.0 Joules by being active during the execution of the simulation
The chip at 1,3 used 1.08 Joules by being idle during the execution of the simulation

processor 1:4:0 used 0.1066666666666606 Joules by being active during the execution of the simulation
processor 1:4:1 (running ChipPowerMonitor on 1, 4) used 0.0 Joules by being active during the execution of the simulation
processor 1:4:2 used 0.0 Joules by being active during the execution of the simulation
processor 1:4:3 used 0.0 Joules by being active during the execution of the simulation
processor 1:4:4 used 0.0 Joules by being active during the execution of the simulation
processor 1:4:5 used 0.0 Joules by being active during the execution of the simulation
processor 1:4:6 used 0.0 Joules by being active during the execution of the simulation
processor 1:4:7 used 0.0 Joules by being active during the execution of the simulation
processor 1:4:8 used 0.0 Joules by being active during the execution of the simulation
processor 1:4:9 used 0.0 Joules by being active during the execution of the simulation
processor 1:4:10 used 0.0007427555555555282 Joules by being active during the execution of the simulation
processor 1:4:11 used 0.0 Joules by being active during the execution of the simulation
processor 1:4:12 used 0.0 Joules by being active during the execution of the simulation
processor 1:4:13 used 0.0 Joules by being active during the execution of the simulation
processor 1:4:14 used 0.0 Joules by being active during the execution of the simulation
processor 1:4:15 used 0.0 Joules by being active during the execution of the simulation
processor 1:4:16 used 0.0 Joules by being active during the execution of the simulation
processor 1:4:17 used 0.0 Joules by being active during the execution of the simulation
The chip at 1,4 used 1.08 Joules by being idle during the execution of the simulation

processor 2:0:0 used 0.1066666666666606 Joules by being active during the execution of the simulation
processor 2:0:1 (running ChipPowerMonitor on 2, 0) used 0.0 Joules by being active during the execution of the simulation
processor 2:0:2 used 0.0 Joules by being active during the execution of the simulation
processor 2:0:3 used 0.0 Joules by being active during the execution of the simulation
processor 2:0:4 used 0.0 Joules by being active during the execution of the simulation
processor 2:0:5 used 0.0 Joules by being active during the execution of the simulation
processor 2:0:6 used 0.0 Joules by being active during the execution of the simulation
processor 2:0:7 used 0.0 Joules by being active during the execution of the simulation
processor 2:0:8 used 0.0 Joules by being active during the execution of the simulation
processor 2:0:9 used 0.0 Joules by being active during the execution of the simulation
processor 2:0:10 used 0.0007342222222221957 Joules by being active during the execution of the simulation
processor 2:0:11 used 0.0 Joules by being active during the execution of the simulation
processor 2:0:12 used 0.0 Joules by being active during the execution of the simulation
processor 2:0:13 used 0.0 Joules by being active during the execution of the simulation
processor 2:0:14 used 0.0 Joules by being active during the execution of the simulation
processor 2:0:15 used 0.0 Joules by being active during the execution of the simulation
processor 2:0:16 used 0.0 Joules by being active during the execution of the simulation
processor 2:0:17 used 0.0 Joules by being active during the execution of the simulation
The chip at 2,0 used 1.08 Joules by being idle during the execution of the simulation

processor 2:1:0 used 0.1066666666666606 Joules by being active during the execution of the simulation
processor 2:1:1 (running ChipPowerMonitor on 2, 1) used 3.5555555555555553e-07 Joules by being active during the execution of the simulation
processor 2:1:2 used 0.0 Joules by being active during the execution of the simulation
processor 2:1:3 used 0.0 Joules by being active during the execution of the simulation
processor 2:1:4 used 0.0 Joules by being active during the execution of the simulation
processor 2:1:5 used 0.0 Joules by being active during the execution of the simulation
processor 2:1:6 used 0.0 Joules by being active during the execution of the simulation
processor 2:1:7 used 0.0 Joules by being active during the execution of the simulation
processor 2:1:8 used 0.0 Joules by being active during the execution of the simulation
processor 2:1:9 used 0.0 Joules by being active during the execution of the simulation
processor 2:1:10 used 0.0007480888888888618 Joules by being active during the execution of the simulation
processor 2:1:11 used 0.0 Joules by being active during the execution of the simulation
processor 2:1:12 used 0.0 Joules by being active during the execution of the simulation
processor 2:1:13 used 0.0 Joules by being active during the execution of the simulation
processor 2:1:14 used 0.0 Joules by being active during the execution of the simulation
processor 2:1:15 used 0.0 Joules by being active during the execution of the simulation
processor 2:1:16 used 0.0 Joules by being active during the execution of the simulation
processor 2:1:17 used 0.0 Joules by being active during the execution of the simulation
The chip at 2,1 used 1.08 Joules by being idle during the execution of the simulation

processor 2:2:0 used 0.1066666666666606 Joules by being active during the execution of the simulation
processor 2:2:1 (running ChipPowerMonitor on 2, 2) used 0.035555555555555465 Joules by being active during the execution of the simulation
processor 2:2:2 used 0.0 Joules by being active during the execution of the simulation
processor 2:2:3 used 0.0 Joules by being active during the execution of the simulation
processor 2:2:4 used 0.0 Joules by being active during the execution of the simulation
processor 2:2:5 used 0.0 Joules by being active during the execution of the simulation
processor 2:2:6 used 0.0 Joules by being active during the execution of the simulation
processor 2:2:7 used 0.0 Joules by being active during the execution of the simulation
processor 2:2:8 used 0.0 Joules by being active during the execution of the simulation
processor 2:2:9 used 0.0 Joules by being active during the execution of the simulation
processor 2:2:10 used 0.0007352888888888629 Joules by being active during the execution of the simulation
processor 2:2:11 used 0.0 Joules by being active during the execution of the simulation
processor 2:2:12 used 0.0 Joules by being active during the execution of the simulation
processor 2:2:13 used 0.0 Joules by being active during the execution of the simulation
processor 2:2:14 used 0.0 Joules by being active during the execution of the simulation
processor 2:2:15 used 0.0 Joules by being active during the execution of the simulation
processor 2:2:16 used 0.0 Joules by being active during the execution of the simulation
processor 2:2:17 used 0.0 Joules by being active during the execution of the simulation
The chip at 2,2 used 1.08 Joules by being idle during the execution of the simulation

processor 2:3:0 used 0.1066666666666606 Joules by being active during the execution of the simulation
processor 2:3:1 (running ChipPowerMonitor on 2, 3) used 3.5555555555555553e-07 Joules by being active during the execution of the simulation
processor 2:3:2 used 0.0 Joules by being active during the execution of the simulation
processor 2:3:3 used 0.0 Joules by being active during the execution of the simulation
processor 2:3:4 used 0.0 Joules by being active during the execution of the simulation
processor 2:3:5 used 0.0 Joules by being active during the execution of the simulation
processor 2:3:6 used 0.0 Joules by being active during the execution of the simulation
processor 2:3:7 used 0.0 Joules by being active during the execution of the simulation
processor 2:3:8 used 0.0 Joules by being active during the execution of the simulation
processor 2:3:9 used 0.0 Joules by being active during the execution of the simulation
processor 2:3:10 used 0.0007423999999999727 Joules by being active during the execution of the simulation
processor 2:3:11 used 0.0 Joules by being active during the execution of the simulation
processor 2:3:12 used 0.0 Joules by being active during the execution of the simulation
processor 2:3:13 used 0.0 Joules by being active during the execution of the simulation
processor 2:3:14 used 0.0 Joules by being active during the execution of the simulation
processor 2:3:15 used 0.0 Joules by being active during the execution of the simulation
processor 2:3:16 used 0.0 Joules by being active during the execution of the simulation
processor 2:3:17 used 0.0 Joules by being active during the execution of the simulation
The chip at 2,3 used 1.08 Joules by being idle during the execution of the simulation

processor 2:4:0 used 0.1066666666666606 Joules by being active during the execution of the simulation
processor 2:4:1 (running ChipPowerMonitor on 2, 4) used 0.035555555555555465 Joules by being active during the execution of the simulation
processor 2:4:2 used 0.0 Joules by being active during the execution of the simulation
processor 2:4:3 used 0.0 Joules by being active during the execution of the simulation
processor 2:4:4 used 0.0 Joules by being active during the execution of the simulation
processor 2:4:5 used 0.0 Joules by being active during the execution of the simulation
processor 2:4:6 used 0.0 Joules by being active during the execution of the simulation
processor 2:4:7 used 0.0 Joules by being active during the execution of the simulation
processor 2:4:8 used 0.0 Joules by being active during the execution of the simulation
processor 2:4:9 used 0.0 Joules by being active during the execution of the simulation
processor 2:4:10 used 0.0007388444444444173 Joules by being active during the execution of the simulation
processor 2:4:11 used 0.0 Joules by being active during the execution of the simulation
processor 2:4:12 used 0.0 Joules by being active during the execution of the simulation
processor 2:4:13 used 0.0 Joules by being active during the execution of the simulation
processor 2:4:14 used 0.0 Joules by being active during the execution of the simulation
processor 2:4:15 used 0.0 Joules by being active during the execution of the simulation
processor 2:4:16 used 0.0 Joules by being active during the execution of the simulation
processor 2:4:17 used 0.0 Joules by being active during the execution of the simulation
The chip at 2,4 used 1.08 Joules by being idle during the execution of the simulation

processor 2:5:0 used 0.1066666666666606 Joules by being active during the execution of the simulation
processor 2:5:1 (running ChipPowerMonitor on 2, 5) used 0.035555555555555465 Joules by being active during the execution of the simulation
processor 2:5:2 used 0.0 Joules by being active during the execution of the simulation
processor 2:5:3 used 0.0 Joules by being active during the execution of the simulation
processor 2:5:4 used 0.0 Joules by being active during the execution of the simulation
processor 2:5:5 used 0.0 Joules by being active during the execution of the simulation
processor 2:5:6 used 0.0 Joules by being active during the execution of the simulation
processor 2:5:7 used 0.0 Joules by being active during the execution of the simulation
processor 2:5:8 used 0.0 Joules by being active during the execution of the simulation
processor 2:5:9 used 0.0 Joules by being active during the execution of the simulation
processor 2:5:10 used 0.0007367111111110844 Joules by being active during the execution of the simulation
processor 2:5:11 used 0.0 Joules by being active during the execution of the simulation
processor 2:5:12 used 0.0 Joules by being active during the execution of the simulation
processor 2:5:13 used 0.0 Joules by being active during the execution of the simulation
processor 2:5:14 used 0.0 Joules by being active during the execution of the simulation
processor 2:5:15 used 0.0 Joules by being active during the execution of the simulation
processor 2:5:16 used 0.0 Joules by being active during the execution of the simulation
processor 2:5:17 used 0.0 Joules by being active during the execution of the simulation
The chip at 2,5 used 1.08 Joules by being idle during the execution of the simulation

processor 3:0:0 used 0.1066666666666606 Joules by being active during the execution of the simulation
processor 3:0:1 (running ChipPowerMonitor on 3, 0) used 0.0 Joules by being active during the execution of the simulation
processor 3:0:2 used 0.0 Joules by being active during the execution of the simulation
processor 3:0:3 used 0.0 Joules by being active during the execution of the simulation
processor 3:0:4 used 0.0 Joules by being active during the execution of the simulation
processor 3:0:5 used 0.0 Joules by being active during the execution of the simulation
processor 3:0:6 used 0.0 Joules by being active during the execution of the simulation
processor 3:0:7 used 0.0 Joules by being active during the execution of the simulation
processor 3:0:8 used 0.0 Joules by being active during the execution of the simulation
processor 3:0:9 used 0.0 Joules by being active during the execution of the simulation
processor 3:0:10 used 0.0007377777777777506 Joules by being active during the execution of the simulation
processor 3:0:11 used 0.0 Joules by being active during the execution of the simulation
processor 3:0:12 used 0.0 Joules by being active during the execution of the simulation
processor 3:0:13 used 0.0 Joules by being active during the execution of the simulation
processor 3:0:14 used 0.0 Joules by being active during the execution of the simulation
processor 3:0:15 used 0.0 Joules by being active during the execution of the simulation
processor 3:0:16 used 0.0 Joules by being active during the execution of the simulation
processor 3:0:17 used 0.0 Joules by being active during the execution of the simulation
The chip at 3,0 used 1.08 Joules by being idle during the execution of the simulation

processor 3:1:0 used 0.1066666666666606 Joules by being active during the execution of the simulation
processor 3:1:1 (running ChipPowerMonitor on 3, 1) used 0.0 Joules by being active during the execution of the simulation
processor 3:1:2 used 0.0 Joules by being active during the execution of the simulation
processor 3:1:3 used 0.0 Joules by being active during the execution of the simulation
processor 3:1:4 used 0.0 Joules by being active during the execution of the simulation
processor 3:1:5 used 0.0 Joules by being active during the execution of the simulation
processor 3:1:6 used 0.0 Joules by being active during the execution of the simulation
processor 3:1:7 used 0.0 Joules by being active during the execution of the simulation
processor 3:1:8 used 0.0 Joules by being active during the execution of the simulation
processor 3:1:9 used 0.0 Joules by being active during the execution of the simulation
processor 3:1:10 used 0.0 Joules by being active during the execution of the simulation
processor 3:1:11 used 0.000732799999999974 Joules by being active during the execution of the simulation
processor 3:1:12 used 0.0 Joules by being active during the execution of the simulation
processor 3:1:13 used 0.0 Joules by being active during the execution of the simulation
processor 3:1:14 used 0.0 Joules by being active during the execution of the simulation
processor 3:1:15 used 0.0 Joules by being active during the execution of the simulation
processor 3:1:16 used 0.0 Joules by being active during the execution of the simulation
processor 3:1:17 used 0.0 Joules by being active during the execution of the simulation
The chip at 3,1 used 1.08 Joules by being idle during the execution of the simulation

processor 3:2:0 used 0.1066666666666606 Joules by being active during the execution of the simulation
processor 3:2:1 (running ChipPowerMonitor on 3, 2) used 3.5555555555555553e-07 Joules by being active during the execution of the simulation
processor 3:2:2 used 0.0 Joules by being active during the execution of the simulation
processor 3:2:3 used 0.0 Joules by being active during the execution of the simulation
processor 3:2:4 used 0.0 Joules by being active during the execution of the simulation
processor 3:2:5 used 0.0 Joules by being active during the execution of the simulation
processor 3:2:6 used 0.0 Joules by being active during the execution of the simulation
processor 3:2:7 used 0.0 Joules by being active during the execution of the simulation
processor 3:2:8 used 0.0 Joules by being active during the execution of the simulation
processor 3:2:9 used 0.0 Joules by being active during the execution of the simulation
processor 3:2:10 used 0.0007395555555555278 Joules by being active during the execution of the simulation
processor 3:2:11 used 0.0 Joules by being active during the execution of the simulation
processor 3:2:12 used 0.0 Joules by being active during the execution of the simulation
processor 3:2:13 used 0.0 Joules by being active during the execution of the simulation
processor 3:2:14 used 0.0 Joules by being active during the execution of the simulation
processor 3:2:15 used 0.0 Joules by being active during the execution of the simulation
processor 3:2:16 used 0.0 Joules by being active during the execution of the simulation
processor 3:2:17 used 0.0 Joules by being active during the execution of the simulation
The chip at 3,2 used 1.08 Joules by being idle during the execution of the simulation

processor 3:3:0 used 0.1066666666666606 Joules by being active during the execution of the simulation
processor 3:3:1 (running ChipPowerMonitor on 3, 3) used 0.0 Joules by being active during the execution of the simulation
processor 3:3:2 used 0.0 Joules by being active during the execution of the simulation
processor 3:3:3 used 0.0 Joules by being active during the execution of the simulation
processor 3:3:4 used 0.0 Joules by being active during the execution of the simulation
processor 3:3:5 used 0.0 Joules by being active during the execution of the simulation
processor 3:3:6 used 0.0 Joules by being active during the execution of the simulation
processor 3:3:7 used 0.0 Joules by being active during the execution of the simulation
processor 3:3:8 used 0.0 Joules by being active during the execution of the simulation
processor 3:3:9 used 0.0 Joules by being active during the execution of the simulation
processor 3:3:10 used 0.0007374222222221955 Joules by being active during the execution of the simulation
processor 3:3:11 used 0.0 Joules by being active during the execution of the simulation
processor 3:3:12 used 0.0 Joules by being active during the execution of the simulation
processor 3:3:13 used 0.0 Joules by being active during the execution of the simulation
processor 3:3:14 used 0.0 Joules by being active during the execution of the simulation
processor 3:3:15 used 0.0 Joules by being active during the execution of the simulation
processor 3:3:16 used 0.0 Joules by being active during the execution of the simulation
processor 3:3:17 used 0.0 Joules by being active during the execution of the simulation
The chip at 3,3 used 1.08 Joules by being idle during the execution of the simulation

processor 3:4:0 used 0.1066666666666606 Joules by being active during the execution of the simulation
processor 3:4:1 (running ChipPowerMonitor on 3, 4) used 0.0 Joules by being active during the execution of the simulation
processor 3:4:2 used 0.0 Joules by being active during the execution of the simulation
processor 3:4:3 used 0.0 Joules by being active during the execution of the simulation
processor 3:4:4 used 0.0 Joules by being active during the execution of the simulation
processor 3:4:5 used 0.0 Joules by being active during the execution of the simulation
processor 3:4:6 used 0.0 Joules by being active during the execution of the simulation
processor 3:4:7 used 0.0 Joules by being active during the execution of the simulation
processor 3:4:8 used 0.0 Joules by being active during the execution of the simulation
processor 3:4:9 used 0.0 Joules by being active during the execution of the simulation
processor 3:4:10 used 0.0007413333333333055 Joules by being active during the execution of the simulation
processor 3:4:11 used 0.0 Joules by being active during the execution of the simulation
processor 3:4:12 used 0.0 Joules by being active during the execution of the simulation
processor 3:4:13 used 0.0 Joules by being active during the execution of the simulation
processor 3:4:14 used 0.0 Joules by being active during the execution of the simulation
processor 3:4:15 used 0.0 Joules by being active during the execution of the simulation
processor 3:4:16 used 0.0 Joules by being active during the execution of the simulation
processor 3:4:17 used 0.0 Joules by being active during the execution of the simulation
The chip at 3,4 used 1.08 Joules by being idle during the execution of the simulation

processor 3:5:0 used 0.1066666666666606 Joules by being active during the execution of the simulation
processor 3:5:1 (running ChipPowerMonitor on 3, 5) used 0.0 Joules by being active during the execution of the simulation
processor 3:5:2 used 0.0 Joules by being active during the execution of the simulation
processor 3:5:3 used 0.0 Joules by being active during the execution of the simulation
processor 3:5:4 used 0.0 Joules by being active during the execution of the simulation
processor 3:5:5 used 0.0 Joules by being active during the execution of the simulation
processor 3:5:6 used 0.0 Joules by being active during the execution of the simulation
processor 3:5:7 used 0.0 Joules by being active during the execution of the simulation
processor 3:5:8 used 0.0 Joules by being active during the execution of the simulation
processor 3:5:9 used 0.0 Joules by being active during the execution of the simulation
processor 3:5:10 used 0.0 Joules by being active during the execution of the simulation
processor 3:5:11 used 0.0 Joules by being active during the execution of the simulation
processor 3:5:12 used 0.0 Joules by being active during the execution of the simulation
processor 3:5:13 used 0.0 Joules by being active during the execution of the simulation
processor 3:5:14 used 0.0 Joules by being active during the execution of the simulation
processor 3:5:15 used 0.0007399111111110844 Joules by being active during the execution of the simulation
processor 3:5:16 used 0.0 Joules by being active during the execution of the simulation
processor 3:5:17 used 0.0 Joules by being active during the execution of the simulation
The chip at 3,5 used 1.08 Joules by being idle during the execution of the simulation

processor 3:6:0 used 0.1066666666666606 Joules by being active during the execution of the simulation
processor 3:6:1 (running ChipPowerMonitor on 3, 6) used 0.0 Joules by being active during the execution of the simulation
processor 3:6:2 used 0.0 Joules by being active during the execution of the simulation
processor 3:6:3 used 0.0 Joules by being active during the execution of the simulation
processor 3:6:4 used 0.0 Joules by being active during the execution of the simulation
processor 3:6:5 used 0.0 Joules by being active during the execution of the simulation
processor 3:6:6 used 0.0 Joules by being active during the execution of the simulation
processor 3:6:7 used 0.0 Joules by being active during the execution of the simulation
processor 3:6:8 used 0.0 Joules by being active during the execution of the simulation
processor 3:6:9 used 0.0 Joules by being active during the execution of the simulation
processor 3:6:10 used 0.0 Joules by being active during the execution of the simulation
processor 3:6:11 used 0.0007402666666666395 Joules by being active during the execution of the simulation
processor 3:6:12 used 0.0 Joules by being active during the execution of the simulation
processor 3:6:13 used 0.0 Joules by being active during the execution of the simulation
processor 3:6:14 used 0.0 Joules by being active during the execution of the simulation
processor 3:6:15 used 0.0 Joules by being active during the execution of the simulation
processor 3:6:16 used 0.0 Joules by being active during the execution of the simulation
processor 3:6:17 used 0.0 Joules by being active during the execution of the simulation
The chip at 3,6 used 1.08 Joules by being idle during the execution of the simulation

processor 4:0:0 used 0.1066666666666606 Joules by being active during the execution of the simulation
processor 4:0:1 (running ChipPowerMonitor on 4, 0) used 0.0 Joules by being active during the execution of the simulation
processor 4:0:2 used 0.0 Joules by being active during the execution of the simulation
processor 4:0:3 used 0.0 Joules by being active during the execution of the simulation
processor 4:0:4 used 0.0 Joules by being active during the execution of the simulation
processor 4:0:5 used 0.0 Joules by being active during the execution of the simulation
processor 4:0:6 used 0.0 Joules by being active during the execution of the simulation
processor 4:0:7 used 0.0 Joules by being active during the execution of the simulation
processor 4:0:8 used 0.0 Joules by being active during the execution of the simulation
processor 4:0:9 used 0.0 Joules by being active during the execution of the simulation
processor 4:0:10 used 0.0007338666666666403 Joules by being active during the execution of the simulation
processor 4:0:11 used 0.0 Joules by being active during the execution of the simulation
processor 4:0:12 used 0.0 Joules by being active during the execution of the simulation
processor 4:0:13 used 0.0 Joules by being active during the execution of the simulation
processor 4:0:14 used 0.0 Joules by being active during the execution of the simulation
processor 4:0:15 used 0.0 Joules by being active during the execution of the simulation
processor 4:0:16 used 0.0 Joules by being active during the execution of the simulation
processor 4:0:17 used 0.0 Joules by being active during the execution of the simulation
The chip at 4,0 used 1.08 Joules by being idle during the execution of the simulation

processor 4:1:0 used 0.1066666666666606 Joules by being active during the execution of the simulation
processor 4:1:1 (running ChipPowerMonitor on 4, 1) used 0.0 Joules by being active during the execution of the simulation
processor 4:1:2 used 0.0 Joules by being active during the execution of the simulation
processor 4:1:3 used 0.0 Joules by being active during the execution of the simulation
processor 4:1:4 used 0.0 Joules by being active during the execution of the simulation
processor 4:1:5 used 0.0 Joules by being active during the execution of the simulation
processor 4:1:6 used 0.0 Joules by being active during the execution of the simulation
processor 4:1:7 used 0.0 Joules by being active during the execution of the simulation
processor 4:1:8 used 0.0 Joules by being active during the execution of the simulation
processor 4:1:9 used 0.0 Joules by being active during the execution of the simulation
processor 4:1:10 used 0.000742044444444417 Joules by being active during the execution of the simulation
processor 4:1:11 used 0.0 Joules by being active during the execution of the simulation
processor 4:1:12 used 0.0 Joules by being active during the execution of the simulation
processor 4:1:13 used 0.0 Joules by being active during the execution of the simulation
processor 4:1:14 used 0.0 Joules by being active during the execution of the simulation
processor 4:1:15 used 0.0 Joules by being active during the execution of the simulation
processor 4:1:16 used 0.0 Joules by being active during the execution of the simulation
processor 4:1:17 used 0.0 Joules by being active during the execution of the simulation
The chip at 4,1 used 1.08 Joules by being idle during the execution of the simulation

processor 4:2:0 used 0.1066666666666606 Joules by being active during the execution of the simulation
processor 4:2:1 (running ChipPowerMonitor on 4, 2) used 0.0 Joules by being active during the execution of the simulation
processor 4:2:2 used 0.0 Joules by being active during the execution of the simulation
processor 4:2:3 used 0.0 Joules by being active during the execution of the simulation
processor 4:2:4 used 0.0 Joules by being active during the execution of the simulation
processor 4:2:5 used 0.0 Joules by being active during the execution of the simulation
processor 4:2:6 used 0.0 Joules by being active during the execution of the simulation
processor 4:2:7 used 0.0 Joules by being active during the execution of the simulation
processor 4:2:8 used 0.0 Joules by being active during the execution of the simulation
processor 4:2:9 used 0.0 Joules by being active during the execution of the simulation
processor 4:2:10 used 0.0007413333333333064 Joules by being active during the execution of the simulation
processor 4:2:11 used 0.0 Joules by being active during the execution of the simulation
processor 4:2:12 used 0.0 Joules by being active during the execution of the simulation
processor 4:2:13 used 0.0 Joules by being active during the execution of the simulation
processor 4:2:14 used 0.0 Joules by being active during the execution of the simulation
processor 4:2:15 used 0.0 Joules by being active during the execution of the simulation
processor 4:2:16 used 0.0 Joules by being active during the execution of the simulation
processor 4:2:17 used 0.0 Joules by being active during the execution of the simulation
The chip at 4,2 used 1.08 Joules by being idle during the execution of the simulation

processor 4:3:0 used 0.1066666666666606 Joules by being active during the execution of the simulation
processor 4:3:1 (running ChipPowerMonitor on 4, 3) used 0.0 Joules by being active during the execution of the simulation
processor 4:3:2 used 0.0 Joules by being active during the execution of the simulation
processor 4:3:3 used 0.0 Joules by being active during the execution of the simulation
processor 4:3:4 used 0.0 Joules by being active during the execution of the simulation
processor 4:3:5 used 0.0 Joules by being active during the execution of the simulation
processor 4:3:6 used 0.0 Joules by being active during the execution of the simulation
processor 4:3:7 used 0.0 Joules by being active during the execution of the simulation
processor 4:3:8 used 0.0 Joules by being active during the execution of the simulation
processor 4:3:9 used 0.0 Joules by being active during the execution of the simulation
processor 4:3:10 used 0.0007445333333333055 Joules by being active during the execution of the simulation
processor 4:3:11 used 0.0 Joules by being active during the execution of the simulation
processor 4:3:12 used 0.0 Joules by being active during the execution of the simulation
processor 4:3:13 used 0.0 Joules by being active during the execution of the simulation
processor 4:3:14 used 0.0 Joules by being active during the execution of the simulation
processor 4:3:15 used 0.0 Joules by being active during the execution of the simulation
processor 4:3:16 used 0.0 Joules by being active during the execution of the simulation
processor 4:3:17 used 0.0 Joules by being active during the execution of the simulation
The chip at 4,3 used 1.08 Joules by being idle during the execution of the simulation

processor 4:4:0 used 0.1066666666666606 Joules by being active during the execution of the simulation
processor 4:4:1 (running ChipPowerMonitor on 4, 4) used 0.035555911111111026 Joules by being active during the execution of the simulation
processor 4:4:2 used 0.0 Joules by being active during the execution of the simulation
processor 4:4:3 used 0.0 Joules by being active during the execution of the simulation
processor 4:4:4 used 0.0 Joules by being active during the execution of the simulation
processor 4:4:5 used 0.0 Joules by being active during the execution of the simulation
processor 4:4:6 used 0.0 Joules by being active during the execution of the simulation
processor 4:4:7 used 0.0 Joules by being active during the execution of the simulation
processor 4:4:8 used 0.0 Joules by being active during the execution of the simulation
processor 4:4:9 used 0.0 Joules by being active during the execution of the simulation
processor 4:4:10 used 0.0007388444444444179 Joules by being active during the execution of the simulation
processor 4:4:11 used 0.0 Joules by being active during the execution of the simulation
processor 4:4:12 used 0.0 Joules by being active during the execution of the simulation
processor 4:4:13 used 0.0 Joules by being active during the execution of the simulation
processor 4:4:14 used 0.0 Joules by being active during the execution of the simulation
processor 4:4:15 used 0.0 Joules by being active during the execution of the simulation
processor 4:4:16 used 0.0 Joules by being active during the execution of the simulation
processor 4:4:17 used 0.0 Joules by being active during the execution of the simulation
The chip at 4,4 used 1.08 Joules by being idle during the execution of the simulation

processor 4:5:0 used 0.1066666666666606 Joules by being active during the execution of the simulation
processor 4:5:1 (running ChipPowerMonitor on 4, 5) used 0.0 Joules by being active during the execution of the simulation
processor 4:5:2 used 0.0 Joules by being active during the execution of the simulation
processor 4:5:3 used 0.0 Joules by being active during the execution of the simulation
processor 4:5:4 used 0.0 Joules by being active during the execution of the simulation
processor 4:5:5 used 0.0 Joules by being active during the execution of the simulation
processor 4:5:6 used 0.0 Joules by being active during the execution of the simulation
processor 4:5:7 used 0.0 Joules by being active during the execution of the simulation
processor 4:5:8 used 0.0 Joules by being active during the execution of the simulation
processor 4:5:9 used 0.0 Joules by being active during the execution of the simulation
processor 4:5:10 used 0.0007477333333333053 Joules by being active during the execution of the simulation
processor 4:5:11 used 0.0 Joules by being active during the execution of the simulation
processor 4:5:12 used 0.0 Joules by being active during the execution of the simulation
processor 4:5:13 used 0.0 Joules by being active during the execution of the simulation
processor 4:5:14 used 0.0 Joules by being active during the execution of the simulation
processor 4:5:15 used 0.0 Joules by being active during the execution of the simulation
processor 4:5:16 used 0.0 Joules by being active during the execution of the simulation
processor 4:5:17 used 0.0 Joules by being active during the execution of the simulation
The chip at 4,5 used 1.08 Joules by being idle during the execution of the simulation

processor 4:6:0 used 0.1066666666666606 Joules by being active during the execution of the simulation
processor 4:6:1 (running ChipPowerMonitor on 4, 6) used 0.0 Joules by being active during the execution of the simulation
processor 4:6:2 used 0.0 Joules by being active during the execution of the simulation
processor 4:6:3 used 0.0 Joules by being active during the execution of the simulation
processor 4:6:4 used 0.0 Joules by being active during the execution of the simulation
processor 4:6:5 used 0.0 Joules by being active during the execution of the simulation
processor 4:6:6 used 0.0 Joules by being active during the execution of the simulation
processor 4:6:7 used 0.0 Joules by being active during the execution of the simulation
processor 4:6:8 used 0.0 Joules by being active during the execution of the simulation
processor 4:6:9 used 0.0 Joules by being active during the execution of the simulation
processor 4:6:10 used 0.0007384888888888617 Joules by being active during the execution of the simulation
processor 4:6:11 used 0.0 Joules by being active during the execution of the simulation
processor 4:6:12 used 0.0 Joules by being active during the execution of the simulation
processor 4:6:13 used 0.0 Joules by being active during the execution of the simulation
processor 4:6:14 used 0.0 Joules by being active during the execution of the simulation
processor 4:6:15 used 0.0 Joules by being active during the execution of the simulation
processor 4:6:16 used 0.0 Joules by being active during the execution of the simulation
processor 4:6:17 used 0.0 Joules by being active during the execution of the simulation
The chip at 4,6 used 1.08 Joules by being idle during the execution of the simulation

processor 4:7:0 used 0.1066666666666606 Joules by being active during the execution of the simulation
processor 4:7:1 (running ChipPowerMonitor on 4, 7) used 0.0 Joules by being active during the execution of the simulation
processor 4:7:2 used 0.0 Joules by being active during the execution of the simulation
processor 4:7:3 used 0.0 Joules by being active during the execution of the simulation
processor 4:7:4 used 0.0 Joules by being active during the execution of the simulation
processor 4:7:5 used 0.0 Joules by being active during the execution of the simulation
processor 4:7:6 used 0.0 Joules by being active during the execution of the simulation
processor 4:7:7 used 0.0 Joules by being active during the execution of the simulation
processor 4:7:8 used 0.0 Joules by being active during the execution of the simulation
processor 4:7:9 used 0.0 Joules by being active during the execution of the simulation
processor 4:7:10 used 0.0007349333333333062 Joules by being active during the execution of the simulation
processor 4:7:11 used 0.0 Joules by being active during the execution of the simulation
processor 4:7:12 used 0.0 Joules by being active during the execution of the simulation
processor 4:7:13 used 0.0 Joules by being active during the execution of the simulation
processor 4:7:14 used 0.0 Joules by being active during the execution of the simulation
processor 4:7:15 used 0.0 Joules by being active during the execution of the simulation
processor 4:7:16 used 0.0 Joules by being active during the execution of the simulation
processor 4:7:17 used 0.0 Joules by being active during the execution of the simulation
The chip at 4,7 used 1.08 Joules by being idle during the execution of the simulation

processor 5:1:0 used 0.1066666666666606 Joules by being active during the execution of the simulation
processor 5:1:1 (running ChipPowerMonitor on 5, 1) used 0.0 Joules by being active during the execution of the simulation
processor 5:1:2 used 0.0 Joules by being active during the execution of the simulation
processor 5:1:3 used 0.0 Joules by being active during the execution of the simulation
processor 5:1:4 used 0.0 Joules by being active during the execution of the simulation
processor 5:1:5 used 0.0 Joules by being active during the execution of the simulation
processor 5:1:6 used 0.0 Joules by being active during the execution of the simulation
processor 5:1:7 used 0.0 Joules by being active during the execution of the simulation
processor 5:1:8 used 0.0 Joules by being active during the execution of the simulation
processor 5:1:9 used 0.0 Joules by being active during the execution of the simulation
processor 5:1:10 used 0.0007448888888888616 Joules by being active during the execution of the simulation
processor 5:1:11 used 0.0 Joules by being active during the execution of the simulation
processor 5:1:12 used 0.0 Joules by being active during the execution of the simulation
processor 5:1:13 used 0.0 Joules by being active during the execution of the simulation
processor 5:1:14 used 0.0 Joules by being active during the execution of the simulation
processor 5:1:15 used 0.0 Joules by being active during the execution of the simulation
processor 5:1:16 used 0.0 Joules by being active during the execution of the simulation
processor 5:1:17 used 0.0 Joules by being active during the execution of the simulation
The chip at 5,1 used 1.08 Joules by being idle during the execution of the simulation

processor 5:2:0 used 0.1066666666666606 Joules by being active during the execution of the simulation
processor 5:2:1 (running ChipPowerMonitor on 5, 2) used 0.035555555555555465 Joules by being active during the execution of the simulation
processor 5:2:2 used 0.0 Joules by being active during the execution of the simulation
processor 5:2:3 used 0.0 Joules by being active during the execution of the simulation
processor 5:2:4 used 0.0 Joules by being active during the execution of the simulation
processor 5:2:5 used 0.0 Joules by being active during the execution of the simulation
processor 5:2:6 used 0.0 Joules by being active during the execution of the simulation
processor 5:2:7 used 0.0 Joules by being active during the execution of the simulation
processor 5:2:8 used 0.0 Joules by being active during the execution of the simulation
processor 5:2:9 used 0.0 Joules by being active during the execution of the simulation
processor 5:2:10 used 0.0007338666666666403 Joules by being active during the execution of the simulation
processor 5:2:11 used 0.0 Joules by being active during the execution of the simulation
processor 5:2:12 used 0.0 Joules by being active during the execution of the simulation
processor 5:2:13 used 0.0 Joules by being active during the execution of the simulation
processor 5:2:14 used 0.0 Joules by being active during the execution of the simulation
processor 5:2:15 used 0.0 Joules by being active during the execution of the simulation
processor 5:2:16 used 0.0 Joules by being active during the execution of the simulation
processor 5:2:17 used 0.0 Joules by being active during the execution of the simulation
The chip at 5,2 used 1.08 Joules by being idle during the execution of the simulation

processor 5:3:0 used 0.1066666666666606 Joules by being active during the execution of the simulation
processor 5:3:1 (running ChipPowerMonitor on 5, 3) used 0.0 Joules by being active during the execution of the simulation
processor 5:3:2 used 0.0 Joules by being active during the execution of the simulation
processor 5:3:3 used 0.0 Joules by being active during the execution of the simulation
processor 5:3:4 used 0.0 Joules by being active during the execution of the simulation
processor 5:3:5 used 0.0 Joules by being active during the execution of the simulation
processor 5:3:6 used 0.0 Joules by being active during the execution of the simulation
processor 5:3:7 used 0.0 Joules by being active during the execution of the simulation
processor 5:3:8 used 0.0 Joules by being active during the execution of the simulation
processor 5:3:9 used 0.0 Joules by being active during the execution of the simulation
processor 5:3:10 used 0.0007356444444444183 Joules by being active during the execution of the simulation
processor 5:3:11 used 0.0 Joules by being active during the execution of the simulation
processor 5:3:12 used 0.0 Joules by being active during the execution of the simulation
processor 5:3:13 used 0.0 Joules by being active during the execution of the simulation
processor 5:3:14 used 0.0 Joules by being active during the execution of the simulation
processor 5:3:15 used 0.0 Joules by being active during the execution of the simulation
processor 5:3:16 used 0.0 Joules by being active during the execution of the simulation
processor 5:3:17 used 0.0 Joules by being active during the execution of the simulation
The chip at 5,3 used 1.08 Joules by being idle during the execution of the simulation

processor 5:4:0 used 0.1066666666666606 Joules by being active during the execution of the simulation
processor 5:4:1 (running ChipPowerMonitor on 5, 4) used 0.0 Joules by being active during the execution of the simulation
processor 5:4:2 used 0.0 Joules by being active during the execution of the simulation
processor 5:4:3 used 0.0 Joules by being active during the execution of the simulation
processor 5:4:4 used 0.0 Joules by being active during the execution of the simulation
processor 5:4:5 used 0.0 Joules by being active during the execution of the simulation
processor 5:4:6 used 0.0 Joules by being active during the execution of the simulation
processor 5:4:7 used 0.0 Joules by being active during the execution of the simulation
processor 5:4:8 used 0.0 Joules by being active during the execution of the simulation
processor 5:4:9 used 0.0 Joules by being active during the execution of the simulation
processor 5:4:10 used 0.0 Joules by being active during the execution of the simulation
processor 5:4:11 used 0.0007363555555555295 Joules by being active during the execution of the simulation
processor 5:4:12 used 0.0 Joules by being active during the execution of the simulation
processor 5:4:13 used 0.0 Joules by being active during the execution of the simulation
processor 5:4:14 used 0.0 Joules by being active during the execution of the simulation
processor 5:4:15 used 0.0 Joules by being active during the execution of the simulation
processor 5:4:16 used 0.0 Joules by being active during the execution of the simulation
processor 5:4:17 used 0.0 Joules by being active during the execution of the simulation
The chip at 5,4 used 1.08 Joules by being idle during the execution of the simulation

processor 5:5:0 used 0.1066666666666606 Joules by being active during the execution of the simulation
processor 5:5:1 (running ChipPowerMonitor on 5, 5) used 0.0 Joules by being active during the execution of the simulation
processor 5:5:2 used 0.0 Joules by being active during the execution of the simulation
processor 5:5:3 used 0.0 Joules by being active during the execution of the simulation
processor 5:5:4 used 0.0 Joules by being active during the execution of the simulation
processor 5:5:5 used 0.0 Joules by being active during the execution of the simulation
processor 5:5:6 used 0.0 Joules by being active during the execution of the simulation
processor 5:5:7 used 0.0 Joules by being active during the execution of the simulation
processor 5:5:8 used 0.0 Joules by being active during the execution of the simulation
processor 5:5:9 used 0.0 Joules by being active during the execution of the simulation
processor 5:5:10 used 0.0007391999999999728 Joules by being active during the execution of the simulation
processor 5:5:11 used 0.0 Joules by being active during the execution of the simulation
processor 5:5:12 used 0.0 Joules by being active during the execution of the simulation
processor 5:5:13 used 0.0 Joules by being active during the execution of the simulation
processor 5:5:14 used 0.0 Joules by being active during the execution of the simulation
processor 5:5:15 used 0.0 Joules by being active during the execution of the simulation
processor 5:5:16 used 0.0 Joules by being active during the execution of the simulation
processor 5:5:17 used 0.0 Joules by being active during the execution of the simulation
The chip at 5,5 used 1.08 Joules by being idle during the execution of the simulation

processor 5:6:0 used 0.1066666666666606 Joules by being active during the execution of the simulation
processor 5:6:1 (running ChipPowerMonitor on 5, 6) used 0.0 Joules by being active during the execution of the simulation
processor 5:6:2 used 0.0 Joules by being active during the execution of the simulation
processor 5:6:3 used 0.0 Joules by being active during the execution of the simulation
processor 5:6:4 used 0.0 Joules by being active during the execution of the simulation
processor 5:6:5 used 0.0 Joules by being active during the execution of the simulation
processor 5:6:6 used 0.0 Joules by being active during the execution of the simulation
processor 5:6:7 used 0.0 Joules by being active during the execution of the simulation
processor 5:6:8 used 0.0 Joules by being active during the execution of the simulation
processor 5:6:9 used 0.0 Joules by being active during the execution of the simulation
processor 5:6:10 used 0.0 Joules by being active during the execution of the simulation
processor 5:6:11 used 0.0 Joules by being active during the execution of the simulation
processor 5:6:12 used 0.0 Joules by being active during the execution of the simulation
processor 5:6:13 used 0.0 Joules by being active during the execution of the simulation
processor 5:6:14 used 0.0 Joules by being active during the execution of the simulation
processor 5:6:15 used 0.0007377777777777503 Joules by being active during the execution of the simulation
processor 5:6:16 used 0.0 Joules by being active during the execution of the simulation
processor 5:6:17 used 0.0 Joules by being active during the execution of the simulation
The chip at 5,6 used 1.08 Joules by being idle during the execution of the simulation

processor 5:7:0 used 0.1066666666666606 Joules by being active during the execution of the simulation
processor 5:7:1 (running ChipPowerMonitor on 5, 7) used 3.5555555555555553e-07 Joules by being active during the execution of the simulation
processor 5:7:2 used 0.0 Joules by being active during the execution of the simulation
processor 5:7:3 used 0.0 Joules by being active during the execution of the simulation
processor 5:7:4 used 0.0 Joules by being active during the execution of the simulation
processor 5:7:5 used 0.0 Joules by being active during the execution of the simulation
processor 5:7:6 used 0.0 Joules by being active during the execution of the simulation
processor 5:7:7 used 0.0 Joules by being active during the execution of the simulation
processor 5:7:8 used 0.0 Joules by being active during the execution of the simulation
processor 5:7:9 used 0.0 Joules by being active during the execution of the simulation
processor 5:7:10 used 0.0007310222222221964 Joules by being active during the execution of the simulation
processor 5:7:11 used 0.0 Joules by being active during the execution of the simulation
processor 5:7:12 used 0.0 Joules by being active during the execution of the simulation
processor 5:7:13 used 0.0 Joules by being active during the execution of the simulation
processor 5:7:14 used 0.0 Joules by being active during the execution of the simulation
processor 5:7:15 used 0.0 Joules by being active during the execution of the simulation
processor 5:7:16 used 0.0 Joules by being active during the execution of the simulation
processor 5:7:17 used 0.0 Joules by being active during the execution of the simulation
The chip at 5,7 used 1.08 Joules by being idle during the execution of the simulation

processor 6:2:0 used 0.1066666666666606 Joules by being active during the execution of the simulation
processor 6:2:1 (running ChipPowerMonitor on 6, 2) used 0.0 Joules by being active during the execution of the simulation
processor 6:2:2 used 0.0 Joules by being active during the execution of the simulation
processor 6:2:3 used 0.0 Joules by being active during the execution of the simulation
processor 6:2:4 used 0.0 Joules by being active during the execution of the simulation
processor 6:2:5 used 0.0 Joules by being active during the execution of the simulation
processor 6:2:6 used 0.0 Joules by being active during the execution of the simulation
processor 6:2:7 used 0.0 Joules by being active during the execution of the simulation
processor 6:2:8 used 0.0 Joules by being active during the execution of the simulation
processor 6:2:9 used 0.0 Joules by being active during the execution of the simulation
processor 6:2:10 used 0.0007295999999999746 Joules by being active during the execution of the simulation
processor 6:2:11 used 0.0 Joules by being active during the execution of the simulation
processor 6:2:12 used 0.0 Joules by being active during the execution of the simulation
processor 6:2:13 used 0.0 Joules by being active during the execution of the simulation
processor 6:2:14 used 0.0 Joules by being active during the execution of the simulation
processor 6:2:15 used 0.0 Joules by being active during the execution of the simulation
processor 6:2:16 used 0.0 Joules by being active during the execution of the simulation
processor 6:2:17 used 0.0 Joules by being active during the execution of the simulation
The chip at 6,2 used 1.08 Joules by being idle during the execution of the simulation

processor 6:3:0 used 0.1066666666666606 Joules by being active during the execution of the simulation
processor 6:3:1 (running ChipPowerMonitor on 6, 3) used 0.0 Joules by being active during the execution of the simulation
processor 6:3:2 used 0.0 Joules by being active during the execution of the simulation
processor 6:3:3 used 0.0 Joules by being active during the execution of the simulation
processor 6:3:4 used 0.0 Joules by being active during the execution of the simulation
processor 6:3:5 used 0.0 Joules by being active during the execution of the simulation
processor 6:3:6 used 0.0 Joules by being active during the execution of the simulation
processor 6:3:7 used 0.0 Joules by being active during the execution of the simulation
processor 6:3:8 used 0.0 Joules by being active during the execution of the simulation
processor 6:3:9 used 0.0 Joules by being active during the execution of the simulation
processor 6:3:10 used 0.0007420444444444171 Joules by being active during the execution of the simulation
processor 6:3:11 used 0.0 Joules by being active during the execution of the simulation
processor 6:3:12 used 0.0 Joules by being active during the execution of the simulation
processor 6:3:13 used 0.0 Joules by being active during the execution of the simulation
processor 6:3:14 used 0.0 Joules by being active during the execution of the simulation
processor 6:3:15 used 0.0 Joules by being active during the execution of the simulation
processor 6:3:16 used 0.0 Joules by being active during the execution of the simulation
processor 6:3:17 used 0.0 Joules by being active during the execution of the simulation
The chip at 6,3 used 1.08 Joules by being idle during the execution of the simulation

processor 6:4:0 used 0.1066666666666606 Joules by being active during the execution of the simulation
processor 6:4:1 (running ChipPowerMonitor on 6, 4) used 0.0 Joules by being active during the execution of the simulation
processor 6:4:2 used 0.0 Joules by being active during the execution of the simulation
processor 6:4:3 used 0.0 Joules by being active during the execution of the simulation
processor 6:4:4 used 0.0 Joules by being active during the execution of the simulation
processor 6:4:5 used 0.0 Joules by being active during the execution of the simulation
processor 6:4:6 used 0.0 Joules by being active during the execution of the simulation
processor 6:4:7 used 0.0 Joules by being active during the execution of the simulation
processor 6:4:8 used 0.0 Joules by being active during the execution of the simulation
processor 6:4:9 used 0.0 Joules by being active during the execution of the simulation
processor 6:4:10 used 0.0007363555555555288 Joules by being active during the execution of the simulation
processor 6:4:11 used 0.0 Joules by being active during the execution of the simulation
processor 6:4:12 used 0.0 Joules by being active during the execution of the simulation
processor 6:4:13 used 0.0 Joules by being active during the execution of the simulation
processor 6:4:14 used 0.0 Joules by being active during the execution of the simulation
processor 6:4:15 used 0.0 Joules by being active during the execution of the simulation
processor 6:4:16 used 0.0 Joules by being active during the execution of the simulation
processor 6:4:17 used 0.0 Joules by being active during the execution of the simulation
The chip at 6,4 used 1.08 Joules by being idle during the execution of the simulation

processor 6:5:0 used 0.1066666666666606 Joules by being active during the execution of the simulation
processor 6:5:1 (running ChipPowerMonitor on 6, 5) used 0.0 Joules by being active during the execution of the simulation
processor 6:5:2 used 0.0 Joules by being active during the execution of the simulation
processor 6:5:3 used 0.0 Joules by being active during the execution of the simulation
processor 6:5:4 used 0.0 Joules by being active during the execution of the simulation
processor 6:5:5 used 0.0 Joules by being active during the execution of the simulation
processor 6:5:6 used 0.0 Joules by being active during the execution of the simulation
processor 6:5:7 used 0.0 Joules by being active during the execution of the simulation
processor 6:5:8 used 0.0 Joules by being active during the execution of the simulation
processor 6:5:9 used 0.0 Joules by being active during the execution of the simulation
processor 6:5:10 used 0.0007388444444444177 Joules by being active during the execution of the simulation
processor 6:5:11 used 0.0 Joules by being active during the execution of the simulation
processor 6:5:12 used 0.0 Joules by being active during the execution of the simulation
processor 6:5:13 used 0.0 Joules by being active during the execution of the simulation
processor 6:5:14 used 0.0 Joules by being active during the execution of the simulation
processor 6:5:15 used 0.0 Joules by being active during the execution of the simulation
processor 6:5:16 used 0.0 Joules by being active during the execution of the simulation
processor 6:5:17 used 0.0 Joules by being active during the execution of the simulation
The chip at 6,5 used 1.08 Joules by being idle during the execution of the simulation

processor 6:6:0 used 0.1066666666666606 Joules by being active during the execution of the simulation
processor 6:6:1 (running ChipPowerMonitor on 6, 6) used 0.0 Joules by being active during the execution of the simulation
processor 6:6:2 used 0.0 Joules by being active during the execution of the simulation
processor 6:6:3 used 0.0 Joules by being active during the execution of the simulation
processor 6:6:4 used 0.0 Joules by being active during the execution of the simulation
processor 6:6:5 used 0.0 Joules by being active during the execution of the simulation
processor 6:6:6 used 0.0 Joules by being active during the execution of the simulation
processor 6:6:7 used 0.0 Joules by being active during the execution of the simulation
processor 6:6:8 used 0.0 Joules by being active during the execution of the simulation
processor 6:6:9 used 0.0 Joules by being active during the execution of the simulation
processor 6:6:10 used 0.00074097777777775 Joules by being active during the execution of the simulation
processor 6:6:11 used 0.0 Joules by being active during the execution of the simulation
processor 6:6:12 used 0.0 Joules by being active during the execution of the simulation
processor 6:6:13 used 0.0 Joules by being active during the execution of the simulation
processor 6:6:14 used 0.0 Joules by being active during the execution of the simulation
processor 6:6:15 used 0.0 Joules by being active during the execution of the simulation
processor 6:6:16 used 0.0 Joules by being active during the execution of the simulation
processor 6:6:17 used 0.0 Joules by being active during the execution of the simulation
The chip at 6,6 used 1.08 Joules by being idle during the execution of the simulation

processor 6:7:0 used 0.1066666666666606 Joules by being active during the execution of the simulation
processor 6:7:1 (running ChipPowerMonitor on 6, 7) used 0.035555555555555465 Joules by being active during the execution of the simulation
processor 6:7:2 used 0.0 Joules by being active during the execution of the simulation
processor 6:7:3 used 0.0 Joules by being active during the execution of the simulation
processor 6:7:4 used 0.0 Joules by being active during the execution of the simulation
processor 6:7:5 used 0.0 Joules by being active during the execution of the simulation
processor 6:7:6 used 0.0 Joules by being active during the execution of the simulation
processor 6:7:7 used 0.0 Joules by being active during the execution of the simulation
processor 6:7:8 used 0.0 Joules by being active during the execution of the simulation
processor 6:7:9 used 0.0 Joules by being active during the execution of the simulation
processor 6:7:10 used 0.0007406222222221954 Joules by being active during the execution of the simulation
processor 6:7:11 used 0.0 Joules by being active during the execution of the simulation
processor 6:7:12 used 0.0 Joules by being active during the execution of the simulation
processor 6:7:13 used 0.0 Joules by being active during the execution of the simulation
processor 6:7:14 used 0.0 Joules by being active during the execution of the simulation
processor 6:7:15 used 0.0 Joules by being active during the execution of the simulation
processor 6:7:16 used 0.0 Joules by being active during the execution of the simulation
processor 6:7:17 used 0.0 Joules by being active during the execution of the simulation
The chip at 6,7 used 1.08 Joules by being idle during the execution of the simulation

processor 7:3:0 used 0.1066666666666606 Joules by being active during the execution of the simulation
processor 7:3:1 (running ChipPowerMonitor on 7, 3) used 0.0 Joules by being active during the execution of the simulation
processor 7:3:2 used 0.0 Joules by being active during the execution of the simulation
processor 7:3:3 used 0.0 Joules by being active during the execution of the simulation
processor 7:3:4 used 0.0 Joules by being active during the execution of the simulation
processor 7:3:5 used 0.0 Joules by being active during the execution of the simulation
processor 7:3:6 used 0.0 Joules by being active during the execution of the simulation
processor 7:3:7 used 0.0 Joules by being active during the execution of the simulation
processor 7:3:8 used 0.0 Joules by being active during the execution of the simulation
processor 7:3:9 used 0.0 Joules by being active during the execution of the simulation
processor 7:3:10 used 0.0007395555555555283 Joules by being active during the execution of the simulation
processor 7:3:11 used 0.0 Joules by being active during the execution of the simulation
processor 7:3:12 used 0.0 Joules by being active during the execution of the simulation
processor 7:3:13 used 0.0 Joules by being active during the execution of the simulation
processor 7:3:14 used 0.0 Joules by being active during the execution of the simulation
processor 7:3:15 used 0.0 Joules by being active during the execution of the simulation
processor 7:3:16 used 0.0 Joules by being active during the execution of the simulation
processor 7:3:17 used 0.0 Joules by being active during the execution of the simulation
The chip at 7,3 used 1.08 Joules by being idle during the execution of the simulation

processor 7:4:0 used 0.1066666666666606 Joules by being active during the execution of the simulation
processor 7:4:1 (running ChipPowerMonitor on 7, 4) used 0.035555555555555465 Joules by being active during the execution of the simulation
processor 7:4:2 used 0.0 Joules by being active during the execution of the simulation
processor 7:4:3 used 0.0 Joules by being active during the execution of the simulation
processor 7:4:4 used 0.0 Joules by being active during the execution of the simulation
processor 7:4:5 used 0.0 Joules by being active during the execution of the simulation
processor 7:4:6 used 0.0 Joules by being active during the execution of the simulation
processor 7:4:7 used 0.0 Joules by being active during the execution of the simulation
processor 7:4:8 used 0.0 Joules by being active during the execution of the simulation
processor 7:4:9 used 0.0 Joules by being active during the execution of the simulation
processor 7:4:10 used 0.0007391999999999725 Joules by being active during the execution of the simulation
processor 7:4:11 used 0.0 Joules by being active during the execution of the simulation
processor 7:4:12 used 0.0 Joules by being active during the execution of the simulation
processor 7:4:13 used 0.0 Joules by being active during the execution of the simulation
processor 7:4:14 used 0.0 Joules by being active during the execution of the simulation
processor 7:4:15 used 0.0 Joules by being active during the execution of the simulation
processor 7:4:16 used 0.0 Joules by being active during the execution of the simulation
processor 7:4:17 used 0.0 Joules by being active during the execution of the simulation
The chip at 7,4 used 1.08 Joules by being idle during the execution of the simulation

processor 7:5:0 used 0.1066666666666606 Joules by being active during the execution of the simulation
processor 7:5:1 (running ChipPowerMonitor on 7, 5) used 0.0 Joules by being active during the execution of the simulation
processor 7:5:2 used 0.0 Joules by being active during the execution of the simulation
processor 7:5:3 used 0.0 Joules by being active during the execution of the simulation
processor 7:5:4 used 0.0 Joules by being active during the execution of the simulation
processor 7:5:5 used 0.0 Joules by being active during the execution of the simulation
processor 7:5:6 used 0.0 Joules by being active during the execution of the simulation
processor 7:5:7 used 0.0 Joules by being active during the execution of the simulation
processor 7:5:8 used 0.0 Joules by being active during the execution of the simulation
processor 7:5:9 used 0.0 Joules by being active during the execution of the simulation
processor 7:5:10 used 0.0007367111111110846 Joules by being active during the execution of the simulation
processor 7:5:11 used 0.0 Joules by being active during the execution of the simulation
processor 7:5:12 used 0.0 Joules by being active during the execution of the simulation
processor 7:5:13 used 0.0 Joules by being active during the execution of the simulation
processor 7:5:14 used 0.0 Joules by being active during the execution of the simulation
processor 7:5:15 used 0.0 Joules by being active during the execution of the simulation
processor 7:5:16 used 0.0 Joules by being active during the execution of the simulation
processor 7:5:17 used 0.0 Joules by being active during the execution of the simulation
The chip at 7,5 used 1.08 Joules by being idle during the execution of the simulation

processor 7:6:0 used 0.1066666666666606 Joules by being active during the execution of the simulation
processor 7:6:1 (running ChipPowerMonitor on 7, 6) used 0.0 Joules by being active during the execution of the simulation
processor 7:6:2 used 0.0 Joules by being active during the execution of the simulation
processor 7:6:3 used 0.0 Joules by being active during the execution of the simulation
processor 7:6:4 used 0.0 Joules by being active during the execution of the simulation
processor 7:6:5 used 0.0 Joules by being active during the execution of the simulation
processor 7:6:6 used 0.0 Joules by being active during the execution of the simulation
processor 7:6:7 used 0.0 Joules by being active during the execution of the simulation
processor 7:6:8 used 0.0 Joules by being active during the execution of the simulation
processor 7:6:9 used 0.0 Joules by being active during the execution of the simulation
processor 7:6:10 used 0.000734933333333307 Joules by being active during the execution of the simulation
processor 7:6:11 used 0.0 Joules by being active during the execution of the simulation
processor 7:6:12 used 0.0 Joules by being active during the execution of the simulation
processor 7:6:13 used 0.0 Joules by being active during the execution of the simulation
processor 7:6:14 used 0.0 Joules by being active during the execution of the simulation
processor 7:6:15 used 0.0 Joules by being active during the execution of the simulation
processor 7:6:16 used 0.0 Joules by being active during the execution of the simulation
processor 7:6:17 used 0.0 Joules by being active during the execution of the simulation
The chip at 7,6 used 1.08 Joules by being idle during the execution of the simulation

processor 7:7:0 used 0.1066666666666606 Joules by being active during the execution of the simulation
processor 7:7:1 (running ChipPowerMonitor on 7, 7) used 0.0 Joules by being active during the execution of the simulation
processor 7:7:2 used 0.0 Joules by being active during the execution of the simulation
processor 7:7:3 used 0.0 Joules by being active during the execution of the simulation
processor 7:7:4 used 0.0 Joules by being active during the execution of the simulation
processor 7:7:5 used 0.0 Joules by being active during the execution of the simulation
processor 7:7:6 used 0.0 Joules by being active during the execution of the simulation
processor 7:7:7 used 0.0 Joules by being active during the execution of the simulation
processor 7:7:8 used 0.0 Joules by being active during the execution of the simulation
processor 7:7:9 used 0.0 Joules by being active during the execution of the simulation
processor 7:7:10 used 0.0007331555555555286 Joules by being active during the execution of the simulation
processor 7:7:11 used 0.0 Joules by being active during the execution of the simulation
processor 7:7:12 used 0.0 Joules by being active during the execution of the simulation
processor 7:7:13 used 0.0 Joules by being active during the execution of the simulation
processor 7:7:14 used 0.0 Joules by being active during the execution of the simulation
processor 7:7:15 used 0.0 Joules by being active during the execution of the simulation
processor 7:7:16 used 0.0 Joules by being active during the execution of the simulation
processor 7:7:17 used 0.0 Joules by being active during the execution of the simulation
The chip at 7,7 used 1.08 Joules by being idle during the execution of the simulation
