This report is based off energy estimates for individual components of the SpiNNaker machine. It is not meant to be completely accurate. But does use provenance data gathered from the machine to estimate the energy usage and therefore should be in the right ballpark.


The energy components we use are as follows:

The energy usage for a chip when all cores are 100% active for a millisecond is 0.0006399999999999999 Joules.
The energy usage for a chip when all cores are not active for a millisecond is 0.00036 Joules.
The energy used by the machine for firing a packet is 8e-10 Joules.
The energy used by each active FPGA per millisecond is 0.000584635 Joules.


The packet cost is 0.016086510400000024 Joules
0 FPGAs on the Spalloc-ed boards are turned on and therefore the energy used by the FPGA during the entire time the machine was booted (which was 74582.338 ms) is 0.0 Joules. The usage during execution was 0.0 Joules.The amount of time used during the loading process is 25543.821000000004 milliseconds.
Assumed only 2 monitor cores is executing that this point. We also assume that there is a baseline active router/cooling component that is using 3947.211601373458 Joules. Overall the energy usage is 4359.753670986792 Joules.
The amount of time used during the data extraction process is 2408.475 milliseconds.
Assumed only 2 monitor cores is executing at this point. We also assume that there is a baseline active router/cooling component that is using 371.29907535405 Joules. Hence the overall energy usage is 1794.7671871987147 Joules.

processor 0:0:0 used 0.07111111111110803 Joules by being active during the execution of the simulation
processor 0:0:1 (running ChipPowerMonitor on 0, 0) used 0.0 Joules by being active during the execution of the simulation
processor 0:0:2 used 0.0005102222222222231 Joules by being active during the execution of the simulation
processor 0:0:3 used 0.0 Joules by being active during the execution of the simulation
processor 0:0:4 used 0.003020444444444385 Joules by being active during the execution of the simulation
processor 0:0:5 used 0.0030183111111110536 Joules by being active during the execution of the simulation
processor 0:0:6 used 0.0030442666666666046 Joules by being active during the execution of the simulation
processor 0:0:7 used 0.003063466666666601 Joules by being active during the execution of the simulation
processor 0:0:8 used 0.002999466666666607 Joules by being active during the execution of the simulation
processor 0:0:9 used 0.003053155555555488 Joules by being active during the execution of the simulation
processor 0:0:10 used 0.0030126222222221634 Joules by being active during the execution of the simulation
processor 0:0:11 used 0.0030620444444443813 Joules by being active during the execution of the simulation
processor 0:0:12 used 0.0030001777777777187 Joules by being active during the execution of the simulation
processor 0:0:13 used 0.0029998222222221657 Joules by being active during the execution of the simulation
processor 0:0:14 used 0.0030407111111110494 Joules by being active during the execution of the simulation
processor 0:0:15 used 0.0030314666666666056 Joules by being active during the execution of the simulation
processor 0:0:16 used 0.0030599111111110507 Joules by being active during the execution of the simulation
processor 0:0:17 used 0.0030264888888888292 Joules by being active during the execution of the simulation
The chip at 0,0 used 0.7200000000000001 Joules by being idle during the execution of the simulation

processor 0:1:0 used 0.07111111111110803 Joules by being active during the execution of the simulation
processor 0:1:1 (running ChipPowerMonitor on 0, 1) used 0.0 Joules by being active during the execution of the simulation
processor 0:1:2 used 0.00300906666666661 Joules by being active during the execution of the simulation
processor 0:1:3 used 0.0030247111111110507 Joules by being active during the execution of the simulation
processor 0:1:4 used 0.0030389333333332752 Joules by being active during the execution of the simulation
processor 0:1:5 used 0.003032888888888827 Joules by being active during the execution of the simulation
processor 0:1:6 used 0.003033244444444385 Joules by being active during the execution of the simulation
processor 0:1:7 used 0.002964266666666614 Joules by being active during the execution of the simulation
processor 0:1:8 used 0.0030168888888888277 Joules by being active during the execution of the simulation
processor 0:1:9 used 0.003022933333333273 Joules by being active during the execution of the simulation
processor 0:1:10 used 0.0005038222222222236 Joules by being active during the execution of the simulation
processor 0:1:11 used 0.002984533333333277 Joules by being active during the execution of the simulation
processor 0:1:12 used 0.003027555555555498 Joules by being active during the execution of the simulation
processor 0:1:13 used 0.003001244444444391 Joules by being active during the execution of the simulation
processor 0:1:14 used 0.0030193777777777196 Joules by being active during the execution of the simulation
processor 0:1:15 used 0.003020444444444383 Joules by being active during the execution of the simulation
processor 0:1:16 used 0.0030261333333332727 Joules by being active during the execution of the simulation
processor 0:1:17 used 0.0029898666666666094 Joules by being active during the execution of the simulation
The chip at 0,1 used 0.7200000000000001 Joules by being idle during the execution of the simulation

processor 0:2:0 used 0.07111111111110803 Joules by being active during the execution of the simulation
processor 0:2:1 (running ChipPowerMonitor on 0, 2) used 0.0 Joules by being active during the execution of the simulation
processor 0:2:2 used 0.0030047999999999464 Joules by being active during the execution of the simulation
processor 0:2:3 used 0.002996977777777723 Joules by being active during the execution of the simulation
processor 0:2:4 used 0.0030133333333332824 Joules by being active during the execution of the simulation
processor 0:2:5 used 0.00301724444444439 Joules by being active during the execution of the simulation
processor 0:2:6 used 0.002996977777777727 Joules by being active during the execution of the simulation
processor 0:2:7 used 0.003008711111111056 Joules by being active during the execution of the simulation
processor 0:2:8 used 0.003030755555555496 Joules by being active during the execution of the simulation
processor 0:2:9 used 0.002972444444444393 Joules by being active during the execution of the simulation
processor 0:2:10 used 0.0005095111111111117 Joules by being active during the execution of the simulation
processor 0:2:11 used 0.0030001777777777265 Joules by being active during the execution of the simulation
processor 0:2:12 used 0.0030453333333332728 Joules by being active during the execution of the simulation
processor 0:2:13 used 0.0029788444444443962 Joules by being active during the execution of the simulation
processor 0:2:14 used 0.003034666666666609 Joules by being active during the execution of the simulation
processor 0:2:15 used 0.0029763555555555035 Joules by being active during the execution of the simulation
processor 0:2:16 used 0.0030147555555555014 Joules by being active during the execution of the simulation
processor 0:2:17 used 0.003017244444444389 Joules by being active during the execution of the simulation
The chip at 0,2 used 0.7200000000000001 Joules by being idle during the execution of the simulation

processor 0:3:0 used 0.07111111111110803 Joules by being active during the execution of the simulation
processor 0:3:1 (running ChipPowerMonitor on 0, 3) used 0.0 Joules by being active during the execution of the simulation
processor 0:3:2 used 0.0 Joules by being active during the execution of the simulation
processor 0:3:3 used 0.0 Joules by being active during the execution of the simulation
processor 0:3:4 used 0.0 Joules by being active during the execution of the simulation
processor 0:3:5 used 0.0 Joules by being active during the execution of the simulation
processor 0:3:6 used 0.0 Joules by being active during the execution of the simulation
processor 0:3:7 used 0.0 Joules by being active during the execution of the simulation
processor 0:3:8 used 0.0 Joules by being active during the execution of the simulation
processor 0:3:9 used 0.0 Joules by being active during the execution of the simulation
processor 0:3:10 used 0.0004924444444444473 Joules by being active during the execution of the simulation
processor 0:3:11 used 0.0 Joules by being active during the execution of the simulation
processor 0:3:12 used 0.0 Joules by being active during the execution of the simulation
processor 0:3:13 used 0.0 Joules by being active during the execution of the simulation
processor 0:3:14 used 0.0 Joules by being active during the execution of the simulation
processor 0:3:15 used 0.0 Joules by being active during the execution of the simulation
processor 0:3:16 used 0.0 Joules by being active during the execution of the simulation
processor 0:3:17 used 0.0 Joules by being active during the execution of the simulation
The chip at 0,3 used 0.7200000000000001 Joules by being idle during the execution of the simulation

processor 1:0:0 used 0.07111111111110803 Joules by being active during the execution of the simulation
processor 1:0:1 (running ChipPowerMonitor on 1, 0) used 0.0 Joules by being active during the execution of the simulation
processor 1:0:2 used 0.003004444444444391 Joules by being active during the execution of the simulation
processor 1:0:3 used 0.0030044444444443878 Joules by being active during the execution of the simulation
processor 1:0:4 used 0.003012622222222166 Joules by being active during the execution of the simulation
processor 1:0:5 used 0.003013333333333272 Joules by being active during the execution of the simulation
processor 1:0:6 used 0.003031111111111053 Joules by being active during the execution of the simulation
processor 1:0:7 used 0.003019022222222162 Joules by being active during the execution of the simulation
processor 1:0:8 used 0.0030339555555554975 Joules by being active during the execution of the simulation
processor 1:0:9 used 0.0030161777777777195 Joules by being active during the execution of the simulation
processor 1:0:10 used 0.0005034666666666682 Joules by being active during the execution of the simulation
processor 1:0:11 used 0.0030051555555555016 Joules by being active during the execution of the simulation
processor 1:0:12 used 0.0030382222222221657 Joules by being active during the execution of the simulation
processor 1:0:13 used 0.003024711111111051 Joules by being active during the execution of the simulation
processor 1:0:14 used 0.0030072888888888322 Joules by being active during the execution of the simulation
processor 1:0:15 used 0.0030378666666666058 Joules by being active during the execution of the simulation
processor 1:0:16 used 0.0030229333333332766 Joules by being active during the execution of the simulation
processor 1:0:17 used 0.0030271999999999404 Joules by being active during the execution of the simulation
The chip at 1,0 used 0.7200000000000001 Joules by being idle during the execution of the simulation

processor 1:1:0 used 0.07111111111110803 Joules by being active during the execution of the simulation
processor 1:1:1 (running ChipPowerMonitor on 1, 1) used 0.0 Joules by being active during the execution of the simulation
processor 1:1:2 used 0.0 Joules by being active during the execution of the simulation
processor 1:1:3 used 0.003021511111111056 Joules by being active during the execution of the simulation
processor 1:1:4 used 0.003009777777777717 Joules by being active during the execution of the simulation
processor 1:1:5 used 0.0030200888888888312 Joules by being active during the execution of the simulation
processor 1:1:6 used 0.0030254222222221637 Joules by being active during the execution of the simulation
processor 1:1:7 used 0.0030289777777777194 Joules by being active during the execution of the simulation
processor 1:1:8 used 0.003013333333333275 Joules by being active during the execution of the simulation
processor 1:1:9 used 0.003030399999999936 Joules by being active during the execution of the simulation
processor 1:1:10 used 0.0030165333333332764 Joules by being active during the execution of the simulation
processor 1:1:11 used 0.0030396444444443856 Joules by being active during the execution of the simulation
processor 1:1:12 used 0.0030133333333332785 Joules by being active during the execution of the simulation
processor 1:1:13 used 0.003001244444444389 Joules by being active during the execution of the simulation
processor 1:1:14 used 0.003037155555555495 Joules by being active during the execution of the simulation
processor 1:1:15 used 0.0005080888888888899 Joules by being active during the execution of the simulation
processor 1:1:16 used 0.003026488888888825 Joules by being active during the execution of the simulation
processor 1:1:17 used 0.0030510222222221587 Joules by being active during the execution of the simulation
The chip at 1,1 used 0.7200000000000001 Joules by being idle during the execution of the simulation

processor 1:2:0 used 0.07111111111110803 Joules by being active during the execution of the simulation
processor 1:2:1 (running ChipPowerMonitor on 1, 2) used 0.0 Joules by being active during the execution of the simulation
processor 1:2:2 used 0.003000177777777727 Joules by being active during the execution of the simulation
processor 1:2:3 used 0.003017599999999948 Joules by being active during the execution of the simulation
processor 1:2:4 used 0.0030019555555555032 Joules by being active during the execution of the simulation
processor 1:2:5 used 0.002976355555555502 Joules by being active during the execution of the simulation
processor 1:2:6 used 0.002994844444444393 Joules by being active during the execution of the simulation
processor 1:2:7 used 0.002994844444444393 Joules by being active during the execution of the simulation
processor 1:2:8 used 0.0029966222222221704 Joules by being active during the execution of the simulation
processor 1:2:9 used 0.0029991111111110583 Joules by being active during the execution of the simulation
processor 1:2:10 used 0.0005120000000000005 Joules by being active during the execution of the simulation
processor 1:2:11 used 0.002985244444444395 Joules by being active during the execution of the simulation
processor 1:2:12 used 0.002997333333333281 Joules by being active during the execution of the simulation
processor 1:2:13 used 0.0030158222222221682 Joules by being active during the execution of the simulation
processor 1:2:14 used 0.00303431111111105 Joules by being active during the execution of the simulation
processor 1:2:15 used 0.0030023111111110584 Joules by being active during the execution of the simulation
processor 1:2:16 used 0.0030119111111110565 Joules by being active during the execution of the simulation
processor 1:2:17 used 0.0029909333333332836 Joules by being active during the execution of the simulation
The chip at 1,2 used 0.7200000000000001 Joules by being idle during the execution of the simulation

processor 1:3:0 used 0.07111111111110803 Joules by being active during the execution of the simulation
processor 1:3:1 (running ChipPowerMonitor on 1, 3) used 0.0 Joules by being active during the execution of the simulation
processor 1:3:2 used 0.0029980444444443937 Joules by being active during the execution of the simulation
processor 1:3:3 used 0.0030595555555555003 Joules by being active during the execution of the simulation
processor 1:3:4 used 0.003000533333333281 Joules by being active during the execution of the simulation
processor 1:3:5 used 0.0030279111111110543 Joules by being active during the execution of the simulation
processor 1:3:6 used 0.0004981333333333354 Joules by being active during the execution of the simulation
processor 1:3:7 used 0.003026133333333276 Joules by being active during the execution of the simulation
processor 1:3:8 used 0.0030510222222221617 Joules by being active during the execution of the simulation
processor 1:3:9 used 0.0030204444444443886 Joules by being active during the execution of the simulation
processor 1:3:10 used 0.0 Joules by being active during the execution of the simulation
processor 1:3:11 used 0.0030129777777777207 Joules by being active during the execution of the simulation
processor 1:3:12 used 0.0030638222222221633 Joules by being active during the execution of the simulation
processor 1:3:13 used 0.0029973333333332824 Joules by being active during the execution of the simulation
processor 1:3:14 used 0.0 Joules by being active during the execution of the simulation
processor 1:3:15 used 0.0030040888888888347 Joules by being active during the execution of the simulation
processor 1:3:16 used 0.0029916444444443952 Joules by being active during the execution of the simulation
processor 1:3:17 used 0.003004799999999946 Joules by being active during the execution of the simulation
The chip at 1,3 used 0.7200000000000001 Joules by being idle during the execution of the simulation

processor 1:4:0 used 0.07111111111110803 Joules by being active during the execution of the simulation
processor 1:4:1 (running ChipPowerMonitor on 1, 4) used 0.0 Joules by being active during the execution of the simulation
processor 1:4:2 used 0.0 Joules by being active during the execution of the simulation
processor 1:4:3 used 0.0 Joules by being active during the execution of the simulation
processor 1:4:4 used 0.0 Joules by being active during the execution of the simulation
processor 1:4:5 used 0.0 Joules by being active during the execution of the simulation
processor 1:4:6 used 0.0 Joules by being active during the execution of the simulation
processor 1:4:7 used 0.0 Joules by being active during the execution of the simulation
processor 1:4:8 used 0.0 Joules by being active during the execution of the simulation
processor 1:4:9 used 0.0 Joules by being active during the execution of the simulation
processor 1:4:10 used 0.000497066666666669 Joules by being active during the execution of the simulation
processor 1:4:11 used 0.0 Joules by being active during the execution of the simulation
processor 1:4:12 used 0.0 Joules by being active during the execution of the simulation
processor 1:4:13 used 0.0 Joules by being active during the execution of the simulation
processor 1:4:14 used 0.0 Joules by being active during the execution of the simulation
processor 1:4:15 used 0.0 Joules by being active during the execution of the simulation
processor 1:4:16 used 0.0 Joules by being active during the execution of the simulation
processor 1:4:17 used 0.0 Joules by being active during the execution of the simulation
The chip at 1,4 used 0.7200000000000001 Joules by being idle during the execution of the simulation

processor 2:0:0 used 0.07111111111110803 Joules by being active during the execution of the simulation
processor 2:0:1 (running ChipPowerMonitor on 2, 0) used 0.03555199999999991 Joules by being active during the execution of the simulation
processor 2:0:2 used 0.0030026666666666106 Joules by being active during the execution of the simulation
processor 2:0:3 used 0.0030229333333332753 Joules by being active during the execution of the simulation
processor 2:0:4 used 0.0030307555555554987 Joules by being active during the execution of the simulation
processor 2:0:5 used 0.0030325333333332733 Joules by being active during the execution of the simulation
processor 2:0:6 used 0.003051022222222164 Joules by being active during the execution of the simulation
processor 2:0:7 used 0.003031466666666613 Joules by being active during the execution of the simulation
processor 2:0:8 used 0.0030111999999999435 Joules by being active during the execution of the simulation
processor 2:0:9 used 0.0030111999999999427 Joules by being active during the execution of the simulation
processor 2:0:10 used 0.0005063111111111122 Joules by being active during the execution of the simulation
processor 2:0:11 used 0.003030044444444387 Joules by being active during the execution of the simulation
processor 2:0:12 used 0.003017599999999941 Joules by being active during the execution of the simulation
processor 2:0:13 used 0.0030143999999999453 Joules by being active during the execution of the simulation
processor 2:0:14 used 0.0030047999999999447 Joules by being active during the execution of the simulation
processor 2:0:15 used 0.003005155555555498 Joules by being active during the execution of the simulation
processor 2:0:16 used 0.0029987555555554975 Joules by being active during the execution of the simulation
processor 2:0:17 used 0.0030129777777777272 Joules by being active during the execution of the simulation
The chip at 2,0 used 0.7200000000000001 Joules by being idle during the execution of the simulation

processor 2:1:0 used 0.07111111111110803 Joules by being active during the execution of the simulation
processor 2:1:1 (running ChipPowerMonitor on 2, 1) used 6.044444444444445e-06 Joules by being active during the execution of the simulation
processor 2:1:2 used 0.0029909333333332797 Joules by being active during the execution of the simulation
processor 2:1:3 used 0.003021866666666613 Joules by being active during the execution of the simulation
processor 2:1:4 used 0.002980266666666618 Joules by being active during the execution of the simulation
processor 2:1:5 used 0.00299093333333328 Joules by being active during the execution of the simulation
processor 2:1:6 used 0.002974222222222172 Joules by being active during the execution of the simulation
processor 2:1:7 used 0.0029674666666666127 Joules by being active during the execution of the simulation
processor 2:1:8 used 0.0029980444444443924 Joules by being active during the execution of the simulation
processor 2:1:9 used 0.0030417777777777214 Joules by being active during the execution of the simulation
processor 2:1:10 used 0.0005045333333333345 Joules by being active during the execution of the simulation
processor 2:1:11 used 0.0030524444444443837 Joules by being active during the execution of the simulation
processor 2:1:12 used 0.0029834666666666123 Joules by being active during the execution of the simulation
processor 2:1:13 used 0.0029912888888888353 Joules by being active during the execution of the simulation
processor 2:1:14 used 0.0029838222222221696 Joules by being active during the execution of the simulation
processor 2:1:15 used 0.002968888888888841 Joules by being active during the execution of the simulation
processor 2:1:16 used 0.0030239999999999443 Joules by being active during the execution of the simulation
processor 2:1:17 used 0.0030197333333332787 Joules by being active during the execution of the simulation
The chip at 2,1 used 0.7200000000000001 Joules by being idle during the execution of the simulation

processor 2:2:0 used 0.07111111111110803 Joules by being active during the execution of the simulation
processor 2:2:1 (running ChipPowerMonitor on 2, 2) used 0.03555484444444436 Joules by being active during the execution of the simulation
processor 2:2:2 used 0.0030271999999999448 Joules by being active during the execution of the simulation
processor 2:2:3 used 0.0030143999999999475 Joules by being active during the execution of the simulation
processor 2:2:4 used 0.002973866666666617 Joules by being active during the execution of the simulation
processor 2:2:5 used 0.0029912888888888353 Joules by being active during the execution of the simulation
processor 2:2:6 used 0.003008355555555502 Joules by being active during the execution of the simulation
processor 2:2:7 used 0.0029759999999999487 Joules by being active during the execution of the simulation
processor 2:2:8 used 0.002973155555555501 Joules by being active during the execution of the simulation
processor 2:2:9 used 0.0030030222222221688 Joules by being active during the execution of the simulation
processor 2:2:10 used 0.0005024000000000017 Joules by being active during the execution of the simulation
processor 2:2:11 used 0.0029727999999999513 Joules by being active during the execution of the simulation
processor 2:2:12 used 0.002978844444444391 Joules by being active during the execution of the simulation
processor 2:2:13 used 0.002996266666666611 Joules by being active during the execution of the simulation
processor 2:2:14 used 0.003011911111111053 Joules by being active during the execution of the simulation
processor 2:2:15 used 0.0029692444444443904 Joules by being active during the execution of the simulation
processor 2:2:16 used 0.0029905777777777228 Joules by being active during the execution of the simulation
processor 2:2:17 used 0.0030232888888888326 Joules by being active during the execution of the simulation
The chip at 2,2 used 0.7200000000000001 Joules by being idle during the execution of the simulation

processor 2:3:0 used 0.07111111111110803 Joules by being active during the execution of the simulation
processor 2:3:1 (running ChipPowerMonitor on 2, 3) used 0.03555484444444436 Joules by being active during the execution of the simulation
processor 2:3:2 used 0.0029998222222221687 Joules by being active during the execution of the simulation
processor 2:3:3 used 0.0030414222222221667 Joules by being active during the execution of the simulation
processor 2:3:4 used 0.002993422222222169 Joules by being active during the execution of the simulation
processor 2:3:5 used 0.003012977777777723 Joules by being active during the execution of the simulation
processor 2:3:6 used 0.0030183111111110575 Joules by being active during the execution of the simulation
processor 2:3:7 used 0.003018311111111054 Joules by being active during the execution of the simulation
processor 2:3:8 used 0.0030271999999999482 Joules by being active during the execution of the simulation
processor 2:3:9 used 0.0030414222222221606 Joules by being active during the execution of the simulation
processor 2:3:10 used 0.0005077333333333343 Joules by being active during the execution of the simulation
processor 2:3:11 used 0.003007644444444388 Joules by being active during the execution of the simulation
processor 2:3:12 used 0.0029955555555555013 Joules by being active during the execution of the simulation
processor 2:3:13 used 0.003033955555555497 Joules by being active during the execution of the simulation
processor 2:3:14 used 0.003010133333333283 Joules by being active during the execution of the simulation
processor 2:3:15 used 0.0030247111111110572 Joules by being active during the execution of the simulation
processor 2:3:16 used 0.003027911111111055 Joules by being active during the execution of the simulation
processor 2:3:17 used 0.0029987555555555058 Joules by being active during the execution of the simulation
The chip at 2,3 used 0.7200000000000001 Joules by being idle during the execution of the simulation

processor 2:4:0 used 0.07111111111110803 Joules by being active during the execution of the simulation
processor 2:4:1 (running ChipPowerMonitor on 2, 4) used 0.0 Joules by being active during the execution of the simulation
processor 2:4:2 used 0.0030129777777777225 Joules by being active during the execution of the simulation
processor 2:4:3 used 0.003008711111111059 Joules by being active during the execution of the simulation
processor 2:4:4 used 0.002969955555555502 Joules by being active during the execution of the simulation
processor 2:4:5 used 0.002998399999999948 Joules by being active during the execution of the simulation
processor 2:4:6 used 0.002984533333333285 Joules by being active during the execution of the simulation
processor 2:4:7 used 0.0030243555555554994 Joules by being active during the execution of the simulation
processor 2:4:8 used 0.0030079999999999456 Joules by being active during the execution of the simulation
processor 2:4:9 used 0.002982755555555506 Joules by being active during the execution of the simulation
processor 2:4:10 used 0.0005095111111111121 Joules by being active during the execution of the simulation
processor 2:4:11 used 0.003004799999999947 Joules by being active during the execution of the simulation
processor 2:4:12 used 0.003016177777777724 Joules by being active during the execution of the simulation
processor 2:4:13 used 0.003018311111111057 Joules by being active during the execution of the simulation
processor 2:4:14 used 0.0029909333333332836 Joules by being active during the execution of the simulation
processor 2:4:15 used 0.003016533333333281 Joules by being active during the execution of the simulation
processor 2:4:16 used 0.0030087111111110607 Joules by being active during the execution of the simulation
processor 2:4:17 used 0.002975999999999949 Joules by being active during the execution of the simulation
The chip at 2,4 used 0.7200000000000001 Joules by being idle during the execution of the simulation

processor 2:5:0 used 0.07111111111110803 Joules by being active during the execution of the simulation
processor 2:5:1 (running ChipPowerMonitor on 2, 5) used 0.0 Joules by being active during the execution of the simulation
processor 2:5:2 used 0.0 Joules by being active during the execution of the simulation
processor 2:5:3 used 0.0 Joules by being active during the execution of the simulation
processor 2:5:4 used 0.0 Joules by being active during the execution of the simulation
processor 2:5:5 used 0.0 Joules by being active during the execution of the simulation
processor 2:5:6 used 0.0 Joules by being active during the execution of the simulation
processor 2:5:7 used 0.0 Joules by being active during the execution of the simulation
processor 2:5:8 used 0.0 Joules by being active during the execution of the simulation
processor 2:5:9 used 0.0 Joules by being active during the execution of the simulation
processor 2:5:10 used 0.00048817777777778105 Joules by being active during the execution of the simulation
processor 2:5:11 used 0.0 Joules by being active during the execution of the simulation
processor 2:5:12 used 0.0 Joules by being active during the execution of the simulation
processor 2:5:13 used 0.0 Joules by being active during the execution of the simulation
processor 2:5:14 used 0.0 Joules by being active during the execution of the simulation
processor 2:5:15 used 0.0 Joules by being active during the execution of the simulation
processor 2:5:16 used 0.0 Joules by being active during the execution of the simulation
processor 2:5:17 used 0.0 Joules by being active during the execution of the simulation
The chip at 2,5 used 0.7200000000000001 Joules by being idle during the execution of the simulation

processor 3:0:0 used 0.07111111111110803 Joules by being active during the execution of the simulation
processor 3:0:1 (running ChipPowerMonitor on 3, 0) used 0.035555911111111026 Joules by being active during the execution of the simulation
processor 3:0:2 used 0.003035377777777723 Joules by being active during the execution of the simulation
processor 3:0:3 used 0.003044266666666609 Joules by being active during the execution of the simulation
processor 3:0:4 used 0.003011199999999946 Joules by being active during the execution of the simulation
processor 3:0:5 used 0.0030161777777777195 Joules by being active during the execution of the simulation
processor 3:0:6 used 0.0030268444444443874 Joules by being active during the execution of the simulation
processor 3:0:7 used 0.0030140444444443884 Joules by being active during the execution of the simulation
processor 3:0:8 used 0.003035733333333273 Joules by being active during the execution of the simulation
processor 3:0:9 used 0.0030531555555554967 Joules by being active during the execution of the simulation
processor 3:0:10 used 0.0005091555555555565 Joules by being active during the execution of the simulation
processor 3:0:11 used 0.0030410666666666067 Joules by being active during the execution of the simulation
processor 3:0:12 used 0.0030076444444443913 Joules by being active during the execution of the simulation
processor 3:0:13 used 0.0030264888888888314 Joules by being active during the execution of the simulation
processor 3:0:14 used 0.0030069333333332775 Joules by being active during the execution of the simulation
processor 3:0:15 used 0.0030030222222221666 Joules by being active during the execution of the simulation
processor 3:0:16 used 0.003016888888888833 Joules by being active during the execution of the simulation
processor 3:0:17 used 0.003015111111111059 Joules by being active during the execution of the simulation
The chip at 3,0 used 0.7200000000000001 Joules by being idle during the execution of the simulation

processor 3:1:0 used 0.07111111111110803 Joules by being active during the execution of the simulation
processor 3:1:1 (running ChipPowerMonitor on 3, 1) used 0.0 Joules by being active during the execution of the simulation
processor 3:1:2 used 0.002986666666666613 Joules by being active during the execution of the simulation
processor 3:1:3 used 0.0030186666666666057 Joules by being active during the execution of the simulation
processor 3:1:4 used 0.0 Joules by being active during the execution of the simulation
processor 3:1:5 used 0.0029998222222221652 Joules by being active during the execution of the simulation
processor 3:1:6 used 0.0030055111111110524 Joules by being active during the execution of the simulation
processor 3:1:7 used 0.003035022222222166 Joules by being active during the execution of the simulation
processor 3:1:8 used 0.0030513777777777177 Joules by being active during the execution of the simulation
processor 3:1:9 used 0.00300728888888883 Joules by being active during the execution of the simulation
processor 3:1:10 used 0.0005045333333333345 Joules by being active during the execution of the simulation
processor 3:1:11 used 0.003036444444444385 Joules by being active during the execution of the simulation
processor 3:1:12 used 0.0030037333333332783 Joules by being active during the execution of the simulation
processor 3:1:13 used 0.0030403555555554946 Joules by being active during the execution of the simulation
processor 3:1:14 used 0.0030129777777777172 Joules by being active during the execution of the simulation
processor 3:1:15 used 0.003020799999999938 Joules by being active during the execution of the simulation
processor 3:1:16 used 0.0030111999999999435 Joules by being active during the execution of the simulation
processor 3:1:17 used 0.0030382222222221627 Joules by being active during the execution of the simulation
The chip at 3,1 used 0.7200000000000001 Joules by being idle during the execution of the simulation

processor 3:2:0 used 0.07111111111110803 Joules by being active during the execution of the simulation
processor 3:2:1 (running ChipPowerMonitor on 3, 2) used 0.0 Joules by being active during the execution of the simulation
processor 3:2:2 used 0.0030303999999999405 Joules by being active during the execution of the simulation
processor 3:2:3 used 0.0030218666666666097 Joules by being active during the execution of the simulation
processor 3:2:4 used 0.00301866666666661 Joules by being active during the execution of the simulation
processor 3:2:5 used 0.003017244444444389 Joules by being active during the execution of the simulation
processor 3:2:6 used 0.002988444444444388 Joules by being active during the execution of the simulation
processor 3:2:7 used 0.0029791999999999436 Joules by being active during the execution of the simulation
processor 3:2:8 used 0.0029973333333332807 Joules by being active during the execution of the simulation
processor 3:2:9 used 0.0030154666666666087 Joules by being active during the execution of the simulation
processor 3:2:10 used 0.0005102222222222231 Joules by being active during the execution of the simulation
processor 3:2:11 used 0.00304391111111105 Joules by being active during the execution of the simulation
processor 3:2:12 used 0.00300871111111105 Joules by being active during the execution of the simulation
processor 3:2:13 used 0.0030293333333332698 Joules by being active during the execution of the simulation
processor 3:2:14 used 0.00301368888888883 Joules by being active during the execution of the simulation
processor 3:2:15 used 0.0030047999999999395 Joules by being active during the execution of the simulation
processor 3:2:16 used 0.0030008888888888364 Joules by being active during the execution of the simulation
processor 3:2:17 used 0.00303111111111105 Joules by being active during the execution of the simulation
The chip at 3,2 used 0.7200000000000001 Joules by being idle during the execution of the simulation

processor 3:3:0 used 0.07111111111110803 Joules by being active during the execution of the simulation
processor 3:3:1 (running ChipPowerMonitor on 3, 3) used 0.03555484444444436 Joules by being active during the execution of the simulation
processor 3:3:2 used 0.0030015999999999476 Joules by being active during the execution of the simulation
processor 3:3:3 used 0.0030524444444443885 Joules by being active during the execution of the simulation
processor 3:3:4 used 0.0030186666666666105 Joules by being active during the execution of the simulation
processor 3:3:5 used 0.0030222222222221645 Joules by being active during the execution of the simulation
processor 3:3:6 used 0.0030104888888888323 Joules by being active during the execution of the simulation
processor 3:3:7 used 0.003012622222222164 Joules by being active during the execution of the simulation
processor 3:3:8 used 0.002999111111111054 Joules by being active during the execution of the simulation
processor 3:3:9 used 0.003037866666666609 Joules by being active during the execution of the simulation
processor 3:3:10 used 0.0030126222222221647 Joules by being active during the execution of the simulation
processor 3:3:11 used 0.0005048888888888901 Joules by being active during the execution of the simulation
processor 3:3:12 used 0.003014044444444388 Joules by being active during the execution of the simulation
processor 3:3:13 used 0.0030531555555554945 Joules by being active during the execution of the simulation
processor 3:3:14 used 0.0029845333333332813 Joules by being active during the execution of the simulation
processor 3:3:15 used 0.0 Joules by being active during the execution of the simulation
processor 3:3:16 used 0.003034666666666609 Joules by being active during the execution of the simulation
processor 3:3:17 used 0.003008355555555496 Joules by being active during the execution of the simulation
The chip at 3,3 used 0.7200000000000001 Joules by being idle during the execution of the simulation

processor 3:4:0 used 0.07111111111110803 Joules by being active during the execution of the simulation
processor 3:4:1 (running ChipPowerMonitor on 3, 4) used 0.0 Joules by being active during the execution of the simulation
processor 3:4:2 used 0.0030044444444443912 Joules by being active during the execution of the simulation
processor 3:4:3 used 0.0030129777777777233 Joules by being active during the execution of the simulation
processor 3:4:4 used 0.0029937777777777216 Joules by being active during the execution of the simulation
processor 3:4:5 used 0.003020444444444393 Joules by being active during the execution of the simulation
processor 3:4:6 used 0.0029752888888888384 Joules by being active during the execution of the simulation
processor 3:4:7 used 0.003016533333333282 Joules by being active during the execution of the simulation
processor 3:4:8 used 0.0029692444444443943 Joules by being active during the execution of the simulation
processor 3:4:9 used 0.0030026666666666145 Joules by being active during the execution of the simulation
processor 3:4:10 used 0.0005120000000000002 Joules by being active during the execution of the simulation
processor 3:4:11 used 0.003010133333333277 Joules by being active during the execution of the simulation
processor 3:4:12 used 0.0030158222222221682 Joules by being active during the execution of the simulation
processor 3:4:13 used 0.0030008888888888373 Joules by being active during the execution of the simulation
processor 3:4:14 used 0.0030154666666666096 Joules by being active during the execution of the simulation
processor 3:4:15 used 0.002994133333333282 Joules by being active during the execution of the simulation
processor 3:4:16 used 0.0030332444444443854 Joules by being active during the execution of the simulation
processor 3:4:17 used 0.0029873777777777266 Joules by being active during the execution of the simulation
The chip at 3,4 used 0.7200000000000001 Joules by being idle during the execution of the simulation

processor 3:5:0 used 0.07111111111110803 Joules by being active during the execution of the simulation
processor 3:5:1 (running ChipPowerMonitor on 3, 5) used 0.0 Joules by being active during the execution of the simulation
processor 3:5:2 used 0.0 Joules by being active during the execution of the simulation
processor 3:5:3 used 0.0 Joules by being active during the execution of the simulation
processor 3:5:4 used 0.0 Joules by being active during the execution of the simulation
processor 3:5:5 used 0.0 Joules by being active during the execution of the simulation
processor 3:5:6 used 0.0 Joules by being active during the execution of the simulation
processor 3:5:7 used 0.0 Joules by being active during the execution of the simulation
processor 3:5:8 used 0.0 Joules by being active during the execution of the simulation
processor 3:5:9 used 0.0 Joules by being active during the execution of the simulation
processor 3:5:10 used 0.0 Joules by being active during the execution of the simulation
processor 3:5:11 used 0.0 Joules by being active during the execution of the simulation
processor 3:5:12 used 0.0 Joules by being active during the execution of the simulation
processor 3:5:13 used 0.0 Joules by being active during the execution of the simulation
processor 3:5:14 used 0.0 Joules by being active during the execution of the simulation
processor 3:5:15 used 0.000484977777777781 Joules by being active during the execution of the simulation
processor 3:5:16 used 0.0 Joules by being active during the execution of the simulation
processor 3:5:17 used 0.0 Joules by being active during the execution of the simulation
The chip at 3,5 used 0.7200000000000001 Joules by being idle during the execution of the simulation

processor 3:6:0 used 0.07111111111110803 Joules by being active during the execution of the simulation
processor 3:6:1 (running ChipPowerMonitor on 3, 6) used 0.0 Joules by being active during the execution of the simulation
processor 3:6:2 used 0.0 Joules by being active during the execution of the simulation
processor 3:6:3 used 0.0 Joules by being active during the execution of the simulation
processor 3:6:4 used 0.0 Joules by being active during the execution of the simulation
processor 3:6:5 used 0.0 Joules by being active during the execution of the simulation
processor 3:6:6 used 0.0 Joules by being active during the execution of the simulation
processor 3:6:7 used 0.0 Joules by being active during the execution of the simulation
processor 3:6:8 used 0.0 Joules by being active during the execution of the simulation
processor 3:6:9 used 0.0 Joules by being active during the execution of the simulation
processor 3:6:10 used 0.0004928000000000025 Joules by being active during the execution of the simulation
processor 3:6:11 used 0.0 Joules by being active during the execution of the simulation
processor 3:6:12 used 0.0 Joules by being active during the execution of the simulation
processor 3:6:13 used 0.0 Joules by being active during the execution of the simulation
processor 3:6:14 used 0.0 Joules by being active during the execution of the simulation
processor 3:6:15 used 0.0 Joules by being active during the execution of the simulation
processor 3:6:16 used 0.0 Joules by being active during the execution of the simulation
processor 3:6:17 used 0.0 Joules by being active during the execution of the simulation
The chip at 3,6 used 0.7200000000000001 Joules by being idle during the execution of the simulation

processor 4:0:0 used 0.07111111111110803 Joules by being active during the execution of the simulation
processor 4:0:1 (running ChipPowerMonitor on 4, 0) used 0.035555555555555465 Joules by being active during the execution of the simulation
processor 4:0:2 used 0.0 Joules by being active during the execution of the simulation
processor 4:0:3 used 0.0 Joules by being active during the execution of the simulation
processor 4:0:4 used 0.0 Joules by being active during the execution of the simulation
processor 4:0:5 used 0.0 Joules by being active during the execution of the simulation
processor 4:0:6 used 0.0 Joules by being active during the execution of the simulation
processor 4:0:7 used 0.0 Joules by being active during the execution of the simulation
processor 4:0:8 used 0.0 Joules by being active during the execution of the simulation
processor 4:0:9 used 0.0 Joules by being active during the execution of the simulation
processor 4:0:10 used 0.0004920888888888916 Joules by being active during the execution of the simulation
processor 4:0:11 used 0.0 Joules by being active during the execution of the simulation
processor 4:0:12 used 0.0 Joules by being active during the execution of the simulation
processor 4:0:13 used 0.0 Joules by being active during the execution of the simulation
processor 4:0:14 used 0.0 Joules by being active during the execution of the simulation
processor 4:0:15 used 0.0 Joules by being active during the execution of the simulation
processor 4:0:16 used 0.0 Joules by being active during the execution of the simulation
processor 4:0:17 used 0.0 Joules by being active during the execution of the simulation
The chip at 4,0 used 0.7200000000000001 Joules by being idle during the execution of the simulation

processor 4:1:0 used 0.07111111111110803 Joules by being active during the execution of the simulation
processor 4:1:1 (running ChipPowerMonitor on 4, 1) used 0.0 Joules by being active during the execution of the simulation
processor 4:1:2 used 0.0 Joules by being active during the execution of the simulation
processor 4:1:3 used 0.0 Joules by being active during the execution of the simulation
processor 4:1:4 used 0.0 Joules by being active during the execution of the simulation
processor 4:1:5 used 0.0 Joules by being active during the execution of the simulation
processor 4:1:6 used 0.0 Joules by being active during the execution of the simulation
processor 4:1:7 used 0.0 Joules by being active during the execution of the simulation
processor 4:1:8 used 0.0 Joules by being active during the execution of the simulation
processor 4:1:9 used 0.0 Joules by being active during the execution of the simulation
processor 4:1:10 used 0.0004917333333333363 Joules by being active during the execution of the simulation
processor 4:1:11 used 0.0 Joules by being active during the execution of the simulation
processor 4:1:12 used 0.0 Joules by being active during the execution of the simulation
processor 4:1:13 used 0.0 Joules by being active during the execution of the simulation
processor 4:1:14 used 0.0 Joules by being active during the execution of the simulation
processor 4:1:15 used 0.0 Joules by being active during the execution of the simulation
processor 4:1:16 used 0.0 Joules by being active during the execution of the simulation
processor 4:1:17 used 0.0 Joules by being active during the execution of the simulation
The chip at 4,1 used 0.7200000000000001 Joules by being idle during the execution of the simulation

processor 4:2:0 used 0.07111111111110803 Joules by being active during the execution of the simulation
processor 4:2:1 (running ChipPowerMonitor on 4, 2) used 0.0 Joules by being active during the execution of the simulation
processor 4:2:2 used 0.0 Joules by being active during the execution of the simulation
processor 4:2:3 used 0.0 Joules by being active during the execution of the simulation
processor 4:2:4 used 0.0 Joules by being active during the execution of the simulation
processor 4:2:5 used 0.0 Joules by being active during the execution of the simulation
processor 4:2:6 used 0.0 Joules by being active during the execution of the simulation
processor 4:2:7 used 0.0 Joules by being active during the execution of the simulation
processor 4:2:8 used 0.0 Joules by being active during the execution of the simulation
processor 4:2:9 used 0.0 Joules by being active during the execution of the simulation
processor 4:2:10 used 0.0004920888888888916 Joules by being active during the execution of the simulation
processor 4:2:11 used 0.0 Joules by being active during the execution of the simulation
processor 4:2:12 used 0.0 Joules by being active during the execution of the simulation
processor 4:2:13 used 0.0 Joules by being active during the execution of the simulation
processor 4:2:14 used 0.0 Joules by being active during the execution of the simulation
processor 4:2:15 used 0.0 Joules by being active during the execution of the simulation
processor 4:2:16 used 0.0 Joules by being active during the execution of the simulation
processor 4:2:17 used 0.0 Joules by being active during the execution of the simulation
The chip at 4,2 used 0.7200000000000001 Joules by being idle during the execution of the simulation

processor 4:3:0 used 0.07111111111110803 Joules by being active during the execution of the simulation
processor 4:3:1 (running ChipPowerMonitor on 4, 3) used 0.035555555555555465 Joules by being active during the execution of the simulation
processor 4:3:2 used 0.0 Joules by being active during the execution of the simulation
processor 4:3:3 used 0.0 Joules by being active during the execution of the simulation
processor 4:3:4 used 0.0 Joules by being active during the execution of the simulation
processor 4:3:5 used 0.0 Joules by being active during the execution of the simulation
processor 4:3:6 used 0.0 Joules by being active during the execution of the simulation
processor 4:3:7 used 0.0 Joules by being active during the execution of the simulation
processor 4:3:8 used 0.0 Joules by being active during the execution of the simulation
processor 4:3:9 used 0.0 Joules by being active during the execution of the simulation
processor 4:3:10 used 0.0004910222222222252 Joules by being active during the execution of the simulation
processor 4:3:11 used 0.0 Joules by being active during the execution of the simulation
processor 4:3:12 used 0.0 Joules by being active during the execution of the simulation
processor 4:3:13 used 0.0 Joules by being active during the execution of the simulation
processor 4:3:14 used 0.0 Joules by being active during the execution of the simulation
processor 4:3:15 used 0.0 Joules by being active during the execution of the simulation
processor 4:3:16 used 0.0 Joules by being active during the execution of the simulation
processor 4:3:17 used 0.0 Joules by being active during the execution of the simulation
The chip at 4,3 used 0.7200000000000001 Joules by being idle during the execution of the simulation

processor 4:4:0 used 0.07111111111110803 Joules by being active during the execution of the simulation
processor 4:4:1 (running ChipPowerMonitor on 4, 4) used 0.0 Joules by being active during the execution of the simulation
processor 4:4:2 used 0.0030197333333332826 Joules by being active during the execution of the simulation
processor 4:4:3 used 0.0 Joules by being active during the execution of the simulation
processor 4:4:4 used 0.0 Joules by being active during the execution of the simulation
processor 4:4:5 used 0.0 Joules by being active during the execution of the simulation
processor 4:4:6 used 0.0 Joules by being active during the execution of the simulation
processor 4:4:7 used 0.0 Joules by being active during the execution of the simulation
processor 4:4:8 used 0.0 Joules by being active during the execution of the simulation
processor 4:4:9 used 0.0 Joules by being active during the execution of the simulation
processor 4:4:10 used 0.000495644444444447 Joules by being active during the execution of the simulation
processor 4:4:11 used 0.0 Joules by being active during the execution of the simulation
processor 4:4:12 used 0.0 Joules by being active during the execution of the simulation
processor 4:4:13 used 0.0 Joules by being active during the execution of the simulation
processor 4:4:14 used 0.0 Joules by being active during the execution of the simulation
processor 4:4:15 used 0.0 Joules by being active during the execution of the simulation
processor 4:4:16 used 0.0 Joules by being active during the execution of the simulation
processor 4:4:17 used 0.0 Joules by being active during the execution of the simulation
The chip at 4,4 used 0.7200000000000001 Joules by being idle during the execution of the simulation

processor 4:5:0 used 0.07111111111110803 Joules by being active during the execution of the simulation
processor 4:5:1 (running ChipPowerMonitor on 4, 5) used 0.0 Joules by being active during the execution of the simulation
processor 4:5:2 used 0.0 Joules by being active during the execution of the simulation
processor 4:5:3 used 0.0 Joules by being active during the execution of the simulation
processor 4:5:4 used 0.0 Joules by being active during the execution of the simulation
processor 4:5:5 used 0.0 Joules by being active during the execution of the simulation
processor 4:5:6 used 0.0 Joules by being active during the execution of the simulation
processor 4:5:7 used 0.0 Joules by being active during the execution of the simulation
processor 4:5:8 used 0.0 Joules by being active during the execution of the simulation
processor 4:5:9 used 0.0 Joules by being active during the execution of the simulation
processor 4:5:10 used 0.0004960000000000022 Joules by being active during the execution of the simulation
processor 4:5:11 used 0.0 Joules by being active during the execution of the simulation
processor 4:5:12 used 0.0 Joules by being active during the execution of the simulation
processor 4:5:13 used 0.0 Joules by being active during the execution of the simulation
processor 4:5:14 used 0.0 Joules by being active during the execution of the simulation
processor 4:5:15 used 0.0 Joules by being active during the execution of the simulation
processor 4:5:16 used 0.0 Joules by being active during the execution of the simulation
processor 4:5:17 used 0.0 Joules by being active during the execution of the simulation
The chip at 4,5 used 0.7200000000000001 Joules by being idle during the execution of the simulation

processor 4:6:0 used 0.07111111111110803 Joules by being active during the execution of the simulation
processor 4:6:1 (running ChipPowerMonitor on 4, 6) used 0.0 Joules by being active during the execution of the simulation
processor 4:6:2 used 0.0 Joules by being active during the execution of the simulation
processor 4:6:3 used 0.0 Joules by being active during the execution of the simulation
processor 4:6:4 used 0.0 Joules by being active during the execution of the simulation
processor 4:6:5 used 0.0 Joules by being active during the execution of the simulation
processor 4:6:6 used 0.0 Joules by being active during the execution of the simulation
processor 4:6:7 used 0.0 Joules by being active during the execution of the simulation
processor 4:6:8 used 0.0 Joules by being active during the execution of the simulation
processor 4:6:9 used 0.0 Joules by being active during the execution of the simulation
processor 4:6:10 used 0.0004917333333333363 Joules by being active during the execution of the simulation
processor 4:6:11 used 0.0 Joules by being active during the execution of the simulation
processor 4:6:12 used 0.0 Joules by being active during the execution of the simulation
processor 4:6:13 used 0.0 Joules by being active during the execution of the simulation
processor 4:6:14 used 0.0 Joules by being active during the execution of the simulation
processor 4:6:15 used 0.0 Joules by being active during the execution of the simulation
processor 4:6:16 used 0.0 Joules by being active during the execution of the simulation
processor 4:6:17 used 0.0 Joules by being active during the execution of the simulation
The chip at 4,6 used 0.7200000000000001 Joules by being idle during the execution of the simulation

processor 4:7:0 used 0.07111111111110803 Joules by being active during the execution of the simulation
processor 4:7:1 (running ChipPowerMonitor on 4, 7) used 0.0 Joules by being active during the execution of the simulation
processor 4:7:2 used 0.0 Joules by being active during the execution of the simulation
processor 4:7:3 used 0.0 Joules by being active during the execution of the simulation
processor 4:7:4 used 0.0 Joules by being active during the execution of the simulation
processor 4:7:5 used 0.0 Joules by being active during the execution of the simulation
processor 4:7:6 used 0.0 Joules by being active during the execution of the simulation
processor 4:7:7 used 0.0 Joules by being active during the execution of the simulation
processor 4:7:8 used 0.0 Joules by being active during the execution of the simulation
processor 4:7:9 used 0.0 Joules by being active during the execution of the simulation
processor 4:7:10 used 0.000484977777777781 Joules by being active during the execution of the simulation
processor 4:7:11 used 0.0 Joules by being active during the execution of the simulation
processor 4:7:12 used 0.0 Joules by being active during the execution of the simulation
processor 4:7:13 used 0.0 Joules by being active during the execution of the simulation
processor 4:7:14 used 0.0 Joules by being active during the execution of the simulation
processor 4:7:15 used 0.0 Joules by being active during the execution of the simulation
processor 4:7:16 used 0.0 Joules by being active during the execution of the simulation
processor 4:7:17 used 0.0 Joules by being active during the execution of the simulation
The chip at 4,7 used 0.7200000000000001 Joules by being idle during the execution of the simulation

processor 5:1:0 used 0.07111111111110803 Joules by being active during the execution of the simulation
processor 5:1:1 (running ChipPowerMonitor on 5, 1) used 6.47111111111113e-05 Joules by being active during the execution of the simulation
processor 5:1:2 used 0.0 Joules by being active during the execution of the simulation
processor 5:1:3 used 0.0 Joules by being active during the execution of the simulation
processor 5:1:4 used 0.0 Joules by being active during the execution of the simulation
processor 5:1:5 used 0.0 Joules by being active during the execution of the simulation
processor 5:1:6 used 0.0 Joules by being active during the execution of the simulation
processor 5:1:7 used 0.0 Joules by being active during the execution of the simulation
processor 5:1:8 used 0.0 Joules by being active during the execution of the simulation
processor 5:1:9 used 0.0 Joules by being active during the execution of the simulation
processor 5:1:10 used 0.0004892444444444476 Joules by being active during the execution of the simulation
processor 5:1:11 used 0.0 Joules by being active during the execution of the simulation
processor 5:1:12 used 0.0 Joules by being active during the execution of the simulation
processor 5:1:13 used 0.0 Joules by being active during the execution of the simulation
processor 5:1:14 used 0.0 Joules by being active during the execution of the simulation
processor 5:1:15 used 0.0 Joules by being active during the execution of the simulation
processor 5:1:16 used 0.0 Joules by being active during the execution of the simulation
processor 5:1:17 used 0.0 Joules by being active during the execution of the simulation
The chip at 5,1 used 0.7200000000000001 Joules by being idle during the execution of the simulation

processor 5:2:0 used 0.07111111111110803 Joules by being active during the execution of the simulation
processor 5:2:1 (running ChipPowerMonitor on 5, 2) used 3.5555555555555553e-07 Joules by being active during the execution of the simulation
processor 5:2:2 used 0.0 Joules by being active during the execution of the simulation
processor 5:2:3 used 0.0 Joules by being active during the execution of the simulation
processor 5:2:4 used 0.0 Joules by being active during the execution of the simulation
processor 5:2:5 used 0.0 Joules by being active during the execution of the simulation
processor 5:2:6 used 0.0 Joules by being active during the execution of the simulation
processor 5:2:7 used 0.0 Joules by being active during the execution of the simulation
processor 5:2:8 used 0.0 Joules by being active during the execution of the simulation
processor 5:2:9 used 0.0 Joules by being active during the execution of the simulation
processor 5:2:10 used 0.0004899555555555586 Joules by being active during the execution of the simulation
processor 5:2:11 used 0.0 Joules by being active during the execution of the simulation
processor 5:2:12 used 0.0 Joules by being active during the execution of the simulation
processor 5:2:13 used 0.0 Joules by being active during the execution of the simulation
processor 5:2:14 used 0.0 Joules by being active during the execution of the simulation
processor 5:2:15 used 0.0 Joules by being active during the execution of the simulation
processor 5:2:16 used 0.0 Joules by being active during the execution of the simulation
processor 5:2:17 used 0.0 Joules by being active during the execution of the simulation
The chip at 5,2 used 0.7200000000000001 Joules by being idle during the execution of the simulation

processor 5:3:0 used 0.07111111111110803 Joules by being active during the execution of the simulation
processor 5:3:1 (running ChipPowerMonitor on 5, 3) used 0.0 Joules by being active during the execution of the simulation
processor 5:3:2 used 0.0 Joules by being active during the execution of the simulation
processor 5:3:3 used 0.0 Joules by being active during the execution of the simulation
processor 5:3:4 used 0.0 Joules by being active during the execution of the simulation
processor 5:3:5 used 0.0 Joules by being active during the execution of the simulation
processor 5:3:6 used 0.0 Joules by being active during the execution of the simulation
processor 5:3:7 used 0.0 Joules by being active during the execution of the simulation
processor 5:3:8 used 0.0 Joules by being active during the execution of the simulation
processor 5:3:9 used 0.0 Joules by being active during the execution of the simulation
processor 5:3:10 used 0.0004888888888888921 Joules by being active during the execution of the simulation
processor 5:3:11 used 0.0 Joules by being active during the execution of the simulation
processor 5:3:12 used 0.0 Joules by being active during the execution of the simulation
processor 5:3:13 used 0.0 Joules by being active during the execution of the simulation
processor 5:3:14 used 0.0 Joules by being active during the execution of the simulation
processor 5:3:15 used 0.0 Joules by being active during the execution of the simulation
processor 5:3:16 used 0.0 Joules by being active during the execution of the simulation
processor 5:3:17 used 0.0 Joules by being active during the execution of the simulation
The chip at 5,3 used 0.7200000000000001 Joules by being idle during the execution of the simulation

processor 5:4:0 used 0.07111111111110803 Joules by being active during the execution of the simulation
processor 5:4:1 (running ChipPowerMonitor on 5, 4) used 0.0 Joules by being active during the execution of the simulation
processor 5:4:2 used 0.0 Joules by being active during the execution of the simulation
processor 5:4:3 used 0.0 Joules by being active during the execution of the simulation
processor 5:4:4 used 0.0 Joules by being active during the execution of the simulation
processor 5:4:5 used 0.0 Joules by being active during the execution of the simulation
processor 5:4:6 used 0.0 Joules by being active during the execution of the simulation
processor 5:4:7 used 0.0 Joules by being active during the execution of the simulation
processor 5:4:8 used 0.0 Joules by being active during the execution of the simulation
processor 5:4:9 used 0.0 Joules by being active during the execution of the simulation
processor 5:4:10 used 0.0004928000000000028 Joules by being active during the execution of the simulation
processor 5:4:11 used 0.0 Joules by being active during the execution of the simulation
processor 5:4:12 used 0.0 Joules by being active during the execution of the simulation
processor 5:4:13 used 0.0 Joules by being active during the execution of the simulation
processor 5:4:14 used 0.0 Joules by being active during the execution of the simulation
processor 5:4:15 used 0.0 Joules by being active during the execution of the simulation
processor 5:4:16 used 0.0 Joules by being active during the execution of the simulation
processor 5:4:17 used 0.0 Joules by being active during the execution of the simulation
The chip at 5,4 used 0.7200000000000001 Joules by being idle during the execution of the simulation

processor 5:5:0 used 0.07111111111110803 Joules by being active during the execution of the simulation
processor 5:5:1 (running ChipPowerMonitor on 5, 5) used 0.0 Joules by being active during the execution of the simulation
processor 5:5:2 used 0.0 Joules by being active during the execution of the simulation
processor 5:5:3 used 0.0 Joules by being active during the execution of the simulation
processor 5:5:4 used 0.0 Joules by being active during the execution of the simulation
processor 5:5:5 used 0.0 Joules by being active during the execution of the simulation
processor 5:5:6 used 0.0 Joules by being active during the execution of the simulation
processor 5:5:7 used 0.0 Joules by being active during the execution of the simulation
processor 5:5:8 used 0.0 Joules by being active during the execution of the simulation
processor 5:5:9 used 0.0 Joules by being active during the execution of the simulation
processor 5:5:10 used 0.0004931555555555584 Joules by being active during the execution of the simulation
processor 5:5:11 used 0.0 Joules by being active during the execution of the simulation
processor 5:5:12 used 0.0 Joules by being active during the execution of the simulation
processor 5:5:13 used 0.0 Joules by being active during the execution of the simulation
processor 5:5:14 used 0.0 Joules by being active during the execution of the simulation
processor 5:5:15 used 0.0 Joules by being active during the execution of the simulation
processor 5:5:16 used 0.0 Joules by being active during the execution of the simulation
processor 5:5:17 used 0.0 Joules by being active during the execution of the simulation
The chip at 5,5 used 0.7200000000000001 Joules by being idle during the execution of the simulation

processor 5:6:0 used 0.07111111111110803 Joules by being active during the execution of the simulation
processor 5:6:1 (running ChipPowerMonitor on 5, 6) used 0.0 Joules by being active during the execution of the simulation
processor 5:6:2 used 0.0 Joules by being active during the execution of the simulation
processor 5:6:3 used 0.0 Joules by being active during the execution of the simulation
processor 5:6:4 used 0.0 Joules by being active during the execution of the simulation
processor 5:6:5 used 0.0 Joules by being active during the execution of the simulation
processor 5:6:6 used 0.0 Joules by being active during the execution of the simulation
processor 5:6:7 used 0.0 Joules by being active during the execution of the simulation
processor 5:6:8 used 0.0 Joules by being active during the execution of the simulation
processor 5:6:9 used 0.0 Joules by being active during the execution of the simulation
processor 5:6:10 used 0.0004888888888888921 Joules by being active during the execution of the simulation
processor 5:6:11 used 0.0 Joules by being active during the execution of the simulation
processor 5:6:12 used 0.0 Joules by being active during the execution of the simulation
processor 5:6:13 used 0.0 Joules by being active during the execution of the simulation
processor 5:6:14 used 0.0 Joules by being active during the execution of the simulation
processor 5:6:15 used 0.0 Joules by being active during the execution of the simulation
processor 5:6:16 used 0.0 Joules by being active during the execution of the simulation
processor 5:6:17 used 0.0 Joules by being active during the execution of the simulation
The chip at 5,6 used 0.7200000000000001 Joules by being idle during the execution of the simulation

processor 5:7:0 used 0.07111111111110803 Joules by being active during the execution of the simulation
processor 5:7:1 (running ChipPowerMonitor on 5, 7) used 0.0 Joules by being active during the execution of the simulation
processor 5:7:2 used 0.0 Joules by being active during the execution of the simulation
processor 5:7:3 used 0.0 Joules by being active during the execution of the simulation
processor 5:7:4 used 0.0 Joules by being active during the execution of the simulation
processor 5:7:5 used 0.0 Joules by being active during the execution of the simulation
processor 5:7:6 used 0.0 Joules by being active during the execution of the simulation
processor 5:7:7 used 0.0 Joules by being active during the execution of the simulation
processor 5:7:8 used 0.0 Joules by being active during the execution of the simulation
processor 5:7:9 used 0.0 Joules by being active during the execution of the simulation
processor 5:7:10 used 0.0004928000000000028 Joules by being active during the execution of the simulation
processor 5:7:11 used 0.0 Joules by being active during the execution of the simulation
processor 5:7:12 used 0.0 Joules by being active during the execution of the simulation
processor 5:7:13 used 0.0 Joules by being active during the execution of the simulation
processor 5:7:14 used 0.0 Joules by being active during the execution of the simulation
processor 5:7:15 used 0.0 Joules by being active during the execution of the simulation
processor 5:7:16 used 0.0 Joules by being active during the execution of the simulation
processor 5:7:17 used 0.0 Joules by being active during the execution of the simulation
The chip at 5,7 used 0.7200000000000001 Joules by being idle during the execution of the simulation

processor 6:2:0 used 0.07111111111110803 Joules by being active during the execution of the simulation
processor 6:2:1 (running ChipPowerMonitor on 6, 2) used 0.0 Joules by being active during the execution of the simulation
processor 6:2:2 used 0.0 Joules by being active during the execution of the simulation
processor 6:2:3 used 0.0 Joules by being active during the execution of the simulation
processor 6:2:4 used 0.0 Joules by being active during the execution of the simulation
processor 6:2:5 used 0.0 Joules by being active during the execution of the simulation
processor 6:2:6 used 0.0 Joules by being active during the execution of the simulation
processor 6:2:7 used 0.0 Joules by being active during the execution of the simulation
processor 6:2:8 used 0.0 Joules by being active during the execution of the simulation
processor 6:2:9 used 0.0 Joules by being active during the execution of the simulation
processor 6:2:10 used 0.0004867555555555588 Joules by being active during the execution of the simulation
processor 6:2:11 used 0.0 Joules by being active during the execution of the simulation
processor 6:2:12 used 0.0 Joules by being active during the execution of the simulation
processor 6:2:13 used 0.0 Joules by being active during the execution of the simulation
processor 6:2:14 used 0.0 Joules by being active during the execution of the simulation
processor 6:2:15 used 0.0 Joules by being active during the execution of the simulation
processor 6:2:16 used 0.0 Joules by being active during the execution of the simulation
processor 6:2:17 used 0.0 Joules by being active during the execution of the simulation
The chip at 6,2 used 0.7200000000000001 Joules by being idle during the execution of the simulation

processor 6:3:0 used 0.07111111111110803 Joules by being active during the execution of the simulation
processor 6:3:1 (running ChipPowerMonitor on 6, 3) used 0.0 Joules by being active during the execution of the simulation
processor 6:3:2 used 0.0 Joules by being active during the execution of the simulation
processor 6:3:3 used 0.0 Joules by being active during the execution of the simulation
processor 6:3:4 used 0.0 Joules by being active during the execution of the simulation
processor 6:3:5 used 0.0 Joules by being active during the execution of the simulation
processor 6:3:6 used 0.0 Joules by being active during the execution of the simulation
processor 6:3:7 used 0.0 Joules by being active during the execution of the simulation
processor 6:3:8 used 0.0 Joules by being active during the execution of the simulation
processor 6:3:9 used 0.0 Joules by being active during the execution of the simulation
processor 6:3:10 used 0.0004924444444444472 Joules by being active during the execution of the simulation
processor 6:3:11 used 0.0 Joules by being active during the execution of the simulation
processor 6:3:12 used 0.0 Joules by being active during the execution of the simulation
processor 6:3:13 used 0.0 Joules by being active during the execution of the simulation
processor 6:3:14 used 0.0 Joules by being active during the execution of the simulation
processor 6:3:15 used 0.0 Joules by being active during the execution of the simulation
processor 6:3:16 used 0.0 Joules by being active during the execution of the simulation
processor 6:3:17 used 0.0 Joules by being active during the execution of the simulation
The chip at 6,3 used 0.7200000000000001 Joules by being idle during the execution of the simulation

processor 6:4:0 used 0.07111111111110803 Joules by being active during the execution of the simulation
processor 6:4:1 (running ChipPowerMonitor on 6, 4) used 0.0 Joules by being active during the execution of the simulation
processor 6:4:2 used 0.0 Joules by being active during the execution of the simulation
processor 6:4:3 used 0.0 Joules by being active during the execution of the simulation
processor 6:4:4 used 0.0 Joules by being active during the execution of the simulation
processor 6:4:5 used 0.0 Joules by being active during the execution of the simulation
processor 6:4:6 used 0.0 Joules by being active during the execution of the simulation
processor 6:4:7 used 0.0 Joules by being active during the execution of the simulation
processor 6:4:8 used 0.0 Joules by being active during the execution of the simulation
processor 6:4:9 used 0.0 Joules by being active during the execution of the simulation
processor 6:4:10 used 0.0004917333333333361 Joules by being active during the execution of the simulation
processor 6:4:11 used 0.0 Joules by being active during the execution of the simulation
processor 6:4:12 used 0.0 Joules by being active during the execution of the simulation
processor 6:4:13 used 0.0 Joules by being active during the execution of the simulation
processor 6:4:14 used 0.0 Joules by being active during the execution of the simulation
processor 6:4:15 used 0.0 Joules by being active during the execution of the simulation
processor 6:4:16 used 0.0 Joules by being active during the execution of the simulation
processor 6:4:17 used 0.0 Joules by being active during the execution of the simulation
The chip at 6,4 used 0.7200000000000001 Joules by being idle during the execution of the simulation

processor 6:5:0 used 0.07111111111110803 Joules by being active during the execution of the simulation
processor 6:5:1 (running ChipPowerMonitor on 6, 5) used 0.0 Joules by being active during the execution of the simulation
processor 6:5:2 used 0.0 Joules by being active during the execution of the simulation
processor 6:5:3 used 0.0 Joules by being active during the execution of the simulation
processor 6:5:4 used 0.0 Joules by being active during the execution of the simulation
processor 6:5:5 used 0.0 Joules by being active during the execution of the simulation
processor 6:5:6 used 0.0 Joules by being active during the execution of the simulation
processor 6:5:7 used 0.0 Joules by being active during the execution of the simulation
processor 6:5:8 used 0.0 Joules by being active during the execution of the simulation
processor 6:5:9 used 0.0 Joules by being active during the execution of the simulation
processor 6:5:10 used 0.0004896000000000031 Joules by being active during the execution of the simulation
processor 6:5:11 used 0.0 Joules by being active during the execution of the simulation
processor 6:5:12 used 0.0 Joules by being active during the execution of the simulation
processor 6:5:13 used 0.0 Joules by being active during the execution of the simulation
processor 6:5:14 used 0.0 Joules by being active during the execution of the simulation
processor 6:5:15 used 0.0 Joules by being active during the execution of the simulation
processor 6:5:16 used 0.0 Joules by being active during the execution of the simulation
processor 6:5:17 used 0.0 Joules by being active during the execution of the simulation
The chip at 6,5 used 0.7200000000000001 Joules by being idle during the execution of the simulation

processor 6:6:0 used 0.07111111111110803 Joules by being active during the execution of the simulation
processor 6:6:1 (running ChipPowerMonitor on 6, 6) used 0.0 Joules by being active during the execution of the simulation
processor 6:6:2 used 0.0 Joules by being active during the execution of the simulation
processor 6:6:3 used 0.0 Joules by being active during the execution of the simulation
processor 6:6:4 used 0.0 Joules by being active during the execution of the simulation
processor 6:6:5 used 0.0 Joules by being active during the execution of the simulation
processor 6:6:6 used 0.0 Joules by being active during the execution of the simulation
processor 6:6:7 used 0.0 Joules by being active during the execution of the simulation
processor 6:6:8 used 0.0 Joules by being active during the execution of the simulation
processor 6:6:9 used 0.0 Joules by being active during the execution of the simulation
processor 6:6:10 used 0.0004885333333333366 Joules by being active during the execution of the simulation
processor 6:6:11 used 0.0 Joules by being active during the execution of the simulation
processor 6:6:12 used 0.0 Joules by being active during the execution of the simulation
processor 6:6:13 used 0.0 Joules by being active during the execution of the simulation
processor 6:6:14 used 0.0 Joules by being active during the execution of the simulation
processor 6:6:15 used 0.0 Joules by being active during the execution of the simulation
processor 6:6:16 used 0.0 Joules by being active during the execution of the simulation
processor 6:6:17 used 0.0 Joules by being active during the execution of the simulation
The chip at 6,6 used 0.7200000000000001 Joules by being idle during the execution of the simulation

processor 6:7:0 used 0.07111111111110803 Joules by being active during the execution of the simulation
processor 6:7:1 (running ChipPowerMonitor on 6, 7) used 0.0 Joules by being active during the execution of the simulation
processor 6:7:2 used 0.0 Joules by being active during the execution of the simulation
processor 6:7:3 used 0.0 Joules by being active during the execution of the simulation
processor 6:7:4 used 0.0 Joules by being active during the execution of the simulation
processor 6:7:5 used 0.0 Joules by being active during the execution of the simulation
processor 6:7:6 used 0.0 Joules by being active during the execution of the simulation
processor 6:7:7 used 0.0 Joules by being active during the execution of the simulation
processor 6:7:8 used 0.0 Joules by being active during the execution of the simulation
processor 6:7:9 used 0.0 Joules by being active during the execution of the simulation
processor 6:7:10 used 0.000499200000000002 Joules by being active during the execution of the simulation
processor 6:7:11 used 0.0 Joules by being active during the execution of the simulation
processor 6:7:12 used 0.0 Joules by being active during the execution of the simulation
processor 6:7:13 used 0.0 Joules by being active during the execution of the simulation
processor 6:7:14 used 0.0 Joules by being active during the execution of the simulation
processor 6:7:15 used 0.0 Joules by being active during the execution of the simulation
processor 6:7:16 used 0.0 Joules by being active during the execution of the simulation
processor 6:7:17 used 0.0 Joules by being active during the execution of the simulation
The chip at 6,7 used 0.7200000000000001 Joules by being idle during the execution of the simulation

processor 7:3:0 used 0.07111111111110803 Joules by being active during the execution of the simulation
processor 7:3:1 (running ChipPowerMonitor on 7, 3) used 0.0 Joules by being active during the execution of the simulation
processor 7:3:2 used 0.0 Joules by being active during the execution of the simulation
processor 7:3:3 used 0.0 Joules by being active during the execution of the simulation
processor 7:3:4 used 0.0 Joules by being active during the execution of the simulation
processor 7:3:5 used 0.0 Joules by being active during the execution of the simulation
processor 7:3:6 used 0.0 Joules by being active during the execution of the simulation
processor 7:3:7 used 0.0 Joules by being active during the execution of the simulation
processor 7:3:8 used 0.0 Joules by being active during the execution of the simulation
processor 7:3:9 used 0.0 Joules by being active during the execution of the simulation
processor 7:3:10 used 0.0004945777777777804 Joules by being active during the execution of the simulation
processor 7:3:11 used 0.0 Joules by being active during the execution of the simulation
processor 7:3:12 used 0.0 Joules by being active during the execution of the simulation
processor 7:3:13 used 0.0 Joules by being active during the execution of the simulation
processor 7:3:14 used 0.0 Joules by being active during the execution of the simulation
processor 7:3:15 used 0.0 Joules by being active during the execution of the simulation
processor 7:3:16 used 0.0 Joules by being active during the execution of the simulation
processor 7:3:17 used 0.0 Joules by being active during the execution of the simulation
The chip at 7,3 used 0.7200000000000001 Joules by being idle during the execution of the simulation

processor 7:4:0 used 0.07111111111110803 Joules by being active during the execution of the simulation
processor 7:4:1 (running ChipPowerMonitor on 7, 4) used 0.0 Joules by being active during the execution of the simulation
processor 7:4:2 used 0.0 Joules by being active during the execution of the simulation
processor 7:4:3 used 0.0 Joules by being active during the execution of the simulation
processor 7:4:4 used 0.0 Joules by being active during the execution of the simulation
processor 7:4:5 used 0.0 Joules by being active during the execution of the simulation
processor 7:4:6 used 0.0 Joules by being active during the execution of the simulation
processor 7:4:7 used 0.0 Joules by being active during the execution of the simulation
processor 7:4:8 used 0.0 Joules by being active during the execution of the simulation
processor 7:4:9 used 0.0 Joules by being active during the execution of the simulation
processor 7:4:10 used 0.0004910222222222252 Joules by being active during the execution of the simulation
processor 7:4:11 used 0.0 Joules by being active during the execution of the simulation
processor 7:4:12 used 0.0 Joules by being active during the execution of the simulation
processor 7:4:13 used 0.0 Joules by being active during the execution of the simulation
processor 7:4:14 used 0.0 Joules by being active during the execution of the simulation
processor 7:4:15 used 0.0 Joules by being active during the execution of the simulation
processor 7:4:16 used 0.0 Joules by being active during the execution of the simulation
processor 7:4:17 used 0.0 Joules by being active during the execution of the simulation
The chip at 7,4 used 0.7200000000000001 Joules by being idle during the execution of the simulation

processor 7:5:0 used 0.07111111111110803 Joules by being active during the execution of the simulation
processor 7:5:1 (running ChipPowerMonitor on 7, 5) used 0.035555911111111026 Joules by being active during the execution of the simulation
processor 7:5:2 used 0.0 Joules by being active during the execution of the simulation
processor 7:5:3 used 0.0 Joules by being active during the execution of the simulation
processor 7:5:4 used 0.0 Joules by being active during the execution of the simulation
processor 7:5:5 used 0.0 Joules by being active during the execution of the simulation
processor 7:5:6 used 0.0 Joules by being active during the execution of the simulation
processor 7:5:7 used 0.0 Joules by being active during the execution of the simulation
processor 7:5:8 used 0.0 Joules by being active during the execution of the simulation
processor 7:5:9 used 0.0 Joules by being active during the execution of the simulation
processor 7:5:10 used 0.0004938666666666693 Joules by being active during the execution of the simulation
processor 7:5:11 used 0.0 Joules by being active during the execution of the simulation
processor 7:5:12 used 0.0 Joules by being active during the execution of the simulation
processor 7:5:13 used 0.0 Joules by being active during the execution of the simulation
processor 7:5:14 used 0.0 Joules by being active during the execution of the simulation
processor 7:5:15 used 0.0 Joules by being active during the execution of the simulation
processor 7:5:16 used 0.0 Joules by being active during the execution of the simulation
processor 7:5:17 used 0.0 Joules by being active during the execution of the simulation
The chip at 7,5 used 0.7200000000000001 Joules by being idle during the execution of the simulation

processor 7:6:0 used 0.07111111111110803 Joules by being active during the execution of the simulation
processor 7:6:1 (running ChipPowerMonitor on 7, 6) used 0.0 Joules by being active during the execution of the simulation
processor 7:6:2 used 0.0 Joules by being active during the execution of the simulation
processor 7:6:3 used 0.0 Joules by being active during the execution of the simulation
processor 7:6:4 used 0.0 Joules by being active during the execution of the simulation
processor 7:6:5 used 0.0 Joules by being active during the execution of the simulation
processor 7:6:6 used 0.0 Joules by being active during the execution of the simulation
processor 7:6:7 used 0.0 Joules by being active during the execution of the simulation
processor 7:6:8 used 0.0 Joules by being active during the execution of the simulation
processor 7:6:9 used 0.0 Joules by being active during the execution of the simulation
processor 7:6:10 used 0.0004924444444444472 Joules by being active during the execution of the simulation
processor 7:6:11 used 0.0 Joules by being active during the execution of the simulation
processor 7:6:12 used 0.0 Joules by being active during the execution of the simulation
processor 7:6:13 used 0.0 Joules by being active during the execution of the simulation
processor 7:6:14 used 0.0 Joules by being active during the execution of the simulation
processor 7:6:15 used 0.0 Joules by being active during the execution of the simulation
processor 7:6:16 used 0.0 Joules by being active during the execution of the simulation
processor 7:6:17 used 0.0 Joules by being active during the execution of the simulation
The chip at 7,6 used 0.7200000000000001 Joules by being idle during the execution of the simulation

processor 7:7:0 used 0.07111111111110803 Joules by being active during the execution of the simulation
processor 7:7:1 (running ChipPowerMonitor on 7, 7) used 0.0 Joules by being active during the execution of the simulation
processor 7:7:2 used 0.0 Joules by being active during the execution of the simulation
processor 7:7:3 used 0.0 Joules by being active during the execution of the simulation
processor 7:7:4 used 0.0 Joules by being active during the execution of the simulation
processor 7:7:5 used 0.0 Joules by being active during the execution of the simulation
processor 7:7:6 used 0.0 Joules by being active during the execution of the simulation
processor 7:7:7 used 0.0 Joules by being active during the execution of the simulation
processor 7:7:8 used 0.0 Joules by being active during the execution of the simulation
processor 7:7:9 used 0.0 Joules by being active during the execution of the simulation
processor 7:7:10 used 0.0004924444444444473 Joules by being active during the execution of the simulation
processor 7:7:11 used 0.0 Joules by being active during the execution of the simulation
processor 7:7:12 used 0.0 Joules by being active during the execution of the simulation
processor 7:7:13 used 0.0 Joules by being active during the execution of the simulation
processor 7:7:14 used 0.0 Joules by being active during the execution of the simulation
processor 7:7:15 used 0.0 Joules by being active during the execution of the simulation
processor 7:7:16 used 0.0 Joules by being active during the execution of the simulation
processor 7:7:17 used 0.0 Joules by being active during the execution of the simulation
The chip at 7,7 used 0.7200000000000001 Joules by being idle during the execution of the simulation
