This report is based off energy estimates for individual components of the SpiNNaker machine. It is not meant to be completely accurate. But does use provenance data gathered from the machine to estimate the energy usage and therefore should be in the right ballpark.


The energy components we use are as follows:

The energy usage for a chip when all cores are 100% active for a millisecond is 0.0006399999999999999 Joules.
The energy usage for a chip when all cores are not active for a millisecond is 0.00036 Joules.
The energy used by the machine for firing a packet is 8e-10 Joules.
The energy used by each active FPGA per millisecond is 0.000584635 Joules.


The packet cost is 0.03899265839999995 Joules
0 FPGAs on the Spalloc-ed boards are turned on and therefore the energy used by the FPGA during the entire time the machine was booted (which was 129839.60300000002 ms) is 0.0 Joules. The usage during execution was 0.0 Joules.The amount of time used during the loading process is 18189.314 milliseconds.
Assumed only 2 monitor cores is executing that this point. We also assume that there is a baseline active router/cooling component that is using 2815.746821222976 Joules. Overall the energy usage is 3107.858480151865 Joules.
The amount of time used during the data extraction process is 6033.375 milliseconds.
Assumed only 2 monitor cores is executing at this point. We also assume that there is a baseline active router/cooling component that is using 930.12655674825 Joules. Hence the overall energy usage is 5770.597494239003 Joules.

processor 0:0:0 used 0.17777777777778633 Joules by being active during the execution of the simulation
processor 0:0:1 (running ChipPowerMonitor on 0, 0) used 0.0 Joules by being active during the execution of the simulation
processor 0:0:2 used 0.0 Joules by being active during the execution of the simulation
processor 0:0:3 used 0.0012558222222221985 Joules by being active during the execution of the simulation
processor 0:0:4 used 0.011038577777777886 Joules by being active during the execution of the simulation
processor 0:0:5 used 0.011037511111111176 Joules by being active during the execution of the simulation
processor 0:0:6 used 0.011054933333333428 Joules by being active during the execution of the simulation
processor 0:0:7 used 0.011120355555555654 Joules by being active during the execution of the simulation
processor 0:0:8 used 0.010990933333333433 Joules by being active during the execution of the simulation
processor 0:0:9 used 0.011112533333333431 Joules by being active during the execution of the simulation
processor 0:0:10 used 0.011074488888888975 Joules by being active during the execution of the simulation
processor 0:0:11 used 0.011127466666666759 Joules by being active during the execution of the simulation
processor 0:0:12 used 0.010998755555555625 Joules by being active during the execution of the simulation
processor 0:0:13 used 0.011072711111111197 Joules by being active during the execution of the simulation
processor 0:0:14 used 0.011080533333333415 Joules by being active during the execution of the simulation
processor 0:0:15 used 0.010941155555555651 Joules by being active during the execution of the simulation
processor 0:0:16 used 0.011147733333333448 Joules by being active during the execution of the simulation
processor 0:0:17 used 0.011132088888888983 Joules by being active during the execution of the simulation
The chip at 0,0 used 1.8 Joules by being idle during the execution of the simulation

processor 0:1:0 used 0.17777777777778633 Joules by being active during the execution of the simulation
processor 0:1:1 (running ChipPowerMonitor on 0, 1) used 0.03555199999999992 Joules by being active during the execution of the simulation
processor 0:1:2 used 0.01104960000000013 Joules by being active during the execution of the simulation
processor 0:1:3 used 0.011004088888888968 Joules by being active during the execution of the simulation
processor 0:1:4 used 0.011100800000000133 Joules by being active during the execution of the simulation
processor 0:1:5 used 0.011013333333333411 Joules by being active during the execution of the simulation
processor 0:1:6 used 0.01112071111111121 Joules by being active during the execution of the simulation
processor 0:1:7 used 0.010949333333333418 Joules by being active during the execution of the simulation
processor 0:1:8 used 0.011006222222222318 Joules by being active during the execution of the simulation
processor 0:1:9 used 0.01112000000000009 Joules by being active during the execution of the simulation
processor 0:1:10 used 0.0 Joules by being active during the execution of the simulation
processor 0:1:11 used 0.010932266666666739 Joules by being active during the execution of the simulation
processor 0:1:12 used 0.011012977777777875 Joules by being active during the execution of the simulation
processor 0:1:13 used 0.011027555555555638 Joules by being active during the execution of the simulation
processor 0:1:14 used 0.010978844444444531 Joules by being active during the execution of the simulation
processor 0:1:15 used 0.011044977777777859 Joules by being active during the execution of the simulation
processor 0:1:16 used 0.011004088888888994 Joules by being active during the execution of the simulation
processor 0:1:17 used 0.0012497777777777527 Joules by being active during the execution of the simulation
The chip at 0,1 used 1.8 Joules by being idle during the execution of the simulation

processor 0:2:0 used 0.17777777777778633 Joules by being active during the execution of the simulation
processor 0:2:1 (running ChipPowerMonitor on 0, 2) used 3.5555555555555553e-07 Joules by being active during the execution of the simulation
processor 0:2:2 used 0.0 Joules by being active during the execution of the simulation
processor 0:2:3 used 0.0 Joules by being active during the execution of the simulation
processor 0:2:4 used 0.0 Joules by being active during the execution of the simulation
processor 0:2:5 used 0.0 Joules by being active during the execution of the simulation
processor 0:2:6 used 0.0 Joules by being active during the execution of the simulation
processor 0:2:7 used 0.0 Joules by being active during the execution of the simulation
processor 0:2:8 used 0.0 Joules by being active during the execution of the simulation
processor 0:2:9 used 0.0 Joules by being active during the execution of the simulation
processor 0:2:10 used 0.0012273777777777493 Joules by being active during the execution of the simulation
processor 0:2:11 used 0.0 Joules by being active during the execution of the simulation
processor 0:2:12 used 0.0 Joules by being active during the execution of the simulation
processor 0:2:13 used 0.0 Joules by being active during the execution of the simulation
processor 0:2:14 used 0.0 Joules by being active during the execution of the simulation
processor 0:2:15 used 0.0 Joules by being active during the execution of the simulation
processor 0:2:16 used 0.0 Joules by being active during the execution of the simulation
processor 0:2:17 used 0.0 Joules by being active during the execution of the simulation
The chip at 0,2 used 1.8 Joules by being idle during the execution of the simulation

processor 0:3:0 used 0.17777777777778633 Joules by being active during the execution of the simulation
processor 0:3:1 (running ChipPowerMonitor on 0, 3) used 0.0 Joules by being active during the execution of the simulation
processor 0:3:2 used 0.0 Joules by being active during the execution of the simulation
processor 0:3:3 used 0.0 Joules by being active during the execution of the simulation
processor 0:3:4 used 0.0 Joules by being active during the execution of the simulation
processor 0:3:5 used 0.0 Joules by being active during the execution of the simulation
processor 0:3:6 used 0.0 Joules by being active during the execution of the simulation
processor 0:3:7 used 0.0 Joules by being active during the execution of the simulation
processor 0:3:8 used 0.0 Joules by being active during the execution of the simulation
processor 0:3:9 used 0.0 Joules by being active during the execution of the simulation
processor 0:3:10 used 0.0012209777777777494 Joules by being active during the execution of the simulation
processor 0:3:11 used 0.0 Joules by being active during the execution of the simulation
processor 0:3:12 used 0.0 Joules by being active during the execution of the simulation
processor 0:3:13 used 0.0 Joules by being active during the execution of the simulation
processor 0:3:14 used 0.0 Joules by being active during the execution of the simulation
processor 0:3:15 used 0.0 Joules by being active during the execution of the simulation
processor 0:3:16 used 0.0 Joules by being active during the execution of the simulation
processor 0:3:17 used 0.0 Joules by being active during the execution of the simulation
The chip at 0,3 used 1.8 Joules by being idle during the execution of the simulation

processor 1:0:0 used 0.17777777777778633 Joules by being active during the execution of the simulation
processor 1:0:1 (running ChipPowerMonitor on 1, 0) used 0.0 Joules by being active during the execution of the simulation
processor 1:0:2 used 0.010963555555555672 Joules by being active during the execution of the simulation
processor 1:0:3 used 0.010889955555555608 Joules by being active during the execution of the simulation
processor 1:0:4 used 0.010917688888888957 Joules by being active during the execution of the simulation
processor 1:0:5 used 0.010963911111111188 Joules by being active during the execution of the simulation
processor 1:0:6 used 0.010942577777777856 Joules by being active during the execution of the simulation
processor 1:0:7 used 0.01106808888888898 Joules by being active during the execution of the simulation
processor 1:0:8 used 0.011030400000000091 Joules by being active during the execution of the simulation
processor 1:0:9 used 0.011075555555555642 Joules by being active during the execution of the simulation
processor 1:0:10 used 0.0012561777777777515 Joules by being active during the execution of the simulation
processor 1:0:11 used 0.010923022222222292 Joules by being active during the execution of the simulation
processor 1:0:12 used 0.011115022222222288 Joules by being active during the execution of the simulation
processor 1:0:13 used 0.010944000000000103 Joules by being active during the execution of the simulation
processor 1:0:14 used 0.011005511111111194 Joules by being active during the execution of the simulation
processor 1:0:15 used 0.01106133333333342 Joules by being active during the execution of the simulation
processor 1:0:16 used 0.01107555555555565 Joules by being active during the execution of the simulation
processor 1:0:17 used 0.011100444444444524 Joules by being active during the execution of the simulation
The chip at 1,0 used 1.8 Joules by being idle during the execution of the simulation

processor 1:1:0 used 0.17777777777778633 Joules by being active during the execution of the simulation
processor 1:1:1 (running ChipPowerMonitor on 1, 1) used 0.07110471111110805 Joules by being active during the execution of the simulation
processor 1:1:2 used 0.011006577777777863 Joules by being active during the execution of the simulation
processor 1:1:3 used 0.011141333333333444 Joules by being active during the execution of the simulation
processor 1:1:4 used 0.011050666666666742 Joules by being active during the execution of the simulation
processor 1:1:5 used 0.011006222222222327 Joules by being active during the execution of the simulation
processor 1:1:6 used 0.011113955555555638 Joules by being active during the execution of the simulation
processor 1:1:7 used 0.01103146666666677 Joules by being active during the execution of the simulation
processor 1:1:8 used 0.01106915555555566 Joules by being active during the execution of the simulation
processor 1:1:9 used 0.011079466666666775 Joules by being active during the execution of the simulation
processor 1:1:10 used 0.011069866666666785 Joules by being active during the execution of the simulation
processor 1:1:11 used 0.0012643555555555308 Joules by being active during the execution of the simulation
processor 1:1:12 used 0.01106275555555567 Joules by being active during the execution of the simulation
processor 1:1:13 used 0.011036088888888967 Joules by being active during the execution of the simulation
processor 1:1:14 used 0.01107911111111122 Joules by being active during the execution of the simulation
processor 1:1:15 used 0.011044622222222349 Joules by being active during the execution of the simulation
processor 1:1:16 used 0.011036088888888998 Joules by being active during the execution of the simulation
processor 1:1:17 used 0.0 Joules by being active during the execution of the simulation
The chip at 1,1 used 1.8 Joules by being idle during the execution of the simulation

processor 1:2:0 used 0.17777777777778633 Joules by being active during the execution of the simulation
processor 1:2:1 (running ChipPowerMonitor on 1, 2) used 0.0 Joules by being active during the execution of the simulation
processor 1:2:2 used 0.0 Joules by being active during the execution of the simulation
processor 1:2:3 used 0.0 Joules by being active during the execution of the simulation
processor 1:2:4 used 0.0 Joules by being active during the execution of the simulation
processor 1:2:5 used 0.0 Joules by being active during the execution of the simulation
processor 1:2:6 used 0.0 Joules by being active during the execution of the simulation
processor 1:2:7 used 0.0 Joules by being active during the execution of the simulation
processor 1:2:8 used 0.0 Joules by being active during the execution of the simulation
processor 1:2:9 used 0.0 Joules by being active during the execution of the simulation
processor 1:2:10 used 0.0 Joules by being active during the execution of the simulation
processor 1:2:11 used 0.0 Joules by being active during the execution of the simulation
processor 1:2:12 used 0.0 Joules by being active during the execution of the simulation
processor 1:2:13 used 0.0 Joules by being active during the execution of the simulation
processor 1:2:14 used 0.0012063999999999697 Joules by being active during the execution of the simulation
processor 1:2:15 used 0.0 Joules by being active during the execution of the simulation
processor 1:2:16 used 0.0 Joules by being active during the execution of the simulation
processor 1:2:17 used 0.0 Joules by being active during the execution of the simulation
The chip at 1,2 used 1.8 Joules by being idle during the execution of the simulation

processor 1:3:0 used 0.17777777777778633 Joules by being active during the execution of the simulation
processor 1:3:1 (running ChipPowerMonitor on 1, 3) used 0.0 Joules by being active during the execution of the simulation
processor 1:3:2 used 0.0 Joules by being active during the execution of the simulation
processor 1:3:3 used 0.0 Joules by being active during the execution of the simulation
processor 1:3:4 used 0.0 Joules by being active during the execution of the simulation
processor 1:3:5 used 0.0 Joules by being active during the execution of the simulation
processor 1:3:6 used 0.0 Joules by being active during the execution of the simulation
processor 1:3:7 used 0.0 Joules by being active during the execution of the simulation
processor 1:3:8 used 0.0 Joules by being active during the execution of the simulation
processor 1:3:9 used 0.0 Joules by being active during the execution of the simulation
processor 1:3:10 used 0.0 Joules by being active during the execution of the simulation
processor 1:3:11 used 0.00121422222222219 Joules by being active during the execution of the simulation
processor 1:3:12 used 0.0 Joules by being active during the execution of the simulation
processor 1:3:13 used 0.0 Joules by being active during the execution of the simulation
processor 1:3:14 used 0.0 Joules by being active during the execution of the simulation
processor 1:3:15 used 0.0 Joules by being active during the execution of the simulation
processor 1:3:16 used 0.0 Joules by being active during the execution of the simulation
processor 1:3:17 used 0.0 Joules by being active during the execution of the simulation
The chip at 1,3 used 1.8 Joules by being idle during the execution of the simulation

processor 1:4:0 used 0.17777777777778633 Joules by being active during the execution of the simulation
processor 1:4:1 (running ChipPowerMonitor on 1, 4) used 0.0 Joules by being active during the execution of the simulation
processor 1:4:2 used 0.0 Joules by being active during the execution of the simulation
processor 1:4:3 used 0.0 Joules by being active during the execution of the simulation
processor 1:4:4 used 0.0 Joules by being active during the execution of the simulation
processor 1:4:5 used 0.0 Joules by being active during the execution of the simulation
processor 1:4:6 used 0.0 Joules by being active during the execution of the simulation
processor 1:4:7 used 0.0 Joules by being active during the execution of the simulation
processor 1:4:8 used 0.0 Joules by being active during the execution of the simulation
processor 1:4:9 used 0.0 Joules by being active during the execution of the simulation
processor 1:4:10 used 0.0012231111111110813 Joules by being active during the execution of the simulation
processor 1:4:11 used 0.0 Joules by being active during the execution of the simulation
processor 1:4:12 used 0.0 Joules by being active during the execution of the simulation
processor 1:4:13 used 0.0 Joules by being active during the execution of the simulation
processor 1:4:14 used 0.0 Joules by being active during the execution of the simulation
processor 1:4:15 used 0.0 Joules by being active during the execution of the simulation
processor 1:4:16 used 0.0 Joules by being active during the execution of the simulation
processor 1:4:17 used 0.0 Joules by being active during the execution of the simulation
The chip at 1,4 used 1.8 Joules by being idle during the execution of the simulation

processor 2:0:0 used 0.17777777777778633 Joules by being active during the execution of the simulation
processor 2:0:1 (running ChipPowerMonitor on 2, 0) used 3.5555555555555553e-07 Joules by being active during the execution of the simulation
processor 2:0:2 used 0.010992711111111204 Joules by being active during the execution of the simulation
processor 2:0:3 used 0.01109333333333344 Joules by being active during the execution of the simulation
processor 2:0:4 used 0.011008000000000085 Joules by being active during the execution of the simulation
processor 2:0:5 used 0.011096177777777877 Joules by being active during the execution of the simulation
processor 2:0:6 used 0.010911644444444505 Joules by being active during the execution of the simulation
processor 2:0:7 used 0.011010844444444527 Joules by being active during the execution of the simulation
processor 2:0:8 used 0.01101404444444454 Joules by being active during the execution of the simulation
processor 2:0:9 used 0.011083377777777884 Joules by being active during the execution of the simulation
processor 2:0:10 used 0.0012600888888888643 Joules by being active during the execution of the simulation
processor 2:0:11 used 0.011053155555555638 Joules by being active during the execution of the simulation
processor 2:0:12 used 0.011095466666666774 Joules by being active during the execution of the simulation
processor 2:0:13 used 0.011112177777777855 Joules by being active during the execution of the simulation
processor 2:0:14 used 0.011090133333333405 Joules by being active during the execution of the simulation
processor 2:0:15 used 0.011071288888889006 Joules by being active during the execution of the simulation
processor 2:0:16 used 0.011002311111111196 Joules by being active during the execution of the simulation
processor 2:0:17 used 0.010971022222222309 Joules by being active during the execution of the simulation
The chip at 2,0 used 1.8 Joules by being idle during the execution of the simulation

processor 2:1:0 used 0.17777777777778633 Joules by being active during the execution of the simulation
processor 2:1:1 (running ChipPowerMonitor on 2, 1) used 0.0 Joules by being active during the execution of the simulation
processor 2:1:2 used 0.010962488888888953 Joules by being active during the execution of the simulation
processor 2:1:3 used 0.011025777777777879 Joules by being active during the execution of the simulation
processor 2:1:4 used 0.01107591111111125 Joules by being active during the execution of the simulation
processor 2:1:5 used 0.011070577777777861 Joules by being active during the execution of the simulation
processor 2:1:6 used 0.010990222222222314 Joules by being active during the execution of the simulation
processor 2:1:7 used 0.01098204444444453 Joules by being active during the execution of the simulation
processor 2:1:8 used 0.010884622222222327 Joules by being active during the execution of the simulation
processor 2:1:9 used 0.011016533333333427 Joules by being active during the execution of the simulation
processor 2:1:10 used 0.0012679111111110872 Joules by being active during the execution of the simulation
processor 2:1:11 used 0.011053155555555683 Joules by being active during the execution of the simulation
processor 2:1:12 used 0.011086577777777875 Joules by being active during the execution of the simulation
processor 2:1:13 used 0.011053866666666775 Joules by being active during the execution of the simulation
processor 2:1:14 used 0.011004444444444565 Joules by being active during the execution of the simulation
processor 2:1:15 used 0.011151644444444539 Joules by being active during the execution of the simulation
processor 2:1:16 used 0.010993422222222323 Joules by being active during the execution of the simulation
processor 2:1:17 used 0.010968888888888976 Joules by being active during the execution of the simulation
The chip at 2,1 used 1.8 Joules by being idle during the execution of the simulation

processor 2:2:0 used 0.17777777777778633 Joules by being active during the execution of the simulation
processor 2:2:1 (running ChipPowerMonitor on 2, 2) used 0.0 Joules by being active during the execution of the simulation
processor 2:2:2 used 0.0 Joules by being active during the execution of the simulation
processor 2:2:3 used 0.0 Joules by being active during the execution of the simulation
processor 2:2:4 used 0.0 Joules by being active during the execution of the simulation
processor 2:2:5 used 0.0 Joules by being active during the execution of the simulation
processor 2:2:6 used 0.0 Joules by being active during the execution of the simulation
processor 2:2:7 used 0.0 Joules by being active during the execution of the simulation
processor 2:2:8 used 0.0 Joules by being active during the execution of the simulation
processor 2:2:9 used 0.0 Joules by being active during the execution of the simulation
processor 2:2:10 used 0.0012177777777777465 Joules by being active during the execution of the simulation
processor 2:2:11 used 0.0 Joules by being active during the execution of the simulation
processor 2:2:12 used 0.0 Joules by being active during the execution of the simulation
processor 2:2:13 used 0.0 Joules by being active during the execution of the simulation
processor 2:2:14 used 0.0 Joules by being active during the execution of the simulation
processor 2:2:15 used 0.0 Joules by being active during the execution of the simulation
processor 2:2:16 used 0.0 Joules by being active during the execution of the simulation
processor 2:2:17 used 0.0 Joules by being active during the execution of the simulation
The chip at 2,2 used 1.8 Joules by being idle during the execution of the simulation

processor 2:3:0 used 0.17777777777778633 Joules by being active during the execution of the simulation
processor 2:3:1 (running ChipPowerMonitor on 2, 3) used 0.0 Joules by being active during the execution of the simulation
processor 2:3:2 used 0.0 Joules by being active during the execution of the simulation
processor 2:3:3 used 0.0 Joules by being active during the execution of the simulation
processor 2:3:4 used 0.0 Joules by being active during the execution of the simulation
processor 2:3:5 used 0.0 Joules by being active during the execution of the simulation
processor 2:3:6 used 0.0 Joules by being active during the execution of the simulation
processor 2:3:7 used 0.0 Joules by being active during the execution of the simulation
processor 2:3:8 used 0.0 Joules by being active during the execution of the simulation
processor 2:3:9 used 0.0 Joules by being active during the execution of the simulation
processor 2:3:10 used 0.0012199111111110836 Joules by being active during the execution of the simulation
processor 2:3:11 used 0.0 Joules by being active during the execution of the simulation
processor 2:3:12 used 0.0 Joules by being active during the execution of the simulation
processor 2:3:13 used 0.0 Joules by being active during the execution of the simulation
processor 2:3:14 used 0.0 Joules by being active during the execution of the simulation
processor 2:3:15 used 0.0 Joules by being active during the execution of the simulation
processor 2:3:16 used 0.0 Joules by being active during the execution of the simulation
processor 2:3:17 used 0.0 Joules by being active during the execution of the simulation
The chip at 2,3 used 1.8 Joules by being idle during the execution of the simulation

processor 2:4:0 used 0.17777777777778633 Joules by being active during the execution of the simulation
processor 2:4:1 (running ChipPowerMonitor on 2, 4) used 0.0 Joules by being active during the execution of the simulation
processor 2:4:2 used 0.0 Joules by being active during the execution of the simulation
processor 2:4:3 used 0.0 Joules by being active during the execution of the simulation
processor 2:4:4 used 0.0 Joules by being active during the execution of the simulation
processor 2:4:5 used 0.0 Joules by being active during the execution of the simulation
processor 2:4:6 used 0.0 Joules by being active during the execution of the simulation
processor 2:4:7 used 0.0 Joules by being active during the execution of the simulation
processor 2:4:8 used 0.0 Joules by being active during the execution of the simulation
processor 2:4:9 used 0.0 Joules by being active during the execution of the simulation
processor 2:4:10 used 0.00122097777777775 Joules by being active during the execution of the simulation
processor 2:4:11 used 0.0 Joules by being active during the execution of the simulation
processor 2:4:12 used 0.0 Joules by being active during the execution of the simulation
processor 2:4:13 used 0.0 Joules by being active during the execution of the simulation
processor 2:4:14 used 0.0 Joules by being active during the execution of the simulation
processor 2:4:15 used 0.0 Joules by being active during the execution of the simulation
processor 2:4:16 used 0.0 Joules by being active during the execution of the simulation
processor 2:4:17 used 0.0 Joules by being active during the execution of the simulation
The chip at 2,4 used 1.8 Joules by being idle during the execution of the simulation

processor 2:5:0 used 0.17777777777778633 Joules by being active during the execution of the simulation
processor 2:5:1 (running ChipPowerMonitor on 2, 5) used 0.035555555555555465 Joules by being active during the execution of the simulation
processor 2:5:2 used 0.0 Joules by being active during the execution of the simulation
processor 2:5:3 used 0.0 Joules by being active during the execution of the simulation
processor 2:5:4 used 0.0 Joules by being active during the execution of the simulation
processor 2:5:5 used 0.0 Joules by being active during the execution of the simulation
processor 2:5:6 used 0.0 Joules by being active during the execution of the simulation
processor 2:5:7 used 0.0 Joules by being active during the execution of the simulation
processor 2:5:8 used 0.0 Joules by being active during the execution of the simulation
processor 2:5:9 used 0.0 Joules by being active during the execution of the simulation
processor 2:5:10 used 0.0012259555555555269 Joules by being active during the execution of the simulation
processor 2:5:11 used 0.0 Joules by being active during the execution of the simulation
processor 2:5:12 used 0.0 Joules by being active during the execution of the simulation
processor 2:5:13 used 0.0 Joules by being active during the execution of the simulation
processor 2:5:14 used 0.0 Joules by being active during the execution of the simulation
processor 2:5:15 used 0.0 Joules by being active during the execution of the simulation
processor 2:5:16 used 0.0 Joules by being active during the execution of the simulation
processor 2:5:17 used 0.0 Joules by being active during the execution of the simulation
The chip at 2,5 used 1.8 Joules by being idle during the execution of the simulation

processor 3:0:0 used 0.17777777777778633 Joules by being active during the execution of the simulation
processor 3:0:1 (running ChipPowerMonitor on 3, 0) used 0.07111039999999692 Joules by being active during the execution of the simulation
processor 3:0:2 used 0.0 Joules by being active during the execution of the simulation
processor 3:0:3 used 0.0 Joules by being active during the execution of the simulation
processor 3:0:4 used 0.0 Joules by being active during the execution of the simulation
processor 3:0:5 used 0.0 Joules by being active during the execution of the simulation
processor 3:0:6 used 0.0 Joules by being active during the execution of the simulation
processor 3:0:7 used 0.0 Joules by being active during the execution of the simulation
processor 3:0:8 used 0.0 Joules by being active during the execution of the simulation
processor 3:0:9 used 0.0 Joules by being active during the execution of the simulation
processor 3:0:10 used 0.0012238222222221943 Joules by being active during the execution of the simulation
processor 3:0:11 used 0.0 Joules by being active during the execution of the simulation
processor 3:0:12 used 0.0 Joules by being active during the execution of the simulation
processor 3:0:13 used 0.0 Joules by being active during the execution of the simulation
processor 3:0:14 used 0.0 Joules by being active during the execution of the simulation
processor 3:0:15 used 0.0 Joules by being active during the execution of the simulation
processor 3:0:16 used 0.0 Joules by being active during the execution of the simulation
processor 3:0:17 used 0.0 Joules by being active during the execution of the simulation
The chip at 3,0 used 1.8 Joules by being idle during the execution of the simulation

processor 3:1:0 used 0.17777777777778633 Joules by being active during the execution of the simulation
processor 3:1:1 (running ChipPowerMonitor on 3, 1) used 3.5555555555555553e-07 Joules by being active during the execution of the simulation
processor 3:1:2 used 0.01098382222222233 Joules by being active during the execution of the simulation
processor 3:1:3 used 0.011089422222222308 Joules by being active during the execution of the simulation
processor 3:1:4 used 0.011068444444444542 Joules by being active during the execution of the simulation
processor 3:1:5 used 0.01106915555555564 Joules by being active during the execution of the simulation
processor 3:1:6 used 0.0 Joules by being active during the execution of the simulation
processor 3:1:7 used 0.011106133333333445 Joules by being active during the execution of the simulation
processor 3:1:8 used 0.010943644444444537 Joules by being active during the execution of the simulation
processor 3:1:9 used 0.011183288888889009 Joules by being active during the execution of the simulation
processor 3:1:10 used 0.0 Joules by being active during the execution of the simulation
processor 3:1:11 used 0.01105315555555564 Joules by being active during the execution of the simulation
processor 3:1:12 used 0.011126044444444549 Joules by being active during the execution of the simulation
processor 3:1:13 used 0.011189688888889038 Joules by being active during the execution of the simulation
processor 3:1:14 used 0.0110055111111112 Joules by being active during the execution of the simulation
processor 3:1:15 used 0.011166222222222343 Joules by being active during the execution of the simulation
processor 3:1:16 used 0.01108480000000011 Joules by being active during the execution of the simulation
processor 3:1:17 used 0.0012583111111110854 Joules by being active during the execution of the simulation
The chip at 3,1 used 1.8 Joules by being idle during the execution of the simulation

processor 3:2:0 used 0.17777777777778633 Joules by being active during the execution of the simulation
processor 3:2:1 (running ChipPowerMonitor on 3, 2) used 0.035555911111111026 Joules by being active during the execution of the simulation
processor 3:2:2 used 0.0 Joules by being active during the execution of the simulation
processor 3:2:3 used 0.0 Joules by being active during the execution of the simulation
processor 3:2:4 used 0.0 Joules by being active during the execution of the simulation
processor 3:2:5 used 0.0 Joules by being active during the execution of the simulation
processor 3:2:6 used 0.0 Joules by being active during the execution of the simulation
processor 3:2:7 used 0.0 Joules by being active during the execution of the simulation
processor 3:2:8 used 0.0 Joules by being active during the execution of the simulation
processor 3:2:9 used 0.0 Joules by being active during the execution of the simulation
processor 3:2:10 used 0.0012284444444444166 Joules by being active during the execution of the simulation
processor 3:2:11 used 0.0 Joules by being active during the execution of the simulation
processor 3:2:12 used 0.0 Joules by being active during the execution of the simulation
processor 3:2:13 used 0.0 Joules by being active during the execution of the simulation
processor 3:2:14 used 0.0 Joules by being active during the execution of the simulation
processor 3:2:15 used 0.0 Joules by being active during the execution of the simulation
processor 3:2:16 used 0.0 Joules by being active during the execution of the simulation
processor 3:2:17 used 0.0 Joules by being active during the execution of the simulation
The chip at 3,2 used 1.8 Joules by being idle during the execution of the simulation

processor 3:3:0 used 0.17777777777778633 Joules by being active during the execution of the simulation
processor 3:3:1 (running ChipPowerMonitor on 3, 3) used 0.0 Joules by being active during the execution of the simulation
processor 3:3:2 used 0.0 Joules by being active during the execution of the simulation
processor 3:3:3 used 0.0 Joules by being active during the execution of the simulation
processor 3:3:4 used 0.0 Joules by being active during the execution of the simulation
processor 3:3:5 used 0.0 Joules by being active during the execution of the simulation
processor 3:3:6 used 0.0 Joules by being active during the execution of the simulation
processor 3:3:7 used 0.0 Joules by being active during the execution of the simulation
processor 3:3:8 used 0.0 Joules by being active during the execution of the simulation
processor 3:3:9 used 0.0 Joules by being active during the execution of the simulation
processor 3:3:10 used 0.0 Joules by being active during the execution of the simulation
processor 3:3:11 used 0.0 Joules by being active during the execution of the simulation
processor 3:3:12 used 0.0 Joules by being active during the execution of the simulation
processor 3:3:13 used 0.0 Joules by being active during the execution of the simulation
processor 3:3:14 used 0.0 Joules by being active during the execution of the simulation
processor 3:3:15 used 0.0012479999999999742 Joules by being active during the execution of the simulation
processor 3:3:16 used 0.0 Joules by being active during the execution of the simulation
processor 3:3:17 used 0.0 Joules by being active during the execution of the simulation
The chip at 3,3 used 1.8 Joules by being idle during the execution of the simulation

processor 3:4:0 used 0.17777777777778633 Joules by being active during the execution of the simulation
processor 3:4:1 (running ChipPowerMonitor on 3, 4) used 0.035555911111111026 Joules by being active during the execution of the simulation
processor 3:4:2 used 0.0 Joules by being active during the execution of the simulation
processor 3:4:3 used 0.0 Joules by being active during the execution of the simulation
processor 3:4:4 used 0.0 Joules by being active during the execution of the simulation
processor 3:4:5 used 0.0 Joules by being active during the execution of the simulation
processor 3:4:6 used 0.0 Joules by being active during the execution of the simulation
processor 3:4:7 used 0.0 Joules by being active during the execution of the simulation
processor 3:4:8 used 0.0 Joules by being active during the execution of the simulation
processor 3:4:9 used 0.0 Joules by being active during the execution of the simulation
processor 3:4:10 used 0.0012295111111110836 Joules by being active during the execution of the simulation
processor 3:4:11 used 0.0 Joules by being active during the execution of the simulation
processor 3:4:12 used 0.0 Joules by being active during the execution of the simulation
processor 3:4:13 used 0.0 Joules by being active during the execution of the simulation
processor 3:4:14 used 0.0 Joules by being active during the execution of the simulation
processor 3:4:15 used 0.0 Joules by being active during the execution of the simulation
processor 3:4:16 used 0.0 Joules by being active during the execution of the simulation
processor 3:4:17 used 0.0 Joules by being active during the execution of the simulation
The chip at 3,4 used 1.8 Joules by being idle during the execution of the simulation

processor 3:5:0 used 0.17777777777778633 Joules by being active during the execution of the simulation
processor 3:5:1 (running ChipPowerMonitor on 3, 5) used 0.0 Joules by being active during the execution of the simulation
processor 3:5:2 used 0.0 Joules by being active during the execution of the simulation
processor 3:5:3 used 0.0 Joules by being active during the execution of the simulation
processor 3:5:4 used 0.0 Joules by being active during the execution of the simulation
processor 3:5:5 used 0.0 Joules by being active during the execution of the simulation
processor 3:5:6 used 0.0 Joules by being active during the execution of the simulation
processor 3:5:7 used 0.0 Joules by being active during the execution of the simulation
processor 3:5:8 used 0.0 Joules by being active during the execution of the simulation
processor 3:5:9 used 0.0 Joules by being active during the execution of the simulation
processor 3:5:10 used 0.001222755555555525 Joules by being active during the execution of the simulation
processor 3:5:11 used 0.0 Joules by being active during the execution of the simulation
processor 3:5:12 used 0.0 Joules by being active during the execution of the simulation
processor 3:5:13 used 0.0 Joules by being active during the execution of the simulation
processor 3:5:14 used 0.0 Joules by being active during the execution of the simulation
processor 3:5:15 used 0.0 Joules by being active during the execution of the simulation
processor 3:5:16 used 0.0 Joules by being active during the execution of the simulation
processor 3:5:17 used 0.0 Joules by being active during the execution of the simulation
The chip at 3,5 used 1.8 Joules by being idle during the execution of the simulation

processor 3:6:0 used 0.17777777777778633 Joules by being active during the execution of the simulation
processor 3:6:1 (running ChipPowerMonitor on 3, 6) used 0.0 Joules by being active during the execution of the simulation
processor 3:6:2 used 0.0 Joules by being active during the execution of the simulation
processor 3:6:3 used 0.0 Joules by being active during the execution of the simulation
processor 3:6:4 used 0.0 Joules by being active during the execution of the simulation
processor 3:6:5 used 0.0 Joules by being active during the execution of the simulation
processor 3:6:6 used 0.0 Joules by being active during the execution of the simulation
processor 3:6:7 used 0.0 Joules by being active during the execution of the simulation
processor 3:6:8 used 0.0 Joules by being active during the execution of the simulation
processor 3:6:9 used 0.0 Joules by being active during the execution of the simulation
processor 3:6:10 used 0.0012284444444444164 Joules by being active during the execution of the simulation
processor 3:6:11 used 0.0 Joules by being active during the execution of the simulation
processor 3:6:12 used 0.0 Joules by being active during the execution of the simulation
processor 3:6:13 used 0.0 Joules by being active during the execution of the simulation
processor 3:6:14 used 0.0 Joules by being active during the execution of the simulation
processor 3:6:15 used 0.0 Joules by being active during the execution of the simulation
processor 3:6:16 used 0.0 Joules by being active during the execution of the simulation
processor 3:6:17 used 0.0 Joules by being active during the execution of the simulation
The chip at 3,6 used 1.8 Joules by being idle during the execution of the simulation

processor 4:0:0 used 0.17777777777778633 Joules by being active during the execution of the simulation
processor 4:0:1 (running ChipPowerMonitor on 4, 0) used 0.03554737777777769 Joules by being active during the execution of the simulation
processor 4:0:2 used 0.0 Joules by being active during the execution of the simulation
processor 4:0:3 used 0.0 Joules by being active during the execution of the simulation
processor 4:0:4 used 0.0 Joules by being active during the execution of the simulation
processor 4:0:5 used 0.0 Joules by being active during the execution of the simulation
processor 4:0:6 used 0.0 Joules by being active during the execution of the simulation
processor 4:0:7 used 0.0 Joules by being active during the execution of the simulation
processor 4:0:8 used 0.0 Joules by being active during the execution of the simulation
processor 4:0:9 used 0.0 Joules by being active during the execution of the simulation
processor 4:0:10 used 0.0012266666666666374 Joules by being active during the execution of the simulation
processor 4:0:11 used 0.0 Joules by being active during the execution of the simulation
processor 4:0:12 used 0.0 Joules by being active during the execution of the simulation
processor 4:0:13 used 0.0 Joules by being active during the execution of the simulation
processor 4:0:14 used 0.0 Joules by being active during the execution of the simulation
processor 4:0:15 used 0.0 Joules by being active during the execution of the simulation
processor 4:0:16 used 0.0 Joules by being active during the execution of the simulation
processor 4:0:17 used 0.0 Joules by being active during the execution of the simulation
The chip at 4,0 used 1.8 Joules by being idle during the execution of the simulation

processor 4:1:0 used 0.17777777777778633 Joules by being active during the execution of the simulation
processor 4:1:1 (running ChipPowerMonitor on 4, 1) used 0.0 Joules by being active during the execution of the simulation
processor 4:1:2 used 0.0 Joules by being active during the execution of the simulation
processor 4:1:3 used 0.0 Joules by being active during the execution of the simulation
processor 4:1:4 used 0.0 Joules by being active during the execution of the simulation
processor 4:1:5 used 0.0 Joules by being active during the execution of the simulation
processor 4:1:6 used 0.0 Joules by being active during the execution of the simulation
processor 4:1:7 used 0.0 Joules by being active during the execution of the simulation
processor 4:1:8 used 0.0 Joules by being active during the execution of the simulation
processor 4:1:9 used 0.0 Joules by being active during the execution of the simulation
processor 4:1:10 used 0.0012241777777777492 Joules by being active during the execution of the simulation
processor 4:1:11 used 0.0 Joules by being active during the execution of the simulation
processor 4:1:12 used 0.0 Joules by being active during the execution of the simulation
processor 4:1:13 used 0.0 Joules by being active during the execution of the simulation
processor 4:1:14 used 0.0 Joules by being active during the execution of the simulation
processor 4:1:15 used 0.0 Joules by being active during the execution of the simulation
processor 4:1:16 used 0.0 Joules by being active during the execution of the simulation
processor 4:1:17 used 0.0 Joules by being active during the execution of the simulation
The chip at 4,1 used 1.8 Joules by being idle during the execution of the simulation

processor 4:2:0 used 0.17777777777778633 Joules by being active during the execution of the simulation
processor 4:2:1 (running ChipPowerMonitor on 4, 2) used 0.035555911111111026 Joules by being active during the execution of the simulation
processor 4:2:2 used 0.0 Joules by being active during the execution of the simulation
processor 4:2:3 used 0.0 Joules by being active during the execution of the simulation
processor 4:2:4 used 0.0 Joules by being active during the execution of the simulation
processor 4:2:5 used 0.0 Joules by being active during the execution of the simulation
processor 4:2:6 used 0.0 Joules by being active during the execution of the simulation
processor 4:2:7 used 0.0 Joules by being active during the execution of the simulation
processor 4:2:8 used 0.0 Joules by being active during the execution of the simulation
processor 4:2:9 used 0.0 Joules by being active during the execution of the simulation
processor 4:2:10 used 0.0 Joules by being active during the execution of the simulation
processor 4:2:11 used 0.0 Joules by being active during the execution of the simulation
processor 4:2:12 used 0.0 Joules by being active during the execution of the simulation
processor 4:2:13 used 0.0 Joules by being active during the execution of the simulation
processor 4:2:14 used 0.0 Joules by being active during the execution of the simulation
processor 4:2:15 used 0.0 Joules by being active during the execution of the simulation
processor 4:2:16 used 0.0 Joules by being active during the execution of the simulation
processor 4:2:17 used 0.001214222222222194 Joules by being active during the execution of the simulation
The chip at 4,2 used 1.8 Joules by being idle during the execution of the simulation

processor 4:3:0 used 0.17777777777778633 Joules by being active during the execution of the simulation
processor 4:3:1 (running ChipPowerMonitor on 4, 3) used 3.5555555555555553e-07 Joules by being active during the execution of the simulation
processor 4:3:2 used 0.0 Joules by being active during the execution of the simulation
processor 4:3:3 used 0.0 Joules by being active during the execution of the simulation
processor 4:3:4 used 0.0 Joules by being active during the execution of the simulation
processor 4:3:5 used 0.0 Joules by being active during the execution of the simulation
processor 4:3:6 used 0.0 Joules by being active during the execution of the simulation
processor 4:3:7 used 0.0 Joules by being active during the execution of the simulation
processor 4:3:8 used 0.0 Joules by being active during the execution of the simulation
processor 4:3:9 used 0.0 Joules by being active during the execution of the simulation
processor 4:3:10 used 0.0012309333333333067 Joules by being active during the execution of the simulation
processor 4:3:11 used 0.0 Joules by being active during the execution of the simulation
processor 4:3:12 used 0.0 Joules by being active during the execution of the simulation
processor 4:3:13 used 0.0 Joules by being active during the execution of the simulation
processor 4:3:14 used 0.0 Joules by being active during the execution of the simulation
processor 4:3:15 used 0.0 Joules by being active during the execution of the simulation
processor 4:3:16 used 0.0 Joules by being active during the execution of the simulation
processor 4:3:17 used 0.0 Joules by being active during the execution of the simulation
The chip at 4,3 used 1.8 Joules by being idle during the execution of the simulation

processor 4:4:0 used 0.17777777777778633 Joules by being active during the execution of the simulation
processor 4:4:1 (running ChipPowerMonitor on 4, 4) used 0.0 Joules by being active during the execution of the simulation
processor 4:4:2 used 0.0 Joules by being active during the execution of the simulation
processor 4:4:3 used 0.0 Joules by being active during the execution of the simulation
processor 4:4:4 used 0.0 Joules by being active during the execution of the simulation
processor 4:4:5 used 0.0 Joules by being active during the execution of the simulation
processor 4:4:6 used 0.0 Joules by being active during the execution of the simulation
processor 4:4:7 used 0.0 Joules by being active during the execution of the simulation
processor 4:4:8 used 0.0 Joules by being active during the execution of the simulation
processor 4:4:9 used 0.0 Joules by being active during the execution of the simulation
processor 4:4:10 used 0.0012188444444444157 Joules by being active during the execution of the simulation
processor 4:4:11 used 0.0 Joules by being active during the execution of the simulation
processor 4:4:12 used 0.0 Joules by being active during the execution of the simulation
processor 4:4:13 used 0.0 Joules by being active during the execution of the simulation
processor 4:4:14 used 0.0 Joules by being active during the execution of the simulation
processor 4:4:15 used 0.0 Joules by being active during the execution of the simulation
processor 4:4:16 used 0.0 Joules by being active during the execution of the simulation
processor 4:4:17 used 0.0 Joules by being active during the execution of the simulation
The chip at 4,4 used 1.8 Joules by being idle during the execution of the simulation

processor 4:5:0 used 0.17777777777778633 Joules by being active during the execution of the simulation
processor 4:5:1 (running ChipPowerMonitor on 4, 5) used 0.0 Joules by being active during the execution of the simulation
processor 4:5:2 used 0.0 Joules by being active during the execution of the simulation
processor 4:5:3 used 0.0 Joules by being active during the execution of the simulation
processor 4:5:4 used 0.0 Joules by being active during the execution of the simulation
processor 4:5:5 used 0.0 Joules by being active during the execution of the simulation
processor 4:5:6 used 0.0 Joules by being active during the execution of the simulation
processor 4:5:7 used 0.0 Joules by being active during the execution of the simulation
processor 4:5:8 used 0.0 Joules by being active during the execution of the simulation
processor 4:5:9 used 0.0 Joules by being active during the execution of the simulation
processor 4:5:10 used 0.0012227555555555272 Joules by being active during the execution of the simulation
processor 4:5:11 used 0.0 Joules by being active during the execution of the simulation
processor 4:5:12 used 0.0 Joules by being active during the execution of the simulation
processor 4:5:13 used 0.0 Joules by being active during the execution of the simulation
processor 4:5:14 used 0.0 Joules by being active during the execution of the simulation
processor 4:5:15 used 0.0 Joules by being active during the execution of the simulation
processor 4:5:16 used 0.0 Joules by being active during the execution of the simulation
processor 4:5:17 used 0.0 Joules by being active during the execution of the simulation
The chip at 4,5 used 1.8 Joules by being idle during the execution of the simulation

processor 4:6:0 used 0.17777777777778633 Joules by being active during the execution of the simulation
processor 4:6:1 (running ChipPowerMonitor on 4, 6) used 0.0 Joules by being active during the execution of the simulation
processor 4:6:2 used 0.0 Joules by being active during the execution of the simulation
processor 4:6:3 used 0.0 Joules by being active during the execution of the simulation
processor 4:6:4 used 0.0 Joules by being active during the execution of the simulation
processor 4:6:5 used 0.0 Joules by being active during the execution of the simulation
processor 4:6:6 used 0.0 Joules by being active during the execution of the simulation
processor 4:6:7 used 0.0 Joules by being active during the execution of the simulation
processor 4:6:8 used 0.0 Joules by being active during the execution of the simulation
processor 4:6:9 used 0.0 Joules by being active during the execution of the simulation
processor 4:6:10 used 0.001216711111111082 Joules by being active during the execution of the simulation
processor 4:6:11 used 0.0 Joules by being active during the execution of the simulation
processor 4:6:12 used 0.0 Joules by being active during the execution of the simulation
processor 4:6:13 used 0.0 Joules by being active during the execution of the simulation
processor 4:6:14 used 0.0 Joules by being active during the execution of the simulation
processor 4:6:15 used 0.0 Joules by being active during the execution of the simulation
processor 4:6:16 used 0.0 Joules by being active during the execution of the simulation
processor 4:6:17 used 0.0 Joules by being active during the execution of the simulation
The chip at 4,6 used 1.8 Joules by being idle during the execution of the simulation

processor 4:7:0 used 0.17777777777778633 Joules by being active during the execution of the simulation
processor 4:7:1 (running ChipPowerMonitor on 4, 7) used 0.035555911111111026 Joules by being active during the execution of the simulation
processor 4:7:2 used 0.0 Joules by being active during the execution of the simulation
processor 4:7:3 used 0.0 Joules by being active during the execution of the simulation
processor 4:7:4 used 0.0 Joules by being active during the execution of the simulation
processor 4:7:5 used 0.0 Joules by being active during the execution of the simulation
processor 4:7:6 used 0.0 Joules by being active during the execution of the simulation
processor 4:7:7 used 0.0 Joules by being active during the execution of the simulation
processor 4:7:8 used 0.0 Joules by being active during the execution of the simulation
processor 4:7:9 used 0.0 Joules by being active during the execution of the simulation
processor 4:7:10 used 0.0012231111111110833 Joules by being active during the execution of the simulation
processor 4:7:11 used 0.0 Joules by being active during the execution of the simulation
processor 4:7:12 used 0.0 Joules by being active during the execution of the simulation
processor 4:7:13 used 0.0 Joules by being active during the execution of the simulation
processor 4:7:14 used 0.0 Joules by being active during the execution of the simulation
processor 4:7:15 used 0.0 Joules by being active during the execution of the simulation
processor 4:7:16 used 0.0 Joules by being active during the execution of the simulation
processor 4:7:17 used 0.0 Joules by being active during the execution of the simulation
The chip at 4,7 used 1.8 Joules by being idle during the execution of the simulation

processor 5:1:0 used 0.17777777777778633 Joules by being active during the execution of the simulation
processor 5:1:1 (running ChipPowerMonitor on 5, 1) used 0.0 Joules by being active during the execution of the simulation
processor 5:1:2 used 0.0 Joules by being active during the execution of the simulation
processor 5:1:3 used 0.0 Joules by being active during the execution of the simulation
processor 5:1:4 used 0.0 Joules by being active during the execution of the simulation
processor 5:1:5 used 0.0 Joules by being active during the execution of the simulation
processor 5:1:6 used 0.0 Joules by being active during the execution of the simulation
processor 5:1:7 used 0.0 Joules by being active during the execution of the simulation
processor 5:1:8 used 0.0 Joules by being active during the execution of the simulation
processor 5:1:9 used 0.0 Joules by being active during the execution of the simulation
processor 5:1:10 used 0.0012163555555555264 Joules by being active during the execution of the simulation
processor 5:1:11 used 0.0 Joules by being active during the execution of the simulation
processor 5:1:12 used 0.0 Joules by being active during the execution of the simulation
processor 5:1:13 used 0.0 Joules by being active during the execution of the simulation
processor 5:1:14 used 0.0 Joules by being active during the execution of the simulation
processor 5:1:15 used 0.0 Joules by being active during the execution of the simulation
processor 5:1:16 used 0.0 Joules by being active during the execution of the simulation
processor 5:1:17 used 0.0 Joules by being active during the execution of the simulation
The chip at 5,1 used 1.8 Joules by being idle during the execution of the simulation

processor 5:2:0 used 0.17777777777778633 Joules by being active during the execution of the simulation
processor 5:2:1 (running ChipPowerMonitor on 5, 2) used 0.07111039999999692 Joules by being active during the execution of the simulation
processor 5:2:2 used 0.0 Joules by being active during the execution of the simulation
processor 5:2:3 used 0.0 Joules by being active during the execution of the simulation
processor 5:2:4 used 0.0 Joules by being active during the execution of the simulation
processor 5:2:5 used 0.0 Joules by being active during the execution of the simulation
processor 5:2:6 used 0.0 Joules by being active during the execution of the simulation
processor 5:2:7 used 0.0 Joules by being active during the execution of the simulation
processor 5:2:8 used 0.0 Joules by being active during the execution of the simulation
processor 5:2:9 used 0.0 Joules by being active during the execution of the simulation
processor 5:2:10 used 0.0012305777777777507 Joules by being active during the execution of the simulation
processor 5:2:11 used 0.0 Joules by being active during the execution of the simulation
processor 5:2:12 used 0.0 Joules by being active during the execution of the simulation
processor 5:2:13 used 0.0 Joules by being active during the execution of the simulation
processor 5:2:14 used 0.0 Joules by being active during the execution of the simulation
processor 5:2:15 used 0.0 Joules by being active during the execution of the simulation
processor 5:2:16 used 0.0 Joules by being active during the execution of the simulation
processor 5:2:17 used 0.0 Joules by being active during the execution of the simulation
The chip at 5,2 used 1.8 Joules by being idle during the execution of the simulation

processor 5:3:0 used 0.17777777777778633 Joules by being active during the execution of the simulation
processor 5:3:1 (running ChipPowerMonitor on 5, 3) used 0.0 Joules by being active during the execution of the simulation
processor 5:3:2 used 0.0 Joules by being active during the execution of the simulation
processor 5:3:3 used 0.0 Joules by being active during the execution of the simulation
processor 5:3:4 used 0.0 Joules by being active during the execution of the simulation
processor 5:3:5 used 0.0 Joules by being active during the execution of the simulation
processor 5:3:6 used 0.0 Joules by being active during the execution of the simulation
processor 5:3:7 used 0.0 Joules by being active during the execution of the simulation
processor 5:3:8 used 0.0 Joules by being active during the execution of the simulation
processor 5:3:9 used 0.0 Joules by being active during the execution of the simulation
processor 5:3:10 used 0.0012309333333333056 Joules by being active during the execution of the simulation
processor 5:3:11 used 0.0 Joules by being active during the execution of the simulation
processor 5:3:12 used 0.0 Joules by being active during the execution of the simulation
processor 5:3:13 used 0.0 Joules by being active during the execution of the simulation
processor 5:3:14 used 0.0 Joules by being active during the execution of the simulation
processor 5:3:15 used 0.0 Joules by being active during the execution of the simulation
processor 5:3:16 used 0.0 Joules by being active during the execution of the simulation
processor 5:3:17 used 0.0 Joules by being active during the execution of the simulation
The chip at 5,3 used 1.8 Joules by being idle during the execution of the simulation

processor 5:4:0 used 0.17777777777778633 Joules by being active during the execution of the simulation
processor 5:4:1 (running ChipPowerMonitor on 5, 4) used 0.0 Joules by being active during the execution of the simulation
processor 5:4:2 used 0.0 Joules by being active during the execution of the simulation
processor 5:4:3 used 0.0 Joules by being active during the execution of the simulation
processor 5:4:4 used 0.0 Joules by being active during the execution of the simulation
processor 5:4:5 used 0.0 Joules by being active during the execution of the simulation
processor 5:4:6 used 0.0 Joules by being active during the execution of the simulation
processor 5:4:7 used 0.0 Joules by being active during the execution of the simulation
processor 5:4:8 used 0.0 Joules by being active during the execution of the simulation
processor 5:4:9 used 0.0 Joules by being active during the execution of the simulation
processor 5:4:10 used 0.0 Joules by being active during the execution of the simulation
processor 5:4:11 used 0.0012184888888888625 Joules by being active during the execution of the simulation
processor 5:4:12 used 0.0 Joules by being active during the execution of the simulation
processor 5:4:13 used 0.0 Joules by being active during the execution of the simulation
processor 5:4:14 used 0.0 Joules by being active during the execution of the simulation
processor 5:4:15 used 0.0 Joules by being active during the execution of the simulation
processor 5:4:16 used 0.0 Joules by being active during the execution of the simulation
processor 5:4:17 used 0.0 Joules by being active during the execution of the simulation
The chip at 5,4 used 1.8 Joules by being idle during the execution of the simulation

processor 5:5:0 used 0.17777777777778633 Joules by being active during the execution of the simulation
processor 5:5:1 (running ChipPowerMonitor on 5, 5) used 0.0 Joules by being active during the execution of the simulation
processor 5:5:2 used 0.0 Joules by being active during the execution of the simulation
processor 5:5:3 used 0.0 Joules by being active during the execution of the simulation
processor 5:5:4 used 0.0 Joules by being active during the execution of the simulation
processor 5:5:5 used 0.0 Joules by being active during the execution of the simulation
processor 5:5:6 used 0.0 Joules by being active during the execution of the simulation
processor 5:5:7 used 0.0 Joules by being active during the execution of the simulation
processor 5:5:8 used 0.0 Joules by being active during the execution of the simulation
processor 5:5:9 used 0.0 Joules by being active during the execution of the simulation
processor 5:5:10 used 0.0012231111111110817 Joules by being active during the execution of the simulation
processor 5:5:11 used 0.0 Joules by being active during the execution of the simulation
processor 5:5:12 used 0.0 Joules by being active during the execution of the simulation
processor 5:5:13 used 0.0 Joules by being active during the execution of the simulation
processor 5:5:14 used 0.0 Joules by being active during the execution of the simulation
processor 5:5:15 used 0.0 Joules by being active during the execution of the simulation
processor 5:5:16 used 0.0 Joules by being active during the execution of the simulation
processor 5:5:17 used 0.0 Joules by being active during the execution of the simulation
The chip at 5,5 used 1.8 Joules by being idle during the execution of the simulation

processor 5:6:0 used 0.17777777777778633 Joules by being active during the execution of the simulation
processor 5:6:1 (running ChipPowerMonitor on 5, 6) used 0.035555911111111026 Joules by being active during the execution of the simulation
processor 5:6:2 used 0.0 Joules by being active during the execution of the simulation
processor 5:6:3 used 0.0 Joules by being active during the execution of the simulation
processor 5:6:4 used 0.0 Joules by being active during the execution of the simulation
processor 5:6:5 used 0.0 Joules by being active during the execution of the simulation
processor 5:6:6 used 0.0 Joules by being active during the execution of the simulation
processor 5:6:7 used 0.0 Joules by being active during the execution of the simulation
processor 5:6:8 used 0.0 Joules by being active during the execution of the simulation
processor 5:6:9 used 0.0 Joules by being active during the execution of the simulation
processor 5:6:10 used 0.0012170666666666374 Joules by being active during the execution of the simulation
processor 5:6:11 used 0.0 Joules by being active during the execution of the simulation
processor 5:6:12 used 0.0 Joules by being active during the execution of the simulation
processor 5:6:13 used 0.0 Joules by being active during the execution of the simulation
processor 5:6:14 used 0.0 Joules by being active during the execution of the simulation
processor 5:6:15 used 0.0 Joules by being active during the execution of the simulation
processor 5:6:16 used 0.0 Joules by being active during the execution of the simulation
processor 5:6:17 used 0.0 Joules by being active during the execution of the simulation
The chip at 5,6 used 1.8 Joules by being idle during the execution of the simulation

processor 5:7:0 used 0.17777777777778633 Joules by being active during the execution of the simulation
processor 5:7:1 (running ChipPowerMonitor on 5, 7) used 3.5555555555555553e-07 Joules by being active during the execution of the simulation
processor 5:7:2 used 0.0 Joules by being active during the execution of the simulation
processor 5:7:3 used 0.0 Joules by being active during the execution of the simulation
processor 5:7:4 used 0.0 Joules by being active during the execution of the simulation
processor 5:7:5 used 0.0 Joules by being active during the execution of the simulation
processor 5:7:6 used 0.0 Joules by being active during the execution of the simulation
processor 5:7:7 used 0.0 Joules by being active during the execution of the simulation
processor 5:7:8 used 0.0 Joules by being active during the execution of the simulation
processor 5:7:9 used 0.0 Joules by being active during the execution of the simulation
processor 5:7:10 used 0.001225244444444417 Joules by being active during the execution of the simulation
processor 5:7:11 used 0.0 Joules by being active during the execution of the simulation
processor 5:7:12 used 0.0 Joules by being active during the execution of the simulation
processor 5:7:13 used 0.0 Joules by being active during the execution of the simulation
processor 5:7:14 used 0.0 Joules by being active during the execution of the simulation
processor 5:7:15 used 0.0 Joules by being active during the execution of the simulation
processor 5:7:16 used 0.0 Joules by being active during the execution of the simulation
processor 5:7:17 used 0.0 Joules by being active during the execution of the simulation
The chip at 5,7 used 1.8 Joules by being idle during the execution of the simulation

processor 6:2:0 used 0.17777777777778633 Joules by being active during the execution of the simulation
processor 6:2:1 (running ChipPowerMonitor on 6, 2) used 0.0 Joules by being active during the execution of the simulation
processor 6:2:2 used 0.0 Joules by being active during the execution of the simulation
processor 6:2:3 used 0.0 Joules by being active during the execution of the simulation
processor 6:2:4 used 0.0 Joules by being active during the execution of the simulation
processor 6:2:5 used 0.0 Joules by being active during the execution of the simulation
processor 6:2:6 used 0.0 Joules by being active during the execution of the simulation
processor 6:2:7 used 0.0 Joules by being active during the execution of the simulation
processor 6:2:8 used 0.0 Joules by being active during the execution of the simulation
processor 6:2:9 used 0.0 Joules by being active during the execution of the simulation
processor 6:2:10 used 0.0012216888888888612 Joules by being active during the execution of the simulation
processor 6:2:11 used 0.0 Joules by being active during the execution of the simulation
processor 6:2:12 used 0.0 Joules by being active during the execution of the simulation
processor 6:2:13 used 0.0 Joules by being active during the execution of the simulation
processor 6:2:14 used 0.0 Joules by being active during the execution of the simulation
processor 6:2:15 used 0.0 Joules by being active during the execution of the simulation
processor 6:2:16 used 0.0 Joules by being active during the execution of the simulation
processor 6:2:17 used 0.0 Joules by being active during the execution of the simulation
The chip at 6,2 used 1.8 Joules by being idle during the execution of the simulation

processor 6:3:0 used 0.17777777777778633 Joules by being active during the execution of the simulation
processor 6:3:1 (running ChipPowerMonitor on 6, 3) used 0.0 Joules by being active during the execution of the simulation
processor 6:3:2 used 0.0 Joules by being active during the execution of the simulation
processor 6:3:3 used 0.0 Joules by being active during the execution of the simulation
processor 6:3:4 used 0.0 Joules by being active during the execution of the simulation
processor 6:3:5 used 0.0 Joules by being active during the execution of the simulation
processor 6:3:6 used 0.0 Joules by being active during the execution of the simulation
processor 6:3:7 used 0.0 Joules by being active during the execution of the simulation
processor 6:3:8 used 0.0 Joules by being active during the execution of the simulation
processor 6:3:9 used 0.0 Joules by being active during the execution of the simulation
processor 6:3:10 used 0.0012231111111110848 Joules by being active during the execution of the simulation
processor 6:3:11 used 0.0 Joules by being active during the execution of the simulation
processor 6:3:12 used 0.0 Joules by being active during the execution of the simulation
processor 6:3:13 used 0.0 Joules by being active during the execution of the simulation
processor 6:3:14 used 0.0 Joules by being active during the execution of the simulation
processor 6:3:15 used 0.0 Joules by being active during the execution of the simulation
processor 6:3:16 used 0.0 Joules by being active during the execution of the simulation
processor 6:3:17 used 0.0 Joules by being active during the execution of the simulation
The chip at 6,3 used 1.8 Joules by being idle during the execution of the simulation

processor 6:4:0 used 0.17777777777778633 Joules by being active during the execution of the simulation
processor 6:4:1 (running ChipPowerMonitor on 6, 4) used 0.0 Joules by being active during the execution of the simulation
processor 6:4:2 used 0.0 Joules by being active during the execution of the simulation
processor 6:4:3 used 0.0 Joules by being active during the execution of the simulation
processor 6:4:4 used 0.0 Joules by being active during the execution of the simulation
processor 6:4:5 used 0.0 Joules by being active during the execution of the simulation
processor 6:4:6 used 0.0 Joules by being active during the execution of the simulation
processor 6:4:7 used 0.0 Joules by being active during the execution of the simulation
processor 6:4:8 used 0.0 Joules by being active during the execution of the simulation
processor 6:4:9 used 0.0 Joules by being active during the execution of the simulation
processor 6:4:10 used 0.001225244444444417 Joules by being active during the execution of the simulation
processor 6:4:11 used 0.0 Joules by being active during the execution of the simulation
processor 6:4:12 used 0.0 Joules by being active during the execution of the simulation
processor 6:4:13 used 0.0 Joules by being active during the execution of the simulation
processor 6:4:14 used 0.0 Joules by being active during the execution of the simulation
processor 6:4:15 used 0.0 Joules by being active during the execution of the simulation
processor 6:4:16 used 0.0 Joules by being active during the execution of the simulation
processor 6:4:17 used 0.0 Joules by being active during the execution of the simulation
The chip at 6,4 used 1.8 Joules by being idle during the execution of the simulation

processor 6:5:0 used 0.17777777777778633 Joules by being active during the execution of the simulation
processor 6:5:1 (running ChipPowerMonitor on 6, 5) used 0.0 Joules by being active during the execution of the simulation
processor 6:5:2 used 0.0 Joules by being active during the execution of the simulation
processor 6:5:3 used 0.0 Joules by being active during the execution of the simulation
processor 6:5:4 used 0.0 Joules by being active during the execution of the simulation
processor 6:5:5 used 0.0 Joules by being active during the execution of the simulation
processor 6:5:6 used 0.0 Joules by being active during the execution of the simulation
processor 6:5:7 used 0.0 Joules by being active during the execution of the simulation
processor 6:5:8 used 0.0 Joules by being active during the execution of the simulation
processor 6:5:9 used 0.0 Joules by being active during the execution of the simulation
processor 6:5:10 used 0.0012302222222221949 Joules by being active during the execution of the simulation
processor 6:5:11 used 0.0 Joules by being active during the execution of the simulation
processor 6:5:12 used 0.0 Joules by being active during the execution of the simulation
processor 6:5:13 used 0.0 Joules by being active during the execution of the simulation
processor 6:5:14 used 0.0 Joules by being active during the execution of the simulation
processor 6:5:15 used 0.0 Joules by being active during the execution of the simulation
processor 6:5:16 used 0.0 Joules by being active during the execution of the simulation
processor 6:5:17 used 0.0 Joules by being active during the execution of the simulation
The chip at 6,5 used 1.8 Joules by being idle during the execution of the simulation

processor 6:6:0 used 0.17777777777778633 Joules by being active during the execution of the simulation
processor 6:6:1 (running ChipPowerMonitor on 6, 6) used 0.035555555555555465 Joules by being active during the execution of the simulation
processor 6:6:2 used 0.0 Joules by being active during the execution of the simulation
processor 6:6:3 used 0.0 Joules by being active during the execution of the simulation
processor 6:6:4 used 0.0 Joules by being active during the execution of the simulation
processor 6:6:5 used 0.0 Joules by being active during the execution of the simulation
processor 6:6:6 used 0.0 Joules by being active during the execution of the simulation
processor 6:6:7 used 0.0 Joules by being active during the execution of the simulation
processor 6:6:8 used 0.0 Joules by being active during the execution of the simulation
processor 6:6:9 used 0.0 Joules by being active during the execution of the simulation
processor 6:6:10 used 0.001220977777777748 Joules by being active during the execution of the simulation
processor 6:6:11 used 0.0 Joules by being active during the execution of the simulation
processor 6:6:12 used 0.0 Joules by being active during the execution of the simulation
processor 6:6:13 used 0.0 Joules by being active during the execution of the simulation
processor 6:6:14 used 0.0 Joules by being active during the execution of the simulation
processor 6:6:15 used 0.0 Joules by being active during the execution of the simulation
processor 6:6:16 used 0.0 Joules by being active during the execution of the simulation
processor 6:6:17 used 0.0 Joules by being active during the execution of the simulation
The chip at 6,6 used 1.8 Joules by being idle during the execution of the simulation

processor 6:7:0 used 0.17777777777778633 Joules by being active during the execution of the simulation
processor 6:7:1 (running ChipPowerMonitor on 6, 7) used 0.0 Joules by being active during the execution of the simulation
processor 6:7:2 used 0.0 Joules by being active during the execution of the simulation
processor 6:7:3 used 0.0 Joules by being active during the execution of the simulation
processor 6:7:4 used 0.0 Joules by being active during the execution of the simulation
processor 6:7:5 used 0.0 Joules by being active during the execution of the simulation
processor 6:7:6 used 0.0 Joules by being active during the execution of the simulation
processor 6:7:7 used 0.0 Joules by being active during the execution of the simulation
processor 6:7:8 used 0.0 Joules by being active during the execution of the simulation
processor 6:7:9 used 0.0 Joules by being active during the execution of the simulation
processor 6:7:10 used 0.0012305777777777498 Joules by being active during the execution of the simulation
processor 6:7:11 used 0.0 Joules by being active during the execution of the simulation
processor 6:7:12 used 0.0 Joules by being active during the execution of the simulation
processor 6:7:13 used 0.0 Joules by being active during the execution of the simulation
processor 6:7:14 used 0.0 Joules by being active during the execution of the simulation
processor 6:7:15 used 0.0 Joules by being active during the execution of the simulation
processor 6:7:16 used 0.0 Joules by being active during the execution of the simulation
processor 6:7:17 used 0.0 Joules by being active during the execution of the simulation
The chip at 6,7 used 1.8 Joules by being idle during the execution of the simulation

processor 7:3:0 used 0.17777777777778633 Joules by being active during the execution of the simulation
processor 7:3:1 (running ChipPowerMonitor on 7, 3) used 0.035555555555555465 Joules by being active during the execution of the simulation
processor 7:3:2 used 0.0 Joules by being active during the execution of the simulation
processor 7:3:3 used 0.0 Joules by being active during the execution of the simulation
processor 7:3:4 used 0.0 Joules by being active during the execution of the simulation
processor 7:3:5 used 0.0 Joules by being active during the execution of the simulation
processor 7:3:6 used 0.0 Joules by being active during the execution of the simulation
processor 7:3:7 used 0.0 Joules by being active during the execution of the simulation
processor 7:3:8 used 0.0 Joules by being active during the execution of the simulation
processor 7:3:9 used 0.0 Joules by being active during the execution of the simulation
processor 7:3:10 used 0.001226311111111084 Joules by being active during the execution of the simulation
processor 7:3:11 used 0.0 Joules by being active during the execution of the simulation
processor 7:3:12 used 0.0 Joules by being active during the execution of the simulation
processor 7:3:13 used 0.0 Joules by being active during the execution of the simulation
processor 7:3:14 used 0.0 Joules by being active during the execution of the simulation
processor 7:3:15 used 0.0 Joules by being active during the execution of the simulation
processor 7:3:16 used 0.0 Joules by being active during the execution of the simulation
processor 7:3:17 used 0.0 Joules by being active during the execution of the simulation
The chip at 7,3 used 1.8 Joules by being idle during the execution of the simulation

processor 7:4:0 used 0.17777777777778633 Joules by being active during the execution of the simulation
processor 7:4:1 (running ChipPowerMonitor on 7, 4) used 0.07111111111110803 Joules by being active during the execution of the simulation
processor 7:4:2 used 0.0 Joules by being active during the execution of the simulation
processor 7:4:3 used 0.0 Joules by being active during the execution of the simulation
processor 7:4:4 used 0.0 Joules by being active during the execution of the simulation
processor 7:4:5 used 0.0 Joules by being active during the execution of the simulation
processor 7:4:6 used 0.0 Joules by being active during the execution of the simulation
processor 7:4:7 used 0.0 Joules by being active during the execution of the simulation
processor 7:4:8 used 0.0 Joules by being active during the execution of the simulation
processor 7:4:9 used 0.0 Joules by being active during the execution of the simulation
processor 7:4:10 used 0.0 Joules by being active during the execution of the simulation
processor 7:4:11 used 0.001208888888888859 Joules by being active during the execution of the simulation
processor 7:4:12 used 0.0 Joules by being active during the execution of the simulation
processor 7:4:13 used 0.0 Joules by being active during the execution of the simulation
processor 7:4:14 used 0.0 Joules by being active during the execution of the simulation
processor 7:4:15 used 0.0 Joules by being active during the execution of the simulation
processor 7:4:16 used 0.0 Joules by being active during the execution of the simulation
processor 7:4:17 used 0.0 Joules by being active during the execution of the simulation
The chip at 7,4 used 1.8 Joules by being idle during the execution of the simulation

processor 7:5:0 used 0.17777777777778633 Joules by being active during the execution of the simulation
processor 7:5:1 (running ChipPowerMonitor on 7, 5) used 0.0 Joules by being active during the execution of the simulation
processor 7:5:2 used 0.0 Joules by being active during the execution of the simulation
processor 7:5:3 used 0.0 Joules by being active during the execution of the simulation
processor 7:5:4 used 0.0 Joules by being active during the execution of the simulation
processor 7:5:5 used 0.0 Joules by being active during the execution of the simulation
processor 7:5:6 used 0.0 Joules by being active during the execution of the simulation
processor 7:5:7 used 0.0 Joules by being active during the execution of the simulation
processor 7:5:8 used 0.0 Joules by being active during the execution of the simulation
processor 7:5:9 used 0.0 Joules by being active during the execution of the simulation
processor 7:5:10 used 0.0012167111111110816 Joules by being active during the execution of the simulation
processor 7:5:11 used 0.0 Joules by being active during the execution of the simulation
processor 7:5:12 used 0.0 Joules by being active during the execution of the simulation
processor 7:5:13 used 0.0 Joules by being active during the execution of the simulation
processor 7:5:14 used 0.0 Joules by being active during the execution of the simulation
processor 7:5:15 used 0.0 Joules by being active during the execution of the simulation
processor 7:5:16 used 0.0 Joules by being active during the execution of the simulation
processor 7:5:17 used 0.0 Joules by being active during the execution of the simulation
The chip at 7,5 used 1.8 Joules by being idle during the execution of the simulation

processor 7:6:0 used 0.17777777777778633 Joules by being active during the execution of the simulation
processor 7:6:1 (running ChipPowerMonitor on 7, 6) used 0.0 Joules by being active during the execution of the simulation
processor 7:6:2 used 0.0 Joules by being active during the execution of the simulation
processor 7:6:3 used 0.0 Joules by being active during the execution of the simulation
processor 7:6:4 used 0.0 Joules by being active during the execution of the simulation
processor 7:6:5 used 0.0 Joules by being active during the execution of the simulation
processor 7:6:6 used 0.0 Joules by being active during the execution of the simulation
processor 7:6:7 used 0.0 Joules by being active during the execution of the simulation
processor 7:6:8 used 0.0 Joules by being active during the execution of the simulation
processor 7:6:9 used 0.0 Joules by being active during the execution of the simulation
processor 7:6:10 used 0.0012291555555555278 Joules by being active during the execution of the simulation
processor 7:6:11 used 0.0 Joules by being active during the execution of the simulation
processor 7:6:12 used 0.0 Joules by being active during the execution of the simulation
processor 7:6:13 used 0.0 Joules by being active during the execution of the simulation
processor 7:6:14 used 0.0 Joules by being active during the execution of the simulation
processor 7:6:15 used 0.0 Joules by being active during the execution of the simulation
processor 7:6:16 used 0.0 Joules by being active during the execution of the simulation
processor 7:6:17 used 0.0 Joules by being active during the execution of the simulation
The chip at 7,6 used 1.8 Joules by being idle during the execution of the simulation

processor 7:7:0 used 0.17777777777778633 Joules by being active during the execution of the simulation
processor 7:7:1 (running ChipPowerMonitor on 7, 7) used 3.5555555555555553e-07 Joules by being active during the execution of the simulation
processor 7:7:2 used 0.0 Joules by being active during the execution of the simulation
processor 7:7:3 used 0.0 Joules by being active during the execution of the simulation
processor 7:7:4 used 0.0 Joules by being active during the execution of the simulation
processor 7:7:5 used 0.0 Joules by being active during the execution of the simulation
processor 7:7:6 used 0.0 Joules by being active during the execution of the simulation
processor 7:7:7 used 0.0 Joules by being active during the execution of the simulation
processor 7:7:8 used 0.0 Joules by being active during the execution of the simulation
processor 7:7:9 used 0.0 Joules by being active during the execution of the simulation
processor 7:7:10 used 0.0012273777777777495 Joules by being active during the execution of the simulation
processor 7:7:11 used 0.0 Joules by being active during the execution of the simulation
processor 7:7:12 used 0.0 Joules by being active during the execution of the simulation
processor 7:7:13 used 0.0 Joules by being active during the execution of the simulation
processor 7:7:14 used 0.0 Joules by being active during the execution of the simulation
processor 7:7:15 used 0.0 Joules by being active during the execution of the simulation
processor 7:7:16 used 0.0 Joules by being active during the execution of the simulation
processor 7:7:17 used 0.0 Joules by being active during the execution of the simulation
The chip at 7,7 used 1.8 Joules by being idle during the execution of the simulation
