This report is based off energy estimates for individual components of the SpiNNaker machine. It is not meant to be completely accurate. But does use provenance data gathered from the machine to estimate the energy usage and therefore should be in the right ballpark.


The energy components we use are as follows:

The energy usage for a chip when all cores are 100% active for a millisecond is 0.0006399999999999999 Joules.
The energy usage for a chip when all cores are not active for a millisecond is 0.00036 Joules.
The energy used by the machine for firing a packet is 8e-10 Joules.
The energy used by each active FPGA per millisecond is 0.000584635 Joules.


The packet cost is 0.024153424 Joules
0 FPGAs on the Spalloc-ed boards are turned on and therefore the energy used by the FPGA during the entire time the machine was booted (which was 98885.8 ms) is 0.0 Joules. The usage during execution was 0.0 Joules.The amount of time used during the loading process is 25543.821000000004 milliseconds.
Assumed only 2 monitor cores is executing that this point. We also assume that there is a baseline active router/cooling component that is using 3947.211601373458 Joules. Overall the energy usage is 4359.753670986792 Joules.
The amount of time used during the data extraction process is 3615.389 milliseconds.
Assumed only 2 monitor cores is executing at this point. We also assume that there is a baseline active router/cooling component that is using 557.3612317940621 Joules. Hence the overall energy usage is 3036.585945988423 Joules.

processor 0:0:0 used 0.1066666666666606 Joules by being active during the execution of the simulation
processor 0:0:1 (running ChipPowerMonitor on 0, 0) used 0.0 Joules by being active during the execution of the simulation
processor 0:0:2 used 0.000769777777777752 Joules by being active during the execution of the simulation
processor 0:0:3 used 0.0 Joules by being active during the execution of the simulation
processor 0:0:4 used 0.004539022222222123 Joules by being active during the execution of the simulation
processor 0:0:5 used 0.004542933333333232 Joules by being active during the execution of the simulation
processor 0:0:6 used 0.004570311111111011 Joules by being active during the execution of the simulation
processor 0:0:7 used 0.004600533333333223 Joules by being active during the execution of the simulation
processor 0:0:8 used 0.004507022222222125 Joules by being active during the execution of the simulation
processor 0:0:9 used 0.004591999999999889 Joules by being active during the execution of the simulation
processor 0:0:10 used 0.004527999999999897 Joules by being active during the execution of the simulation
processor 0:0:11 used 0.00460622222222212 Joules by being active during the execution of the simulation
processor 0:0:12 used 0.0045137777777776765 Joules by being active during the execution of the simulation
processor 0:0:13 used 0.004502044444444343 Joules by being active during the execution of the simulation
processor 0:0:14 used 0.00456853333333323 Joules by being active during the execution of the simulation
processor 0:0:15 used 0.0045496888888887895 Joules by being active during the execution of the simulation
processor 0:0:16 used 0.00459911111111101 Joules by being active during the execution of the simulation
processor 0:0:17 used 0.004548977777777671 Joules by being active during the execution of the simulation
The chip at 0,0 used 1.08 Joules by being idle during the execution of the simulation

processor 0:1:0 used 0.1066666666666606 Joules by being active during the execution of the simulation
processor 0:1:1 (running ChipPowerMonitor on 0, 1) used 0.0 Joules by being active during the execution of the simulation
processor 0:1:2 used 0.004522666666666562 Joules by being active during the execution of the simulation
processor 0:1:3 used 0.004552177777777669 Joules by being active during the execution of the simulation
processor 0:1:4 used 0.004568533333333223 Joules by being active during the execution of the simulation
processor 0:1:5 used 0.004550399999999889 Joules by being active during the execution of the simulation
processor 0:1:6 used 0.004550044444444344 Joules by being active during the execution of the simulation
processor 0:1:7 used 0.0044579555555554476 Joules by being active during the execution of the simulation
processor 0:1:8 used 0.004532977777777674 Joules by being active during the execution of the simulation
processor 0:1:9 used 0.004542577777777671 Joules by being active during the execution of the simulation
processor 0:1:10 used 0.000755555555555528 Joules by being active during the execution of the simulation
processor 0:1:11 used 0.004488177777777676 Joules by being active during the execution of the simulation
processor 0:1:12 used 0.004547911111110999 Joules by being active during the execution of the simulation
processor 0:1:13 used 0.004507733333333233 Joules by being active during the execution of the simulation
processor 0:1:14 used 0.00453297777777767 Joules by being active during the execution of the simulation
processor 0:1:15 used 0.0045475555555554445 Joules by being active during the execution of the simulation
processor 0:1:16 used 0.0045503999999998886 Joules by being active during the execution of the simulation
processor 0:1:17 used 0.00449031111111101 Joules by being active during the execution of the simulation
The chip at 0,1 used 1.08 Joules by being idle during the execution of the simulation

processor 0:2:0 used 0.1066666666666606 Joules by being active during the execution of the simulation
processor 0:2:1 (running ChipPowerMonitor on 0, 2) used 0.0 Joules by being active during the execution of the simulation
processor 0:2:2 used 0.004511644444444349 Joules by being active during the execution of the simulation
processor 0:2:3 used 0.004500266666666566 Joules by being active during the execution of the simulation
processor 0:2:4 used 0.004533333333333234 Joules by being active during the execution of the simulation
processor 0:2:5 used 0.004529777777777679 Joules by being active during the execution of the simulation
processor 0:2:6 used 0.0045098666666665704 Joules by being active during the execution of the simulation
processor 0:2:7 used 0.004524444444444342 Joules by being active during the execution of the simulation
processor 0:2:8 used 0.0045543111111110025 Joules by being active during the execution of the simulation
processor 0:2:9 used 0.0044728888888887946 Joules by being active during the execution of the simulation
processor 0:2:10 used 0.000765155555555526 Joules by being active during the execution of the simulation
processor 0:2:11 used 0.004510577777777682 Joules by being active during the execution of the simulation
processor 0:2:12 used 0.004573511111111001 Joules by being active during the execution of the simulation
processor 0:2:13 used 0.004476088888888789 Joules by being active during the execution of the simulation
processor 0:2:14 used 0.0045532444444443395 Joules by being active during the execution of the simulation
processor 0:2:15 used 0.0044718222222221195 Joules by being active during the execution of the simulation
processor 0:2:16 used 0.004526933333333236 Joules by being active during the execution of the simulation
processor 0:2:17 used 0.004534755555555446 Joules by being active during the execution of the simulation
The chip at 0,2 used 1.08 Joules by being idle during the execution of the simulation

processor 0:3:0 used 0.1066666666666606 Joules by being active during the execution of the simulation
processor 0:3:1 (running ChipPowerMonitor on 0, 3) used 0.0 Joules by being active during the execution of the simulation
processor 0:3:2 used 0.0 Joules by being active during the execution of the simulation
processor 0:3:3 used 0.0 Joules by being active during the execution of the simulation
processor 0:3:4 used 0.0 Joules by being active during the execution of the simulation
processor 0:3:5 used 0.0 Joules by being active during the execution of the simulation
processor 0:3:6 used 0.0 Joules by being active during the execution of the simulation
processor 0:3:7 used 0.0 Joules by being active during the execution of the simulation
processor 0:3:8 used 0.0 Joules by being active during the execution of the simulation
processor 0:3:9 used 0.0 Joules by being active during the execution of the simulation
processor 0:3:10 used 0.0007349333333333067 Joules by being active during the execution of the simulation
processor 0:3:11 used 0.0 Joules by being active during the execution of the simulation
processor 0:3:12 used 0.0 Joules by being active during the execution of the simulation
processor 0:3:13 used 0.0 Joules by being active during the execution of the simulation
processor 0:3:14 used 0.0 Joules by being active during the execution of the simulation
processor 0:3:15 used 0.0 Joules by being active during the execution of the simulation
processor 0:3:16 used 0.0 Joules by being active during the execution of the simulation
processor 0:3:17 used 0.0 Joules by being active during the execution of the simulation
The chip at 0,3 used 1.08 Joules by being idle during the execution of the simulation

processor 1:0:0 used 0.1066666666666606 Joules by being active during the execution of the simulation
processor 1:0:1 (running ChipPowerMonitor on 1, 0) used 0.0 Joules by being active during the execution of the simulation
processor 1:0:2 used 0.004520533333333236 Joules by being active during the execution of the simulation
processor 1:0:3 used 0.0045223111111110095 Joules by being active during the execution of the simulation
processor 1:0:4 used 0.004527644444444341 Joules by being active during the execution of the simulation
processor 1:0:5 used 0.004520533333333235 Joules by being active during the execution of the simulation
processor 1:0:6 used 0.004555733333333224 Joules by being active during the execution of the simulation
processor 1:0:7 used 0.004530844444444338 Joules by being active during the execution of the simulation
processor 1:0:8 used 0.004561066666666567 Joules by being active during the execution of the simulation
processor 1:0:9 used 0.00453297777777768 Joules by being active during the execution of the simulation
processor 1:0:10 used 0.0007594666666666384 Joules by being active during the execution of the simulation
processor 1:0:11 used 0.004520177777777679 Joules by being active during the execution of the simulation
processor 1:0:12 used 0.004557866666666565 Joules by being active during the execution of the simulation
processor 1:0:13 used 0.004545777777777674 Joules by being active during the execution of the simulation
processor 1:0:14 used 0.004517333333333234 Joules by being active during the execution of the simulation
processor 1:0:15 used 0.004561777777777678 Joules by being active during the execution of the simulation
processor 1:0:16 used 0.00453831111111101 Joules by being active during the execution of the simulation
processor 1:0:17 used 0.004544355555555454 Joules by being active during the execution of the simulation
The chip at 1,0 used 1.08 Joules by being idle during the execution of the simulation

processor 1:1:0 used 0.1066666666666606 Joules by being active during the execution of the simulation
processor 1:1:1 (running ChipPowerMonitor on 1, 1) used 0.0 Joules by being active during the execution of the simulation
processor 1:1:2 used 0.0 Joules by being active during the execution of the simulation
processor 1:1:3 used 0.004541866666666567 Joules by being active during the execution of the simulation
processor 1:1:4 used 0.004521244444444335 Joules by being active during the execution of the simulation
processor 1:1:5 used 0.004539022222222119 Joules by being active during the execution of the simulation
processor 1:1:6 used 0.004543644444444344 Joules by being active during the execution of the simulation
processor 1:1:7 used 0.004540444444444349 Joules by being active during the execution of the simulation
processor 1:1:8 used 0.004519822222222119 Joules by being active during the execution of the simulation
processor 1:1:9 used 0.004548266666666557 Joules by being active during the execution of the simulation
processor 1:1:10 used 0.004527999999999899 Joules by being active during the execution of the simulation
processor 1:1:11 used 0.004564266666666564 Joules by being active during the execution of the simulation
processor 1:1:12 used 0.004532622222222131 Joules by being active during the execution of the simulation
processor 1:1:13 used 0.004510577777777676 Joules by being active during the execution of the simulation
processor 1:1:14 used 0.0045614222222221164 Joules by being active during the execution of the simulation
processor 1:1:15 used 0.0007608888888888603 Joules by being active during the execution of the simulation
processor 1:1:16 used 0.004539733333333226 Joules by being active during the execution of the simulation
processor 1:1:17 used 0.004585955555555446 Joules by being active during the execution of the simulation
The chip at 1,1 used 1.08 Joules by being idle during the execution of the simulation

processor 1:2:0 used 0.1066666666666606 Joules by being active during the execution of the simulation
processor 1:2:1 (running ChipPowerMonitor on 1, 2) used 0.0 Joules by being active during the execution of the simulation
processor 1:2:2 used 0.00451306666666657 Joules by being active during the execution of the simulation
processor 1:2:3 used 0.0045290666666665735 Joules by being active during the execution of the simulation
processor 1:2:4 used 0.004511644444444343 Joules by being active during the execution of the simulation
processor 1:2:5 used 0.0044753777777776765 Joules by being active during the execution of the simulation
processor 1:2:6 used 0.0045055999999999005 Joules by being active during the execution of the simulation
processor 1:2:7 used 0.004503111111111012 Joules by being active during the execution of the simulation
processor 1:2:8 used 0.0045045333333332315 Joules by being active during the execution of the simulation
processor 1:2:9 used 0.004515911111111009 Joules by being active during the execution of the simulation
processor 1:2:10 used 0.000769422222222193 Joules by being active during the execution of the simulation
processor 1:2:11 used 0.004492444444444346 Joules by being active during the execution of the simulation
processor 1:2:12 used 0.004500266666666571 Joules by being active during the execution of the simulation
processor 1:2:13 used 0.0045244444444443414 Joules by being active during the execution of the simulation
processor 1:2:14 used 0.004557866666666561 Joules by being active during the execution of the simulation
processor 1:2:15 used 0.004519822222222123 Joules by being active during the execution of the simulation
processor 1:2:16 used 0.004527999999999892 Joules by being active during the execution of the simulation
processor 1:2:17 used 0.0044991999999999 Joules by being active during the execution of the simulation
The chip at 1,2 used 1.08 Joules by being idle during the execution of the simulation

processor 1:3:0 used 0.1066666666666606 Joules by being active during the execution of the simulation
processor 1:3:1 (running ChipPowerMonitor on 1, 3) used 0.0 Joules by being active during the execution of the simulation
processor 1:3:2 used 0.004507733333333239 Joules by being active during the execution of the simulation
processor 1:3:3 used 0.0045948444444443536 Joules by being active during the execution of the simulation
processor 1:3:4 used 0.0045112888888887955 Joules by being active during the execution of the simulation
processor 1:3:5 used 0.004552533333333232 Joules by being active during the execution of the simulation
processor 1:3:6 used 0.0007470222222221949 Joules by being active during the execution of the simulation
processor 1:3:7 used 0.004557511111111007 Joules by being active during the execution of the simulation
processor 1:3:8 used 0.004578844444444344 Joules by being active during the execution of the simulation
processor 1:3:9 used 0.0045354666666665685 Joules by being active during the execution of the simulation
processor 1:3:10 used 0.0 Joules by being active during the execution of the simulation
processor 1:3:11 used 0.004523377777777676 Joules by being active during the execution of the simulation
processor 1:3:12 used 0.004594133333333237 Joules by being active during the execution of the simulation
processor 1:3:13 used 0.0045038222222221315 Joules by being active during the execution of the simulation
processor 1:3:14 used 0.0 Joules by being active during the execution of the simulation
processor 1:3:15 used 0.004511288888888794 Joules by being active during the execution of the simulation
processor 1:3:16 used 0.004495999999999908 Joules by being active during the execution of the simulation
processor 1:3:17 used 0.0045148444444443455 Joules by being active during the execution of the simulation
The chip at 1,3 used 1.08 Joules by being idle during the execution of the simulation

processor 1:4:0 used 0.1066666666666606 Joules by being active during the execution of the simulation
processor 1:4:1 (running ChipPowerMonitor on 1, 4) used 0.0 Joules by being active during the execution of the simulation
processor 1:4:2 used 0.0 Joules by being active during the execution of the simulation
processor 1:4:3 used 0.0 Joules by being active during the execution of the simulation
processor 1:4:4 used 0.0 Joules by being active during the execution of the simulation
processor 1:4:5 used 0.0 Joules by being active during the execution of the simulation
processor 1:4:6 used 0.0 Joules by being active during the execution of the simulation
processor 1:4:7 used 0.0 Joules by being active during the execution of the simulation
processor 1:4:8 used 0.0 Joules by being active during the execution of the simulation
processor 1:4:9 used 0.0 Joules by being active during the execution of the simulation
processor 1:4:10 used 0.00074737777777775 Joules by being active during the execution of the simulation
processor 1:4:11 used 0.0 Joules by being active during the execution of the simulation
processor 1:4:12 used 0.0 Joules by being active during the execution of the simulation
processor 1:4:13 used 0.0 Joules by being active during the execution of the simulation
processor 1:4:14 used 0.0 Joules by being active during the execution of the simulation
processor 1:4:15 used 0.0 Joules by being active during the execution of the simulation
processor 1:4:16 used 0.0 Joules by being active during the execution of the simulation
processor 1:4:17 used 0.0 Joules by being active during the execution of the simulation
The chip at 1,4 used 1.08 Joules by being idle during the execution of the simulation

processor 2:0:0 used 0.1066666666666606 Joules by being active during the execution of the simulation
processor 2:0:1 (running ChipPowerMonitor on 2, 0) used 0.03555199999999991 Joules by being active during the execution of the simulation
processor 2:0:2 used 0.004512355555555452 Joules by being active during the execution of the simulation
processor 2:0:3 used 0.004546488888888789 Joules by being active during the execution of the simulation
processor 2:0:4 used 0.004563555555555457 Joules by being active during the execution of the simulation
processor 2:0:5 used 0.004560711111111011 Joules by being active during the execution of the simulation
processor 2:0:6 used 0.00458417777777768 Joules by being active during the execution of the simulation
processor 2:0:7 used 0.004559288888888793 Joules by being active during the execution of the simulation
processor 2:0:8 used 0.004525866666666574 Joules by being active during the execution of the simulation
processor 2:0:9 used 0.004530844444444346 Joules by being active during the execution of the simulation
processor 2:0:10 used 0.0007608888888888609 Joules by being active during the execution of the simulation
processor 2:0:11 used 0.004560711111111016 Joules by being active during the execution of the simulation
processor 2:0:12 used 0.0045301333333332295 Joules by being active during the execution of the simulation
processor 2:0:13 used 0.004521599999999902 Joules by being active during the execution of the simulation
processor 2:0:14 used 0.004517333333333237 Joules by being active during the execution of the simulation
processor 2:0:15 used 0.004516622222222125 Joules by being active during the execution of the simulation
processor 2:0:16 used 0.0045059555555554565 Joules by being active during the execution of the simulation
processor 2:0:17 used 0.004517688888888797 Joules by being active during the execution of the simulation
The chip at 2,0 used 1.08 Joules by being idle during the execution of the simulation

processor 2:1:0 used 0.1066666666666606 Joules by being active during the execution of the simulation
processor 2:1:1 (running ChipPowerMonitor on 2, 1) used 6.044444444444445e-06 Joules by being active during the execution of the simulation
processor 2:1:2 used 0.004496711111111015 Joules by being active during the execution of the simulation
processor 2:1:3 used 0.004544711111111014 Joules by being active during the execution of the simulation
processor 2:1:4 used 0.004484622222222126 Joules by being active during the execution of the simulation
processor 2:1:5 used 0.0044945777777776795 Joules by being active during the execution of the simulation
processor 2:1:6 used 0.004473244444444351 Joules by being active during the execution of the simulation
processor 2:1:7 used 0.004469333333333237 Joules by being active during the execution of the simulation
processor 2:1:8 used 0.004500977777777687 Joules by being active during the execution of the simulation
processor 2:1:9 used 0.004579555555555458 Joules by being active during the execution of the simulation
processor 2:1:10 used 0.0007580444444444161 Joules by being active during the execution of the simulation
processor 2:1:11 used 0.0045887999999998964 Joules by being active during the execution of the simulation
processor 2:1:12 used 0.004483199999999904 Joules by being active during the execution of the simulation
processor 2:1:13 used 0.004505955555555462 Joules by being active during the execution of the simulation
processor 2:1:14 used 0.004491733333333235 Joules by being active during the execution of the simulation
processor 2:1:15 used 0.004468622222222123 Joules by being active during the execution of the simulation
processor 2:1:16 used 0.0045468444444443454 Joules by being active during the execution of the simulation
processor 2:1:17 used 0.004539733333333228 Joules by being active during the execution of the simulation
The chip at 2,1 used 1.08 Joules by being idle during the execution of the simulation

processor 2:2:0 used 0.1066666666666606 Joules by being active during the execution of the simulation
processor 2:2:1 (running ChipPowerMonitor on 2, 2) used 0.03555484444444436 Joules by being active during the execution of the simulation
processor 2:2:2 used 0.0045532444444443395 Joules by being active during the execution of the simulation
processor 2:2:3 used 0.004529777777777672 Joules by being active during the execution of the simulation
processor 2:2:4 used 0.004469333333333235 Joules by being active during the execution of the simulation
processor 2:2:5 used 0.0044920888888887855 Joules by being active during the execution of the simulation
processor 2:2:6 used 0.004526222222222128 Joules by being active during the execution of the simulation
processor 2:2:7 used 0.004483911111111008 Joules by being active during the execution of the simulation
processor 2:2:8 used 0.004472177777777676 Joules by being active during the execution of the simulation
processor 2:2:9 used 0.004511644444444349 Joules by being active during the execution of the simulation
processor 2:2:10 used 0.0007534222222221944 Joules by being active during the execution of the simulation
processor 2:2:11 used 0.004470755555555463 Joules by being active during the execution of the simulation
processor 2:2:12 used 0.004485333333333227 Joules by being active during the execution of the simulation
processor 2:2:13 used 0.004505244444444343 Joules by being active during the execution of the simulation
processor 2:2:14 used 0.0045336888888887865 Joules by being active during the execution of the simulation
processor 2:2:15 used 0.004465777777777677 Joules by being active during the execution of the simulation
processor 2:2:16 used 0.0044910222222221165 Joules by being active during the execution of the simulation
processor 2:2:17 used 0.004542933333333234 Joules by being active during the execution of the simulation
The chip at 2,2 used 1.08 Joules by being idle during the execution of the simulation

processor 2:3:0 used 0.1066666666666606 Joules by being active during the execution of the simulation
processor 2:3:1 (running ChipPowerMonitor on 2, 3) used 0.03555484444444436 Joules by being active during the execution of the simulation
processor 2:3:2 used 0.004507733333333242 Joules by being active during the execution of the simulation
processor 2:3:3 used 0.0045727999999999 Joules by being active during the execution of the simulation
processor 2:3:4 used 0.004501688888888788 Joules by being active during the execution of the simulation
processor 2:3:5 used 0.004520533333333235 Joules by being active during the execution of the simulation
processor 2:3:6 used 0.004527999999999905 Joules by being active during the execution of the simulation
processor 2:3:7 used 0.004537955555555451 Joules by being active during the execution of the simulation
processor 2:3:8 used 0.00456391111111101 Joules by being active during the execution of the simulation
processor 2:3:9 used 0.004564622222222116 Joules by being active during the execution of the simulation
processor 2:3:10 used 0.000761955555555527 Joules by being active during the execution of the simulation
processor 2:3:11 used 0.004521244444444342 Joules by being active during the execution of the simulation
processor 2:3:12 used 0.00450275555555545 Joules by being active during the execution of the simulation
processor 2:3:13 used 0.00455573333333323 Joules by being active during the execution of the simulation
processor 2:3:14 used 0.00452622222222213 Joules by being active during the execution of the simulation
processor 2:3:15 used 0.004545422222222126 Joules by being active during the execution of the simulation
processor 2:3:16 used 0.00455502222222212 Joules by being active during the execution of the simulation
processor 2:3:17 used 0.004507022222222128 Joules by being active during the execution of the simulation
The chip at 2,3 used 1.08 Joules by being idle during the execution of the simulation

processor 2:4:0 used 0.1066666666666606 Joules by being active during the execution of the simulation
processor 2:4:1 (running ChipPowerMonitor on 2, 4) used 0.0 Joules by being active during the execution of the simulation
processor 2:4:2 used 0.00452408888888879 Joules by being active during the execution of the simulation
processor 2:4:3 used 0.004525866666666573 Joules by being active during the execution of the simulation
processor 2:4:4 used 0.004466133333333231 Joules by being active during the execution of the simulation
processor 2:4:5 used 0.004508088888888792 Joules by being active during the execution of the simulation
processor 2:4:6 used 0.0044903111111110165 Joules by being active during the execution of the simulation
processor 2:4:7 used 0.004539733333333233 Joules by being active during the execution of the simulation
processor 2:4:8 used 0.004521244444444343 Joules by being active during the execution of the simulation
processor 2:4:9 used 0.004486044444444352 Joules by being active during the execution of the simulation
processor 2:4:10 used 0.0007626666666666381 Joules by being active during the execution of the simulation
processor 2:4:11 used 0.004511644444444349 Joules by being active during the execution of the simulation
processor 2:4:12 used 0.004532977777777678 Joules by being active during the execution of the simulation
processor 2:4:13 used 0.004542933333333233 Joules by being active during the execution of the simulation
processor 2:4:14 used 0.004500977777777687 Joules by being active during the execution of the simulation
processor 2:4:15 used 0.004518399999999904 Joules by being active during the execution of the simulation
processor 2:4:16 used 0.004520177777777689 Joules by being active during the execution of the simulation
processor 2:4:17 used 0.004475022222222119 Joules by being active during the execution of the simulation
The chip at 2,4 used 1.08 Joules by being idle during the execution of the simulation

processor 2:5:0 used 0.1066666666666606 Joules by being active during the execution of the simulation
processor 2:5:1 (running ChipPowerMonitor on 2, 5) used 0.0 Joules by being active during the execution of the simulation
processor 2:5:2 used 0.0 Joules by being active during the execution of the simulation
processor 2:5:3 used 0.0 Joules by being active during the execution of the simulation
processor 2:5:4 used 0.0 Joules by being active during the execution of the simulation
processor 2:5:5 used 0.0 Joules by being active during the execution of the simulation
processor 2:5:6 used 0.0 Joules by being active during the execution of the simulation
processor 2:5:7 used 0.0 Joules by being active during the execution of the simulation
processor 2:5:8 used 0.0 Joules by being active during the execution of the simulation
processor 2:5:9 used 0.0 Joules by being active during the execution of the simulation
processor 2:5:10 used 0.0007324444444444182 Joules by being active during the execution of the simulation
processor 2:5:11 used 0.0 Joules by being active during the execution of the simulation
processor 2:5:12 used 0.0 Joules by being active during the execution of the simulation
processor 2:5:13 used 0.0 Joules by being active during the execution of the simulation
processor 2:5:14 used 0.0 Joules by being active during the execution of the simulation
processor 2:5:15 used 0.0 Joules by being active during the execution of the simulation
processor 2:5:16 used 0.0 Joules by being active during the execution of the simulation
processor 2:5:17 used 0.0 Joules by being active during the execution of the simulation
The chip at 2,5 used 1.08 Joules by being idle during the execution of the simulation

processor 3:0:0 used 0.1066666666666606 Joules by being active during the execution of the simulation
processor 3:0:1 (running ChipPowerMonitor on 3, 0) used 0.035555911111111026 Joules by being active during the execution of the simulation
processor 3:0:2 used 0.004567822222222126 Joules by being active during the execution of the simulation
processor 3:0:3 used 0.004574222222222124 Joules by being active during the execution of the simulation
processor 3:0:4 used 0.004520888888888793 Joules by being active during the execution of the simulation
processor 3:0:5 used 0.0045354666666665685 Joules by being active during the execution of the simulation
processor 3:0:6 used 0.004552888888888794 Joules by being active during the execution of the simulation
processor 3:0:7 used 0.004531199999999915 Joules by being active during the execution of the simulation
processor 3:0:8 used 0.004560355555555459 Joules by being active during the execution of the simulation
processor 3:0:9 used 0.004590577777777679 Joules by being active during the execution of the simulation
processor 3:0:10 used 0.0007640888888888599 Joules by being active during the execution of the simulation
processor 3:0:11 used 0.004569599999999905 Joules by being active during the execution of the simulation
processor 3:0:12 used 0.0045201777777776906 Joules by being active during the execution of the simulation
processor 3:0:13 used 0.0045521777777776905 Joules by being active during the execution of the simulation
processor 3:0:14 used 0.004521955555555463 Joules by being active during the execution of the simulation
processor 3:0:15 used 0.004519111111111018 Joules by being active during the execution of the simulation
processor 3:0:16 used 0.004537244444444346 Joules by being active during the execution of the simulation
processor 3:0:17 used 0.00453226666666658 Joules by being active during the execution of the simulation
The chip at 3,0 used 1.08 Joules by being idle during the execution of the simulation

processor 3:1:0 used 0.1066666666666606 Joules by being active during the execution of the simulation
processor 3:1:1 (running ChipPowerMonitor on 3, 1) used 0.03555199999999991 Joules by being active during the execution of the simulation
processor 3:1:2 used 0.004495999999999903 Joules by being active during the execution of the simulation
processor 3:1:3 used 0.004545777777777678 Joules by being active during the execution of the simulation
processor 3:1:4 used 0.0 Joules by being active during the execution of the simulation
processor 3:1:5 used 0.004510577777777681 Joules by being active during the execution of the simulation
processor 3:1:6 used 0.004516622222222127 Joules by being active during the execution of the simulation
processor 3:1:7 used 0.004569244444444352 Joules by being active during the execution of the simulation
processor 3:1:8 used 0.004581688888888791 Joules by being active during the execution of the simulation
processor 3:1:9 used 0.0045144888888888 Joules by being active during the execution of the simulation
processor 3:1:10 used 0.000757333333333304 Joules by being active during the execution of the simulation
processor 3:1:11 used 0.0045639111111110174 Joules by being active during the execution of the simulation
processor 3:1:12 used 0.004520533333333245 Joules by being active during the execution of the simulation
processor 3:1:13 used 0.004571377777777674 Joules by being active during the execution of the simulation
processor 3:1:14 used 0.004534399999999901 Joules by being active during the execution of the simulation
processor 3:1:15 used 0.0045397333333332245 Joules by being active during the execution of the simulation
processor 3:1:16 used 0.004519822222222131 Joules by being active during the execution of the simulation
processor 3:1:17 used 0.004569599999999906 Joules by being active during the execution of the simulation
The chip at 3,1 used 1.08 Joules by being idle during the execution of the simulation

processor 3:2:0 used 0.1066666666666606 Joules by being active during the execution of the simulation
processor 3:2:1 (running ChipPowerMonitor on 3, 2) used 0.0 Joules by being active during the execution of the simulation
processor 3:2:2 used 0.004556444444444346 Joules by being active during the execution of the simulation
processor 3:2:3 used 0.004542933333333239 Joules by being active during the execution of the simulation
processor 3:2:4 used 0.004538311111111015 Joules by being active during the execution of the simulation
processor 3:2:5 used 0.004535111111111007 Joules by being active during the execution of the simulation
processor 3:2:6 used 0.004505599999999894 Joules by being active during the execution of the simulation
processor 3:2:7 used 0.004483911111111013 Joules by being active during the execution of the simulation
processor 3:2:8 used 0.004511644444444349 Joules by being active during the execution of the simulation
processor 3:2:9 used 0.004543999999999902 Joules by being active during the execution of the simulation
processor 3:2:10 used 0.0007676444444444154 Joules by being active during the execution of the simulation
processor 3:2:11 used 0.004571733333333231 Joules by being active during the execution of the simulation
processor 3:2:12 used 0.004526577777777679 Joules by being active during the execution of the simulation
processor 3:2:13 used 0.004555022222222115 Joules by being active during the execution of the simulation
processor 3:2:14 used 0.004527999999999905 Joules by being active during the execution of the simulation
processor 3:2:15 used 0.004520533333333233 Joules by being active during the execution of the simulation
processor 3:2:16 used 0.0045119999999999 Joules by being active during the execution of the simulation
processor 3:2:17 used 0.004564977777777673 Joules by being active during the execution of the simulation
The chip at 3,2 used 1.08 Joules by being idle during the execution of the simulation

processor 3:3:0 used 0.1066666666666606 Joules by being active during the execution of the simulation
processor 3:3:1 (running ChipPowerMonitor on 3, 3) used 0.03555484444444436 Joules by being active during the execution of the simulation
processor 3:3:2 used 0.004515555555555461 Joules by being active during the execution of the simulation
processor 3:3:3 used 0.004586311111111024 Joules by being active during the execution of the simulation
processor 3:3:4 used 0.004546488888888794 Joules by being active during the execution of the simulation
processor 3:3:5 used 0.004546488888888784 Joules by being active during the execution of the simulation
processor 3:3:6 used 0.004523733333333232 Joules by being active during the execution of the simulation
processor 3:3:7 used 0.004526933333333236 Joules by being active during the execution of the simulation
processor 3:3:8 used 0.0045105777777776825 Joules by being active during the execution of the simulation
processor 3:3:9 used 0.004569599999999899 Joules by being active during the execution of the simulation
processor 3:3:10 used 0.004536177777777685 Joules by being active during the execution of the simulation
processor 3:3:11 used 0.0007591111111110822 Joules by being active during the execution of the simulation
processor 3:3:12 used 0.00453475555555545 Joules by being active during the execution of the simulation
processor 3:3:13 used 0.00459093333333323 Joules by being active during the execution of the simulation
processor 3:3:14 used 0.004499555555555458 Joules by being active during the execution of the simulation
processor 3:3:15 used 0.0 Joules by being active during the execution of the simulation
processor 3:3:16 used 0.00456177777777768 Joules by being active during the execution of the simulation
processor 3:3:17 used 0.004527999999999901 Joules by being active during the execution of the simulation
The chip at 3,3 used 1.08 Joules by being idle during the execution of the simulation

processor 3:4:0 used 0.1066666666666606 Joules by being active during the execution of the simulation
processor 3:4:1 (running ChipPowerMonitor on 3, 4) used 0.0 Joules by being active during the execution of the simulation
processor 3:4:2 used 0.004521244444444352 Joules by being active during the execution of the simulation
processor 3:4:3 used 0.004529777777777678 Joules by being active during the execution of the simulation
processor 3:4:4 used 0.004507733333333225 Joules by being active during the execution of the simulation
processor 3:4:5 used 0.004534044444444346 Joules by being active during the execution of the simulation
processor 3:4:6 used 0.004472533333333232 Joules by being active during the execution of the simulation
processor 3:4:7 used 0.0045326222222221305 Joules by being active during the execution of the simulation
processor 3:4:8 used 0.0044703999999999005 Joules by being active during the execution of the simulation
processor 3:4:9 used 0.0045169777777776835 Joules by being active during the execution of the simulation
processor 3:4:10 used 0.0007672888888888594 Joules by being active during the execution of the simulation
processor 3:4:11 used 0.004526577777777672 Joules by being active during the execution of the simulation
processor 3:4:12 used 0.0045379555555554625 Joules by being active during the execution of the simulation
processor 3:4:13 used 0.004508444444444348 Joules by being active during the execution of the simulation
processor 3:4:14 used 0.004533688888888781 Joules by being active during the execution of the simulation
processor 3:4:15 used 0.004496355555555456 Joules by being active during the execution of the simulation
processor 3:4:16 used 0.004557866666666557 Joules by being active during the execution of the simulation
processor 3:4:17 used 0.004483911111111017 Joules by being active during the execution of the simulation
The chip at 3,4 used 1.08 Joules by being idle during the execution of the simulation

processor 3:5:0 used 0.1066666666666606 Joules by being active during the execution of the simulation
processor 3:5:1 (running ChipPowerMonitor on 3, 5) used 0.0 Joules by being active during the execution of the simulation
processor 3:5:2 used 0.0 Joules by being active during the execution of the simulation
processor 3:5:3 used 0.0 Joules by being active during the execution of the simulation
processor 3:5:4 used 0.0 Joules by being active during the execution of the simulation
processor 3:5:5 used 0.0 Joules by being active during the execution of the simulation
processor 3:5:6 used 0.0 Joules by being active during the execution of the simulation
processor 3:5:7 used 0.0 Joules by being active during the execution of the simulation
processor 3:5:8 used 0.0 Joules by being active during the execution of the simulation
processor 3:5:9 used 0.0 Joules by being active during the execution of the simulation
processor 3:5:10 used 0.0 Joules by being active during the execution of the simulation
processor 3:5:11 used 0.0 Joules by being active during the execution of the simulation
processor 3:5:12 used 0.0 Joules by being active during the execution of the simulation
processor 3:5:13 used 0.0 Joules by being active during the execution of the simulation
processor 3:5:14 used 0.0 Joules by being active during the execution of the simulation
processor 3:5:15 used 0.0007303111111110852 Joules by being active during the execution of the simulation
processor 3:5:16 used 0.0 Joules by being active during the execution of the simulation
processor 3:5:17 used 0.0 Joules by being active during the execution of the simulation
The chip at 3,5 used 1.08 Joules by being idle during the execution of the simulation

processor 3:6:0 used 0.1066666666666606 Joules by being active during the execution of the simulation
processor 3:6:1 (running ChipPowerMonitor on 3, 6) used 0.0 Joules by being active during the execution of the simulation
processor 3:6:2 used 0.0 Joules by being active during the execution of the simulation
processor 3:6:3 used 0.0 Joules by being active during the execution of the simulation
processor 3:6:4 used 0.0 Joules by being active during the execution of the simulation
processor 3:6:5 used 0.0 Joules by being active during the execution of the simulation
processor 3:6:6 used 0.0 Joules by being active during the execution of the simulation
processor 3:6:7 used 0.0 Joules by being active during the execution of the simulation
processor 3:6:8 used 0.0 Joules by being active during the execution of the simulation
processor 3:6:9 used 0.0 Joules by being active during the execution of the simulation
processor 3:6:10 used 0.0007399111111110841 Joules by being active during the execution of the simulation
processor 3:6:11 used 0.0 Joules by being active during the execution of the simulation
processor 3:6:12 used 0.0 Joules by being active during the execution of the simulation
processor 3:6:13 used 0.0 Joules by being active during the execution of the simulation
processor 3:6:14 used 0.0 Joules by being active during the execution of the simulation
processor 3:6:15 used 0.0 Joules by being active during the execution of the simulation
processor 3:6:16 used 0.0 Joules by being active during the execution of the simulation
processor 3:6:17 used 0.0 Joules by being active during the execution of the simulation
The chip at 3,6 used 1.08 Joules by being idle during the execution of the simulation

processor 4:0:0 used 0.1066666666666606 Joules by being active during the execution of the simulation
processor 4:0:1 (running ChipPowerMonitor on 4, 0) used 0.035555555555555465 Joules by being active during the execution of the simulation
processor 4:0:2 used 0.0 Joules by being active during the execution of the simulation
processor 4:0:3 used 0.0 Joules by being active during the execution of the simulation
processor 4:0:4 used 0.0 Joules by being active during the execution of the simulation
processor 4:0:5 used 0.0 Joules by being active during the execution of the simulation
processor 4:0:6 used 0.0 Joules by being active during the execution of the simulation
processor 4:0:7 used 0.0 Joules by being active during the execution of the simulation
processor 4:0:8 used 0.0 Joules by being active during the execution of the simulation
processor 4:0:9 used 0.0 Joules by being active during the execution of the simulation
processor 4:0:10 used 0.0007374222222221953 Joules by being active during the execution of the simulation
processor 4:0:11 used 0.0 Joules by being active during the execution of the simulation
processor 4:0:12 used 0.0 Joules by being active during the execution of the simulation
processor 4:0:13 used 0.0 Joules by being active during the execution of the simulation
processor 4:0:14 used 0.0 Joules by being active during the execution of the simulation
processor 4:0:15 used 0.0 Joules by being active during the execution of the simulation
processor 4:0:16 used 0.0 Joules by being active during the execution of the simulation
processor 4:0:17 used 0.0 Joules by being active during the execution of the simulation
The chip at 4,0 used 1.08 Joules by being idle during the execution of the simulation

processor 4:1:0 used 0.1066666666666606 Joules by being active during the execution of the simulation
processor 4:1:1 (running ChipPowerMonitor on 4, 1) used 0.0 Joules by being active during the execution of the simulation
processor 4:1:2 used 0.0 Joules by being active during the execution of the simulation
processor 4:1:3 used 0.0 Joules by being active during the execution of the simulation
processor 4:1:4 used 0.0 Joules by being active during the execution of the simulation
processor 4:1:5 used 0.0 Joules by being active during the execution of the simulation
processor 4:1:6 used 0.0 Joules by being active during the execution of the simulation
processor 4:1:7 used 0.0 Joules by being active during the execution of the simulation
processor 4:1:8 used 0.0 Joules by being active during the execution of the simulation
processor 4:1:9 used 0.0 Joules by being active during the execution of the simulation
processor 4:1:10 used 0.0007349333333333064 Joules by being active during the execution of the simulation
processor 4:1:11 used 0.0 Joules by being active during the execution of the simulation
processor 4:1:12 used 0.0 Joules by being active during the execution of the simulation
processor 4:1:13 used 0.0 Joules by being active during the execution of the simulation
processor 4:1:14 used 0.0 Joules by being active during the execution of the simulation
processor 4:1:15 used 0.0 Joules by being active during the execution of the simulation
processor 4:1:16 used 0.0 Joules by being active during the execution of the simulation
processor 4:1:17 used 0.0 Joules by being active during the execution of the simulation
The chip at 4,1 used 1.08 Joules by being idle during the execution of the simulation

processor 4:2:0 used 0.1066666666666606 Joules by being active during the execution of the simulation
processor 4:2:1 (running ChipPowerMonitor on 4, 2) used 0.0 Joules by being active during the execution of the simulation
processor 4:2:2 used 0.0 Joules by being active during the execution of the simulation
processor 4:2:3 used 0.0 Joules by being active during the execution of the simulation
processor 4:2:4 used 0.0 Joules by being active during the execution of the simulation
processor 4:2:5 used 0.0 Joules by being active during the execution of the simulation
processor 4:2:6 used 0.0 Joules by being active during the execution of the simulation
processor 4:2:7 used 0.0 Joules by being active during the execution of the simulation
processor 4:2:8 used 0.0 Joules by being active during the execution of the simulation
processor 4:2:9 used 0.0 Joules by being active during the execution of the simulation
processor 4:2:10 used 0.0007395555555555285 Joules by being active during the execution of the simulation
processor 4:2:11 used 0.0 Joules by being active during the execution of the simulation
processor 4:2:12 used 0.0 Joules by being active during the execution of the simulation
processor 4:2:13 used 0.0 Joules by being active during the execution of the simulation
processor 4:2:14 used 0.0 Joules by being active during the execution of the simulation
processor 4:2:15 used 0.0 Joules by being active during the execution of the simulation
processor 4:2:16 used 0.0 Joules by being active during the execution of the simulation
processor 4:2:17 used 0.0 Joules by being active during the execution of the simulation
The chip at 4,2 used 1.08 Joules by being idle during the execution of the simulation

processor 4:3:0 used 0.1066666666666606 Joules by being active during the execution of the simulation
processor 4:3:1 (running ChipPowerMonitor on 4, 3) used 0.035555555555555465 Joules by being active during the execution of the simulation
processor 4:3:2 used 0.0 Joules by being active during the execution of the simulation
processor 4:3:3 used 0.0 Joules by being active during the execution of the simulation
processor 4:3:4 used 0.0 Joules by being active during the execution of the simulation
processor 4:3:5 used 0.0 Joules by being active during the execution of the simulation
processor 4:3:6 used 0.0 Joules by being active during the execution of the simulation
processor 4:3:7 used 0.0 Joules by being active during the execution of the simulation
processor 4:3:8 used 0.0 Joules by being active during the execution of the simulation
processor 4:3:9 used 0.0 Joules by being active during the execution of the simulation
processor 4:3:10 used 0.0007359999999999735 Joules by being active during the execution of the simulation
processor 4:3:11 used 0.0 Joules by being active during the execution of the simulation
processor 4:3:12 used 0.0 Joules by being active during the execution of the simulation
processor 4:3:13 used 0.0 Joules by being active during the execution of the simulation
processor 4:3:14 used 0.0 Joules by being active during the execution of the simulation
processor 4:3:15 used 0.0 Joules by being active during the execution of the simulation
processor 4:3:16 used 0.0 Joules by being active during the execution of the simulation
processor 4:3:17 used 0.0 Joules by being active during the execution of the simulation
The chip at 4,3 used 1.08 Joules by being idle during the execution of the simulation

processor 4:4:0 used 0.1066666666666606 Joules by being active during the execution of the simulation
processor 4:4:1 (running ChipPowerMonitor on 4, 4) used 0.0 Joules by being active during the execution of the simulation
processor 4:4:2 used 0.004541155555555467 Joules by being active during the execution of the simulation
processor 4:4:3 used 0.0 Joules by being active during the execution of the simulation
processor 4:4:4 used 0.0 Joules by being active during the execution of the simulation
processor 4:4:5 used 0.0 Joules by being active during the execution of the simulation
processor 4:4:6 used 0.0 Joules by being active during the execution of the simulation
processor 4:4:7 used 0.0 Joules by being active during the execution of the simulation
processor 4:4:8 used 0.0 Joules by being active during the execution of the simulation
processor 4:4:9 used 0.0 Joules by being active during the execution of the simulation
processor 4:4:10 used 0.0007399111111110843 Joules by being active during the execution of the simulation
processor 4:4:11 used 0.0 Joules by being active during the execution of the simulation
processor 4:4:12 used 0.0 Joules by being active during the execution of the simulation
processor 4:4:13 used 0.0 Joules by being active during the execution of the simulation
processor 4:4:14 used 0.0 Joules by being active during the execution of the simulation
processor 4:4:15 used 0.0 Joules by being active during the execution of the simulation
processor 4:4:16 used 0.0 Joules by being active during the execution of the simulation
processor 4:4:17 used 0.0 Joules by being active during the execution of the simulation
The chip at 4,4 used 1.08 Joules by being idle during the execution of the simulation

processor 4:5:0 used 0.1066666666666606 Joules by being active during the execution of the simulation
processor 4:5:1 (running ChipPowerMonitor on 4, 5) used 0.0 Joules by being active during the execution of the simulation
processor 4:5:2 used 0.0 Joules by being active during the execution of the simulation
processor 4:5:3 used 0.0 Joules by being active during the execution of the simulation
processor 4:5:4 used 0.0 Joules by being active during the execution of the simulation
processor 4:5:5 used 0.0 Joules by being active during the execution of the simulation
processor 4:5:6 used 0.0 Joules by being active during the execution of the simulation
processor 4:5:7 used 0.0 Joules by being active during the execution of the simulation
processor 4:5:8 used 0.0 Joules by being active during the execution of the simulation
processor 4:5:9 used 0.0 Joules by being active during the execution of the simulation
processor 4:5:10 used 0.0007452444444444162 Joules by being active during the execution of the simulation
processor 4:5:11 used 0.0 Joules by being active during the execution of the simulation
processor 4:5:12 used 0.0 Joules by being active during the execution of the simulation
processor 4:5:13 used 0.0 Joules by being active during the execution of the simulation
processor 4:5:14 used 0.0 Joules by being active during the execution of the simulation
processor 4:5:15 used 0.0 Joules by being active during the execution of the simulation
processor 4:5:16 used 0.0 Joules by being active during the execution of the simulation
processor 4:5:17 used 0.0 Joules by being active during the execution of the simulation
The chip at 4,5 used 1.08 Joules by being idle during the execution of the simulation

processor 4:6:0 used 0.1066666666666606 Joules by being active during the execution of the simulation
processor 4:6:1 (running ChipPowerMonitor on 4, 6) used 0.0 Joules by being active during the execution of the simulation
processor 4:6:2 used 0.0 Joules by being active during the execution of the simulation
processor 4:6:3 used 0.0 Joules by being active during the execution of the simulation
processor 4:6:4 used 0.0 Joules by being active during the execution of the simulation
processor 4:6:5 used 0.0 Joules by being active during the execution of the simulation
processor 4:6:6 used 0.0 Joules by being active during the execution of the simulation
processor 4:6:7 used 0.0 Joules by being active during the execution of the simulation
processor 4:6:8 used 0.0 Joules by being active during the execution of the simulation
processor 4:6:9 used 0.0 Joules by being active during the execution of the simulation
processor 4:6:10 used 0.0007384888888888626 Joules by being active during the execution of the simulation
processor 4:6:11 used 0.0 Joules by being active during the execution of the simulation
processor 4:6:12 used 0.0 Joules by being active during the execution of the simulation
processor 4:6:13 used 0.0 Joules by being active during the execution of the simulation
processor 4:6:14 used 0.0 Joules by being active during the execution of the simulation
processor 4:6:15 used 0.0 Joules by being active during the execution of the simulation
processor 4:6:16 used 0.0 Joules by being active during the execution of the simulation
processor 4:6:17 used 0.0 Joules by being active during the execution of the simulation
The chip at 4,6 used 1.08 Joules by being idle during the execution of the simulation

processor 4:7:0 used 0.1066666666666606 Joules by being active during the execution of the simulation
processor 4:7:1 (running ChipPowerMonitor on 4, 7) used 0.0 Joules by being active during the execution of the simulation
processor 4:7:2 used 0.0 Joules by being active during the execution of the simulation
processor 4:7:3 used 0.0 Joules by being active during the execution of the simulation
processor 4:7:4 used 0.0 Joules by being active during the execution of the simulation
processor 4:7:5 used 0.0 Joules by being active during the execution of the simulation
processor 4:7:6 used 0.0 Joules by being active during the execution of the simulation
processor 4:7:7 used 0.0 Joules by being active during the execution of the simulation
processor 4:7:8 used 0.0 Joules by being active during the execution of the simulation
processor 4:7:9 used 0.0 Joules by being active during the execution of the simulation
processor 4:7:10 used 0.0007260444444444193 Joules by being active during the execution of the simulation
processor 4:7:11 used 0.0 Joules by being active during the execution of the simulation
processor 4:7:12 used 0.0 Joules by being active during the execution of the simulation
processor 4:7:13 used 0.0 Joules by being active during the execution of the simulation
processor 4:7:14 used 0.0 Joules by being active during the execution of the simulation
processor 4:7:15 used 0.0 Joules by being active during the execution of the simulation
processor 4:7:16 used 0.0 Joules by being active during the execution of the simulation
processor 4:7:17 used 0.0 Joules by being active during the execution of the simulation
The chip at 4,7 used 1.08 Joules by being idle during the execution of the simulation

processor 5:1:0 used 0.1066666666666606 Joules by being active during the execution of the simulation
processor 5:1:1 (running ChipPowerMonitor on 5, 1) used 0.03562026666666658 Joules by being active during the execution of the simulation
processor 5:1:2 used 0.0 Joules by being active during the execution of the simulation
processor 5:1:3 used 0.0 Joules by being active during the execution of the simulation
processor 5:1:4 used 0.0 Joules by being active during the execution of the simulation
processor 5:1:5 used 0.0 Joules by being active during the execution of the simulation
processor 5:1:6 used 0.0 Joules by being active during the execution of the simulation
processor 5:1:7 used 0.0 Joules by being active during the execution of the simulation
processor 5:1:8 used 0.0 Joules by being active during the execution of the simulation
processor 5:1:9 used 0.0 Joules by being active during the execution of the simulation
processor 5:1:10 used 0.0007342222222221949 Joules by being active during the execution of the simulation
processor 5:1:11 used 0.0 Joules by being active during the execution of the simulation
processor 5:1:12 used 0.0 Joules by being active during the execution of the simulation
processor 5:1:13 used 0.0 Joules by being active during the execution of the simulation
processor 5:1:14 used 0.0 Joules by being active during the execution of the simulation
processor 5:1:15 used 0.0 Joules by being active during the execution of the simulation
processor 5:1:16 used 0.0 Joules by being active during the execution of the simulation
processor 5:1:17 used 0.0 Joules by being active during the execution of the simulation
The chip at 5,1 used 1.08 Joules by being idle during the execution of the simulation

processor 5:2:0 used 0.1066666666666606 Joules by being active during the execution of the simulation
processor 5:2:1 (running ChipPowerMonitor on 5, 2) used 3.5555555555555553e-07 Joules by being active during the execution of the simulation
processor 5:2:2 used 0.0 Joules by being active during the execution of the simulation
processor 5:2:3 used 0.0 Joules by being active during the execution of the simulation
processor 5:2:4 used 0.0 Joules by being active during the execution of the simulation
processor 5:2:5 used 0.0 Joules by being active during the execution of the simulation
processor 5:2:6 used 0.0 Joules by being active during the execution of the simulation
processor 5:2:7 used 0.0 Joules by being active during the execution of the simulation
processor 5:2:8 used 0.0 Joules by being active during the execution of the simulation
processor 5:2:9 used 0.0 Joules by being active during the execution of the simulation
processor 5:2:10 used 0.0007352888888888616 Joules by being active during the execution of the simulation
processor 5:2:11 used 0.0 Joules by being active during the execution of the simulation
processor 5:2:12 used 0.0 Joules by being active during the execution of the simulation
processor 5:2:13 used 0.0 Joules by being active during the execution of the simulation
processor 5:2:14 used 0.0 Joules by being active during the execution of the simulation
processor 5:2:15 used 0.0 Joules by being active during the execution of the simulation
processor 5:2:16 used 0.0 Joules by being active during the execution of the simulation
processor 5:2:17 used 0.0 Joules by being active during the execution of the simulation
The chip at 5,2 used 1.08 Joules by being idle during the execution of the simulation

processor 5:3:0 used 0.1066666666666606 Joules by being active during the execution of the simulation
processor 5:3:1 (running ChipPowerMonitor on 5, 3) used 0.0 Joules by being active during the execution of the simulation
processor 5:3:2 used 0.0 Joules by being active during the execution of the simulation
processor 5:3:3 used 0.0 Joules by being active during the execution of the simulation
processor 5:3:4 used 0.0 Joules by being active during the execution of the simulation
processor 5:3:5 used 0.0 Joules by being active during the execution of the simulation
processor 5:3:6 used 0.0 Joules by being active during the execution of the simulation
processor 5:3:7 used 0.0 Joules by being active during the execution of the simulation
processor 5:3:8 used 0.0 Joules by being active during the execution of the simulation
processor 5:3:9 used 0.0 Joules by being active during the execution of the simulation
processor 5:3:10 used 0.0007342222222221956 Joules by being active during the execution of the simulation
processor 5:3:11 used 0.0 Joules by being active during the execution of the simulation
processor 5:3:12 used 0.0 Joules by being active during the execution of the simulation
processor 5:3:13 used 0.0 Joules by being active during the execution of the simulation
processor 5:3:14 used 0.0 Joules by being active during the execution of the simulation
processor 5:3:15 used 0.0 Joules by being active during the execution of the simulation
processor 5:3:16 used 0.0 Joules by being active during the execution of the simulation
processor 5:3:17 used 0.0 Joules by being active during the execution of the simulation
The chip at 5,3 used 1.08 Joules by being idle during the execution of the simulation

processor 5:4:0 used 0.1066666666666606 Joules by being active during the execution of the simulation
processor 5:4:1 (running ChipPowerMonitor on 5, 4) used 0.0 Joules by being active during the execution of the simulation
processor 5:4:2 used 0.0 Joules by being active during the execution of the simulation
processor 5:4:3 used 0.0 Joules by being active during the execution of the simulation
processor 5:4:4 used 0.0 Joules by being active during the execution of the simulation
processor 5:4:5 used 0.0 Joules by being active during the execution of the simulation
processor 5:4:6 used 0.0 Joules by being active during the execution of the simulation
processor 5:4:7 used 0.0 Joules by being active during the execution of the simulation
processor 5:4:8 used 0.0 Joules by being active during the execution of the simulation
processor 5:4:9 used 0.0 Joules by being active during the execution of the simulation
processor 5:4:10 used 0.0007416888888888616 Joules by being active during the execution of the simulation
processor 5:4:11 used 0.0 Joules by being active during the execution of the simulation
processor 5:4:12 used 0.0 Joules by being active during the execution of the simulation
processor 5:4:13 used 0.0 Joules by being active during the execution of the simulation
processor 5:4:14 used 0.0 Joules by being active during the execution of the simulation
processor 5:4:15 used 0.0 Joules by being active during the execution of the simulation
processor 5:4:16 used 0.0 Joules by being active during the execution of the simulation
processor 5:4:17 used 0.0 Joules by being active during the execution of the simulation
The chip at 5,4 used 1.08 Joules by being idle during the execution of the simulation

processor 5:5:0 used 0.1066666666666606 Joules by being active during the execution of the simulation
processor 5:5:1 (running ChipPowerMonitor on 5, 5) used 0.0 Joules by being active during the execution of the simulation
processor 5:5:2 used 0.0 Joules by being active during the execution of the simulation
processor 5:5:3 used 0.0 Joules by being active during the execution of the simulation
processor 5:5:4 used 0.0 Joules by being active during the execution of the simulation
processor 5:5:5 used 0.0 Joules by being active during the execution of the simulation
processor 5:5:6 used 0.0 Joules by being active during the execution of the simulation
processor 5:5:7 used 0.0 Joules by being active during the execution of the simulation
processor 5:5:8 used 0.0 Joules by being active during the execution of the simulation
processor 5:5:9 used 0.0 Joules by being active during the execution of the simulation
processor 5:5:10 used 0.0007399111111110844 Joules by being active during the execution of the simulation
processor 5:5:11 used 0.0 Joules by being active during the execution of the simulation
processor 5:5:12 used 0.0 Joules by being active during the execution of the simulation
processor 5:5:13 used 0.0 Joules by being active during the execution of the simulation
processor 5:5:14 used 0.0 Joules by being active during the execution of the simulation
processor 5:5:15 used 0.0 Joules by being active during the execution of the simulation
processor 5:5:16 used 0.0 Joules by being active during the execution of the simulation
processor 5:5:17 used 0.0 Joules by being active during the execution of the simulation
The chip at 5,5 used 1.08 Joules by being idle during the execution of the simulation

processor 5:6:0 used 0.1066666666666606 Joules by being active during the execution of the simulation
processor 5:6:1 (running ChipPowerMonitor on 5, 6) used 0.0 Joules by being active during the execution of the simulation
processor 5:6:2 used 0.0 Joules by being active during the execution of the simulation
processor 5:6:3 used 0.0 Joules by being active during the execution of the simulation
processor 5:6:4 used 0.0 Joules by being active during the execution of the simulation
processor 5:6:5 used 0.0 Joules by being active during the execution of the simulation
processor 5:6:6 used 0.0 Joules by being active during the execution of the simulation
processor 5:6:7 used 0.0 Joules by being active during the execution of the simulation
processor 5:6:8 used 0.0 Joules by being active during the execution of the simulation
processor 5:6:9 used 0.0 Joules by being active during the execution of the simulation
processor 5:6:10 used 0.0007356444444444179 Joules by being active during the execution of the simulation
processor 5:6:11 used 0.0 Joules by being active during the execution of the simulation
processor 5:6:12 used 0.0 Joules by being active during the execution of the simulation
processor 5:6:13 used 0.0 Joules by being active during the execution of the simulation
processor 5:6:14 used 0.0 Joules by being active during the execution of the simulation
processor 5:6:15 used 0.0 Joules by being active during the execution of the simulation
processor 5:6:16 used 0.0 Joules by being active during the execution of the simulation
processor 5:6:17 used 0.0 Joules by being active during the execution of the simulation
The chip at 5,6 used 1.08 Joules by being idle during the execution of the simulation

processor 5:7:0 used 0.1066666666666606 Joules by being active during the execution of the simulation
processor 5:7:1 (running ChipPowerMonitor on 5, 7) used 0.0 Joules by being active during the execution of the simulation
processor 5:7:2 used 0.0 Joules by being active during the execution of the simulation
processor 5:7:3 used 0.0 Joules by being active during the execution of the simulation
processor 5:7:4 used 0.0 Joules by being active during the execution of the simulation
processor 5:7:5 used 0.0 Joules by being active during the execution of the simulation
processor 5:7:6 used 0.0 Joules by being active during the execution of the simulation
processor 5:7:7 used 0.0 Joules by being active during the execution of the simulation
processor 5:7:8 used 0.0 Joules by being active during the execution of the simulation
processor 5:7:9 used 0.0 Joules by being active during the execution of the simulation
processor 5:7:10 used 0.0007399111111110838 Joules by being active during the execution of the simulation
processor 5:7:11 used 0.0 Joules by being active during the execution of the simulation
processor 5:7:12 used 0.0 Joules by being active during the execution of the simulation
processor 5:7:13 used 0.0 Joules by being active during the execution of the simulation
processor 5:7:14 used 0.0 Joules by being active during the execution of the simulation
processor 5:7:15 used 0.0 Joules by being active during the execution of the simulation
processor 5:7:16 used 0.0 Joules by being active during the execution of the simulation
processor 5:7:17 used 0.0 Joules by being active during the execution of the simulation
The chip at 5,7 used 1.08 Joules by being idle during the execution of the simulation

processor 6:2:0 used 0.1066666666666606 Joules by being active during the execution of the simulation
processor 6:2:1 (running ChipPowerMonitor on 6, 2) used 0.0 Joules by being active during the execution of the simulation
processor 6:2:2 used 0.0 Joules by being active during the execution of the simulation
processor 6:2:3 used 0.0 Joules by being active during the execution of the simulation
processor 6:2:4 used 0.0 Joules by being active during the execution of the simulation
processor 6:2:5 used 0.0 Joules by being active during the execution of the simulation
processor 6:2:6 used 0.0 Joules by being active during the execution of the simulation
processor 6:2:7 used 0.0 Joules by being active during the execution of the simulation
processor 6:2:8 used 0.0 Joules by being active during the execution of the simulation
processor 6:2:9 used 0.0 Joules by being active during the execution of the simulation
processor 6:2:10 used 0.0007288888888888625 Joules by being active during the execution of the simulation
processor 6:2:11 used 0.0 Joules by being active during the execution of the simulation
processor 6:2:12 used 0.0 Joules by being active during the execution of the simulation
processor 6:2:13 used 0.0 Joules by being active during the execution of the simulation
processor 6:2:14 used 0.0 Joules by being active during the execution of the simulation
processor 6:2:15 used 0.0 Joules by being active during the execution of the simulation
processor 6:2:16 used 0.0 Joules by being active during the execution of the simulation
processor 6:2:17 used 0.0 Joules by being active during the execution of the simulation
The chip at 6,2 used 1.08 Joules by being idle during the execution of the simulation

processor 6:3:0 used 0.1066666666666606 Joules by being active during the execution of the simulation
processor 6:3:1 (running ChipPowerMonitor on 6, 3) used 0.0 Joules by being active during the execution of the simulation
processor 6:3:2 used 0.0 Joules by being active during the execution of the simulation
processor 6:3:3 used 0.0 Joules by being active during the execution of the simulation
processor 6:3:4 used 0.0 Joules by being active during the execution of the simulation
processor 6:3:5 used 0.0 Joules by being active during the execution of the simulation
processor 6:3:6 used 0.0 Joules by being active during the execution of the simulation
processor 6:3:7 used 0.0 Joules by being active during the execution of the simulation
processor 6:3:8 used 0.0 Joules by being active during the execution of the simulation
processor 6:3:9 used 0.0 Joules by being active during the execution of the simulation
processor 6:3:10 used 0.0007388444444444171 Joules by being active during the execution of the simulation
processor 6:3:11 used 0.0 Joules by being active during the execution of the simulation
processor 6:3:12 used 0.0 Joules by being active during the execution of the simulation
processor 6:3:13 used 0.0 Joules by being active during the execution of the simulation
processor 6:3:14 used 0.0 Joules by being active during the execution of the simulation
processor 6:3:15 used 0.0 Joules by being active during the execution of the simulation
processor 6:3:16 used 0.0 Joules by being active during the execution of the simulation
processor 6:3:17 used 0.0 Joules by being active during the execution of the simulation
The chip at 6,3 used 1.08 Joules by being idle during the execution of the simulation

processor 6:4:0 used 0.1066666666666606 Joules by being active during the execution of the simulation
processor 6:4:1 (running ChipPowerMonitor on 6, 4) used 0.035555555555555465 Joules by being active during the execution of the simulation
processor 6:4:2 used 0.0 Joules by being active during the execution of the simulation
processor 6:4:3 used 0.0 Joules by being active during the execution of the simulation
processor 6:4:4 used 0.0 Joules by being active during the execution of the simulation
processor 6:4:5 used 0.0 Joules by being active during the execution of the simulation
processor 6:4:6 used 0.0 Joules by being active during the execution of the simulation
processor 6:4:7 used 0.0 Joules by being active during the execution of the simulation
processor 6:4:8 used 0.0 Joules by being active during the execution of the simulation
processor 6:4:9 used 0.0 Joules by being active during the execution of the simulation
processor 6:4:10 used 0.0007349333333333058 Joules by being active during the execution of the simulation
processor 6:4:11 used 0.0 Joules by being active during the execution of the simulation
processor 6:4:12 used 0.0 Joules by being active during the execution of the simulation
processor 6:4:13 used 0.0 Joules by being active during the execution of the simulation
processor 6:4:14 used 0.0 Joules by being active during the execution of the simulation
processor 6:4:15 used 0.0 Joules by being active during the execution of the simulation
processor 6:4:16 used 0.0 Joules by being active during the execution of the simulation
processor 6:4:17 used 0.0 Joules by being active during the execution of the simulation
The chip at 6,4 used 1.08 Joules by being idle during the execution of the simulation

processor 6:5:0 used 0.1066666666666606 Joules by being active during the execution of the simulation
processor 6:5:1 (running ChipPowerMonitor on 6, 5) used 0.0 Joules by being active during the execution of the simulation
processor 6:5:2 used 0.0 Joules by being active during the execution of the simulation
processor 6:5:3 used 0.0 Joules by being active during the execution of the simulation
processor 6:5:4 used 0.0 Joules by being active during the execution of the simulation
processor 6:5:5 used 0.0 Joules by being active during the execution of the simulation
processor 6:5:6 used 0.0 Joules by being active during the execution of the simulation
processor 6:5:7 used 0.0 Joules by being active during the execution of the simulation
processor 6:5:8 used 0.0 Joules by being active during the execution of the simulation
processor 6:5:9 used 0.0 Joules by being active during the execution of the simulation
processor 6:5:10 used 0.0007359999999999737 Joules by being active during the execution of the simulation
processor 6:5:11 used 0.0 Joules by being active during the execution of the simulation
processor 6:5:12 used 0.0 Joules by being active during the execution of the simulation
processor 6:5:13 used 0.0 Joules by being active during the execution of the simulation
processor 6:5:14 used 0.0 Joules by being active during the execution of the simulation
processor 6:5:15 used 0.0 Joules by being active during the execution of the simulation
processor 6:5:16 used 0.0 Joules by being active during the execution of the simulation
processor 6:5:17 used 0.0 Joules by being active during the execution of the simulation
The chip at 6,5 used 1.08 Joules by being idle during the execution of the simulation

processor 6:6:0 used 0.1066666666666606 Joules by being active during the execution of the simulation
processor 6:6:1 (running ChipPowerMonitor on 6, 6) used 0.035555555555555465 Joules by being active during the execution of the simulation
processor 6:6:2 used 0.0 Joules by being active during the execution of the simulation
processor 6:6:3 used 0.0 Joules by being active during the execution of the simulation
processor 6:6:4 used 0.0 Joules by being active during the execution of the simulation
processor 6:6:5 used 0.0 Joules by being active during the execution of the simulation
processor 6:6:6 used 0.0 Joules by being active during the execution of the simulation
processor 6:6:7 used 0.0 Joules by being active during the execution of the simulation
processor 6:6:8 used 0.0 Joules by being active during the execution of the simulation
processor 6:6:9 used 0.0 Joules by being active during the execution of the simulation
processor 6:6:10 used 0.0007331555555555283 Joules by being active during the execution of the simulation
processor 6:6:11 used 0.0 Joules by being active during the execution of the simulation
processor 6:6:12 used 0.0 Joules by being active during the execution of the simulation
processor 6:6:13 used 0.0 Joules by being active during the execution of the simulation
processor 6:6:14 used 0.0 Joules by being active during the execution of the simulation
processor 6:6:15 used 0.0 Joules by being active during the execution of the simulation
processor 6:6:16 used 0.0 Joules by being active during the execution of the simulation
processor 6:6:17 used 0.0 Joules by being active during the execution of the simulation
The chip at 6,6 used 1.08 Joules by being idle during the execution of the simulation

processor 6:7:0 used 0.1066666666666606 Joules by being active during the execution of the simulation
processor 6:7:1 (running ChipPowerMonitor on 6, 7) used 0.0 Joules by being active during the execution of the simulation
processor 6:7:2 used 0.0 Joules by being active during the execution of the simulation
processor 6:7:3 used 0.0 Joules by being active during the execution of the simulation
processor 6:7:4 used 0.0 Joules by being active during the execution of the simulation
processor 6:7:5 used 0.0 Joules by being active during the execution of the simulation
processor 6:7:6 used 0.0 Joules by being active during the execution of the simulation
processor 6:7:7 used 0.0 Joules by being active during the execution of the simulation
processor 6:7:8 used 0.0 Joules by being active during the execution of the simulation
processor 6:7:9 used 0.0 Joules by being active during the execution of the simulation
processor 6:7:10 used 0.0007498666666666382 Joules by being active during the execution of the simulation
processor 6:7:11 used 0.0 Joules by being active during the execution of the simulation
processor 6:7:12 used 0.0 Joules by being active during the execution of the simulation
processor 6:7:13 used 0.0 Joules by being active during the execution of the simulation
processor 6:7:14 used 0.0 Joules by being active during the execution of the simulation
processor 6:7:15 used 0.0 Joules by being active during the execution of the simulation
processor 6:7:16 used 0.0 Joules by being active during the execution of the simulation
processor 6:7:17 used 0.0 Joules by being active during the execution of the simulation
The chip at 6,7 used 1.08 Joules by being idle during the execution of the simulation

processor 7:3:0 used 0.1066666666666606 Joules by being active during the execution of the simulation
processor 7:3:1 (running ChipPowerMonitor on 7, 3) used 0.0 Joules by being active during the execution of the simulation
processor 7:3:2 used 0.0 Joules by being active during the execution of the simulation
processor 7:3:3 used 0.0 Joules by being active during the execution of the simulation
processor 7:3:4 used 0.0 Joules by being active during the execution of the simulation
processor 7:3:5 used 0.0 Joules by being active during the execution of the simulation
processor 7:3:6 used 0.0 Joules by being active during the execution of the simulation
processor 7:3:7 used 0.0 Joules by being active during the execution of the simulation
processor 7:3:8 used 0.0 Joules by being active during the execution of the simulation
processor 7:3:9 used 0.0 Joules by being active during the execution of the simulation
processor 7:3:10 used 0.0007413333333333059 Joules by being active during the execution of the simulation
processor 7:3:11 used 0.0 Joules by being active during the execution of the simulation
processor 7:3:12 used 0.0 Joules by being active during the execution of the simulation
processor 7:3:13 used 0.0 Joules by being active during the execution of the simulation
processor 7:3:14 used 0.0 Joules by being active during the execution of the simulation
processor 7:3:15 used 0.0 Joules by being active during the execution of the simulation
processor 7:3:16 used 0.0 Joules by being active during the execution of the simulation
processor 7:3:17 used 0.0 Joules by being active during the execution of the simulation
The chip at 7,3 used 1.08 Joules by being idle during the execution of the simulation

processor 7:4:0 used 0.1066666666666606 Joules by being active during the execution of the simulation
processor 7:4:1 (running ChipPowerMonitor on 7, 4) used 0.0355544888888888 Joules by being active during the execution of the simulation
processor 7:4:2 used 0.0 Joules by being active during the execution of the simulation
processor 7:4:3 used 0.0 Joules by being active during the execution of the simulation
processor 7:4:4 used 0.0 Joules by being active during the execution of the simulation
processor 7:4:5 used 0.0 Joules by being active during the execution of the simulation
processor 7:4:6 used 0.0 Joules by being active during the execution of the simulation
processor 7:4:7 used 0.0 Joules by being active during the execution of the simulation
processor 7:4:8 used 0.0 Joules by being active during the execution of the simulation
processor 7:4:9 used 0.0 Joules by being active during the execution of the simulation
processor 7:4:10 used 0.0007320888888888622 Joules by being active during the execution of the simulation
processor 7:4:11 used 0.0 Joules by being active during the execution of the simulation
processor 7:4:12 used 0.0 Joules by being active during the execution of the simulation
processor 7:4:13 used 0.0 Joules by being active during the execution of the simulation
processor 7:4:14 used 0.0 Joules by being active during the execution of the simulation
processor 7:4:15 used 0.0 Joules by being active during the execution of the simulation
processor 7:4:16 used 0.0 Joules by being active during the execution of the simulation
processor 7:4:17 used 0.0 Joules by being active during the execution of the simulation
The chip at 7,4 used 1.08 Joules by being idle during the execution of the simulation

processor 7:5:0 used 0.1066666666666606 Joules by being active during the execution of the simulation
processor 7:5:1 (running ChipPowerMonitor on 7, 5) used 0.035555911111111026 Joules by being active during the execution of the simulation
processor 7:5:2 used 0.0 Joules by being active during the execution of the simulation
processor 7:5:3 used 0.0 Joules by being active during the execution of the simulation
processor 7:5:4 used 0.0 Joules by being active during the execution of the simulation
processor 7:5:5 used 0.0 Joules by being active during the execution of the simulation
processor 7:5:6 used 0.0 Joules by being active during the execution of the simulation
processor 7:5:7 used 0.0 Joules by being active during the execution of the simulation
processor 7:5:8 used 0.0 Joules by being active during the execution of the simulation
processor 7:5:9 used 0.0 Joules by being active during the execution of the simulation
processor 7:5:10 used 0.0007423999999999732 Joules by being active during the execution of the simulation
processor 7:5:11 used 0.0 Joules by being active during the execution of the simulation
processor 7:5:12 used 0.0 Joules by being active during the execution of the simulation
processor 7:5:13 used 0.0 Joules by being active during the execution of the simulation
processor 7:5:14 used 0.0 Joules by being active during the execution of the simulation
processor 7:5:15 used 0.0 Joules by being active during the execution of the simulation
processor 7:5:16 used 0.0 Joules by being active during the execution of the simulation
processor 7:5:17 used 0.0 Joules by being active during the execution of the simulation
The chip at 7,5 used 1.08 Joules by being idle during the execution of the simulation

processor 7:6:0 used 0.1066666666666606 Joules by being active during the execution of the simulation
processor 7:6:1 (running ChipPowerMonitor on 7, 6) used 0.035555555555555465 Joules by being active during the execution of the simulation
processor 7:6:2 used 0.0 Joules by being active during the execution of the simulation
processor 7:6:3 used 0.0 Joules by being active during the execution of the simulation
processor 7:6:4 used 0.0 Joules by being active during the execution of the simulation
processor 7:6:5 used 0.0 Joules by being active during the execution of the simulation
processor 7:6:6 used 0.0 Joules by being active during the execution of the simulation
processor 7:6:7 used 0.0 Joules by being active during the execution of the simulation
processor 7:6:8 used 0.0 Joules by being active during the execution of the simulation
processor 7:6:9 used 0.0 Joules by being active during the execution of the simulation
processor 7:6:10 used 0.0007374222222221953 Joules by being active during the execution of the simulation
processor 7:6:11 used 0.0 Joules by being active during the execution of the simulation
processor 7:6:12 used 0.0 Joules by being active during the execution of the simulation
processor 7:6:13 used 0.0 Joules by being active during the execution of the simulation
processor 7:6:14 used 0.0 Joules by being active during the execution of the simulation
processor 7:6:15 used 0.0 Joules by being active during the execution of the simulation
processor 7:6:16 used 0.0 Joules by being active during the execution of the simulation
processor 7:6:17 used 0.0 Joules by being active during the execution of the simulation
The chip at 7,6 used 1.08 Joules by being idle during the execution of the simulation

processor 7:7:0 used 0.1066666666666606 Joules by being active during the execution of the simulation
processor 7:7:1 (running ChipPowerMonitor on 7, 7) used 0.0 Joules by being active during the execution of the simulation
processor 7:7:2 used 0.0 Joules by being active during the execution of the simulation
processor 7:7:3 used 0.0 Joules by being active during the execution of the simulation
processor 7:7:4 used 0.0 Joules by being active during the execution of the simulation
processor 7:7:5 used 0.0 Joules by being active during the execution of the simulation
processor 7:7:6 used 0.0 Joules by being active during the execution of the simulation
processor 7:7:7 used 0.0 Joules by being active during the execution of the simulation
processor 7:7:8 used 0.0 Joules by being active during the execution of the simulation
processor 7:7:9 used 0.0 Joules by being active during the execution of the simulation
processor 7:7:10 used 0.000738488888888862 Joules by being active during the execution of the simulation
processor 7:7:11 used 0.0 Joules by being active during the execution of the simulation
processor 7:7:12 used 0.0 Joules by being active during the execution of the simulation
processor 7:7:13 used 0.0 Joules by being active during the execution of the simulation
processor 7:7:14 used 0.0 Joules by being active during the execution of the simulation
processor 7:7:15 used 0.0 Joules by being active during the execution of the simulation
processor 7:7:16 used 0.0 Joules by being active during the execution of the simulation
processor 7:7:17 used 0.0 Joules by being active during the execution of the simulation
The chip at 7,7 used 1.08 Joules by being idle during the execution of the simulation
