This report is based off energy estimates for individual components of the SpiNNaker machine. It is not meant to be completely accurate. But does use provenance data gathered from the machine to estimate the energy usage and therefore should be in the right ballpark.


The energy components we use are as follows:

The energy usage for a chip when all cores are 100% active for a millisecond is 0.0006399999999999999 Joules.
The energy usage for a chip when all cores are not active for a millisecond is 0.00036 Joules.
The energy used by the machine for firing a packet is 8e-10 Joules.
The energy used by each active FPGA per millisecond is 0.000584635 Joules.


The packet cost is 0.03204534799999996 Joules
0 FPGAs on the Spalloc-ed boards are turned on and therefore the energy used by the FPGA during the entire time the machine was booted (which was 137593.21699999998 ms) is 0.0 Joules. The usage during execution was 0.0 Joules.The amount of time used during the loading process is 24414.517000000007 milliseconds.
Assumed only 2 monitor cores is executing that this point. We also assume that there is a baseline active router/cooling component that is using 3774.3062254638403 Joules. Overall the energy usage is 4168.918272634952 Joules.
The amount of time used during the data extraction process is 4826.448 milliseconds.
Assumed only 2 monitor cores is executing at this point. We also assume that there is a baseline active router/cooling component that is using 744.0623961819841 Joules. Hence the overall energy usage is 6261.644254854717 Joules.

processor 0:0:0 used 0.1422222222222199 Joules by being active during the execution of the simulation
processor 0:0:1 (running ChipPowerMonitor on 0, 0) used 0.0 Joules by being active during the execution of the simulation
processor 0:0:2 used 0.0010350222222221795 Joules by being active during the execution of the simulation
processor 0:0:3 used 0.0 Joules by being active during the execution of the simulation
processor 0:0:4 used 0.006518755555555491 Joules by being active during the execution of the simulation
processor 0:0:5 used 0.006453688888888813 Joules by being active during the execution of the simulation
processor 0:0:6 used 0.006463288888888809 Joules by being active during the execution of the simulation
processor 0:0:7 used 0.006561777777777709 Joules by being active during the execution of the simulation
processor 0:0:8 used 0.006487466666666591 Joules by being active during the execution of the simulation
processor 0:0:9 used 0.00650239999999992 Joules by being active during the execution of the simulation
processor 0:0:10 used 0.006513422222222151 Joules by being active during the execution of the simulation
processor 0:0:11 used 0.0065258666666665925 Joules by being active during the execution of the simulation
processor 0:0:12 used 0.0064383999999999214 Joules by being active during the execution of the simulation
processor 0:0:13 used 0.006567111111111047 Joules by being active during the execution of the simulation
processor 0:0:14 used 0.006468622222222143 Joules by being active during the execution of the simulation
processor 0:0:15 used 0.006504177777777711 Joules by being active during the execution of the simulation
processor 0:0:16 used 0.006552533333333262 Joules by being active during the execution of the simulation
processor 0:0:17 used 0.006470044444444363 Joules by being active during the execution of the simulation
The chip at 0,0 used 1.4400000000000002 Joules by being idle during the execution of the simulation

processor 0:1:0 used 0.1422222222222199 Joules by being active during the execution of the simulation
processor 0:1:1 (running ChipPowerMonitor on 0, 1) used 0.0 Joules by being active during the execution of the simulation
processor 0:1:2 used 0.006481066666666588 Joules by being active during the execution of the simulation
processor 0:1:3 used 0.006457599999999935 Joules by being active during the execution of the simulation
processor 0:1:4 used 0.006499911111111021 Joules by being active during the execution of the simulation
processor 0:1:5 used 0.006462933333333258 Joules by being active during the execution of the simulation
processor 0:1:6 used 0.001015466666666617 Joules by being active during the execution of the simulation
processor 0:1:7 used 0.006487111111111038 Joules by being active during the execution of the simulation
processor 0:1:8 used 0.006393599999999925 Joules by being active during the execution of the simulation
processor 0:1:9 used 0.006447999999999925 Joules by being active during the execution of the simulation
processor 0:1:10 used 0.006447999999999934 Joules by being active during the execution of the simulation
processor 0:1:11 used 0.006449777777777694 Joules by being active during the execution of the simulation
processor 0:1:12 used 0.006455822222222158 Joules by being active during the execution of the simulation
processor 0:1:13 used 0.006444799999999915 Joules by being active during the execution of the simulation
processor 0:1:14 used 0.006476088888888819 Joules by being active during the execution of the simulation
processor 0:1:15 used 0.006382933333333261 Joules by being active during the execution of the simulation
processor 0:1:16 used 0.00641457777777771 Joules by being active during the execution of the simulation
processor 0:1:17 used 0.006380799999999925 Joules by being active during the execution of the simulation
The chip at 0,1 used 1.4400000000000002 Joules by being idle during the execution of the simulation

processor 0:2:0 used 0.1422222222222199 Joules by being active during the execution of the simulation
processor 0:2:1 (running ChipPowerMonitor on 0, 2) used 0.0 Joules by being active during the execution of the simulation
processor 0:2:2 used 0.00642062222222213 Joules by being active during the execution of the simulation
processor 0:2:3 used 0.006430577777777702 Joules by being active during the execution of the simulation
processor 0:2:4 used 0.006462577777777706 Joules by being active during the execution of the simulation
processor 0:2:5 used 0.0064305777777777075 Joules by being active during the execution of the simulation
processor 0:2:6 used 0.006522311111111052 Joules by being active during the execution of the simulation
processor 0:2:7 used 0.006419555555555486 Joules by being active during the execution of the simulation
processor 0:2:8 used 0.006475377777777708 Joules by being active during the execution of the simulation
processor 0:2:9 used 0.006444088888888836 Joules by being active during the execution of the simulation
processor 0:2:10 used 0.001020088888888841 Joules by being active during the execution of the simulation
processor 0:2:11 used 0.006434844444444369 Joules by being active during the execution of the simulation
processor 0:2:12 used 0.006539022222222154 Joules by being active during the execution of the simulation
processor 0:2:13 used 0.00641315555555548 Joules by being active during the execution of the simulation
processor 0:2:14 used 0.006478222222222148 Joules by being active during the execution of the simulation
processor 0:2:15 used 0.0064184888888888115 Joules by being active during the execution of the simulation
processor 0:2:16 used 0.006422755555555483 Joules by being active during the execution of the simulation
processor 0:2:17 used 0.006474311111111043 Joules by being active during the execution of the simulation
The chip at 0,2 used 1.4400000000000002 Joules by being idle during the execution of the simulation

processor 0:3:0 used 0.1422222222222199 Joules by being active during the execution of the simulation
processor 0:3:1 (running ChipPowerMonitor on 0, 3) used 0.0 Joules by being active during the execution of the simulation
processor 0:3:2 used 0.0 Joules by being active during the execution of the simulation
processor 0:3:3 used 0.0 Joules by being active during the execution of the simulation
processor 0:3:4 used 0.0 Joules by being active during the execution of the simulation
processor 0:3:5 used 0.0 Joules by being active during the execution of the simulation
processor 0:3:6 used 0.0 Joules by being active during the execution of the simulation
processor 0:3:7 used 0.0 Joules by being active during the execution of the simulation
processor 0:3:8 used 0.0 Joules by being active during the execution of the simulation
processor 0:3:9 used 0.0 Joules by being active during the execution of the simulation
processor 0:3:10 used 0.000986666666666612 Joules by being active during the execution of the simulation
processor 0:3:11 used 0.0 Joules by being active during the execution of the simulation
processor 0:3:12 used 0.0 Joules by being active during the execution of the simulation
processor 0:3:13 used 0.0 Joules by being active during the execution of the simulation
processor 0:3:14 used 0.0 Joules by being active during the execution of the simulation
processor 0:3:15 used 0.0 Joules by being active during the execution of the simulation
processor 0:3:16 used 0.0 Joules by being active during the execution of the simulation
processor 0:3:17 used 0.0 Joules by being active during the execution of the simulation
The chip at 0,3 used 1.4400000000000002 Joules by being idle during the execution of the simulation

processor 1:0:0 used 0.1422222222222199 Joules by being active during the execution of the simulation
processor 1:0:1 (running ChipPowerMonitor on 1, 0) used 0.03555484444444436 Joules by being active during the execution of the simulation
processor 1:0:2 used 0.006391822222222154 Joules by being active during the execution of the simulation
processor 1:0:3 used 0.006455822222222149 Joules by being active during the execution of the simulation
processor 1:0:4 used 0.006453688888888816 Joules by being active during the execution of the simulation
processor 1:0:5 used 0.006423111111111025 Joules by being active during the execution of the simulation
processor 1:0:6 used 0.0064533333333332615 Joules by being active during the execution of the simulation
processor 1:0:7 used 0.006467911111111034 Joules by being active during the execution of the simulation
processor 1:0:8 used 0.006432355555555479 Joules by being active during the execution of the simulation
processor 1:0:9 used 0.006470044444444391 Joules by being active during the execution of the simulation
processor 1:0:10 used 0.0010172444444443947 Joules by being active during the execution of the simulation
processor 1:0:11 used 0.006395022222222143 Joules by being active during the execution of the simulation
processor 1:0:12 used 0.006460799999999926 Joules by being active during the execution of the simulation
processor 1:0:13 used 0.00643164444444436 Joules by being active during the execution of the simulation
processor 1:0:14 used 0.006444088888888813 Joules by being active during the execution of the simulation
processor 1:0:15 used 0.006443733333333254 Joules by being active during the execution of the simulation
processor 1:0:16 used 0.006403911111111024 Joules by being active during the execution of the simulation
processor 1:0:17 used 0.006486755555555465 Joules by being active during the execution of the simulation
The chip at 1,0 used 1.4400000000000002 Joules by being idle during the execution of the simulation

processor 1:1:0 used 0.1422222222222199 Joules by being active during the execution of the simulation
processor 1:1:1 (running ChipPowerMonitor on 1, 1) used 0.035555555555555465 Joules by being active during the execution of the simulation
processor 1:1:2 used 0.006472177777777697 Joules by being active during the execution of the simulation
processor 1:1:3 used 0.006468622222222151 Joules by being active during the execution of the simulation
processor 1:1:4 used 0.0 Joules by being active during the execution of the simulation
processor 1:1:5 used 0.006513066666666587 Joules by being active during the execution of the simulation
processor 1:1:6 used 0.006444444444444366 Joules by being active during the execution of the simulation
processor 1:1:7 used 0.006448355555555479 Joules by being active during the execution of the simulation
processor 1:1:8 used 0.006423822222222144 Joules by being active during the execution of the simulation
processor 1:1:9 used 0.006472533333333263 Joules by being active during the execution of the simulation
processor 1:1:10 used 0.0010069333333332824 Joules by being active during the execution of the simulation
processor 1:1:11 used 0.0064373333333332715 Joules by being active during the execution of the simulation
processor 1:1:12 used 0.006429511111111025 Joules by being active during the execution of the simulation
processor 1:1:13 used 0.006491733333333261 Joules by being active during the execution of the simulation
processor 1:1:14 used 0.006448355555555479 Joules by being active during the execution of the simulation
processor 1:1:15 used 0.0064583111111110175 Joules by being active during the execution of the simulation
processor 1:1:16 used 0.006472177777777713 Joules by being active during the execution of the simulation
processor 1:1:17 used 0.006464355555555476 Joules by being active during the execution of the simulation
The chip at 1,1 used 1.4400000000000002 Joules by being idle during the execution of the simulation

processor 1:2:0 used 0.1422222222222199 Joules by being active during the execution of the simulation
processor 1:2:1 (running ChipPowerMonitor on 1, 2) used 3.5555555555555553e-07 Joules by being active during the execution of the simulation
processor 1:2:2 used 0.006478222222222151 Joules by being active during the execution of the simulation
processor 1:2:3 used 0.00640319999999992 Joules by being active during the execution of the simulation
processor 1:2:4 used 0.006434133333333254 Joules by being active during the execution of the simulation
processor 1:2:5 used 0.0064039111111110275 Joules by being active during the execution of the simulation
processor 1:2:6 used 0.00644551111111103 Joules by being active during the execution of the simulation
processor 1:2:7 used 0.006449066666666598 Joules by being active during the execution of the simulation
processor 1:2:8 used 0.0064629333333332565 Joules by being active during the execution of the simulation
processor 1:2:9 used 0.00639893333333325 Joules by being active during the execution of the simulation
processor 1:2:10 used 0.001013333333333283 Joules by being active during the execution of the simulation
processor 1:2:11 used 0.006464355555555493 Joules by being active during the execution of the simulation
processor 1:2:12 used 0.00638755555555548 Joules by being active during the execution of the simulation
processor 1:2:13 used 0.006530844444444372 Joules by being active during the execution of the simulation
processor 1:2:14 used 0.00645155555555549 Joules by being active during the execution of the simulation
processor 1:2:15 used 0.006457599999999921 Joules by being active during the execution of the simulation
processor 1:2:16 used 0.006461511111111036 Joules by being active during the execution of the simulation
processor 1:2:17 used 0.006407466666666588 Joules by being active during the execution of the simulation
The chip at 1,2 used 1.4400000000000002 Joules by being idle during the execution of the simulation

processor 1:3:0 used 0.1422222222222199 Joules by being active during the execution of the simulation
processor 1:3:1 (running ChipPowerMonitor on 1, 3) used 0.0 Joules by being active during the execution of the simulation
processor 1:3:2 used 0.0 Joules by being active during the execution of the simulation
processor 1:3:3 used 0.0 Joules by being active during the execution of the simulation
processor 1:3:4 used 0.0 Joules by being active during the execution of the simulation
processor 1:3:5 used 0.0 Joules by being active during the execution of the simulation
processor 1:3:6 used 0.0 Joules by being active during the execution of the simulation
processor 1:3:7 used 0.0 Joules by being active during the execution of the simulation
processor 1:3:8 used 0.0 Joules by being active during the execution of the simulation
processor 1:3:9 used 0.0 Joules by being active during the execution of the simulation
processor 1:3:10 used 0.0 Joules by being active during the execution of the simulation
processor 1:3:11 used 0.0009770666666666103 Joules by being active during the execution of the simulation
processor 1:3:12 used 0.0 Joules by being active during the execution of the simulation
processor 1:3:13 used 0.0 Joules by being active during the execution of the simulation
processor 1:3:14 used 0.0 Joules by being active during the execution of the simulation
processor 1:3:15 used 0.0 Joules by being active during the execution of the simulation
processor 1:3:16 used 0.0 Joules by being active during the execution of the simulation
processor 1:3:17 used 0.0 Joules by being active during the execution of the simulation
The chip at 1,3 used 1.4400000000000002 Joules by being idle during the execution of the simulation

processor 1:4:0 used 0.1422222222222199 Joules by being active during the execution of the simulation
processor 1:4:1 (running ChipPowerMonitor on 1, 4) used 0.0 Joules by being active during the execution of the simulation
processor 1:4:2 used 0.0 Joules by being active during the execution of the simulation
processor 1:4:3 used 0.0 Joules by being active during the execution of the simulation
processor 1:4:4 used 0.0 Joules by being active during the execution of the simulation
processor 1:4:5 used 0.0 Joules by being active during the execution of the simulation
processor 1:4:6 used 0.0 Joules by being active during the execution of the simulation
processor 1:4:7 used 0.0 Joules by being active during the execution of the simulation
processor 1:4:8 used 0.0 Joules by being active during the execution of the simulation
processor 1:4:9 used 0.0 Joules by being active during the execution of the simulation
processor 1:4:10 used 0.000988799999999945 Joules by being active during the execution of the simulation
processor 1:4:11 used 0.0 Joules by being active during the execution of the simulation
processor 1:4:12 used 0.0 Joules by being active during the execution of the simulation
processor 1:4:13 used 0.0 Joules by being active during the execution of the simulation
processor 1:4:14 used 0.0 Joules by being active during the execution of the simulation
processor 1:4:15 used 0.0 Joules by being active during the execution of the simulation
processor 1:4:16 used 0.0 Joules by being active during the execution of the simulation
processor 1:4:17 used 0.0 Joules by being active during the execution of the simulation
The chip at 1,4 used 1.4400000000000002 Joules by being idle during the execution of the simulation

processor 2:0:0 used 0.1422222222222199 Joules by being active during the execution of the simulation
processor 2:0:1 (running ChipPowerMonitor on 2, 0) used 0.0 Joules by being active during the execution of the simulation
processor 2:0:2 used 0.006417066666666592 Joules by being active during the execution of the simulation
processor 2:0:3 used 0.006450844444444368 Joules by being active during the execution of the simulation
processor 2:0:4 used 0.006500266666666593 Joules by being active during the execution of the simulation
processor 2:0:5 used 0.0064337777777777085 Joules by being active during the execution of the simulation
processor 2:0:6 used 0.006524444444444375 Joules by being active during the execution of the simulation
processor 2:0:7 used 0.006450844444444378 Joules by being active during the execution of the simulation
processor 2:0:8 used 0.00645831111111104 Joules by being active during the execution of the simulation
processor 2:0:9 used 0.006411377777777709 Joules by being active during the execution of the simulation
processor 2:0:10 used 0.0010111999999999496 Joules by being active during the execution of the simulation
processor 2:0:11 used 0.006451555555555476 Joules by being active during the execution of the simulation
processor 2:0:12 used 0.006453333333333262 Joules by being active during the execution of the simulation
processor 2:0:13 used 0.006422399999999911 Joules by being active during the execution of the simulation
processor 2:0:14 used 0.006413866666666582 Joules by being active during the execution of the simulation
processor 2:0:15 used 0.006360888888888807 Joules by being active during the execution of the simulation
processor 2:0:16 used 0.006393599999999927 Joules by being active during the execution of the simulation
processor 2:0:17 used 0.006374399999999915 Joules by being active during the execution of the simulation
The chip at 2,0 used 1.4400000000000002 Joules by being idle during the execution of the simulation

processor 2:1:0 used 0.1422222222222199 Joules by being active during the execution of the simulation
processor 2:1:1 (running ChipPowerMonitor on 2, 1) used 0.0 Joules by being active during the execution of the simulation
processor 2:1:2 used 0.006409244444444383 Joules by being active during the execution of the simulation
processor 2:1:3 used 0.006452266666666594 Joules by being active during the execution of the simulation
processor 2:1:4 used 0.006457955555555494 Joules by being active during the execution of the simulation
processor 2:1:5 used 0.006429866666666583 Joules by being active during the execution of the simulation
processor 2:1:6 used 0.00637475555555548 Joules by being active during the execution of the simulation
processor 2:1:7 used 0.006373688888888808 Joules by being active during the execution of the simulation
processor 2:1:8 used 0.00639751111111104 Joules by being active during the execution of the simulation
processor 2:1:9 used 0.006449422222222145 Joules by being active during the execution of the simulation
processor 2:1:10 used 0.0010094222222221715 Joules by being active during the execution of the simulation
processor 2:1:11 used 0.0064796444444443725 Joules by being active during the execution of the simulation
processor 2:1:12 used 0.006398933333333261 Joules by being active during the execution of the simulation
processor 2:1:13 used 0.006423466666666596 Joules by being active during the execution of the simulation
processor 2:1:14 used 0.006409599999999917 Joules by being active during the execution of the simulation
processor 2:1:15 used 0.006383999999999925 Joules by being active during the execution of the simulation
processor 2:1:16 used 0.006395733333333263 Joules by being active during the execution of the simulation
processor 2:1:17 used 0.006401422222222139 Joules by being active during the execution of the simulation
The chip at 2,1 used 1.4400000000000002 Joules by being idle during the execution of the simulation

processor 2:2:0 used 0.1422222222222199 Joules by being active during the execution of the simulation
processor 2:2:1 (running ChipPowerMonitor on 2, 2) used 0.0 Joules by being active during the execution of the simulation
processor 2:2:2 used 0.0064728888888888085 Joules by being active during the execution of the simulation
processor 2:2:3 used 0.006484622222222153 Joules by being active during the execution of the simulation
processor 2:2:4 used 0.006382577777777699 Joules by being active during the execution of the simulation
processor 2:2:5 used 0.00643484444444436 Joules by being active during the execution of the simulation
processor 2:2:6 used 0.006444088888888808 Joules by being active during the execution of the simulation
processor 2:2:7 used 0.006423111111111035 Joules by being active during the execution of the simulation
processor 2:2:8 used 0.006430933333333265 Joules by being active during the execution of the simulation
processor 2:2:9 used 0.0063992888888888015 Joules by being active during the execution of the simulation
processor 2:2:10 used 0.0010126222222221735 Joules by being active during the execution of the simulation
processor 2:2:11 used 0.006441955555555484 Joules by being active during the execution of the simulation
processor 2:2:12 used 0.00640142222222215 Joules by being active during the execution of the simulation
processor 2:2:13 used 0.006462577777777708 Joules by being active during the execution of the simulation
processor 2:2:14 used 0.006476799999999934 Joules by being active during the execution of the simulation
processor 2:2:15 used 0.006380444444444364 Joules by being active during the execution of the simulation
processor 2:2:16 used 0.006418488888888815 Joules by being active during the execution of the simulation
processor 2:2:17 used 0.006498844444444381 Joules by being active during the execution of the simulation
The chip at 2,2 used 1.4400000000000002 Joules by being idle during the execution of the simulation

processor 2:3:0 used 0.1422222222222199 Joules by being active during the execution of the simulation
processor 2:3:1 (running ChipPowerMonitor on 2, 3) used 0.0 Joules by being active during the execution of the simulation
processor 2:3:2 used 0.0 Joules by being active during the execution of the simulation
processor 2:3:3 used 0.0 Joules by being active during the execution of the simulation
processor 2:3:4 used 0.0 Joules by being active during the execution of the simulation
processor 2:3:5 used 0.0 Joules by being active during the execution of the simulation
processor 2:3:6 used 0.0 Joules by being active during the execution of the simulation
processor 2:3:7 used 0.0 Joules by being active during the execution of the simulation
processor 2:3:8 used 0.0 Joules by being active during the execution of the simulation
processor 2:3:9 used 0.0 Joules by being active during the execution of the simulation
processor 2:3:10 used 0.0009834666666666122 Joules by being active during the execution of the simulation
processor 2:3:11 used 0.0 Joules by being active during the execution of the simulation
processor 2:3:12 used 0.0 Joules by being active during the execution of the simulation
processor 2:3:13 used 0.0 Joules by being active during the execution of the simulation
processor 2:3:14 used 0.0 Joules by being active during the execution of the simulation
processor 2:3:15 used 0.0 Joules by being active during the execution of the simulation
processor 2:3:16 used 0.0 Joules by being active during the execution of the simulation
processor 2:3:17 used 0.0 Joules by being active during the execution of the simulation
The chip at 2,3 used 1.4400000000000002 Joules by being idle during the execution of the simulation

processor 2:4:0 used 0.1422222222222199 Joules by being active during the execution of the simulation
processor 2:4:1 (running ChipPowerMonitor on 2, 4) used 0.0 Joules by being active during the execution of the simulation
processor 2:4:2 used 0.0 Joules by being active during the execution of the simulation
processor 2:4:3 used 0.0 Joules by being active during the execution of the simulation
processor 2:4:4 used 0.0 Joules by being active during the execution of the simulation
processor 2:4:5 used 0.0 Joules by being active during the execution of the simulation
processor 2:4:6 used 0.0 Joules by being active during the execution of the simulation
processor 2:4:7 used 0.0 Joules by being active during the execution of the simulation
processor 2:4:8 used 0.0 Joules by being active during the execution of the simulation
processor 2:4:9 used 0.0 Joules by being active during the execution of the simulation
processor 2:4:10 used 0.0009866666666666112 Joules by being active during the execution of the simulation
processor 2:4:11 used 0.0 Joules by being active during the execution of the simulation
processor 2:4:12 used 0.0 Joules by being active during the execution of the simulation
processor 2:4:13 used 0.0 Joules by being active during the execution of the simulation
processor 2:4:14 used 0.0 Joules by being active during the execution of the simulation
processor 2:4:15 used 0.0 Joules by being active during the execution of the simulation
processor 2:4:16 used 0.0 Joules by being active during the execution of the simulation
processor 2:4:17 used 0.0 Joules by being active during the execution of the simulation
The chip at 2,4 used 1.4400000000000002 Joules by being idle during the execution of the simulation

processor 2:5:0 used 0.1422222222222199 Joules by being active during the execution of the simulation
processor 2:5:1 (running ChipPowerMonitor on 2, 5) used 0.0 Joules by being active during the execution of the simulation
processor 2:5:2 used 0.0 Joules by being active during the execution of the simulation
processor 2:5:3 used 0.0 Joules by being active during the execution of the simulation
processor 2:5:4 used 0.0 Joules by being active during the execution of the simulation
processor 2:5:5 used 0.0 Joules by being active during the execution of the simulation
processor 2:5:6 used 0.0 Joules by being active during the execution of the simulation
processor 2:5:7 used 0.0 Joules by being active during the execution of the simulation
processor 2:5:8 used 0.0 Joules by being active during the execution of the simulation
processor 2:5:9 used 0.0 Joules by being active during the execution of the simulation
processor 2:5:10 used 0.0009838222222221676 Joules by being active during the execution of the simulation
processor 2:5:11 used 0.0 Joules by being active during the execution of the simulation
processor 2:5:12 used 0.0 Joules by being active during the execution of the simulation
processor 2:5:13 used 0.0 Joules by being active during the execution of the simulation
processor 2:5:14 used 0.0 Joules by being active during the execution of the simulation
processor 2:5:15 used 0.0 Joules by being active during the execution of the simulation
processor 2:5:16 used 0.0 Joules by being active during the execution of the simulation
processor 2:5:17 used 0.0 Joules by being active during the execution of the simulation
The chip at 2,5 used 1.4400000000000002 Joules by being idle during the execution of the simulation

processor 3:0:0 used 0.1422222222222199 Joules by being active during the execution of the simulation
processor 3:0:1 (running ChipPowerMonitor on 3, 0) used 0.0 Joules by being active during the execution of the simulation
processor 3:0:2 used 0.0064814222222221675 Joules by being active during the execution of the simulation
processor 3:0:3 used 0.006486044444444372 Joules by being active during the execution of the simulation
processor 3:0:4 used 0.0064931555555554805 Joules by being active during the execution of the simulation
processor 3:0:5 used 0.006469333333333265 Joules by being active during the execution of the simulation
processor 3:0:6 used 0.006491733333333267 Joules by being active during the execution of the simulation
processor 3:0:7 used 0.006431644444444366 Joules by being active during the execution of the simulation
processor 3:0:8 used 0.006497066666666613 Joules by being active during the execution of the simulation
processor 3:0:9 used 0.006582399999999928 Joules by being active during the execution of the simulation
processor 3:0:10 used 0.0010197333333332832 Joules by being active during the execution of the simulation
processor 3:0:11 used 0.006478577777777714 Joules by being active during the execution of the simulation
processor 3:0:12 used 0.006441955555555484 Joules by being active during the execution of the simulation
processor 3:0:13 used 0.006521244444444385 Joules by being active during the execution of the simulation
processor 3:0:14 used 0.006465422222222149 Joules by being active during the execution of the simulation
processor 3:0:15 used 0.0064234666666666 Joules by being active during the execution of the simulation
processor 3:0:16 used 0.006410311111111029 Joules by being active during the execution of the simulation
processor 3:0:17 used 0.006403911111111042 Joules by being active during the execution of the simulation
The chip at 3,0 used 1.4400000000000002 Joules by being idle during the execution of the simulation

processor 3:1:0 used 0.1422222222222199 Joules by being active during the execution of the simulation
processor 3:1:1 (running ChipPowerMonitor on 3, 1) used 0.0 Joules by being active during the execution of the simulation
processor 3:1:2 used 0.006421688888888801 Joules by being active during the execution of the simulation
processor 3:1:3 used 0.006515911111111049 Joules by being active during the execution of the simulation
processor 3:1:4 used 0.006429866666666591 Joules by being active during the execution of the simulation
processor 3:1:5 used 0.006438044444444367 Joules by being active during the execution of the simulation
processor 3:1:6 used 0.0064892444444443614 Joules by being active during the execution of the simulation
processor 3:1:7 used 0.006503822222222151 Joules by being active during the execution of the simulation
processor 3:1:8 used 0.006455466666666587 Joules by being active during the execution of the simulation
processor 3:1:9 used 0.006482488888888809 Joules by being active during the execution of the simulation
processor 3:1:10 used 0.006440533333333249 Joules by being active during the execution of the simulation
processor 3:1:11 used 0.0064746666666666034 Joules by being active during the execution of the simulation
processor 3:1:12 used 0.006465066666666597 Joules by being active during the execution of the simulation
processor 3:1:13 used 0.006460444444444356 Joules by being active during the execution of the simulation
processor 3:1:14 used 0.006413866666666588 Joules by being active during the execution of the simulation
processor 3:1:15 used 0.0010008888888888385 Joules by being active during the execution of the simulation
processor 3:1:16 used 0.006429866666666591 Joules by being active during the execution of the simulation
processor 3:1:17 used 0.0 Joules by being active during the execution of the simulation
The chip at 3,1 used 1.4400000000000002 Joules by being idle during the execution of the simulation

processor 3:2:0 used 0.1422222222222199 Joules by being active during the execution of the simulation
processor 3:2:1 (running ChipPowerMonitor on 3, 2) used 0.0 Joules by being active during the execution of the simulation
processor 3:2:2 used 0.006489955555555478 Joules by being active during the execution of the simulation
processor 3:2:3 used 0.006474311111111025 Joules by being active during the execution of the simulation
processor 3:2:4 used 0.006479288888888821 Joules by being active during the execution of the simulation
processor 3:2:5 used 0.006439466666666593 Joules by being active during the execution of the simulation
processor 3:2:6 used 0.00646364444444438 Joules by being active during the execution of the simulation
processor 3:2:7 used 0.006458311111111047 Joules by being active during the execution of the simulation
processor 3:2:8 used 0.0064501333333332545 Joules by being active during the execution of the simulation
processor 3:2:9 used 0.006401422222222144 Joules by being active during the execution of the simulation
processor 3:2:10 used 0.0010151111111110602 Joules by being active during the execution of the simulation
processor 3:2:11 used 0.0064163555555554795 Joules by being active during the execution of the simulation
processor 3:2:12 used 0.006018133333333248 Joules by being active during the execution of the simulation
processor 3:2:13 used 0.006479999999999931 Joules by being active during the execution of the simulation
processor 3:2:14 used 0.006482133333333268 Joules by being active during the execution of the simulation
processor 3:2:15 used 0.006506666666666587 Joules by being active during the execution of the simulation
processor 3:2:16 used 0.006394666666666588 Joules by being active during the execution of the simulation
processor 3:2:17 used 0.006467555555555478 Joules by being active during the execution of the simulation
The chip at 3,2 used 1.4400000000000002 Joules by being idle during the execution of the simulation

processor 3:3:0 used 0.1422222222222199 Joules by being active during the execution of the simulation
processor 3:3:1 (running ChipPowerMonitor on 3, 3) used 0.0 Joules by being active during the execution of the simulation
processor 3:3:2 used 0.0064504888888888235 Joules by being active during the execution of the simulation
processor 3:3:3 used 0.006512355555555487 Joules by being active during the execution of the simulation
processor 3:3:4 used 0.006541511111111046 Joules by being active during the execution of the simulation
processor 3:3:5 used 0.006415644444444379 Joules by being active during the execution of the simulation
processor 3:3:6 used 0.006482133333333273 Joules by being active during the execution of the simulation
processor 3:3:7 used 0.006447999999999945 Joules by being active during the execution of the simulation
processor 3:3:8 used 0.0065123555555555 Joules by being active during the execution of the simulation
processor 3:3:9 used 0.0 Joules by being active during the execution of the simulation
processor 3:3:10 used 0.006393599999999932 Joules by being active during the execution of the simulation
processor 3:3:11 used 0.000997688888888836 Joules by being active during the execution of the simulation
processor 3:3:12 used 0.0 Joules by being active during the execution of the simulation
processor 3:3:13 used 0.0 Joules by being active during the execution of the simulation
processor 3:3:14 used 0.0 Joules by being active during the execution of the simulation
processor 3:3:15 used 0.0 Joules by being active during the execution of the simulation
processor 3:3:16 used 0.0 Joules by being active during the execution of the simulation
processor 3:3:17 used 0.0 Joules by being active during the execution of the simulation
The chip at 3,3 used 1.4400000000000002 Joules by being idle during the execution of the simulation

processor 3:4:0 used 0.1422222222222199 Joules by being active during the execution of the simulation
processor 3:4:1 (running ChipPowerMonitor on 3, 4) used 0.035555911111111026 Joules by being active during the execution of the simulation
processor 3:4:2 used 0.0 Joules by being active during the execution of the simulation
processor 3:4:3 used 0.0 Joules by being active during the execution of the simulation
processor 3:4:4 used 0.0 Joules by being active during the execution of the simulation
processor 3:4:5 used 0.0 Joules by being active during the execution of the simulation
processor 3:4:6 used 0.0 Joules by being active during the execution of the simulation
processor 3:4:7 used 0.0 Joules by being active during the execution of the simulation
processor 3:4:8 used 0.0 Joules by being active during the execution of the simulation
processor 3:4:9 used 0.0 Joules by being active during the execution of the simulation
processor 3:4:10 used 0.0009774222222221655 Joules by being active during the execution of the simulation
processor 3:4:11 used 0.0 Joules by being active during the execution of the simulation
processor 3:4:12 used 0.0 Joules by being active during the execution of the simulation
processor 3:4:13 used 0.0 Joules by being active during the execution of the simulation
processor 3:4:14 used 0.0 Joules by being active during the execution of the simulation
processor 3:4:15 used 0.0 Joules by being active during the execution of the simulation
processor 3:4:16 used 0.0 Joules by being active during the execution of the simulation
processor 3:4:17 used 0.0 Joules by being active during the execution of the simulation
The chip at 3,4 used 1.4400000000000002 Joules by being idle during the execution of the simulation

processor 3:5:0 used 0.1422222222222199 Joules by being active during the execution of the simulation
processor 3:5:1 (running ChipPowerMonitor on 3, 5) used 0.035555555555555465 Joules by being active during the execution of the simulation
processor 3:5:2 used 0.0 Joules by being active during the execution of the simulation
processor 3:5:3 used 0.0009735111111110559 Joules by being active during the execution of the simulation
processor 3:5:4 used 0.0 Joules by being active during the execution of the simulation
processor 3:5:5 used 0.0 Joules by being active during the execution of the simulation
processor 3:5:6 used 0.0 Joules by being active during the execution of the simulation
processor 3:5:7 used 0.0 Joules by being active during the execution of the simulation
processor 3:5:8 used 0.0 Joules by being active during the execution of the simulation
processor 3:5:9 used 0.0 Joules by being active during the execution of the simulation
processor 3:5:10 used 0.0 Joules by being active during the execution of the simulation
processor 3:5:11 used 0.0 Joules by being active during the execution of the simulation
processor 3:5:12 used 0.0 Joules by being active during the execution of the simulation
processor 3:5:13 used 0.0 Joules by being active during the execution of the simulation
processor 3:5:14 used 0.0 Joules by being active during the execution of the simulation
processor 3:5:15 used 0.0 Joules by being active during the execution of the simulation
processor 3:5:16 used 0.0 Joules by being active during the execution of the simulation
processor 3:5:17 used 0.0 Joules by being active during the execution of the simulation
The chip at 3,5 used 1.4400000000000002 Joules by being idle during the execution of the simulation

processor 3:6:0 used 0.1422222222222199 Joules by being active during the execution of the simulation
processor 3:6:1 (running ChipPowerMonitor on 3, 6) used 3.5555555555555553e-07 Joules by being active during the execution of the simulation
processor 3:6:2 used 0.0 Joules by being active during the execution of the simulation
processor 3:6:3 used 0.0 Joules by being active during the execution of the simulation
processor 3:6:4 used 0.0 Joules by being active during the execution of the simulation
processor 3:6:5 used 0.0 Joules by being active during the execution of the simulation
processor 3:6:6 used 0.0 Joules by being active during the execution of the simulation
processor 3:6:7 used 0.0 Joules by being active during the execution of the simulation
processor 3:6:8 used 0.0 Joules by being active during the execution of the simulation
processor 3:6:9 used 0.0 Joules by being active during the execution of the simulation
processor 3:6:10 used 0.0009838222222221683 Joules by being active during the execution of the simulation
processor 3:6:11 used 0.0 Joules by being active during the execution of the simulation
processor 3:6:12 used 0.0 Joules by being active during the execution of the simulation
processor 3:6:13 used 0.0 Joules by being active during the execution of the simulation
processor 3:6:14 used 0.0 Joules by being active during the execution of the simulation
processor 3:6:15 used 0.0 Joules by being active during the execution of the simulation
processor 3:6:16 used 0.0 Joules by being active during the execution of the simulation
processor 3:6:17 used 0.0 Joules by being active during the execution of the simulation
The chip at 3,6 used 1.4400000000000002 Joules by being idle during the execution of the simulation

processor 4:0:0 used 0.1422222222222199 Joules by being active during the execution of the simulation
processor 4:0:1 (running ChipPowerMonitor on 4, 0) used 0.0 Joules by being active during the execution of the simulation
processor 4:0:2 used 0.0 Joules by being active during the execution of the simulation
processor 4:0:3 used 0.0 Joules by being active during the execution of the simulation
processor 4:0:4 used 0.0 Joules by being active during the execution of the simulation
processor 4:0:5 used 0.0 Joules by being active during the execution of the simulation
processor 4:0:6 used 0.0 Joules by being active during the execution of the simulation
processor 4:0:7 used 0.0 Joules by being active during the execution of the simulation
processor 4:0:8 used 0.0 Joules by being active during the execution of the simulation
processor 4:0:9 used 0.0 Joules by being active during the execution of the simulation
processor 4:0:10 used 0.000981333333333278 Joules by being active during the execution of the simulation
processor 4:0:11 used 0.0 Joules by being active during the execution of the simulation
processor 4:0:12 used 0.0 Joules by being active during the execution of the simulation
processor 4:0:13 used 0.0 Joules by being active during the execution of the simulation
processor 4:0:14 used 0.0 Joules by being active during the execution of the simulation
processor 4:0:15 used 0.0 Joules by being active during the execution of the simulation
processor 4:0:16 used 0.0 Joules by being active during the execution of the simulation
processor 4:0:17 used 0.0 Joules by being active during the execution of the simulation
The chip at 4,0 used 1.4400000000000002 Joules by being idle during the execution of the simulation

processor 4:1:0 used 0.1422222222222199 Joules by being active during the execution of the simulation
processor 4:1:1 (running ChipPowerMonitor on 4, 1) used 0.0 Joules by being active during the execution of the simulation
processor 4:1:2 used 0.0 Joules by being active during the execution of the simulation
processor 4:1:3 used 0.0 Joules by being active during the execution of the simulation
processor 4:1:4 used 0.0 Joules by being active during the execution of the simulation
processor 4:1:5 used 0.0 Joules by being active during the execution of the simulation
processor 4:1:6 used 0.0 Joules by being active during the execution of the simulation
processor 4:1:7 used 0.0 Joules by being active during the execution of the simulation
processor 4:1:8 used 0.0 Joules by being active during the execution of the simulation
processor 4:1:9 used 0.0 Joules by being active during the execution of the simulation
processor 4:1:10 used 0.0009877333333332785 Joules by being active during the execution of the simulation
processor 4:1:11 used 0.0 Joules by being active during the execution of the simulation
processor 4:1:12 used 0.0 Joules by being active during the execution of the simulation
processor 4:1:13 used 0.0 Joules by being active during the execution of the simulation
processor 4:1:14 used 0.0 Joules by being active during the execution of the simulation
processor 4:1:15 used 0.0 Joules by being active during the execution of the simulation
processor 4:1:16 used 0.0 Joules by being active during the execution of the simulation
processor 4:1:17 used 0.0 Joules by being active during the execution of the simulation
The chip at 4,1 used 1.4400000000000002 Joules by being idle during the execution of the simulation

processor 4:2:0 used 0.1422222222222199 Joules by being active during the execution of the simulation
processor 4:2:1 (running ChipPowerMonitor on 4, 2) used 0.0 Joules by being active during the execution of the simulation
processor 4:2:2 used 0.006462933333333257 Joules by being active during the execution of the simulation
processor 4:2:3 used 0.006492444444444369 Joules by being active during the execution of the simulation
processor 4:2:4 used 0.006427022222222155 Joules by being active during the execution of the simulation
processor 4:2:5 used 0.0064565333333332624 Joules by being active during the execution of the simulation
processor 4:2:6 used 0.006478577777777715 Joules by being active during the execution of the simulation
processor 4:2:7 used 0.0064536888888888245 Joules by being active during the execution of the simulation
processor 4:2:8 used 0.00645262222222216 Joules by being active during the execution of the simulation
processor 4:2:9 used 0.006366222222222165 Joules by being active during the execution of the simulation
processor 4:2:10 used 0.0010133333333332832 Joules by being active during the execution of the simulation
processor 4:2:11 used 0.006463644444444386 Joules by being active during the execution of the simulation
processor 4:2:12 used 0.006451199999999929 Joules by being active during the execution of the simulation
processor 4:2:13 used 0.006526222222222158 Joules by being active during the execution of the simulation
processor 4:2:14 used 0.006455466666666593 Joules by being active during the execution of the simulation
processor 4:2:15 used 0.006447644444444379 Joules by being active during the execution of the simulation
processor 4:2:16 used 0.00645297777777771 Joules by being active during the execution of the simulation
processor 4:2:17 used 0.0064494222222221545 Joules by being active during the execution of the simulation
The chip at 4,2 used 1.4400000000000002 Joules by being idle during the execution of the simulation

processor 4:3:0 used 0.1422222222222199 Joules by being active during the execution of the simulation
processor 4:3:1 (running ChipPowerMonitor on 4, 3) used 0.0 Joules by being active during the execution of the simulation
processor 4:3:2 used 0.006438755555555487 Joules by being active during the execution of the simulation
processor 4:3:3 used 0.006431644444444367 Joules by being active during the execution of the simulation
processor 4:3:4 used 0.006409599999999928 Joules by being active during the execution of the simulation
processor 4:3:5 used 0.006416355555555478 Joules by being active during the execution of the simulation
processor 4:3:6 used 0.006399999999999927 Joules by being active during the execution of the simulation
processor 4:3:7 used 0.006411733333333266 Joules by being active during the execution of the simulation
processor 4:3:8 used 0.006465777777777711 Joules by being active during the execution of the simulation
processor 4:3:9 used 0.006461511111111048 Joules by being active during the execution of the simulation
processor 4:3:10 used 0.0010183111111110616 Joules by being active during the execution of the simulation
processor 4:3:11 used 0.006419911111111033 Joules by being active during the execution of the simulation
processor 4:3:12 used 0.006423466666666586 Joules by being active during the execution of the simulation
processor 4:3:13 used 0.006460444444444385 Joules by being active during the execution of the simulation
processor 4:3:14 used 0.006441244444444371 Joules by being active during the execution of the simulation
processor 4:3:15 used 0.0064376888888888215 Joules by being active during the execution of the simulation
processor 4:3:16 used 0.006462933333333263 Joules by being active during the execution of the simulation
processor 4:3:17 used 0.006429511111111035 Joules by being active during the execution of the simulation
The chip at 4,3 used 1.4400000000000002 Joules by being idle during the execution of the simulation

processor 4:4:0 used 0.1422222222222199 Joules by being active during the execution of the simulation
processor 4:4:1 (running ChipPowerMonitor on 4, 4) used 0.0 Joules by being active during the execution of the simulation
processor 4:4:2 used 0.0 Joules by being active during the execution of the simulation
processor 4:4:3 used 0.0 Joules by being active during the execution of the simulation
processor 4:4:4 used 0.0 Joules by being active during the execution of the simulation
processor 4:4:5 used 0.0 Joules by being active during the execution of the simulation
processor 4:4:6 used 0.0 Joules by being active during the execution of the simulation
processor 4:4:7 used 0.0 Joules by being active during the execution of the simulation
processor 4:4:8 used 0.0 Joules by being active during the execution of the simulation
processor 4:4:9 used 0.0 Joules by being active during the execution of the simulation
processor 4:4:10 used 0.00098204444444439 Joules by being active during the execution of the simulation
processor 4:4:11 used 0.0 Joules by being active during the execution of the simulation
processor 4:4:12 used 0.0 Joules by being active during the execution of the simulation
processor 4:4:13 used 0.0 Joules by being active during the execution of the simulation
processor 4:4:14 used 0.0 Joules by being active during the execution of the simulation
processor 4:4:15 used 0.0 Joules by being active during the execution of the simulation
processor 4:4:16 used 0.0 Joules by being active during the execution of the simulation
processor 4:4:17 used 0.0 Joules by being active during the execution of the simulation
The chip at 4,4 used 1.4400000000000002 Joules by being idle during the execution of the simulation

processor 4:5:0 used 0.1422222222222199 Joules by being active during the execution of the simulation
processor 4:5:1 (running ChipPowerMonitor on 4, 5) used 3.5555555555555553e-07 Joules by being active during the execution of the simulation
processor 4:5:2 used 0.0 Joules by being active during the execution of the simulation
processor 4:5:3 used 0.0 Joules by being active during the execution of the simulation
processor 4:5:4 used 0.0 Joules by being active during the execution of the simulation
processor 4:5:5 used 0.0 Joules by being active during the execution of the simulation
processor 4:5:6 used 0.0 Joules by being active during the execution of the simulation
processor 4:5:7 used 0.0 Joules by being active during the execution of the simulation
processor 4:5:8 used 0.0 Joules by being active during the execution of the simulation
processor 4:5:9 used 0.0 Joules by being active during the execution of the simulation
processor 4:5:10 used 0.000982399999999944 Joules by being active during the execution of the simulation
processor 4:5:11 used 0.0 Joules by being active during the execution of the simulation
processor 4:5:12 used 0.0 Joules by being active during the execution of the simulation
processor 4:5:13 used 0.0 Joules by being active during the execution of the simulation
processor 4:5:14 used 0.0 Joules by being active during the execution of the simulation
processor 4:5:15 used 0.0 Joules by being active during the execution of the simulation
processor 4:5:16 used 0.0 Joules by being active during the execution of the simulation
processor 4:5:17 used 0.0 Joules by being active during the execution of the simulation
The chip at 4,5 used 1.4400000000000002 Joules by being idle during the execution of the simulation

processor 4:6:0 used 0.1422222222222199 Joules by being active during the execution of the simulation
processor 4:6:1 (running ChipPowerMonitor on 4, 6) used 0.0 Joules by being active during the execution of the simulation
processor 4:6:2 used 0.0 Joules by being active during the execution of the simulation
processor 4:6:3 used 0.0 Joules by being active during the execution of the simulation
processor 4:6:4 used 0.0 Joules by being active during the execution of the simulation
processor 4:6:5 used 0.0 Joules by being active during the execution of the simulation
processor 4:6:6 used 0.0 Joules by being active during the execution of the simulation
processor 4:6:7 used 0.0 Joules by being active during the execution of the simulation
processor 4:6:8 used 0.0 Joules by being active during the execution of the simulation
processor 4:6:9 used 0.0 Joules by being active during the execution of the simulation
processor 4:6:10 used 0.000994133333333279 Joules by being active during the execution of the simulation
processor 4:6:11 used 0.0 Joules by being active during the execution of the simulation
processor 4:6:12 used 0.0 Joules by being active during the execution of the simulation
processor 4:6:13 used 0.0 Joules by being active during the execution of the simulation
processor 4:6:14 used 0.0 Joules by being active during the execution of the simulation
processor 4:6:15 used 0.0 Joules by being active during the execution of the simulation
processor 4:6:16 used 0.0 Joules by being active during the execution of the simulation
processor 4:6:17 used 0.0 Joules by being active during the execution of the simulation
The chip at 4,6 used 1.4400000000000002 Joules by being idle during the execution of the simulation

processor 4:7:0 used 0.1422222222222199 Joules by being active during the execution of the simulation
processor 4:7:1 (running ChipPowerMonitor on 4, 7) used 0.0 Joules by being active during the execution of the simulation
processor 4:7:2 used 0.0 Joules by being active during the execution of the simulation
processor 4:7:3 used 0.0 Joules by being active during the execution of the simulation
processor 4:7:4 used 0.0 Joules by being active during the execution of the simulation
processor 4:7:5 used 0.0 Joules by being active during the execution of the simulation
processor 4:7:6 used 0.0 Joules by being active during the execution of the simulation
processor 4:7:7 used 0.0 Joules by being active during the execution of the simulation
processor 4:7:8 used 0.0 Joules by being active during the execution of the simulation
processor 4:7:9 used 0.0 Joules by being active during the execution of the simulation
processor 4:7:10 used 0.0009973333333332796 Joules by being active during the execution of the simulation
processor 4:7:11 used 0.0 Joules by being active during the execution of the simulation
processor 4:7:12 used 0.0 Joules by being active during the execution of the simulation
processor 4:7:13 used 0.0 Joules by being active during the execution of the simulation
processor 4:7:14 used 0.0 Joules by being active during the execution of the simulation
processor 4:7:15 used 0.0 Joules by being active during the execution of the simulation
processor 4:7:16 used 0.0 Joules by being active during the execution of the simulation
processor 4:7:17 used 0.0 Joules by being active during the execution of the simulation
The chip at 4,7 used 1.4400000000000002 Joules by being idle during the execution of the simulation

processor 5:1:0 used 0.1422222222222199 Joules by being active during the execution of the simulation
processor 5:1:1 (running ChipPowerMonitor on 5, 1) used 0.0 Joules by being active during the execution of the simulation
processor 5:1:2 used 0.0 Joules by being active during the execution of the simulation
processor 5:1:3 used 0.0 Joules by being active during the execution of the simulation
processor 5:1:4 used 0.0 Joules by being active during the execution of the simulation
processor 5:1:5 used 0.0 Joules by being active during the execution of the simulation
processor 5:1:6 used 0.0 Joules by being active during the execution of the simulation
processor 5:1:7 used 0.0 Joules by being active during the execution of the simulation
processor 5:1:8 used 0.0 Joules by being active during the execution of the simulation
processor 5:1:9 used 0.0 Joules by being active during the execution of the simulation
processor 5:1:10 used 0.0009802666666666115 Joules by being active during the execution of the simulation
processor 5:1:11 used 0.0 Joules by being active during the execution of the simulation
processor 5:1:12 used 0.0 Joules by being active during the execution of the simulation
processor 5:1:13 used 0.0 Joules by being active during the execution of the simulation
processor 5:1:14 used 0.0 Joules by being active during the execution of the simulation
processor 5:1:15 used 0.0 Joules by being active during the execution of the simulation
processor 5:1:16 used 0.0 Joules by being active during the execution of the simulation
processor 5:1:17 used 0.0 Joules by being active during the execution of the simulation
The chip at 5,1 used 1.4400000000000002 Joules by being idle during the execution of the simulation

processor 5:2:0 used 0.1422222222222199 Joules by being active during the execution of the simulation
processor 5:2:1 (running ChipPowerMonitor on 5, 2) used 0.0 Joules by being active during the execution of the simulation
processor 5:2:2 used 0.0 Joules by being active during the execution of the simulation
processor 5:2:3 used 0.0 Joules by being active during the execution of the simulation
processor 5:2:4 used 0.0 Joules by being active during the execution of the simulation
processor 5:2:5 used 0.0 Joules by being active during the execution of the simulation
processor 5:2:6 used 0.0 Joules by being active during the execution of the simulation
processor 5:2:7 used 0.0 Joules by being active during the execution of the simulation
processor 5:2:8 used 0.0 Joules by being active during the execution of the simulation
processor 5:2:9 used 0.0 Joules by being active during the execution of the simulation
processor 5:2:10 used 0.0 Joules by being active during the execution of the simulation
processor 5:2:11 used 0.0 Joules by being active during the execution of the simulation
processor 5:2:12 used 0.0 Joules by being active during the execution of the simulation
processor 5:2:13 used 0.0 Joules by being active during the execution of the simulation
processor 5:2:14 used 0.0 Joules by being active during the execution of the simulation
processor 5:2:15 used 0.000979199999999944 Joules by being active during the execution of the simulation
processor 5:2:16 used 0.0 Joules by being active during the execution of the simulation
processor 5:2:17 used 0.0 Joules by being active during the execution of the simulation
The chip at 5,2 used 1.4400000000000002 Joules by being idle during the execution of the simulation

processor 5:3:0 used 0.1422222222222199 Joules by being active during the execution of the simulation
processor 5:3:1 (running ChipPowerMonitor on 5, 3) used 0.0 Joules by being active during the execution of the simulation
processor 5:3:2 used 0.0 Joules by being active during the execution of the simulation
processor 5:3:3 used 0.0 Joules by being active during the execution of the simulation
processor 5:3:4 used 0.0 Joules by being active during the execution of the simulation
processor 5:3:5 used 0.0 Joules by being active during the execution of the simulation
processor 5:3:6 used 0.0 Joules by being active during the execution of the simulation
processor 5:3:7 used 0.0 Joules by being active during the execution of the simulation
processor 5:3:8 used 0.0 Joules by being active during the execution of the simulation
processor 5:3:9 used 0.0 Joules by being active during the execution of the simulation
processor 5:3:10 used 0.000978488888888832 Joules by being active during the execution of the simulation
processor 5:3:11 used 0.0 Joules by being active during the execution of the simulation
processor 5:3:12 used 0.0 Joules by being active during the execution of the simulation
processor 5:3:13 used 0.0 Joules by being active during the execution of the simulation
processor 5:3:14 used 0.0 Joules by being active during the execution of the simulation
processor 5:3:15 used 0.0 Joules by being active during the execution of the simulation
processor 5:3:16 used 0.0 Joules by being active during the execution of the simulation
processor 5:3:17 used 0.0 Joules by being active during the execution of the simulation
The chip at 5,3 used 1.4400000000000002 Joules by being idle during the execution of the simulation

processor 5:4:0 used 0.1422222222222199 Joules by being active during the execution of the simulation
processor 5:4:1 (running ChipPowerMonitor on 5, 4) used 0.0 Joules by being active during the execution of the simulation
processor 5:4:2 used 0.0 Joules by being active during the execution of the simulation
processor 5:4:3 used 0.0 Joules by being active during the execution of the simulation
processor 5:4:4 used 0.0 Joules by being active during the execution of the simulation
processor 5:4:5 used 0.0 Joules by being active during the execution of the simulation
processor 5:4:6 used 0.0 Joules by being active during the execution of the simulation
processor 5:4:7 used 0.0 Joules by being active during the execution of the simulation
processor 5:4:8 used 0.0 Joules by being active during the execution of the simulation
processor 5:4:9 used 0.0 Joules by being active during the execution of the simulation
processor 5:4:10 used 0.0 Joules by being active during the execution of the simulation
processor 5:4:11 used 0.0009791999999999442 Joules by being active during the execution of the simulation
processor 5:4:12 used 0.0 Joules by being active during the execution of the simulation
processor 5:4:13 used 0.0 Joules by being active during the execution of the simulation
processor 5:4:14 used 0.0 Joules by being active during the execution of the simulation
processor 5:4:15 used 0.0 Joules by being active during the execution of the simulation
processor 5:4:16 used 0.0 Joules by being active during the execution of the simulation
processor 5:4:17 used 0.0 Joules by being active during the execution of the simulation
The chip at 5,4 used 1.4400000000000002 Joules by being idle during the execution of the simulation

processor 5:5:0 used 0.1422222222222199 Joules by being active during the execution of the simulation
processor 5:5:1 (running ChipPowerMonitor on 5, 5) used 0.035555555555555465 Joules by being active during the execution of the simulation
processor 5:5:2 used 0.0 Joules by being active during the execution of the simulation
processor 5:5:3 used 0.0 Joules by being active during the execution of the simulation
processor 5:5:4 used 0.0 Joules by being active during the execution of the simulation
processor 5:5:5 used 0.0 Joules by being active during the execution of the simulation
processor 5:5:6 used 0.0 Joules by being active during the execution of the simulation
processor 5:5:7 used 0.0 Joules by being active during the execution of the simulation
processor 5:5:8 used 0.0 Joules by being active during the execution of the simulation
processor 5:5:9 used 0.0 Joules by being active during the execution of the simulation
processor 5:5:10 used 0.0009859555555554998 Joules by being active during the execution of the simulation
processor 5:5:11 used 0.0 Joules by being active during the execution of the simulation
processor 5:5:12 used 0.0 Joules by being active during the execution of the simulation
processor 5:5:13 used 0.0 Joules by being active during the execution of the simulation
processor 5:5:14 used 0.0 Joules by being active during the execution of the simulation
processor 5:5:15 used 0.0 Joules by being active during the execution of the simulation
processor 5:5:16 used 0.0 Joules by being active during the execution of the simulation
processor 5:5:17 used 0.0 Joules by being active during the execution of the simulation
The chip at 5,5 used 1.4400000000000002 Joules by being idle during the execution of the simulation

processor 5:6:0 used 0.1422222222222199 Joules by being active during the execution of the simulation
processor 5:6:1 (running ChipPowerMonitor on 5, 6) used 0.0 Joules by being active during the execution of the simulation
processor 5:6:2 used 0.0 Joules by being active during the execution of the simulation
processor 5:6:3 used 0.0 Joules by being active during the execution of the simulation
processor 5:6:4 used 0.0 Joules by being active during the execution of the simulation
processor 5:6:5 used 0.0 Joules by being active during the execution of the simulation
processor 5:6:6 used 0.0 Joules by being active during the execution of the simulation
processor 5:6:7 used 0.0 Joules by being active during the execution of the simulation
processor 5:6:8 used 0.0 Joules by being active during the execution of the simulation
processor 5:6:9 used 0.0 Joules by being active during the execution of the simulation
processor 5:6:10 used 0.0009816888888888335 Joules by being active during the execution of the simulation
processor 5:6:11 used 0.0 Joules by being active during the execution of the simulation
processor 5:6:12 used 0.0 Joules by being active during the execution of the simulation
processor 5:6:13 used 0.0 Joules by being active during the execution of the simulation
processor 5:6:14 used 0.0 Joules by being active during the execution of the simulation
processor 5:6:15 used 0.0 Joules by being active during the execution of the simulation
processor 5:6:16 used 0.0 Joules by being active during the execution of the simulation
processor 5:6:17 used 0.0 Joules by being active during the execution of the simulation
The chip at 5,6 used 1.4400000000000002 Joules by being idle during the execution of the simulation

processor 5:7:0 used 0.1422222222222199 Joules by being active during the execution of the simulation
processor 5:7:1 (running ChipPowerMonitor on 5, 7) used 0.0 Joules by being active during the execution of the simulation
processor 5:7:2 used 0.0 Joules by being active during the execution of the simulation
processor 5:7:3 used 0.0 Joules by being active during the execution of the simulation
processor 5:7:4 used 0.0 Joules by being active during the execution of the simulation
processor 5:7:5 used 0.0 Joules by being active during the execution of the simulation
processor 5:7:6 used 0.0 Joules by being active during the execution of the simulation
processor 5:7:7 used 0.0 Joules by being active during the execution of the simulation
processor 5:7:8 used 0.0 Joules by being active during the execution of the simulation
processor 5:7:9 used 0.0 Joules by being active during the execution of the simulation
processor 5:7:10 used 0.0009934222222221672 Joules by being active during the execution of the simulation
processor 5:7:11 used 0.0 Joules by being active during the execution of the simulation
processor 5:7:12 used 0.0 Joules by being active during the execution of the simulation
processor 5:7:13 used 0.0 Joules by being active during the execution of the simulation
processor 5:7:14 used 0.0 Joules by being active during the execution of the simulation
processor 5:7:15 used 0.0 Joules by being active during the execution of the simulation
processor 5:7:16 used 0.0 Joules by being active during the execution of the simulation
processor 5:7:17 used 0.0 Joules by being active during the execution of the simulation
The chip at 5,7 used 1.4400000000000002 Joules by being idle during the execution of the simulation

processor 6:2:0 used 0.1422222222222199 Joules by being active during the execution of the simulation
processor 6:2:1 (running ChipPowerMonitor on 6, 2) used 0.035555555555555465 Joules by being active during the execution of the simulation
processor 6:2:2 used 0.0 Joules by being active during the execution of the simulation
processor 6:2:3 used 0.0 Joules by being active during the execution of the simulation
processor 6:2:4 used 0.0 Joules by being active during the execution of the simulation
processor 6:2:5 used 0.0 Joules by being active during the execution of the simulation
processor 6:2:6 used 0.0 Joules by being active during the execution of the simulation
processor 6:2:7 used 0.0 Joules by being active during the execution of the simulation
processor 6:2:8 used 0.0 Joules by being active during the execution of the simulation
processor 6:2:9 used 0.0 Joules by being active during the execution of the simulation
processor 6:2:10 used 0.0009841777777777224 Joules by being active during the execution of the simulation
processor 6:2:11 used 0.0 Joules by being active during the execution of the simulation
processor 6:2:12 used 0.0 Joules by being active during the execution of the simulation
processor 6:2:13 used 0.0 Joules by being active during the execution of the simulation
processor 6:2:14 used 0.0 Joules by being active during the execution of the simulation
processor 6:2:15 used 0.0 Joules by being active during the execution of the simulation
processor 6:2:16 used 0.0 Joules by being active during the execution of the simulation
processor 6:2:17 used 0.0 Joules by being active during the execution of the simulation
The chip at 6,2 used 1.4400000000000002 Joules by being idle during the execution of the simulation

processor 6:3:0 used 0.1422222222222199 Joules by being active during the execution of the simulation
processor 6:3:1 (running ChipPowerMonitor on 6, 3) used 0.0 Joules by being active during the execution of the simulation
processor 6:3:2 used 0.0 Joules by being active during the execution of the simulation
processor 6:3:3 used 0.0 Joules by being active during the execution of the simulation
processor 6:3:4 used 0.0 Joules by being active during the execution of the simulation
processor 6:3:5 used 0.0 Joules by being active during the execution of the simulation
processor 6:3:6 used 0.0 Joules by being active during the execution of the simulation
processor 6:3:7 used 0.0 Joules by being active during the execution of the simulation
processor 6:3:8 used 0.0 Joules by being active during the execution of the simulation
processor 6:3:9 used 0.0 Joules by being active during the execution of the simulation
processor 6:3:10 used 0.0009845333333332784 Joules by being active during the execution of the simulation
processor 6:3:11 used 0.0 Joules by being active during the execution of the simulation
processor 6:3:12 used 0.0 Joules by being active during the execution of the simulation
processor 6:3:13 used 0.0 Joules by being active during the execution of the simulation
processor 6:3:14 used 0.0 Joules by being active during the execution of the simulation
processor 6:3:15 used 0.0 Joules by being active during the execution of the simulation
processor 6:3:16 used 0.0 Joules by being active during the execution of the simulation
processor 6:3:17 used 0.0 Joules by being active during the execution of the simulation
The chip at 6,3 used 1.4400000000000002 Joules by being idle during the execution of the simulation

processor 6:4:0 used 0.1422222222222199 Joules by being active during the execution of the simulation
processor 6:4:1 (running ChipPowerMonitor on 6, 4) used 0.0 Joules by being active during the execution of the simulation
processor 6:4:2 used 0.0 Joules by being active during the execution of the simulation
processor 6:4:3 used 0.0 Joules by being active during the execution of the simulation
processor 6:4:4 used 0.0 Joules by being active during the execution of the simulation
processor 6:4:5 used 0.0 Joules by being active during the execution of the simulation
processor 6:4:6 used 0.0 Joules by being active during the execution of the simulation
processor 6:4:7 used 0.0 Joules by being active during the execution of the simulation
processor 6:4:8 used 0.0 Joules by being active during the execution of the simulation
processor 6:4:9 used 0.0 Joules by being active during the execution of the simulation
processor 6:4:10 used 0.0009912888888888344 Joules by being active during the execution of the simulation
processor 6:4:11 used 0.0 Joules by being active during the execution of the simulation
processor 6:4:12 used 0.0 Joules by being active during the execution of the simulation
processor 6:4:13 used 0.0 Joules by being active during the execution of the simulation
processor 6:4:14 used 0.0 Joules by being active during the execution of the simulation
processor 6:4:15 used 0.0 Joules by being active during the execution of the simulation
processor 6:4:16 used 0.0 Joules by being active during the execution of the simulation
processor 6:4:17 used 0.0 Joules by being active during the execution of the simulation
The chip at 6,4 used 1.4400000000000002 Joules by being idle during the execution of the simulation

processor 6:5:0 used 0.1422222222222199 Joules by being active during the execution of the simulation
processor 6:5:1 (running ChipPowerMonitor on 6, 5) used 0.035555555555555465 Joules by being active during the execution of the simulation
processor 6:5:2 used 0.0 Joules by being active during the execution of the simulation
processor 6:5:3 used 0.0 Joules by being active during the execution of the simulation
processor 6:5:4 used 0.0 Joules by being active during the execution of the simulation
processor 6:5:5 used 0.0 Joules by being active during the execution of the simulation
processor 6:5:6 used 0.0 Joules by being active during the execution of the simulation
processor 6:5:7 used 0.0 Joules by being active during the execution of the simulation
processor 6:5:8 used 0.0 Joules by being active during the execution of the simulation
processor 6:5:9 used 0.0 Joules by being active during the execution of the simulation
processor 6:5:10 used 0.0009863111111110571 Joules by being active during the execution of the simulation
processor 6:5:11 used 0.0 Joules by being active during the execution of the simulation
processor 6:5:12 used 0.0 Joules by being active during the execution of the simulation
processor 6:5:13 used 0.0 Joules by being active during the execution of the simulation
processor 6:5:14 used 0.0 Joules by being active during the execution of the simulation
processor 6:5:15 used 0.0 Joules by being active during the execution of the simulation
processor 6:5:16 used 0.0 Joules by being active during the execution of the simulation
processor 6:5:17 used 0.0 Joules by being active during the execution of the simulation
The chip at 6,5 used 1.4400000000000002 Joules by being idle during the execution of the simulation

processor 6:6:0 used 0.1422222222222199 Joules by being active during the execution of the simulation
processor 6:6:1 (running ChipPowerMonitor on 6, 6) used 0.0 Joules by being active during the execution of the simulation
processor 6:6:2 used 0.0 Joules by being active during the execution of the simulation
processor 6:6:3 used 0.0 Joules by being active during the execution of the simulation
processor 6:6:4 used 0.0 Joules by being active during the execution of the simulation
processor 6:6:5 used 0.0 Joules by being active during the execution of the simulation
processor 6:6:6 used 0.0 Joules by being active during the execution of the simulation
processor 6:6:7 used 0.0 Joules by being active during the execution of the simulation
processor 6:6:8 used 0.0 Joules by being active during the execution of the simulation
processor 6:6:9 used 0.0 Joules by being active during the execution of the simulation
processor 6:6:10 used 0.0009898666666666117 Joules by being active during the execution of the simulation
processor 6:6:11 used 0.0 Joules by being active during the execution of the simulation
processor 6:6:12 used 0.0 Joules by being active during the execution of the simulation
processor 6:6:13 used 0.0 Joules by being active during the execution of the simulation
processor 6:6:14 used 0.0 Joules by being active during the execution of the simulation
processor 6:6:15 used 0.0 Joules by being active during the execution of the simulation
processor 6:6:16 used 0.0 Joules by being active during the execution of the simulation
processor 6:6:17 used 0.0 Joules by being active during the execution of the simulation
The chip at 6,6 used 1.4400000000000002 Joules by being idle during the execution of the simulation

processor 6:7:0 used 0.1422222222222199 Joules by being active during the execution of the simulation
processor 6:7:1 (running ChipPowerMonitor on 6, 7) used 0.0 Joules by being active during the execution of the simulation
processor 6:7:2 used 0.0 Joules by being active during the execution of the simulation
processor 6:7:3 used 0.0 Joules by being active during the execution of the simulation
processor 6:7:4 used 0.0 Joules by being active during the execution of the simulation
processor 6:7:5 used 0.0 Joules by being active during the execution of the simulation
processor 6:7:6 used 0.0 Joules by being active during the execution of the simulation
processor 6:7:7 used 0.0 Joules by being active during the execution of the simulation
processor 6:7:8 used 0.0 Joules by being active during the execution of the simulation
processor 6:7:9 used 0.0 Joules by being active during the execution of the simulation
processor 6:7:10 used 0.0009813333333332775 Joules by being active during the execution of the simulation
processor 6:7:11 used 0.0 Joules by being active during the execution of the simulation
processor 6:7:12 used 0.0 Joules by being active during the execution of the simulation
processor 6:7:13 used 0.0 Joules by being active during the execution of the simulation
processor 6:7:14 used 0.0 Joules by being active during the execution of the simulation
processor 6:7:15 used 0.0 Joules by being active during the execution of the simulation
processor 6:7:16 used 0.0 Joules by being active during the execution of the simulation
processor 6:7:17 used 0.0 Joules by being active during the execution of the simulation
The chip at 6,7 used 1.4400000000000002 Joules by being idle during the execution of the simulation

processor 7:3:0 used 0.1422222222222199 Joules by being active during the execution of the simulation
processor 7:3:1 (running ChipPowerMonitor on 7, 3) used 0.0 Joules by being active during the execution of the simulation
processor 7:3:2 used 0.0 Joules by being active during the execution of the simulation
processor 7:3:3 used 0.0 Joules by being active during the execution of the simulation
processor 7:3:4 used 0.0 Joules by being active during the execution of the simulation
processor 7:3:5 used 0.0 Joules by being active during the execution of the simulation
processor 7:3:6 used 0.0 Joules by being active during the execution of the simulation
processor 7:3:7 used 0.0 Joules by being active during the execution of the simulation
processor 7:3:8 used 0.0 Joules by being active during the execution of the simulation
processor 7:3:9 used 0.0 Joules by being active during the execution of the simulation
processor 7:3:10 used 0.000983111111111056 Joules by being active during the execution of the simulation
processor 7:3:11 used 0.0 Joules by being active during the execution of the simulation
processor 7:3:12 used 0.0 Joules by being active during the execution of the simulation
processor 7:3:13 used 0.0 Joules by being active during the execution of the simulation
processor 7:3:14 used 0.0 Joules by being active during the execution of the simulation
processor 7:3:15 used 0.0 Joules by being active during the execution of the simulation
processor 7:3:16 used 0.0 Joules by being active during the execution of the simulation
processor 7:3:17 used 0.0 Joules by being active during the execution of the simulation
The chip at 7,3 used 1.4400000000000002 Joules by being idle during the execution of the simulation

processor 7:4:0 used 0.1422222222222199 Joules by being active during the execution of the simulation
processor 7:4:1 (running ChipPowerMonitor on 7, 4) used 0.0 Joules by being active during the execution of the simulation
processor 7:4:2 used 0.0 Joules by being active during the execution of the simulation
processor 7:4:3 used 0.0 Joules by being active during the execution of the simulation
processor 7:4:4 used 0.0 Joules by being active during the execution of the simulation
processor 7:4:5 used 0.0 Joules by being active during the execution of the simulation
processor 7:4:6 used 0.0 Joules by being active during the execution of the simulation
processor 7:4:7 used 0.0 Joules by being active during the execution of the simulation
processor 7:4:8 used 0.0 Joules by being active during the execution of the simulation
processor 7:4:9 used 0.0 Joules by being active during the execution of the simulation
processor 7:4:10 used 0.000983111111111056 Joules by being active during the execution of the simulation
processor 7:4:11 used 0.0 Joules by being active during the execution of the simulation
processor 7:4:12 used 0.0 Joules by being active during the execution of the simulation
processor 7:4:13 used 0.0 Joules by being active during the execution of the simulation
processor 7:4:14 used 0.0 Joules by being active during the execution of the simulation
processor 7:4:15 used 0.0 Joules by being active during the execution of the simulation
processor 7:4:16 used 0.0 Joules by being active during the execution of the simulation
processor 7:4:17 used 0.0 Joules by being active during the execution of the simulation
The chip at 7,4 used 1.4400000000000002 Joules by being idle during the execution of the simulation

processor 7:5:0 used 0.1422222222222199 Joules by being active during the execution of the simulation
processor 7:5:1 (running ChipPowerMonitor on 7, 5) used 0.0 Joules by being active during the execution of the simulation
processor 7:5:2 used 0.0 Joules by being active during the execution of the simulation
processor 7:5:3 used 0.0 Joules by being active during the execution of the simulation
processor 7:5:4 used 0.0 Joules by being active during the execution of the simulation
processor 7:5:5 used 0.0 Joules by being active during the execution of the simulation
processor 7:5:6 used 0.0 Joules by being active during the execution of the simulation
processor 7:5:7 used 0.0 Joules by being active during the execution of the simulation
processor 7:5:8 used 0.0 Joules by being active during the execution of the simulation
processor 7:5:9 used 0.0 Joules by being active during the execution of the simulation
processor 7:5:10 used 0.0009795555555555007 Joules by being active during the execution of the simulation
processor 7:5:11 used 0.0 Joules by being active during the execution of the simulation
processor 7:5:12 used 0.0 Joules by being active during the execution of the simulation
processor 7:5:13 used 0.0 Joules by being active during the execution of the simulation
processor 7:5:14 used 0.0 Joules by being active during the execution of the simulation
processor 7:5:15 used 0.0 Joules by being active during the execution of the simulation
processor 7:5:16 used 0.0 Joules by being active during the execution of the simulation
processor 7:5:17 used 0.0 Joules by being active during the execution of the simulation
The chip at 7,5 used 1.4400000000000002 Joules by being idle during the execution of the simulation

processor 7:6:0 used 0.1422222222222199 Joules by being active during the execution of the simulation
processor 7:6:1 (running ChipPowerMonitor on 7, 6) used 0.0 Joules by being active during the execution of the simulation
processor 7:6:2 used 0.0 Joules by being active during the execution of the simulation
processor 7:6:3 used 0.0 Joules by being active during the execution of the simulation
processor 7:6:4 used 0.0 Joules by being active during the execution of the simulation
processor 7:6:5 used 0.0 Joules by being active during the execution of the simulation
processor 7:6:6 used 0.0 Joules by being active during the execution of the simulation
processor 7:6:7 used 0.0 Joules by being active during the execution of the simulation
processor 7:6:8 used 0.0 Joules by being active during the execution of the simulation
processor 7:6:9 used 0.0 Joules by being active during the execution of the simulation
processor 7:6:10 used 0.000985955555555501 Joules by being active during the execution of the simulation
processor 7:6:11 used 0.0 Joules by being active during the execution of the simulation
processor 7:6:12 used 0.0 Joules by being active during the execution of the simulation
processor 7:6:13 used 0.0 Joules by being active during the execution of the simulation
processor 7:6:14 used 0.0 Joules by being active during the execution of the simulation
processor 7:6:15 used 0.0 Joules by being active during the execution of the simulation
processor 7:6:16 used 0.0 Joules by being active during the execution of the simulation
processor 7:6:17 used 0.0 Joules by being active during the execution of the simulation
The chip at 7,6 used 1.4400000000000002 Joules by being idle during the execution of the simulation

processor 7:7:0 used 0.1422222222222199 Joules by being active during the execution of the simulation
processor 7:7:1 (running ChipPowerMonitor on 7, 7) used 0.0 Joules by being active during the execution of the simulation
processor 7:7:2 used 0.0 Joules by being active during the execution of the simulation
processor 7:7:3 used 0.0 Joules by being active during the execution of the simulation
processor 7:7:4 used 0.0 Joules by being active during the execution of the simulation
processor 7:7:5 used 0.0 Joules by being active during the execution of the simulation
processor 7:7:6 used 0.0 Joules by being active during the execution of the simulation
processor 7:7:7 used 0.0 Joules by being active during the execution of the simulation
processor 7:7:8 used 0.0 Joules by being active during the execution of the simulation
processor 7:7:9 used 0.0 Joules by being active during the execution of the simulation
processor 7:7:10 used 0.000977777777777722 Joules by being active during the execution of the simulation
processor 7:7:11 used 0.0 Joules by being active during the execution of the simulation
processor 7:7:12 used 0.0 Joules by being active during the execution of the simulation
processor 7:7:13 used 0.0 Joules by being active during the execution of the simulation
processor 7:7:14 used 0.0 Joules by being active during the execution of the simulation
processor 7:7:15 used 0.0 Joules by being active during the execution of the simulation
processor 7:7:16 used 0.0 Joules by being active during the execution of the simulation
processor 7:7:17 used 0.0 Joules by being active during the execution of the simulation
The chip at 7,7 used 1.4400000000000002 Joules by being idle during the execution of the simulation
