This report is based off energy estimates for individual components of the SpiNNaker machine. It is not meant to be completely accurate. But does use provenance data gathered from the machine to estimate the energy usage and therefore should be in the right ballpark.


The energy components we use are as follows:

The energy usage for a chip when all cores are 100% active for a millisecond is 0.0006399999999999999 Joules.
The energy usage for a chip when all cores are not active for a millisecond is 0.00036 Joules.
The energy used by the machine for firing a packet is 8e-10 Joules.
The energy used by each active FPGA per millisecond is 0.000584635 Joules.


The packet cost is 0.0239550872 Joules
0 FPGAs on the Spalloc-ed boards are turned on and therefore the energy used by the FPGA during the entire time the machine was booted (which was 104980.71299999999 ms) is 0.0 Joules. The usage during execution was 0.0 Joules.The amount of time used during the loading process is 22660.207000000002 milliseconds.
Assumed only 2 monitor cores is executing that this point. We also assume that there is a baseline active router/cooling component that is using 3503.090748617622 Joules. Overall the energy usage is 3869.8024116754 Joules.
The amount of time used during the data extraction process is 3617.1220000000003 milliseconds.
Assumed only 2 monitor cores is executing at this point. We also assume that there is a baseline active router/cooling component that is using 557.6283972400761 Joules. Hence the overall energy usage is 4216.360027308307 Joules.

processor 0:0:0 used 0.1066666666666606 Joules by being active during the execution of the simulation
processor 0:0:1 (running ChipPowerMonitor on 0, 0) used 0.0 Joules by being active during the execution of the simulation
processor 0:0:2 used 0.0007626666666666414 Joules by being active during the execution of the simulation
processor 0:0:3 used 0.0 Joules by being active during the execution of the simulation
processor 0:0:4 used 0.005193244444444363 Joules by being active during the execution of the simulation
processor 0:0:5 used 0.005241599999999936 Joules by being active during the execution of the simulation
processor 0:0:6 used 0.005235555555555481 Joules by being active during the execution of the simulation
processor 0:0:7 used 0.005250844444444367 Joules by being active during the execution of the simulation
processor 0:0:8 used 0.005192888888888824 Joules by being active during the execution of the simulation
processor 0:0:9 used 0.0052174222222221445 Joules by being active during the execution of the simulation
processor 0:0:10 used 0.0052163555555554695 Joules by being active during the execution of the simulation
processor 0:0:11 used 0.005230933333333252 Joules by being active during the execution of the simulation
processor 0:0:12 used 0.0051982222222221415 Joules by being active during the execution of the simulation
processor 0:0:13 used 0.005199288888888815 Joules by being active during the execution of the simulation
processor 0:0:14 used 0.0051843555555554765 Joules by being active during the execution of the simulation
processor 0:0:15 used 0.005173333333333254 Joules by being active during the execution of the simulation
processor 0:0:16 used 0.005254044444444369 Joules by being active during the execution of the simulation
processor 0:0:17 used 0.00518151111111103 Joules by being active during the execution of the simulation
The chip at 0,0 used 1.08 Joules by being idle during the execution of the simulation

processor 0:1:0 used 0.1066666666666606 Joules by being active during the execution of the simulation
processor 0:1:1 (running ChipPowerMonitor on 0, 1) used 3.5555555555555553e-07 Joules by being active during the execution of the simulation
processor 0:1:2 used 0.005192177777777711 Joules by being active during the execution of the simulation
processor 0:1:3 used 0.005158399999999924 Joules by being active during the execution of the simulation
processor 0:1:4 used 0.00521564444444437 Joules by being active during the execution of the simulation
processor 0:1:5 used 0.0052142222222221445 Joules by being active during the execution of the simulation
processor 0:1:6 used 0.00521706666666659 Joules by being active during the execution of the simulation
processor 0:1:7 used 0.005133155555555483 Joules by being active during the execution of the simulation
processor 0:1:8 used 0.005210666666666606 Joules by being active during the execution of the simulation
processor 0:1:9 used 0.005181155555555475 Joules by being active during the execution of the simulation
processor 0:1:10 used 0.000761599999999971 Joules by being active during the execution of the simulation
processor 0:1:11 used 0.005156977777777712 Joules by being active during the execution of the simulation
processor 0:1:12 used 0.005190399999999938 Joules by being active during the execution of the simulation
processor 0:1:13 used 0.005206044444444373 Joules by being active during the execution of the simulation
processor 0:1:14 used 0.00520711111111103 Joules by being active during the execution of the simulation
processor 0:1:15 used 0.0051996444444443604 Joules by being active during the execution of the simulation
processor 0:1:16 used 0.005202133333333258 Joules by being active during the execution of the simulation
processor 0:1:17 used 0.005153422222222149 Joules by being active during the execution of the simulation
The chip at 0,1 used 1.08 Joules by being idle during the execution of the simulation

processor 0:2:0 used 0.1066666666666606 Joules by being active during the execution of the simulation
processor 0:2:1 (running ChipPowerMonitor on 0, 2) used 0.0 Joules by being active during the execution of the simulation
processor 0:2:2 used 0.005212799999999932 Joules by being active during the execution of the simulation
processor 0:2:3 used 0.005145955555555486 Joules by being active during the execution of the simulation
processor 0:2:4 used 0.00521777777777771 Joules by being active during the execution of the simulation
processor 0:2:5 used 0.0052394666666665994 Joules by being active during the execution of the simulation
processor 0:2:6 used 0.0051985777777777045 Joules by being active during the execution of the simulation
processor 0:2:7 used 0.005182577777777712 Joules by being active during the execution of the simulation
processor 0:2:8 used 0.005206755555555495 Joules by being active during the execution of the simulation
processor 0:2:9 used 0.00519715555555549 Joules by being active during the execution of the simulation
processor 0:2:10 used 0.0007651555555555269 Joules by being active during the execution of the simulation
processor 0:2:11 used 0.005215288888888823 Joules by being active during the execution of the simulation
processor 0:2:12 used 0.005225599999999937 Joules by being active during the execution of the simulation
processor 0:2:13 used 0.005162666666666599 Joules by being active during the execution of the simulation
processor 0:2:14 used 0.005193955555555488 Joules by being active during the execution of the simulation
processor 0:2:15 used 0.005200711111111049 Joules by being active during the execution of the simulation
processor 0:2:16 used 0.005137066666666597 Joules by being active during the execution of the simulation
processor 0:2:17 used 0.005253688888888814 Joules by being active during the execution of the simulation
The chip at 0,2 used 1.08 Joules by being idle during the execution of the simulation

processor 0:3:0 used 0.1066666666666606 Joules by being active during the execution of the simulation
processor 0:3:1 (running ChipPowerMonitor on 0, 3) used 0.0 Joules by being active during the execution of the simulation
processor 0:3:2 used 0.0 Joules by being active during the execution of the simulation
processor 0:3:3 used 0.0 Joules by being active during the execution of the simulation
processor 0:3:4 used 0.0 Joules by being active during the execution of the simulation
processor 0:3:5 used 0.0 Joules by being active during the execution of the simulation
processor 0:3:6 used 0.0 Joules by being active during the execution of the simulation
processor 0:3:7 used 0.0 Joules by being active during the execution of the simulation
processor 0:3:8 used 0.0 Joules by being active during the execution of the simulation
processor 0:3:9 used 0.0 Joules by being active during the execution of the simulation
processor 0:3:10 used 0.0007356444444444182 Joules by being active during the execution of the simulation
processor 0:3:11 used 0.0 Joules by being active during the execution of the simulation
processor 0:3:12 used 0.0 Joules by being active during the execution of the simulation
processor 0:3:13 used 0.0 Joules by being active during the execution of the simulation
processor 0:3:14 used 0.0 Joules by being active during the execution of the simulation
processor 0:3:15 used 0.0 Joules by being active during the execution of the simulation
processor 0:3:16 used 0.0 Joules by being active during the execution of the simulation
processor 0:3:17 used 0.0 Joules by being active during the execution of the simulation
The chip at 0,3 used 1.08 Joules by being idle during the execution of the simulation

processor 1:0:0 used 0.1066666666666606 Joules by being active during the execution of the simulation
processor 1:0:1 (running ChipPowerMonitor on 1, 0) used 0.0 Joules by being active during the execution of the simulation
processor 1:0:2 used 0.005177244444444368 Joules by being active during the execution of the simulation
processor 1:0:3 used 0.005225955555555478 Joules by being active during the execution of the simulation
processor 1:0:4 used 0.005172266666666602 Joules by being active during the execution of the simulation
processor 1:0:5 used 0.005140266666666589 Joules by being active during the execution of the simulation
processor 1:0:6 used 0.0051847111111110395 Joules by being active during the execution of the simulation
processor 1:0:7 used 0.005242311111111055 Joules by being active during the execution of the simulation
processor 1:0:8 used 0.005203555555555488 Joules by being active during the execution of the simulation
processor 1:0:9 used 0.005183288888888825 Joules by being active during the execution of the simulation
processor 1:0:10 used 0.0007626666666666382 Joules by being active during the execution of the simulation
processor 1:0:11 used 0.005144888888888818 Joules by being active during the execution of the simulation
processor 1:0:12 used 0.005216711111111037 Joules by being active during the execution of the simulation
processor 1:0:13 used 0.0051967999999999355 Joules by being active during the execution of the simulation
processor 1:0:14 used 0.005199288888888821 Joules by being active during the execution of the simulation
processor 1:0:15 used 0.005159111111111038 Joules by being active during the execution of the simulation
processor 1:0:16 used 0.005211377777777715 Joules by being active during the execution of the simulation
processor 1:0:17 used 0.005214933333333265 Joules by being active during the execution of the simulation
The chip at 1,0 used 1.08 Joules by being idle during the execution of the simulation

processor 1:1:0 used 0.1066666666666606 Joules by being active during the execution of the simulation
processor 1:1:1 (running ChipPowerMonitor on 1, 1) used 0.0 Joules by being active during the execution of the simulation
processor 1:1:2 used 0.005214222222222159 Joules by being active during the execution of the simulation
processor 1:1:3 used 0.005166577777777706 Joules by being active during the execution of the simulation
processor 1:1:4 used 0.005176533333333268 Joules by being active during the execution of the simulation
processor 1:1:5 used 0.005193244444444372 Joules by being active during the execution of the simulation
processor 1:1:6 used 0.00521599999999994 Joules by being active during the execution of the simulation
processor 1:1:7 used 0.005175111111111036 Joules by being active during the execution of the simulation
processor 1:1:8 used 0.005208888888888816 Joules by being active during the execution of the simulation
processor 1:1:9 used 0.005179377777777715 Joules by being active during the execution of the simulation
processor 1:1:10 used 0.00517759999999993 Joules by being active during the execution of the simulation
processor 1:1:11 used 0.005215644444444376 Joules by being active during the execution of the simulation
processor 1:1:12 used 0.005185066666666605 Joules by being active during the execution of the simulation
processor 1:1:13 used 0.1066666666666606 Joules by being active during the execution of the simulation
processor 1:1:14 used 0.005143111111111033 Joules by being active during the execution of the simulation
processor 1:1:15 used 0.0007541333333333053 Joules by being active during the execution of the simulation
processor 1:1:16 used 0.0052039111111110365 Joules by being active during the execution of the simulation
processor 1:1:17 used 0.005206399999999924 Joules by being active during the execution of the simulation
The chip at 1,1 used 1.08 Joules by being idle during the execution of the simulation

processor 1:2:0 used 0.1066666666666606 Joules by being active during the execution of the simulation
processor 1:2:1 (running ChipPowerMonitor on 1, 2) used 3.5555555555555553e-07 Joules by being active during the execution of the simulation
processor 1:2:2 used 0.005198577777777709 Joules by being active during the execution of the simulation
processor 1:2:3 used 0.005200355555555488 Joules by being active during the execution of the simulation
processor 1:2:4 used 0.005193955555555487 Joules by being active during the execution of the simulation
processor 1:2:5 used 0.005138844444444372 Joules by being active during the execution of the simulation
processor 1:2:6 used 0.005239822222222157 Joules by being active during the execution of the simulation
processor 1:2:7 used 0.00517404444444436 Joules by being active during the execution of the simulation
processor 1:2:8 used 0.0051679999999999365 Joules by being active during the execution of the simulation
processor 1:2:9 used 0.0051758222222221565 Joules by being active during the execution of the simulation
processor 1:2:10 used 0.0007608888888888603 Joules by being active during the execution of the simulation
processor 1:2:11 used 0.005166933333333271 Joules by being active during the execution of the simulation
processor 1:2:12 used 0.005213511111111035 Joules by being active during the execution of the simulation
processor 1:2:13 used 0.005182577777777715 Joules by being active during the execution of the simulation
processor 1:2:14 used 0.00520711111111104 Joules by being active during the execution of the simulation
processor 1:2:15 used 0.005209244444444384 Joules by being active during the execution of the simulation
processor 1:2:16 used 0.005187555555555484 Joules by being active during the execution of the simulation
processor 1:2:17 used 0.0051559111111110344 Joules by being active during the execution of the simulation
The chip at 1,2 used 1.08 Joules by being idle during the execution of the simulation

processor 1:3:0 used 0.1066666666666606 Joules by being active during the execution of the simulation
processor 1:3:1 (running ChipPowerMonitor on 1, 3) used 0.0 Joules by being active during the execution of the simulation
processor 1:3:2 used 0.0 Joules by being active during the execution of the simulation
processor 1:3:3 used 0.0 Joules by being active during the execution of the simulation
processor 1:3:4 used 0.0 Joules by being active during the execution of the simulation
processor 1:3:5 used 0.0 Joules by being active during the execution of the simulation
processor 1:3:6 used 0.0 Joules by being active during the execution of the simulation
processor 1:3:7 used 0.0 Joules by being active during the execution of the simulation
processor 1:3:8 used 0.0 Joules by being active during the execution of the simulation
processor 1:3:9 used 0.0 Joules by being active during the execution of the simulation
processor 1:3:10 used 0.0 Joules by being active during the execution of the simulation
processor 1:3:11 used 0.0007338666666666401 Joules by being active during the execution of the simulation
processor 1:3:12 used 0.0 Joules by being active during the execution of the simulation
processor 1:3:13 used 0.0 Joules by being active during the execution of the simulation
processor 1:3:14 used 0.0 Joules by being active during the execution of the simulation
processor 1:3:15 used 0.0 Joules by being active during the execution of the simulation
processor 1:3:16 used 0.0 Joules by being active during the execution of the simulation
processor 1:3:17 used 0.0 Joules by being active during the execution of the simulation
The chip at 1,3 used 1.08 Joules by being idle during the execution of the simulation

processor 1:4:0 used 0.1066666666666606 Joules by being active during the execution of the simulation
processor 1:4:1 (running ChipPowerMonitor on 1, 4) used 0.0 Joules by being active during the execution of the simulation
processor 1:4:2 used 0.0 Joules by being active during the execution of the simulation
processor 1:4:3 used 0.0 Joules by being active during the execution of the simulation
processor 1:4:4 used 0.0 Joules by being active during the execution of the simulation
processor 1:4:5 used 0.0 Joules by being active during the execution of the simulation
processor 1:4:6 used 0.0 Joules by being active during the execution of the simulation
processor 1:4:7 used 0.0 Joules by being active during the execution of the simulation
processor 1:4:8 used 0.0 Joules by being active during the execution of the simulation
processor 1:4:9 used 0.0 Joules by being active during the execution of the simulation
processor 1:4:10 used 0.0007391999999999736 Joules by being active during the execution of the simulation
processor 1:4:11 used 0.0 Joules by being active during the execution of the simulation
processor 1:4:12 used 0.0 Joules by being active during the execution of the simulation
processor 1:4:13 used 0.0 Joules by being active during the execution of the simulation
processor 1:4:14 used 0.0 Joules by being active during the execution of the simulation
processor 1:4:15 used 0.0 Joules by being active during the execution of the simulation
processor 1:4:16 used 0.0 Joules by being active during the execution of the simulation
processor 1:4:17 used 0.0 Joules by being active during the execution of the simulation
The chip at 1,4 used 1.08 Joules by being idle during the execution of the simulation

processor 2:0:0 used 0.1066666666666606 Joules by being active during the execution of the simulation
processor 2:0:1 (running ChipPowerMonitor on 2, 0) used 0.07110542222221916 Joules by being active during the execution of the simulation
processor 2:0:2 used 0.00517688888888882 Joules by being active during the execution of the simulation
processor 2:0:3 used 0.005218488888888814 Joules by being active during the execution of the simulation
processor 2:0:4 used 0.005199288888888814 Joules by being active during the execution of the simulation
processor 2:0:5 used 0.005178311111111033 Joules by being active during the execution of the simulation
processor 2:0:6 used 0.005179022222222152 Joules by being active during the execution of the simulation
processor 2:0:7 used 0.005181866666666591 Joules by being active during the execution of the simulation
processor 2:0:8 used 0.005189688888888817 Joules by being active during the execution of the simulation
processor 2:0:9 used 0.005182577777777706 Joules by being active during the execution of the simulation
processor 2:0:10 used 0.0007637333333333042 Joules by being active during the execution of the simulation
processor 2:0:11 used 0.0052298666666666035 Joules by being active during the execution of the simulation
processor 2:0:12 used 0.005178666666666599 Joules by being active during the execution of the simulation
processor 2:0:13 used 0.005180444444444365 Joules by being active during the execution of the simulation
processor 2:0:14 used 0.005191822222222153 Joules by being active during the execution of the simulation
processor 2:0:15 used 0.005184711111111035 Joules by being active during the execution of the simulation
processor 2:0:16 used 0.0051516444444443645 Joules by being active during the execution of the simulation
processor 2:0:17 used 0.005126399999999919 Joules by being active during the execution of the simulation
The chip at 2,0 used 1.08 Joules by being idle during the execution of the simulation

processor 2:1:0 used 0.1066666666666606 Joules by being active during the execution of the simulation
processor 2:1:1 (running ChipPowerMonitor on 2, 1) used 0.03555484444444436 Joules by being active during the execution of the simulation
processor 2:1:2 used 0.005156266666666587 Joules by being active during the execution of the simulation
processor 2:1:3 used 0.005192177777777703 Joules by being active during the execution of the simulation
processor 2:1:4 used 0.0051541333333332525 Joules by being active during the execution of the simulation
processor 2:1:5 used 0.005210666666666597 Joules by being active during the execution of the simulation
processor 2:1:6 used 0.005171199999999921 Joules by being active during the execution of the simulation
processor 2:1:7 used 0.0050748444444443696 Joules by being active during the execution of the simulation
processor 2:1:8 used 0.005150933333333264 Joules by being active during the execution of the simulation
processor 2:1:9 used 0.005173688888888813 Joules by being active during the execution of the simulation
processor 2:1:10 used 0.0007669333333333041 Joules by being active during the execution of the simulation
processor 2:1:11 used 0.005236977777777715 Joules by being active during the execution of the simulation
processor 2:1:12 used 0.00517475555555549 Joules by being active during the execution of the simulation
processor 2:1:13 used 0.005161599999999918 Joules by being active during the execution of the simulation
processor 2:1:14 used 0.005149511111111025 Joules by being active during the execution of the simulation
processor 2:1:15 used 0.00516302222222214 Joules by being active during the execution of the simulation
processor 2:1:16 used 0.005102222222222145 Joules by being active during the execution of the simulation
processor 2:1:17 used 0.005164799999999925 Joules by being active during the execution of the simulation
The chip at 2,1 used 1.08 Joules by being idle during the execution of the simulation

processor 2:2:0 used 0.1066666666666606 Joules by being active during the execution of the simulation
processor 2:2:1 (running ChipPowerMonitor on 2, 2) used 0.035555555555555465 Joules by being active during the execution of the simulation
processor 2:2:2 used 0.005187555555555487 Joules by being active during the execution of the simulation
processor 2:2:3 used 0.005227377777777708 Joules by being active during the execution of the simulation
processor 2:2:4 used 0.005163022222222141 Joules by being active during the execution of the simulation
processor 2:2:5 used 0.005150222222222151 Joules by being active during the execution of the simulation
processor 2:2:6 used 0.005170488888888823 Joules by being active during the execution of the simulation
processor 2:2:7 used 0.005145599999999929 Joules by being active during the execution of the simulation
processor 2:2:8 used 0.005175822222222153 Joules by being active during the execution of the simulation
processor 2:2:9 used 0.005165866666666591 Joules by being active during the execution of the simulation
processor 2:2:10 used 0.0007541333333333046 Joules by being active during the execution of the simulation
processor 2:2:11 used 0.005186133333333273 Joules by being active during the execution of the simulation
processor 2:2:12 used 0.005147733333333262 Joules by being active during the execution of the simulation
processor 2:2:13 used 0.005159466666666593 Joules by being active during the execution of the simulation
processor 2:2:14 used 0.005236977777777717 Joules by being active during the execution of the simulation
processor 2:2:15 used 0.005147733333333262 Joules by being active during the execution of the simulation
processor 2:2:16 used 0.00513635555555548 Joules by being active during the execution of the simulation
processor 2:2:17 used 0.005182577777777706 Joules by being active during the execution of the simulation
The chip at 2,2 used 1.08 Joules by being idle during the execution of the simulation

processor 2:3:0 used 0.1066666666666606 Joules by being active during the execution of the simulation
processor 2:3:1 (running ChipPowerMonitor on 2, 3) used 0.0 Joules by being active during the execution of the simulation
processor 2:3:2 used 0.0 Joules by being active during the execution of the simulation
processor 2:3:3 used 0.0 Joules by being active during the execution of the simulation
processor 2:3:4 used 0.0 Joules by being active during the execution of the simulation
processor 2:3:5 used 0.0 Joules by being active during the execution of the simulation
processor 2:3:6 used 0.0 Joules by being active during the execution of the simulation
processor 2:3:7 used 0.0 Joules by being active during the execution of the simulation
processor 2:3:8 used 0.0 Joules by being active during the execution of the simulation
processor 2:3:9 used 0.0 Joules by being active during the execution of the simulation
processor 2:3:10 used 0.0007431111111110841 Joules by being active during the execution of the simulation
processor 2:3:11 used 0.0 Joules by being active during the execution of the simulation
processor 2:3:12 used 0.0 Joules by being active during the execution of the simulation
processor 2:3:13 used 0.0 Joules by being active during the execution of the simulation
processor 2:3:14 used 0.0 Joules by being active during the execution of the simulation
processor 2:3:15 used 0.0 Joules by being active during the execution of the simulation
processor 2:3:16 used 0.0 Joules by being active during the execution of the simulation
processor 2:3:17 used 0.0 Joules by being active during the execution of the simulation
The chip at 2,3 used 1.08 Joules by being idle during the execution of the simulation

processor 2:4:0 used 0.1066666666666606 Joules by being active during the execution of the simulation
processor 2:4:1 (running ChipPowerMonitor on 2, 4) used 0.0 Joules by being active during the execution of the simulation
processor 2:4:2 used 0.0 Joules by being active during the execution of the simulation
processor 2:4:3 used 0.0 Joules by being active during the execution of the simulation
processor 2:4:4 used 0.0 Joules by being active during the execution of the simulation
processor 2:4:5 used 0.0 Joules by being active during the execution of the simulation
processor 2:4:6 used 0.0 Joules by being active during the execution of the simulation
processor 2:4:7 used 0.0 Joules by being active during the execution of the simulation
processor 2:4:8 used 0.0 Joules by being active during the execution of the simulation
processor 2:4:9 used 0.0 Joules by being active during the execution of the simulation
processor 2:4:10 used 0.0007406222222221951 Joules by being active during the execution of the simulation
processor 2:4:11 used 0.0 Joules by being active during the execution of the simulation
processor 2:4:12 used 0.0 Joules by being active during the execution of the simulation
processor 2:4:13 used 0.0 Joules by being active during the execution of the simulation
processor 2:4:14 used 0.0 Joules by being active during the execution of the simulation
processor 2:4:15 used 0.0 Joules by being active during the execution of the simulation
processor 2:4:16 used 0.0 Joules by being active during the execution of the simulation
processor 2:4:17 used 0.0 Joules by being active during the execution of the simulation
The chip at 2,4 used 1.08 Joules by being idle during the execution of the simulation

processor 2:5:0 used 0.1066666666666606 Joules by being active during the execution of the simulation
processor 2:5:1 (running ChipPowerMonitor on 2, 5) used 0.03555484444444436 Joules by being active during the execution of the simulation
processor 2:5:2 used 0.0 Joules by being active during the execution of the simulation
processor 2:5:3 used 0.0 Joules by being active during the execution of the simulation
processor 2:5:4 used 0.0 Joules by being active during the execution of the simulation
processor 2:5:5 used 0.0 Joules by being active during the execution of the simulation
processor 2:5:6 used 0.0 Joules by being active during the execution of the simulation
processor 2:5:7 used 0.0 Joules by being active during the execution of the simulation
processor 2:5:8 used 0.0 Joules by being active during the execution of the simulation
processor 2:5:9 used 0.0 Joules by being active during the execution of the simulation
processor 2:5:10 used 0.0007431111111110838 Joules by being active during the execution of the simulation
processor 2:5:11 used 0.0 Joules by being active during the execution of the simulation
processor 2:5:12 used 0.0 Joules by being active during the execution of the simulation
processor 2:5:13 used 0.0 Joules by being active during the execution of the simulation
processor 2:5:14 used 0.0 Joules by being active during the execution of the simulation
processor 2:5:15 used 0.0 Joules by being active during the execution of the simulation
processor 2:5:16 used 0.0 Joules by being active during the execution of the simulation
processor 2:5:17 used 0.0 Joules by being active during the execution of the simulation
The chip at 2,5 used 1.08 Joules by being idle during the execution of the simulation

processor 3:0:0 used 0.1066666666666606 Joules by being active during the execution of the simulation
processor 3:0:1 (running ChipPowerMonitor on 3, 0) used 0.03555484444444436 Joules by being active during the execution of the simulation
processor 3:0:2 used 0.005221333333333266 Joules by being active during the execution of the simulation
processor 3:0:3 used 0.0052494222222221505 Joules by being active during the execution of the simulation
processor 3:0:4 used 0.005166222222222153 Joules by being active during the execution of the simulation
processor 3:0:5 used 0.005224533333333262 Joules by being active during the execution of the simulation
processor 3:0:6 used 0.005199288888888814 Joules by being active during the execution of the simulation
processor 3:0:7 used 0.00517902222222215 Joules by being active during the execution of the simulation
processor 3:0:8 used 0.005254399999999934 Joules by being active during the execution of the simulation
processor 3:0:9 used 0.005233066666666592 Joules by being active during the execution of the simulation
processor 3:0:10 used 0.0007619555555555273 Joules by being active during the execution of the simulation
processor 3:0:11 used 0.005177244444444375 Joules by being active during the execution of the simulation
processor 3:0:12 used 0.005163377777777707 Joules by being active during the execution of the simulation
processor 3:0:13 used 0.005244444444444377 Joules by being active during the execution of the simulation
processor 3:0:14 used 0.005212088888888825 Joules by being active during the execution of the simulation
processor 3:0:15 used 0.005179377777777694 Joules by being active during the execution of the simulation
processor 3:0:16 used 0.005206399999999933 Joules by being active during the execution of the simulation
processor 3:0:17 used 0.005211377777777705 Joules by being active during the execution of the simulation
The chip at 3,0 used 1.08 Joules by being idle during the execution of the simulation

processor 3:1:0 used 0.1066666666666606 Joules by being active during the execution of the simulation
processor 3:1:1 (running ChipPowerMonitor on 3, 1) used 0.0 Joules by being active during the execution of the simulation
processor 3:1:2 used 0.005208177777777709 Joules by being active during the execution of the simulation
processor 3:1:3 used 0.005207822222222147 Joules by being active during the execution of the simulation
processor 3:1:4 used 0.0052003555555554925 Joules by being active during the execution of the simulation
processor 3:1:5 used 0.0052234666666665965 Joules by being active during the execution of the simulation
processor 3:1:6 used 0.005206399999999925 Joules by being active during the execution of the simulation
processor 3:1:7 used 0.0051975111111110285 Joules by being active during the execution of the simulation
processor 3:1:8 used 0.005252977777777703 Joules by being active during the execution of the simulation
processor 3:1:9 used 0.005193599999999924 Joules by being active during the execution of the simulation
processor 3:1:10 used 0.0007644444444444151 Joules by being active during the execution of the simulation
processor 3:1:11 used 0.005165866666666593 Joules by being active during the execution of the simulation
processor 3:1:12 used 0.005185777777777699 Joules by being active during the execution of the simulation
processor 3:1:13 used 0.005208888888888818 Joules by being active during the execution of the simulation
processor 3:1:14 used 0.005203555555555471 Joules by being active during the execution of the simulation
processor 3:1:15 used 0.005181866666666601 Joules by being active during the execution of the simulation
processor 3:1:16 used 0.0 Joules by being active during the execution of the simulation
processor 3:1:17 used 0.00521528888888882 Joules by being active during the execution of the simulation
The chip at 3,1 used 1.08 Joules by being idle during the execution of the simulation

processor 3:2:0 used 0.1066666666666606 Joules by being active during the execution of the simulation
processor 3:2:1 (running ChipPowerMonitor on 3, 2) used 0.0355576888888888 Joules by being active during the execution of the simulation
processor 3:2:2 used 0.0 Joules by being active during the execution of the simulation
processor 3:2:3 used 0.0 Joules by being active during the execution of the simulation
processor 3:2:4 used 0.0 Joules by being active during the execution of the simulation
processor 3:2:5 used 0.0 Joules by being active during the execution of the simulation
processor 3:2:6 used 0.0 Joules by being active during the execution of the simulation
processor 3:2:7 used 0.0 Joules by being active during the execution of the simulation
processor 3:2:8 used 0.0 Joules by being active during the execution of the simulation
processor 3:2:9 used 0.0 Joules by being active during the execution of the simulation
processor 3:2:10 used 0.0007413333333333059 Joules by being active during the execution of the simulation
processor 3:2:11 used 0.0 Joules by being active during the execution of the simulation
processor 3:2:12 used 0.0 Joules by being active during the execution of the simulation
processor 3:2:13 used 0.0 Joules by being active during the execution of the simulation
processor 3:2:14 used 0.0 Joules by being active during the execution of the simulation
processor 3:2:15 used 0.0 Joules by being active during the execution of the simulation
processor 3:2:16 used 0.0 Joules by being active during the execution of the simulation
processor 3:2:17 used 0.0 Joules by being active during the execution of the simulation
The chip at 3,2 used 1.08 Joules by being idle during the execution of the simulation

processor 3:3:0 used 0.1066666666666606 Joules by being active during the execution of the simulation
processor 3:3:1 (running ChipPowerMonitor on 3, 3) used 3.5555555555555553e-07 Joules by being active during the execution of the simulation
processor 3:3:2 used 0.0 Joules by being active during the execution of the simulation
processor 3:3:3 used 0.0 Joules by being active during the execution of the simulation
processor 3:3:4 used 0.0 Joules by being active during the execution of the simulation
processor 3:3:5 used 0.0 Joules by being active during the execution of the simulation
processor 3:3:6 used 0.0 Joules by being active during the execution of the simulation
processor 3:3:7 used 0.0 Joules by being active during the execution of the simulation
processor 3:3:8 used 0.0 Joules by being active during the execution of the simulation
processor 3:3:9 used 0.0 Joules by being active during the execution of the simulation
processor 3:3:10 used 0.0007320888888888632 Joules by being active during the execution of the simulation
processor 3:3:11 used 0.0 Joules by being active during the execution of the simulation
processor 3:3:12 used 0.0 Joules by being active during the execution of the simulation
processor 3:3:13 used 0.0 Joules by being active during the execution of the simulation
processor 3:3:14 used 0.0 Joules by being active during the execution of the simulation
processor 3:3:15 used 0.0 Joules by being active during the execution of the simulation
processor 3:3:16 used 0.0 Joules by being active during the execution of the simulation
processor 3:3:17 used 0.0 Joules by being active during the execution of the simulation
The chip at 3,3 used 1.08 Joules by being idle during the execution of the simulation

processor 3:4:0 used 0.1066666666666606 Joules by being active during the execution of the simulation
processor 3:4:1 (running ChipPowerMonitor on 3, 4) used 3.5555555555555553e-07 Joules by being active during the execution of the simulation
processor 3:4:2 used 0.0 Joules by being active during the execution of the simulation
processor 3:4:3 used 0.0 Joules by being active during the execution of the simulation
processor 3:4:4 used 0.0 Joules by being active during the execution of the simulation
processor 3:4:5 used 0.0 Joules by being active during the execution of the simulation
processor 3:4:6 used 0.0 Joules by being active during the execution of the simulation
processor 3:4:7 used 0.0 Joules by being active during the execution of the simulation
processor 3:4:8 used 0.0 Joules by being active during the execution of the simulation
processor 3:4:9 used 0.0 Joules by being active during the execution of the simulation
processor 3:4:10 used 0.0007413333333333063 Joules by being active during the execution of the simulation
processor 3:4:11 used 0.0 Joules by being active during the execution of the simulation
processor 3:4:12 used 0.0 Joules by being active during the execution of the simulation
processor 3:4:13 used 0.0 Joules by being active during the execution of the simulation
processor 3:4:14 used 0.0 Joules by being active during the execution of the simulation
processor 3:4:15 used 0.0 Joules by being active during the execution of the simulation
processor 3:4:16 used 0.0 Joules by being active during the execution of the simulation
processor 3:4:17 used 0.0 Joules by being active during the execution of the simulation
The chip at 3,4 used 1.08 Joules by being idle during the execution of the simulation

processor 3:5:0 used 0.1066666666666606 Joules by being active during the execution of the simulation
processor 3:5:1 (running ChipPowerMonitor on 3, 5) used 3.5555555555555553e-07 Joules by being active during the execution of the simulation
processor 3:5:2 used 0.0007409777777777506 Joules by being active during the execution of the simulation
processor 3:5:3 used 0.0 Joules by being active during the execution of the simulation
processor 3:5:4 used 0.0 Joules by being active during the execution of the simulation
processor 3:5:5 used 0.0 Joules by being active during the execution of the simulation
processor 3:5:6 used 0.0 Joules by being active during the execution of the simulation
processor 3:5:7 used 0.0 Joules by being active during the execution of the simulation
processor 3:5:8 used 0.0 Joules by being active during the execution of the simulation
processor 3:5:9 used 0.0 Joules by being active during the execution of the simulation
processor 3:5:10 used 0.0 Joules by being active during the execution of the simulation
processor 3:5:11 used 0.0 Joules by being active during the execution of the simulation
processor 3:5:12 used 0.0 Joules by being active during the execution of the simulation
processor 3:5:13 used 0.0 Joules by being active during the execution of the simulation
processor 3:5:14 used 0.0 Joules by being active during the execution of the simulation
processor 3:5:15 used 0.0 Joules by being active during the execution of the simulation
processor 3:5:16 used 0.0 Joules by being active during the execution of the simulation
processor 3:5:17 used 0.1066666666666606 Joules by being active during the execution of the simulation
The chip at 3,5 used 1.08 Joules by being idle during the execution of the simulation

processor 3:6:0 used 0.1066666666666606 Joules by being active during the execution of the simulation
processor 3:6:1 (running ChipPowerMonitor on 3, 6) used 0.0 Joules by being active during the execution of the simulation
processor 3:6:2 used 0.0 Joules by being active during the execution of the simulation
processor 3:6:3 used 0.0 Joules by being active during the execution of the simulation
processor 3:6:4 used 0.0 Joules by being active during the execution of the simulation
processor 3:6:5 used 0.0 Joules by being active during the execution of the simulation
processor 3:6:6 used 0.0 Joules by being active during the execution of the simulation
processor 3:6:7 used 0.0 Joules by being active during the execution of the simulation
processor 3:6:8 used 0.0 Joules by being active during the execution of the simulation
processor 3:6:9 used 0.0 Joules by being active during the execution of the simulation
processor 3:6:10 used 0.0007409777777777508 Joules by being active during the execution of the simulation
processor 3:6:11 used 0.0 Joules by being active during the execution of the simulation
processor 3:6:12 used 0.0 Joules by being active during the execution of the simulation
processor 3:6:13 used 0.0 Joules by being active during the execution of the simulation
processor 3:6:14 used 0.0 Joules by being active during the execution of the simulation
processor 3:6:15 used 0.0 Joules by being active during the execution of the simulation
processor 3:6:16 used 0.0 Joules by being active during the execution of the simulation
processor 3:6:17 used 0.0 Joules by being active during the execution of the simulation
The chip at 3,6 used 1.08 Joules by being idle during the execution of the simulation

processor 4:0:0 used 0.1066666666666606 Joules by being active during the execution of the simulation
processor 4:0:1 (running ChipPowerMonitor on 4, 0) used 0.03555484444444436 Joules by being active during the execution of the simulation
processor 4:0:2 used 0.0 Joules by being active during the execution of the simulation
processor 4:0:3 used 0.0 Joules by being active during the execution of the simulation
processor 4:0:4 used 0.0 Joules by being active during the execution of the simulation
processor 4:0:5 used 0.0 Joules by being active during the execution of the simulation
processor 4:0:6 used 0.0 Joules by being active during the execution of the simulation
processor 4:0:7 used 0.0 Joules by being active during the execution of the simulation
processor 4:0:8 used 0.0 Joules by being active during the execution of the simulation
processor 4:0:9 used 0.0 Joules by being active during the execution of the simulation
processor 4:0:10 used 0.0007356444444444178 Joules by being active during the execution of the simulation
processor 4:0:11 used 0.0 Joules by being active during the execution of the simulation
processor 4:0:12 used 0.0 Joules by being active during the execution of the simulation
processor 4:0:13 used 0.0 Joules by being active during the execution of the simulation
processor 4:0:14 used 0.0 Joules by being active during the execution of the simulation
processor 4:0:15 used 0.0 Joules by being active during the execution of the simulation
processor 4:0:16 used 0.0 Joules by being active during the execution of the simulation
processor 4:0:17 used 0.0 Joules by being active during the execution of the simulation
The chip at 4,0 used 1.08 Joules by being idle during the execution of the simulation

processor 4:1:0 used 0.1066666666666606 Joules by being active during the execution of the simulation
processor 4:1:1 (running ChipPowerMonitor on 4, 1) used 0.0 Joules by being active during the execution of the simulation
processor 4:1:2 used 0.0051345777777777124 Joules by being active during the execution of the simulation
processor 4:1:3 used 0.005222399999999942 Joules by being active during the execution of the simulation
processor 4:1:4 used 0.005196799999999934 Joules by being active during the execution of the simulation
processor 4:1:5 used 0.005217422222222164 Joules by being active during the execution of the simulation
processor 4:1:6 used 0.005186133333333266 Joules by being active during the execution of the simulation
processor 4:1:7 used 0.005211022222222156 Joules by being active during the execution of the simulation
processor 4:1:8 used 0.005196799999999933 Joules by being active during the execution of the simulation
processor 4:1:9 used 0.005171911111111039 Joules by being active during the execution of the simulation
processor 4:1:10 used 0.0007690666666666366 Joules by being active during the execution of the simulation
processor 4:1:11 used 0.005177955555555489 Joules by being active during the execution of the simulation
processor 4:1:12 used 0.005172622222222144 Joules by being active during the execution of the simulation
processor 4:1:13 used 0.005222399999999927 Joules by being active during the execution of the simulation
processor 4:1:14 used 0.005171911111111039 Joules by being active during the execution of the simulation
processor 4:1:15 used 0.005168355555555484 Joules by being active during the execution of the simulation
processor 4:1:16 used 0.00512319999999993 Joules by being active during the execution of the simulation
processor 4:1:17 used 0.005167644444444374 Joules by being active during the execution of the simulation
The chip at 4,1 used 1.08 Joules by being idle during the execution of the simulation

processor 4:2:0 used 0.1066666666666606 Joules by being active during the execution of the simulation
processor 4:2:1 (running ChipPowerMonitor on 4, 2) used 0.035555555555555465 Joules by being active during the execution of the simulation
processor 4:2:2 used 0.005211022222222155 Joules by being active during the execution of the simulation
processor 4:2:3 used 0.005220977777777715 Joules by being active during the execution of the simulation
processor 4:2:4 used 0.005181155555555483 Joules by being active during the execution of the simulation
processor 4:2:5 used 0.005210311111111043 Joules by being active during the execution of the simulation
processor 4:2:6 used 0.005185777777777708 Joules by being active during the execution of the simulation
processor 4:2:7 used 0.005172266666666598 Joules by being active during the execution of the simulation
processor 4:2:8 used 0.005222399999999941 Joules by being active during the execution of the simulation
processor 4:2:9 used 0.005169422222222155 Joules by being active during the execution of the simulation
processor 4:2:10 used 0.0007534222222221951 Joules by being active during the execution of the simulation
processor 4:2:11 used 0.0051338666666665925 Joules by being active during the execution of the simulation
processor 4:2:12 used 0.0051114666666665955 Joules by being active during the execution of the simulation
processor 4:2:13 used 0.004870399999999933 Joules by being active during the execution of the simulation
processor 4:2:14 used 0.0 Joules by being active during the execution of the simulation
processor 4:2:15 used 0.0 Joules by being active during the execution of the simulation
processor 4:2:16 used 0.0 Joules by being active during the execution of the simulation
processor 4:2:17 used 0.0 Joules by being active during the execution of the simulation
The chip at 4,2 used 1.08 Joules by being idle during the execution of the simulation

processor 4:3:0 used 0.1066666666666606 Joules by being active during the execution of the simulation
processor 4:3:1 (running ChipPowerMonitor on 4, 3) used 0.035555555555555465 Joules by being active during the execution of the simulation
processor 4:3:2 used 0.0 Joules by being active during the execution of the simulation
processor 4:3:3 used 0.0 Joules by being active during the execution of the simulation
processor 4:3:4 used 0.0 Joules by being active during the execution of the simulation
processor 4:3:5 used 0.0 Joules by being active during the execution of the simulation
processor 4:3:6 used 0.0 Joules by being active during the execution of the simulation
processor 4:3:7 used 0.0 Joules by being active during the execution of the simulation
processor 4:3:8 used 0.0 Joules by being active during the execution of the simulation
processor 4:3:9 used 0.0 Joules by being active during the execution of the simulation
processor 4:3:10 used 0.0007391999999999742 Joules by being active during the execution of the simulation
processor 4:3:11 used 0.0 Joules by being active during the execution of the simulation
processor 4:3:12 used 0.0 Joules by being active during the execution of the simulation
processor 4:3:13 used 0.0 Joules by being active during the execution of the simulation
processor 4:3:14 used 0.0 Joules by being active during the execution of the simulation
processor 4:3:15 used 0.0 Joules by being active during the execution of the simulation
processor 4:3:16 used 0.0 Joules by being active during the execution of the simulation
processor 4:3:17 used 0.0 Joules by being active during the execution of the simulation
The chip at 4,3 used 1.08 Joules by being idle during the execution of the simulation

processor 4:4:0 used 0.1066666666666606 Joules by being active during the execution of the simulation
processor 4:4:1 (running ChipPowerMonitor on 4, 4) used 0.0 Joules by being active during the execution of the simulation
processor 4:4:2 used 0.0 Joules by being active during the execution of the simulation
processor 4:4:3 used 0.0 Joules by being active during the execution of the simulation
processor 4:4:4 used 0.0 Joules by being active during the execution of the simulation
processor 4:4:5 used 0.0 Joules by being active during the execution of the simulation
processor 4:4:6 used 0.0 Joules by being active during the execution of the simulation
processor 4:4:7 used 0.0 Joules by being active during the execution of the simulation
processor 4:4:8 used 0.0 Joules by being active during the execution of the simulation
processor 4:4:9 used 0.0 Joules by being active during the execution of the simulation
processor 4:4:10 used 0.0007327999999999735 Joules by being active during the execution of the simulation
processor 4:4:11 used 0.0 Joules by being active during the execution of the simulation
processor 4:4:12 used 0.0 Joules by being active during the execution of the simulation
processor 4:4:13 used 0.0 Joules by being active during the execution of the simulation
processor 4:4:14 used 0.0 Joules by being active during the execution of the simulation
processor 4:4:15 used 0.0 Joules by being active during the execution of the simulation
processor 4:4:16 used 0.0 Joules by being active during the execution of the simulation
processor 4:4:17 used 0.0 Joules by being active during the execution of the simulation
The chip at 4,4 used 1.08 Joules by being idle during the execution of the simulation

processor 4:5:0 used 0.1066666666666606 Joules by being active during the execution of the simulation
processor 4:5:1 (running ChipPowerMonitor on 4, 5) used 3.5555555555555553e-07 Joules by being active during the execution of the simulation
processor 4:5:2 used 0.0 Joules by being active during the execution of the simulation
processor 4:5:3 used 0.0 Joules by being active during the execution of the simulation
processor 4:5:4 used 0.0 Joules by being active during the execution of the simulation
processor 4:5:5 used 0.0 Joules by being active during the execution of the simulation
processor 4:5:6 used 0.0 Joules by being active during the execution of the simulation
processor 4:5:7 used 0.0 Joules by being active during the execution of the simulation
processor 4:5:8 used 0.0 Joules by being active during the execution of the simulation
processor 4:5:9 used 0.0 Joules by being active during the execution of the simulation
processor 4:5:10 used 0.0007317333333333071 Joules by being active during the execution of the simulation
processor 4:5:11 used 0.0 Joules by being active during the execution of the simulation
processor 4:5:12 used 0.0 Joules by being active during the execution of the simulation
processor 4:5:13 used 0.0 Joules by being active during the execution of the simulation
processor 4:5:14 used 0.0 Joules by being active during the execution of the simulation
processor 4:5:15 used 0.0 Joules by being active during the execution of the simulation
processor 4:5:16 used 0.0 Joules by being active during the execution of the simulation
processor 4:5:17 used 0.0 Joules by being active during the execution of the simulation
The chip at 4,5 used 1.08 Joules by being idle during the execution of the simulation

processor 4:6:0 used 0.1066666666666606 Joules by being active during the execution of the simulation
processor 4:6:1 (running ChipPowerMonitor on 4, 6) used 0.0 Joules by being active during the execution of the simulation
processor 4:6:2 used 0.0 Joules by being active during the execution of the simulation
processor 4:6:3 used 0.0 Joules by being active during the execution of the simulation
processor 4:6:4 used 0.0 Joules by being active during the execution of the simulation
processor 4:6:5 used 0.0 Joules by being active during the execution of the simulation
processor 4:6:6 used 0.0 Joules by being active during the execution of the simulation
processor 4:6:7 used 0.0 Joules by being active during the execution of the simulation
processor 4:6:8 used 0.0 Joules by being active during the execution of the simulation
processor 4:6:9 used 0.0 Joules by being active during the execution of the simulation
processor 4:6:10 used 0.0007381333333333062 Joules by being active during the execution of the simulation
processor 4:6:11 used 0.0 Joules by being active during the execution of the simulation
processor 4:6:12 used 0.0 Joules by being active during the execution of the simulation
processor 4:6:13 used 0.0 Joules by being active during the execution of the simulation
processor 4:6:14 used 0.0 Joules by being active during the execution of the simulation
processor 4:6:15 used 0.0 Joules by being active during the execution of the simulation
processor 4:6:16 used 0.0 Joules by being active during the execution of the simulation
processor 4:6:17 used 0.0 Joules by being active during the execution of the simulation
The chip at 4,6 used 1.08 Joules by being idle during the execution of the simulation

processor 4:7:0 used 0.1066666666666606 Joules by being active during the execution of the simulation
processor 4:7:1 (running ChipPowerMonitor on 4, 7) used 0.0 Joules by being active during the execution of the simulation
processor 4:7:2 used 0.0 Joules by being active during the execution of the simulation
processor 4:7:3 used 0.0 Joules by being active during the execution of the simulation
processor 4:7:4 used 0.0 Joules by being active during the execution of the simulation
processor 4:7:5 used 0.0 Joules by being active during the execution of the simulation
processor 4:7:6 used 0.0 Joules by being active during the execution of the simulation
processor 4:7:7 used 0.0 Joules by being active during the execution of the simulation
processor 4:7:8 used 0.0 Joules by being active during the execution of the simulation
processor 4:7:9 used 0.0 Joules by being active during the execution of the simulation
processor 4:7:10 used 0.0007409777777777507 Joules by being active during the execution of the simulation
processor 4:7:11 used 0.0 Joules by being active during the execution of the simulation
processor 4:7:12 used 0.0 Joules by being active during the execution of the simulation
processor 4:7:13 used 0.0 Joules by being active during the execution of the simulation
processor 4:7:14 used 0.0 Joules by being active during the execution of the simulation
processor 4:7:15 used 0.0 Joules by being active during the execution of the simulation
processor 4:7:16 used 0.0 Joules by being active during the execution of the simulation
processor 4:7:17 used 0.0 Joules by being active during the execution of the simulation
The chip at 4,7 used 1.08 Joules by being idle during the execution of the simulation

processor 5:1:0 used 0.1066666666666606 Joules by being active during the execution of the simulation
processor 5:1:1 (running ChipPowerMonitor on 5, 1) used 0.0 Joules by being active during the execution of the simulation
processor 5:1:2 used 0.0 Joules by being active during the execution of the simulation
processor 5:1:3 used 0.0 Joules by being active during the execution of the simulation
processor 5:1:4 used 0.0 Joules by being active during the execution of the simulation
processor 5:1:5 used 0.0 Joules by being active during the execution of the simulation
processor 5:1:6 used 0.0 Joules by being active during the execution of the simulation
processor 5:1:7 used 0.0 Joules by being active during the execution of the simulation
processor 5:1:8 used 0.0 Joules by being active during the execution of the simulation
processor 5:1:9 used 0.0 Joules by being active during the execution of the simulation
processor 5:1:10 used 0.0007356444444444174 Joules by being active during the execution of the simulation
processor 5:1:11 used 0.0 Joules by being active during the execution of the simulation
processor 5:1:12 used 0.0 Joules by being active during the execution of the simulation
processor 5:1:13 used 0.0 Joules by being active during the execution of the simulation
processor 5:1:14 used 0.0 Joules by being active during the execution of the simulation
processor 5:1:15 used 0.0 Joules by being active during the execution of the simulation
processor 5:1:16 used 0.0 Joules by being active during the execution of the simulation
processor 5:1:17 used 0.0 Joules by being active during the execution of the simulation
The chip at 5,1 used 1.08 Joules by being idle during the execution of the simulation

processor 5:2:0 used 0.1066666666666606 Joules by being active during the execution of the simulation
processor 5:2:1 (running ChipPowerMonitor on 5, 2) used 0.0 Joules by being active during the execution of the simulation
processor 5:2:2 used 0.0 Joules by being active during the execution of the simulation
processor 5:2:3 used 0.0 Joules by being active during the execution of the simulation
processor 5:2:4 used 0.0 Joules by being active during the execution of the simulation
processor 5:2:5 used 0.0 Joules by being active during the execution of the simulation
processor 5:2:6 used 0.0 Joules by being active during the execution of the simulation
processor 5:2:7 used 0.0 Joules by being active during the execution of the simulation
processor 5:2:8 used 0.0 Joules by being active during the execution of the simulation
processor 5:2:9 used 0.0 Joules by being active during the execution of the simulation
processor 5:2:10 used 0.0 Joules by being active during the execution of the simulation
processor 5:2:11 used 0.0 Joules by being active during the execution of the simulation
processor 5:2:12 used 0.0 Joules by being active during the execution of the simulation
processor 5:2:13 used 0.0 Joules by being active during the execution of the simulation
processor 5:2:14 used 0.0 Joules by being active during the execution of the simulation
processor 5:2:15 used 0.0007377777777777499 Joules by being active during the execution of the simulation
processor 5:2:16 used 0.0 Joules by being active during the execution of the simulation
processor 5:2:17 used 0.0 Joules by being active during the execution of the simulation
The chip at 5,2 used 1.08 Joules by being idle during the execution of the simulation

processor 5:3:0 used 0.1066666666666606 Joules by being active during the execution of the simulation
processor 5:3:1 (running ChipPowerMonitor on 5, 3) used 0.0 Joules by being active during the execution of the simulation
processor 5:3:2 used 0.0 Joules by being active during the execution of the simulation
processor 5:3:3 used 0.0 Joules by being active during the execution of the simulation
processor 5:3:4 used 0.0 Joules by being active during the execution of the simulation
processor 5:3:5 used 0.0 Joules by being active during the execution of the simulation
processor 5:3:6 used 0.0 Joules by being active during the execution of the simulation
processor 5:3:7 used 0.0 Joules by being active during the execution of the simulation
processor 5:3:8 used 0.0 Joules by being active during the execution of the simulation
processor 5:3:9 used 0.0 Joules by being active during the execution of the simulation
processor 5:3:10 used 0.0007470222222221947 Joules by being active during the execution of the simulation
processor 5:3:11 used 0.0 Joules by being active during the execution of the simulation
processor 5:3:12 used 0.0 Joules by being active during the execution of the simulation
processor 5:3:13 used 0.0 Joules by being active during the execution of the simulation
processor 5:3:14 used 0.0 Joules by being active during the execution of the simulation
processor 5:3:15 used 0.0 Joules by being active during the execution of the simulation
processor 5:3:16 used 0.0 Joules by being active during the execution of the simulation
processor 5:3:17 used 0.0 Joules by being active during the execution of the simulation
The chip at 5,3 used 1.08 Joules by being idle during the execution of the simulation

processor 5:4:0 used 0.1066666666666606 Joules by being active during the execution of the simulation
processor 5:4:1 (running ChipPowerMonitor on 5, 4) used 0.07111039999999692 Joules by being active during the execution of the simulation
processor 5:4:2 used 0.0 Joules by being active during the execution of the simulation
processor 5:4:3 used 0.0 Joules by being active during the execution of the simulation
processor 5:4:4 used 0.0 Joules by being active during the execution of the simulation
processor 5:4:5 used 0.0 Joules by being active during the execution of the simulation
processor 5:4:6 used 0.0 Joules by being active during the execution of the simulation
processor 5:4:7 used 0.0 Joules by being active during the execution of the simulation
processor 5:4:8 used 0.0 Joules by being active during the execution of the simulation
processor 5:4:9 used 0.0 Joules by being active during the execution of the simulation
processor 5:4:10 used 0.0 Joules by being active during the execution of the simulation
processor 5:4:11 used 0.0007306666666666398 Joules by being active during the execution of the simulation
processor 5:4:12 used 0.0 Joules by being active during the execution of the simulation
processor 5:4:13 used 0.0 Joules by being active during the execution of the simulation
processor 5:4:14 used 0.0 Joules by being active during the execution of the simulation
processor 5:4:15 used 0.0 Joules by being active during the execution of the simulation
processor 5:4:16 used 0.0 Joules by being active during the execution of the simulation
processor 5:4:17 used 0.0 Joules by being active during the execution of the simulation
The chip at 5,4 used 1.08 Joules by being idle during the execution of the simulation

processor 5:5:0 used 0.1066666666666606 Joules by being active during the execution of the simulation
processor 5:5:1 (running ChipPowerMonitor on 5, 5) used 0.0 Joules by being active during the execution of the simulation
processor 5:5:2 used 0.0 Joules by being active during the execution of the simulation
processor 5:5:3 used 0.0 Joules by being active during the execution of the simulation
processor 5:5:4 used 0.0 Joules by being active during the execution of the simulation
processor 5:5:5 used 0.0 Joules by being active during the execution of the simulation
processor 5:5:6 used 0.0 Joules by being active during the execution of the simulation
processor 5:5:7 used 0.0 Joules by being active during the execution of the simulation
processor 5:5:8 used 0.0 Joules by being active during the execution of the simulation
processor 5:5:9 used 0.0 Joules by being active during the execution of the simulation
processor 5:5:10 used 0.0007388444444444179 Joules by being active during the execution of the simulation
processor 5:5:11 used 0.0 Joules by being active during the execution of the simulation
processor 5:5:12 used 0.0 Joules by being active during the execution of the simulation
processor 5:5:13 used 0.0 Joules by being active during the execution of the simulation
processor 5:5:14 used 0.0 Joules by being active during the execution of the simulation
processor 5:5:15 used 0.0 Joules by being active during the execution of the simulation
processor 5:5:16 used 0.0 Joules by being active during the execution of the simulation
processor 5:5:17 used 0.0 Joules by being active during the execution of the simulation
The chip at 5,5 used 1.08 Joules by being idle during the execution of the simulation

processor 5:6:0 used 0.1066666666666606 Joules by being active during the execution of the simulation
processor 5:6:1 (running ChipPowerMonitor on 5, 6) used 0.035555555555555465 Joules by being active during the execution of the simulation
processor 5:6:2 used 0.0 Joules by being active during the execution of the simulation
processor 5:6:3 used 0.0 Joules by being active during the execution of the simulation
processor 5:6:4 used 0.0 Joules by being active during the execution of the simulation
processor 5:6:5 used 0.0 Joules by being active during the execution of the simulation
processor 5:6:6 used 0.0 Joules by being active during the execution of the simulation
processor 5:6:7 used 0.0 Joules by being active during the execution of the simulation
processor 5:6:8 used 0.0 Joules by being active during the execution of the simulation
processor 5:6:9 used 0.0 Joules by being active during the execution of the simulation
processor 5:6:10 used 0.0007416888888888611 Joules by being active during the execution of the simulation
processor 5:6:11 used 0.0 Joules by being active during the execution of the simulation
processor 5:6:12 used 0.0 Joules by being active during the execution of the simulation
processor 5:6:13 used 0.0 Joules by being active during the execution of the simulation
processor 5:6:14 used 0.0 Joules by being active during the execution of the simulation
processor 5:6:15 used 0.0 Joules by being active during the execution of the simulation
processor 5:6:16 used 0.0 Joules by being active during the execution of the simulation
processor 5:6:17 used 0.0 Joules by being active during the execution of the simulation
The chip at 5,6 used 1.08 Joules by being idle during the execution of the simulation

processor 5:7:0 used 0.1066666666666606 Joules by being active during the execution of the simulation
processor 5:7:1 (running ChipPowerMonitor on 5, 7) used 0.03555484444444436 Joules by being active during the execution of the simulation
processor 5:7:2 used 0.0 Joules by being active during the execution of the simulation
processor 5:7:3 used 0.0 Joules by being active during the execution of the simulation
processor 5:7:4 used 0.0 Joules by being active during the execution of the simulation
processor 5:7:5 used 0.0 Joules by being active during the execution of the simulation
processor 5:7:6 used 0.0 Joules by being active during the execution of the simulation
processor 5:7:7 used 0.0 Joules by being active during the execution of the simulation
processor 5:7:8 used 0.0 Joules by being active during the execution of the simulation
processor 5:7:9 used 0.0 Joules by being active during the execution of the simulation
processor 5:7:10 used 0.0007395555555555279 Joules by being active during the execution of the simulation
processor 5:7:11 used 0.0 Joules by being active during the execution of the simulation
processor 5:7:12 used 0.0 Joules by being active during the execution of the simulation
processor 5:7:13 used 0.0 Joules by being active during the execution of the simulation
processor 5:7:14 used 0.0 Joules by being active during the execution of the simulation
processor 5:7:15 used 0.0 Joules by being active during the execution of the simulation
processor 5:7:16 used 0.0 Joules by being active during the execution of the simulation
processor 5:7:17 used 0.0 Joules by being active during the execution of the simulation
The chip at 5,7 used 1.08 Joules by being idle during the execution of the simulation

processor 6:2:0 used 0.1066666666666606 Joules by being active during the execution of the simulation
processor 6:2:1 (running ChipPowerMonitor on 6, 2) used 3.5555555555555553e-07 Joules by being active during the execution of the simulation
processor 6:2:2 used 0.0 Joules by being active during the execution of the simulation
processor 6:2:3 used 0.0 Joules by being active during the execution of the simulation
processor 6:2:4 used 0.0 Joules by being active during the execution of the simulation
processor 6:2:5 used 0.0 Joules by being active during the execution of the simulation
processor 6:2:6 used 0.0 Joules by being active during the execution of the simulation
processor 6:2:7 used 0.0 Joules by being active during the execution of the simulation
processor 6:2:8 used 0.0 Joules by being active during the execution of the simulation
processor 6:2:9 used 0.0 Joules by being active during the execution of the simulation
processor 6:2:10 used 0.0007381333333333061 Joules by being active during the execution of the simulation
processor 6:2:11 used 0.0 Joules by being active during the execution of the simulation
processor 6:2:12 used 0.0 Joules by being active during the execution of the simulation
processor 6:2:13 used 0.0 Joules by being active during the execution of the simulation
processor 6:2:14 used 0.0 Joules by being active during the execution of the simulation
processor 6:2:15 used 0.0 Joules by being active during the execution of the simulation
processor 6:2:16 used 0.0 Joules by being active during the execution of the simulation
processor 6:2:17 used 0.0 Joules by being active during the execution of the simulation
The chip at 6,2 used 1.08 Joules by being idle during the execution of the simulation

processor 6:3:0 used 0.1066666666666606 Joules by being active during the execution of the simulation
processor 6:3:1 (running ChipPowerMonitor on 6, 3) used 0.035555555555555465 Joules by being active during the execution of the simulation
processor 6:3:2 used 0.0 Joules by being active during the execution of the simulation
processor 6:3:3 used 0.0 Joules by being active during the execution of the simulation
processor 6:3:4 used 0.0 Joules by being active during the execution of the simulation
processor 6:3:5 used 0.0 Joules by being active during the execution of the simulation
processor 6:3:6 used 0.0 Joules by being active during the execution of the simulation
processor 6:3:7 used 0.0 Joules by being active during the execution of the simulation
processor 6:3:8 used 0.0 Joules by being active during the execution of the simulation
processor 6:3:9 used 0.0 Joules by being active during the execution of the simulation
processor 6:3:10 used 0.0007438222222221943 Joules by being active during the execution of the simulation
processor 6:3:11 used 0.0 Joules by being active during the execution of the simulation
processor 6:3:12 used 0.0 Joules by being active during the execution of the simulation
processor 6:3:13 used 0.0 Joules by being active during the execution of the simulation
processor 6:3:14 used 0.0 Joules by being active during the execution of the simulation
processor 6:3:15 used 0.0 Joules by being active during the execution of the simulation
processor 6:3:16 used 0.0 Joules by being active during the execution of the simulation
processor 6:3:17 used 0.0 Joules by being active during the execution of the simulation
The chip at 6,3 used 1.08 Joules by being idle during the execution of the simulation

processor 6:4:0 used 0.1066666666666606 Joules by being active during the execution of the simulation
processor 6:4:1 (running ChipPowerMonitor on 6, 4) used 0.0 Joules by being active during the execution of the simulation
processor 6:4:2 used 0.0 Joules by being active during the execution of the simulation
processor 6:4:3 used 0.0 Joules by being active during the execution of the simulation
processor 6:4:4 used 0.0 Joules by being active during the execution of the simulation
processor 6:4:5 used 0.0 Joules by being active during the execution of the simulation
processor 6:4:6 used 0.0 Joules by being active during the execution of the simulation
processor 6:4:7 used 0.0 Joules by being active during the execution of the simulation
processor 6:4:8 used 0.0 Joules by being active during the execution of the simulation
processor 6:4:9 used 0.0 Joules by being active during the execution of the simulation
processor 6:4:10 used 0.0007363555555555284 Joules by being active during the execution of the simulation
processor 6:4:11 used 0.0 Joules by being active during the execution of the simulation
processor 6:4:12 used 0.0 Joules by being active during the execution of the simulation
processor 6:4:13 used 0.0 Joules by being active during the execution of the simulation
processor 6:4:14 used 0.0 Joules by being active during the execution of the simulation
processor 6:4:15 used 0.0 Joules by being active during the execution of the simulation
processor 6:4:16 used 0.0 Joules by being active during the execution of the simulation
processor 6:4:17 used 0.0 Joules by being active during the execution of the simulation
The chip at 6,4 used 1.08 Joules by being idle during the execution of the simulation

processor 6:5:0 used 0.1066666666666606 Joules by being active during the execution of the simulation
processor 6:5:1 (running ChipPowerMonitor on 6, 5) used 0.0 Joules by being active during the execution of the simulation
processor 6:5:2 used 0.0 Joules by being active during the execution of the simulation
processor 6:5:3 used 0.0 Joules by being active during the execution of the simulation
processor 6:5:4 used 0.0 Joules by being active during the execution of the simulation
processor 6:5:5 used 0.0 Joules by being active during the execution of the simulation
processor 6:5:6 used 0.0 Joules by being active during the execution of the simulation
processor 6:5:7 used 0.0 Joules by being active during the execution of the simulation
processor 6:5:8 used 0.0 Joules by being active during the execution of the simulation
processor 6:5:9 used 0.0 Joules by being active during the execution of the simulation
processor 6:5:10 used 0.0007370666666666398 Joules by being active during the execution of the simulation
processor 6:5:11 used 0.0 Joules by being active during the execution of the simulation
processor 6:5:12 used 0.0 Joules by being active during the execution of the simulation
processor 6:5:13 used 0.0 Joules by being active during the execution of the simulation
processor 6:5:14 used 0.0 Joules by being active during the execution of the simulation
processor 6:5:15 used 0.0 Joules by being active during the execution of the simulation
processor 6:5:16 used 0.0 Joules by being active during the execution of the simulation
processor 6:5:17 used 0.0 Joules by being active during the execution of the simulation
The chip at 6,5 used 1.08 Joules by being idle during the execution of the simulation

processor 6:6:0 used 0.1066666666666606 Joules by being active during the execution of the simulation
processor 6:6:1 (running ChipPowerMonitor on 6, 6) used 0.03555484444444436 Joules by being active during the execution of the simulation
processor 6:6:2 used 0.0 Joules by being active during the execution of the simulation
processor 6:6:3 used 0.0 Joules by being active during the execution of the simulation
processor 6:6:4 used 0.0 Joules by being active during the execution of the simulation
processor 6:6:5 used 0.0 Joules by being active during the execution of the simulation
processor 6:6:6 used 0.0 Joules by being active during the execution of the simulation
processor 6:6:7 used 0.0 Joules by being active during the execution of the simulation
processor 6:6:8 used 0.0 Joules by being active during the execution of the simulation
processor 6:6:9 used 0.0 Joules by being active during the execution of the simulation
processor 6:6:10 used 0.0007445333333333063 Joules by being active during the execution of the simulation
processor 6:6:11 used 0.0 Joules by being active during the execution of the simulation
processor 6:6:12 used 0.0 Joules by being active during the execution of the simulation
processor 6:6:13 used 0.0 Joules by being active during the execution of the simulation
processor 6:6:14 used 0.0 Joules by being active during the execution of the simulation
processor 6:6:15 used 0.0 Joules by being active during the execution of the simulation
processor 6:6:16 used 0.0 Joules by being active during the execution of the simulation
processor 6:6:17 used 0.0 Joules by being active during the execution of the simulation
The chip at 6,6 used 1.08 Joules by being idle during the execution of the simulation

processor 6:7:0 used 0.1066666666666606 Joules by being active during the execution of the simulation
processor 6:7:1 (running ChipPowerMonitor on 6, 7) used 0.0 Joules by being active during the execution of the simulation
processor 6:7:2 used 0.0 Joules by being active during the execution of the simulation
processor 6:7:3 used 0.0 Joules by being active during the execution of the simulation
processor 6:7:4 used 0.0 Joules by being active during the execution of the simulation
processor 6:7:5 used 0.0 Joules by being active during the execution of the simulation
processor 6:7:6 used 0.0 Joules by being active during the execution of the simulation
processor 6:7:7 used 0.0 Joules by being active during the execution of the simulation
processor 6:7:8 used 0.0 Joules by being active during the execution of the simulation
processor 6:7:9 used 0.0 Joules by being active during the execution of the simulation
processor 6:7:10 used 0.0007402666666666396 Joules by being active during the execution of the simulation
processor 6:7:11 used 0.0 Joules by being active during the execution of the simulation
processor 6:7:12 used 0.0 Joules by being active during the execution of the simulation
processor 6:7:13 used 0.0 Joules by being active during the execution of the simulation
processor 6:7:14 used 0.0 Joules by being active during the execution of the simulation
processor 6:7:15 used 0.0 Joules by being active during the execution of the simulation
processor 6:7:16 used 0.0 Joules by being active during the execution of the simulation
processor 6:7:17 used 0.0 Joules by being active during the execution of the simulation
The chip at 6,7 used 1.08 Joules by being idle during the execution of the simulation

processor 7:3:0 used 0.1066666666666606 Joules by being active during the execution of the simulation
processor 7:3:1 (running ChipPowerMonitor on 7, 3) used 0.03555484444444436 Joules by being active during the execution of the simulation
processor 7:3:2 used 0.0 Joules by being active during the execution of the simulation
processor 7:3:3 used 0.0 Joules by being active during the execution of the simulation
processor 7:3:4 used 0.0 Joules by being active during the execution of the simulation
processor 7:3:5 used 0.0 Joules by being active during the execution of the simulation
processor 7:3:6 used 0.0 Joules by being active during the execution of the simulation
processor 7:3:7 used 0.0 Joules by being active during the execution of the simulation
processor 7:3:8 used 0.0 Joules by being active during the execution of the simulation
processor 7:3:9 used 0.0 Joules by being active during the execution of the simulation
processor 7:3:10 used 0.0007388444444444166 Joules by being active during the execution of the simulation
processor 7:3:11 used 0.0 Joules by being active during the execution of the simulation
processor 7:3:12 used 0.0 Joules by being active during the execution of the simulation
processor 7:3:13 used 0.0 Joules by being active during the execution of the simulation
processor 7:3:14 used 0.0 Joules by being active during the execution of the simulation
processor 7:3:15 used 0.0 Joules by being active during the execution of the simulation
processor 7:3:16 used 0.0 Joules by being active during the execution of the simulation
processor 7:3:17 used 0.0 Joules by being active during the execution of the simulation
The chip at 7,3 used 1.08 Joules by being idle during the execution of the simulation

processor 7:4:0 used 0.1066666666666606 Joules by being active during the execution of the simulation
processor 7:4:1 (running ChipPowerMonitor on 7, 4) used 0.0 Joules by being active during the execution of the simulation
processor 7:4:2 used 0.0 Joules by being active during the execution of the simulation
processor 7:4:3 used 0.0 Joules by being active during the execution of the simulation
processor 7:4:4 used 0.0 Joules by being active during the execution of the simulation
processor 7:4:5 used 0.0 Joules by being active during the execution of the simulation
processor 7:4:6 used 0.0 Joules by being active during the execution of the simulation
processor 7:4:7 used 0.0 Joules by being active during the execution of the simulation
processor 7:4:8 used 0.0 Joules by being active during the execution of the simulation
processor 7:4:9 used 0.0 Joules by being active during the execution of the simulation
processor 7:4:10 used 0.0007370666666666404 Joules by being active during the execution of the simulation
processor 7:4:11 used 0.0 Joules by being active during the execution of the simulation
processor 7:4:12 used 0.0 Joules by being active during the execution of the simulation
processor 7:4:13 used 0.0 Joules by being active during the execution of the simulation
processor 7:4:14 used 0.0 Joules by being active during the execution of the simulation
processor 7:4:15 used 0.0 Joules by being active during the execution of the simulation
processor 7:4:16 used 0.0 Joules by being active during the execution of the simulation
processor 7:4:17 used 0.0 Joules by being active during the execution of the simulation
The chip at 7,4 used 1.08 Joules by being idle during the execution of the simulation

processor 7:5:0 used 0.1066666666666606 Joules by being active during the execution of the simulation
processor 7:5:1 (running ChipPowerMonitor on 7, 5) used 0.0 Joules by being active during the execution of the simulation
processor 7:5:2 used 0.0 Joules by being active during the execution of the simulation
processor 7:5:3 used 0.0 Joules by being active during the execution of the simulation
processor 7:5:4 used 0.0 Joules by being active during the execution of the simulation
processor 7:5:5 used 0.0 Joules by being active during the execution of the simulation
processor 7:5:6 used 0.0 Joules by being active during the execution of the simulation
processor 7:5:7 used 0.0 Joules by being active during the execution of the simulation
processor 7:5:8 used 0.0 Joules by being active during the execution of the simulation
processor 7:5:9 used 0.0 Joules by being active during the execution of the simulation
processor 7:5:10 used 0.0007413333333333059 Joules by being active during the execution of the simulation
processor 7:5:11 used 0.0 Joules by being active during the execution of the simulation
processor 7:5:12 used 0.0 Joules by being active during the execution of the simulation
processor 7:5:13 used 0.0 Joules by being active during the execution of the simulation
processor 7:5:14 used 0.0 Joules by being active during the execution of the simulation
processor 7:5:15 used 0.0 Joules by being active during the execution of the simulation
processor 7:5:16 used 0.0 Joules by being active during the execution of the simulation
processor 7:5:17 used 0.0 Joules by being active during the execution of the simulation
The chip at 7,5 used 1.08 Joules by being idle during the execution of the simulation

processor 7:6:0 used 0.1066666666666606 Joules by being active during the execution of the simulation
processor 7:6:1 (running ChipPowerMonitor on 7, 6) used 0.0 Joules by being active during the execution of the simulation
processor 7:6:2 used 0.0 Joules by being active during the execution of the simulation
processor 7:6:3 used 0.0 Joules by being active during the execution of the simulation
processor 7:6:4 used 0.0 Joules by being active during the execution of the simulation
processor 7:6:5 used 0.0 Joules by being active during the execution of the simulation
processor 7:6:6 used 0.0 Joules by being active during the execution of the simulation
processor 7:6:7 used 0.0 Joules by being active during the execution of the simulation
processor 7:6:8 used 0.0 Joules by being active during the execution of the simulation
processor 7:6:9 used 0.0 Joules by being active during the execution of the simulation
processor 7:6:10 used 0.0007391999999999732 Joules by being active during the execution of the simulation
processor 7:6:11 used 0.0 Joules by being active during the execution of the simulation
processor 7:6:12 used 0.0 Joules by being active during the execution of the simulation
processor 7:6:13 used 0.0 Joules by being active during the execution of the simulation
processor 7:6:14 used 0.0 Joules by being active during the execution of the simulation
processor 7:6:15 used 0.0 Joules by being active during the execution of the simulation
processor 7:6:16 used 0.0 Joules by being active during the execution of the simulation
processor 7:6:17 used 0.0 Joules by being active during the execution of the simulation
The chip at 7,6 used 1.08 Joules by being idle during the execution of the simulation

processor 7:7:0 used 0.1066666666666606 Joules by being active during the execution of the simulation
processor 7:7:1 (running ChipPowerMonitor on 7, 7) used 0.0 Joules by being active during the execution of the simulation
processor 7:7:2 used 0.0 Joules by being active during the execution of the simulation
processor 7:7:3 used 0.0 Joules by being active during the execution of the simulation
processor 7:7:4 used 0.0 Joules by being active during the execution of the simulation
processor 7:7:5 used 0.0 Joules by being active during the execution of the simulation
processor 7:7:6 used 0.0 Joules by being active during the execution of the simulation
processor 7:7:7 used 0.0 Joules by being active during the execution of the simulation
processor 7:7:8 used 0.0 Joules by being active during the execution of the simulation
processor 7:7:9 used 0.0 Joules by being active during the execution of the simulation
processor 7:7:10 used 0.000734222222222195 Joules by being active during the execution of the simulation
processor 7:7:11 used 0.0 Joules by being active during the execution of the simulation
processor 7:7:12 used 0.0 Joules by being active during the execution of the simulation
processor 7:7:13 used 0.0 Joules by being active during the execution of the simulation
processor 7:7:14 used 0.0 Joules by being active during the execution of the simulation
processor 7:7:15 used 0.0 Joules by being active during the execution of the simulation
processor 7:7:16 used 0.0 Joules by being active during the execution of the simulation
processor 7:7:17 used 0.0 Joules by being active during the execution of the simulation
The chip at 7,7 used 1.08 Joules by being idle during the execution of the simulation
