This report is based off energy estimates for individual components of the SpiNNaker machine. It is not meant to be completely accurate. But does use provenance data gathered from the machine to estimate the energy usage and therefore should be in the right ballpark.


The energy components we use are as follows:

The energy usage for a chip when all cores are 100% active for a millisecond is 0.0006399999999999999 Joules.
The energy usage for a chip when all cores are not active for a millisecond is 0.00036 Joules.
The energy used by the machine for firing a packet is 8e-10 Joules.
The energy used by each active FPGA per millisecond is 0.000584635 Joules.


The packet cost is 0.007920062400000002 Joules
0 FPGAs on the Spalloc-ed boards are turned on and therefore the energy used by the FPGA during the entire time the machine was booted (which was 47967.19999999999 ms) is 0.0 Joules. The usage during execution was 0.0 Joules.The amount of time used during the loading process is 21231.944 milliseconds.
Assumed only 2 monitor cores is executing that this point. We also assume that there is a baseline active router/cooling component that is using 3282.0530432834757 Joules. Overall the energy usage is 3625.2532267323645 Joules.
The amount of time used during the data extraction process is 1200.283 milliseconds.
Assumed only 2 monitor cores is executing at this point. We also assume that there is a baseline active router/cooling component that is using 185.039897886914 Joules. Hence the overall energy usage is 1261.361195904001 Joules.

processor 0:0:0 used 0.035555555555555465 Joules by being active during the execution of the simulation
processor 0:0:1 (running ChipPowerMonitor on 0, 0) used 0.0 Joules by being active during the execution of the simulation
processor 0:0:2 used 0.0002538666666666681 Joules by being active during the execution of the simulation
processor 0:0:3 used 0.0 Joules by being active during the execution of the simulation
processor 0:0:4 used 0.001822933333333331 Joules by being active during the execution of the simulation
processor 0:0:5 used 0.0018122666666666636 Joules by being active during the execution of the simulation
processor 0:0:6 used 0.001836444444444441 Joules by being active during the execution of the simulation
processor 0:0:7 used 0.0018421333333333294 Joules by being active during the execution of the simulation
processor 0:0:8 used 0.0018218666666666617 Joules by being active during the execution of the simulation
processor 0:0:9 used 0.0018168888888888853 Joules by being active during the execution of the simulation
processor 0:0:10 used 0.001820799999999997 Joules by being active during the execution of the simulation
processor 0:0:11 used 0.001835022222222218 Joules by being active during the execution of the simulation
processor 0:0:12 used 0.0018136888888888856 Joules by being active during the execution of the simulation
processor 0:0:13 used 0.0018286222222222172 Joules by being active during the execution of the simulation
processor 0:0:14 used 0.0018126222222222177 Joules by being active during the execution of the simulation
processor 0:0:15 used 0.0018197333333333282 Joules by being active during the execution of the simulation
processor 0:0:16 used 0.0018215111111111063 Joules by being active during the execution of the simulation
processor 0:0:17 used 0.0018307555555555504 Joules by being active during the execution of the simulation
The chip at 0,0 used 0.36000000000000004 Joules by being idle during the execution of the simulation

processor 0:1:0 used 0.035555555555555465 Joules by being active during the execution of the simulation
processor 0:1:1 (running ChipPowerMonitor on 0, 1) used 0.0 Joules by being active during the execution of the simulation
processor 0:1:2 used 0.0018122666666666623 Joules by being active during the execution of the simulation
processor 0:1:3 used 0.0018033777777777744 Joules by being active during the execution of the simulation
processor 0:1:4 used 0.001831111111111108 Joules by being active during the execution of the simulation
processor 0:1:5 used 0.001811199999999996 Joules by being active during the execution of the simulation
processor 0:1:6 used 0.0018083555555555506 Joules by being active during the execution of the simulation
processor 0:1:7 used 0.0017959111111111076 Joules by being active during the execution of the simulation
processor 0:1:8 used 0.001815111111111106 Joules by being active during the execution of the simulation
processor 0:1:9 used 0.0018179555555555519 Joules by being active during the execution of the simulation
processor 0:1:10 used 0.0002552888888888904 Joules by being active during the execution of the simulation
processor 0:1:11 used 0.0017966222222222186 Joules by being active during the execution of the simulation
processor 0:1:12 used 0.0018218666666666606 Joules by being active during the execution of the simulation
processor 0:1:13 used 0.0018232888888888848 Joules by being active during the execution of the simulation
processor 0:1:14 used 0.0018339555555555523 Joules by being active during the execution of the simulation
processor 0:1:15 used 0.001816177777777774 Joules by being active during the execution of the simulation
processor 0:1:16 used 0.0018037333333333282 Joules by being active during the execution of the simulation
processor 0:1:17 used 0.0018104888888888849 Joules by being active during the execution of the simulation
The chip at 0,1 used 0.36000000000000004 Joules by being idle during the execution of the simulation

processor 0:2:0 used 0.035555555555555465 Joules by being active during the execution of the simulation
processor 0:2:1 (running ChipPowerMonitor on 0, 2) used 0.0 Joules by being active during the execution of the simulation
processor 0:2:2 used 0.0018407111111111078 Joules by being active during the execution of the simulation
processor 0:2:3 used 0.0017919999999999976 Joules by being active during the execution of the simulation
processor 0:2:4 used 0.001815466666666664 Joules by being active during the execution of the simulation
processor 0:2:5 used 0.001834311111111107 Joules by being active during the execution of the simulation
processor 0:2:6 used 0.0018215111111111078 Joules by being active during the execution of the simulation
processor 0:2:7 used 0.001834666666666664 Joules by being active during the execution of the simulation
processor 0:2:8 used 0.0018225777777777748 Joules by being active during the execution of the simulation
processor 0:2:9 used 0.0018040888888888875 Joules by being active during the execution of the simulation
processor 0:2:10 used 0.00025422222222222377 Joules by being active during the execution of the simulation
processor 0:2:11 used 0.0018115555555555517 Joules by being active during the execution of the simulation
processor 0:2:12 used 0.0018382222222222174 Joules by being active during the execution of the simulation
processor 0:2:13 used 0.0018055111111111072 Joules by being active during the execution of the simulation
processor 0:2:14 used 0.001821866666666662 Joules by being active during the execution of the simulation
processor 0:2:15 used 0.0018076444444444402 Joules by being active during the execution of the simulation
processor 0:2:16 used 0.001804799999999996 Joules by being active during the execution of the simulation
processor 0:2:17 used 0.0018271999999999971 Joules by being active during the execution of the simulation
The chip at 0,2 used 0.36000000000000004 Joules by being idle during the execution of the simulation

processor 0:3:0 used 0.035555555555555465 Joules by being active during the execution of the simulation
processor 0:3:1 (running ChipPowerMonitor on 0, 3) used 0.03555484444444436 Joules by being active during the execution of the simulation
processor 0:3:2 used 0.0 Joules by being active during the execution of the simulation
processor 0:3:3 used 0.0 Joules by being active during the execution of the simulation
processor 0:3:4 used 0.0 Joules by being active during the execution of the simulation
processor 0:3:5 used 0.0 Joules by being active during the execution of the simulation
processor 0:3:6 used 0.0 Joules by being active during the execution of the simulation
processor 0:3:7 used 0.0 Joules by being active during the execution of the simulation
processor 0:3:8 used 0.0 Joules by being active during the execution of the simulation
processor 0:3:9 used 0.0 Joules by being active during the execution of the simulation
processor 0:3:10 used 0.00024391111111111258 Joules by being active during the execution of the simulation
processor 0:3:11 used 0.0 Joules by being active during the execution of the simulation
processor 0:3:12 used 0.0 Joules by being active during the execution of the simulation
processor 0:3:13 used 0.0 Joules by being active during the execution of the simulation
processor 0:3:14 used 0.0 Joules by being active during the execution of the simulation
processor 0:3:15 used 0.0 Joules by being active during the execution of the simulation
processor 0:3:16 used 0.0 Joules by being active during the execution of the simulation
processor 0:3:17 used 0.0 Joules by being active during the execution of the simulation
The chip at 0,3 used 0.36000000000000004 Joules by being idle during the execution of the simulation

processor 1:0:0 used 0.035555555555555465 Joules by being active during the execution of the simulation
processor 1:0:1 (running ChipPowerMonitor on 1, 0) used 0.0 Joules by being active during the execution of the simulation
processor 1:0:2 used 0.0018090666666666646 Joules by being active during the execution of the simulation
processor 1:0:3 used 0.001810488888888886 Joules by being active during the execution of the simulation
processor 1:0:4 used 0.0018094222222222206 Joules by being active during the execution of the simulation
processor 1:0:5 used 0.0017991111111111066 Joules by being active during the execution of the simulation
processor 1:0:6 used 0.0018165333333333314 Joules by being active during the execution of the simulation
processor 1:0:7 used 0.001830044444444442 Joules by being active during the execution of the simulation
processor 1:0:8 used 0.0018044444444444419 Joules by being active during the execution of the simulation
processor 1:0:9 used 0.0018115555555555526 Joules by being active during the execution of the simulation
processor 1:0:10 used 0.0002584888888888904 Joules by being active during the execution of the simulation
processor 1:0:11 used 0.0018062222222222195 Joules by being active during the execution of the simulation
processor 1:0:12 used 0.0018250666666666635 Joules by being active during the execution of the simulation
processor 1:0:13 used 0.0018111999999999987 Joules by being active during the execution of the simulation
processor 1:0:14 used 0.0018126222222222199 Joules by being active during the execution of the simulation
processor 1:0:15 used 0.0018264888888888861 Joules by being active during the execution of the simulation
processor 1:0:16 used 0.0018239999999999973 Joules by being active during the execution of the simulation
processor 1:0:17 used 0.0018282666666666646 Joules by being active during the execution of the simulation
The chip at 1,0 used 0.36000000000000004 Joules by being idle during the execution of the simulation

processor 1:1:0 used 0.035555555555555465 Joules by being active during the execution of the simulation
processor 1:1:1 (running ChipPowerMonitor on 1, 1) used 0.0 Joules by being active during the execution of the simulation
processor 1:1:2 used 0.0 Joules by being active during the execution of the simulation
processor 1:1:3 used 0.0018289777777777737 Joules by being active during the execution of the simulation
processor 1:1:4 used 0.0018218666666666636 Joules by being active during the execution of the simulation
processor 1:1:5 used 0.0018079999999999971 Joules by being active during the execution of the simulation
processor 1:1:6 used 0.0018193777777777748 Joules by being active during the execution of the simulation
processor 1:1:7 used 0.0018218666666666634 Joules by being active during the execution of the simulation
processor 1:1:8 used 0.0018190222222222198 Joules by being active during the execution of the simulation
processor 1:1:9 used 0.0018111999999999955 Joules by being active during the execution of the simulation
processor 1:1:10 used 0.00025422222222222377 Joules by being active during the execution of the simulation
processor 1:1:11 used 0.0018154666666666639 Joules by being active during the execution of the simulation
processor 1:1:12 used 0.001799822222222219 Joules by being active during the execution of the simulation
processor 1:1:13 used 0.001830044444444441 Joules by being active during the execution of the simulation
processor 1:1:14 used 0.001821511111111108 Joules by being active during the execution of the simulation
processor 1:1:15 used 0.0018090666666666637 Joules by being active during the execution of the simulation
processor 1:1:16 used 0.0018058666666666624 Joules by being active during the execution of the simulation
processor 1:1:17 used 0.0018357333333333299 Joules by being active during the execution of the simulation
The chip at 1,1 used 0.36000000000000004 Joules by being idle during the execution of the simulation

processor 1:2:0 used 0.035555555555555465 Joules by being active during the execution of the simulation
processor 1:2:1 (running ChipPowerMonitor on 1, 2) used 0.0 Joules by being active during the execution of the simulation
processor 1:2:2 used 0.0018254222222222193 Joules by being active during the execution of the simulation
processor 1:2:3 used 0.0018222222222222168 Joules by being active during the execution of the simulation
processor 1:2:4 used 0.0018147555555555542 Joules by being active during the execution of the simulation
processor 1:2:5 used 0.0017941333333333315 Joules by being active during the execution of the simulation
processor 1:2:6 used 0.0018346666666666633 Joules by being active during the execution of the simulation
processor 1:2:7 used 0.0017987555555555531 Joules by being active during the execution of the simulation
processor 1:2:8 used 0.0018179555555555527 Joules by being active during the execution of the simulation
processor 1:2:9 used 0.0018083555555555523 Joules by being active during the execution of the simulation
processor 1:2:10 used 0.0002506666666666682 Joules by being active during the execution of the simulation
processor 1:2:11 used 0.0018083555555555525 Joules by being active during the execution of the simulation
processor 1:2:12 used 0.0018243555555555522 Joules by being active during the execution of the simulation
processor 1:2:13 used 0.0018318222222222182 Joules by being active during the execution of the simulation
processor 1:2:14 used 0.001824355555555552 Joules by being active during the execution of the simulation
processor 1:2:15 used 0.0018168888888888855 Joules by being active during the execution of the simulation
processor 1:2:16 used 0.001819377777777773 Joules by being active during the execution of the simulation
processor 1:2:17 used 0.001810844444444442 Joules by being active during the execution of the simulation
The chip at 1,2 used 0.36000000000000004 Joules by being idle during the execution of the simulation

processor 1:3:0 used 0.035555555555555465 Joules by being active during the execution of the simulation
processor 1:3:1 (running ChipPowerMonitor on 1, 3) used 0.0 Joules by being active during the execution of the simulation
processor 1:3:2 used 0.0 Joules by being active during the execution of the simulation
processor 1:3:3 used 0.0 Joules by being active during the execution of the simulation
processor 1:3:4 used 0.0 Joules by being active during the execution of the simulation
processor 1:3:5 used 0.0 Joules by being active during the execution of the simulation
processor 1:3:6 used 0.0 Joules by being active during the execution of the simulation
processor 1:3:7 used 0.0 Joules by being active during the execution of the simulation
processor 1:3:8 used 0.0 Joules by being active during the execution of the simulation
processor 1:3:9 used 0.0 Joules by being active during the execution of the simulation
processor 1:3:10 used 0.0 Joules by being active during the execution of the simulation
processor 1:3:11 used 0.0002446222222222237 Joules by being active during the execution of the simulation
processor 1:3:12 used 0.0 Joules by being active during the execution of the simulation
processor 1:3:13 used 0.0 Joules by being active during the execution of the simulation
processor 1:3:14 used 0.0 Joules by being active during the execution of the simulation
processor 1:3:15 used 0.0 Joules by being active during the execution of the simulation
processor 1:3:16 used 0.0 Joules by being active during the execution of the simulation
processor 1:3:17 used 0.0 Joules by being active during the execution of the simulation
The chip at 1,3 used 0.36000000000000004 Joules by being idle during the execution of the simulation

processor 1:4:0 used 0.035555555555555465 Joules by being active during the execution of the simulation
processor 1:4:1 (running ChipPowerMonitor on 1, 4) used 3.5555555555555553e-07 Joules by being active during the execution of the simulation
processor 1:4:2 used 0.0 Joules by being active during the execution of the simulation
processor 1:4:3 used 0.0 Joules by being active during the execution of the simulation
processor 1:4:4 used 0.0 Joules by being active during the execution of the simulation
processor 1:4:5 used 0.0 Joules by being active during the execution of the simulation
processor 1:4:6 used 0.0 Joules by being active during the execution of the simulation
processor 1:4:7 used 0.0 Joules by being active during the execution of the simulation
processor 1:4:8 used 0.0 Joules by being active during the execution of the simulation
processor 1:4:9 used 0.0 Joules by being active during the execution of the simulation
processor 1:4:10 used 0.00024853333333333484 Joules by being active during the execution of the simulation
processor 1:4:11 used 0.0 Joules by being active during the execution of the simulation
processor 1:4:12 used 0.0 Joules by being active during the execution of the simulation
processor 1:4:13 used 0.0 Joules by being active during the execution of the simulation
processor 1:4:14 used 0.0 Joules by being active during the execution of the simulation
processor 1:4:15 used 0.0 Joules by being active during the execution of the simulation
processor 1:4:16 used 0.0 Joules by being active during the execution of the simulation
processor 1:4:17 used 0.0 Joules by being active during the execution of the simulation
The chip at 1,4 used 0.36000000000000004 Joules by being idle during the execution of the simulation

processor 2:0:0 used 0.035555555555555465 Joules by being active during the execution of the simulation
processor 2:0:1 (running ChipPowerMonitor on 2, 0) used 0.0 Joules by being active during the execution of the simulation
processor 2:0:2 used 0.0017987555555555534 Joules by being active during the execution of the simulation
processor 2:0:3 used 0.0018175999999999971 Joules by being active during the execution of the simulation
processor 2:0:4 used 0.0018225777777777737 Joules by being active during the execution of the simulation
processor 2:0:5 used 0.001813688888888886 Joules by being active during the execution of the simulation
processor 2:0:6 used 0.0018218666666666632 Joules by being active during the execution of the simulation
processor 2:0:7 used 0.0018378666666666646 Joules by being active during the execution of the simulation
processor 2:0:8 used 0.001812977777777776 Joules by being active during the execution of the simulation
processor 2:0:9 used 0.001814755555555552 Joules by being active during the execution of the simulation
processor 2:0:10 used 0.0002545777777777792 Joules by being active during the execution of the simulation
processor 2:0:11 used 0.0018407111111111078 Joules by being active during the execution of the simulation
processor 2:0:12 used 0.0018094222222222204 Joules by being active during the execution of the simulation
processor 2:0:13 used 0.0018168888888888863 Joules by being active during the execution of the simulation
processor 2:0:14 used 0.0018087111111111088 Joules by being active during the execution of the simulation
processor 2:0:15 used 0.0018158222222222197 Joules by being active during the execution of the simulation
processor 2:0:16 used 0.0018143999999999975 Joules by being active during the execution of the simulation
processor 2:0:17 used 0.001814399999999998 Joules by being active during the execution of the simulation
The chip at 2,0 used 0.36000000000000004 Joules by being idle during the execution of the simulation

processor 2:1:0 used 0.035555555555555465 Joules by being active during the execution of the simulation
processor 2:1:1 (running ChipPowerMonitor on 2, 1) used 0.0 Joules by being active during the execution of the simulation
processor 2:1:2 used 0.0017980444444444426 Joules by being active during the execution of the simulation
processor 2:1:3 used 0.0018293333333333315 Joules by being active during the execution of the simulation
processor 2:1:4 used 0.0018215111111111084 Joules by being active during the execution of the simulation
processor 2:1:5 used 0.0018133333333333298 Joules by being active during the execution of the simulation
processor 2:1:6 used 0.0018111999999999985 Joules by being active during the execution of the simulation
processor 2:1:7 used 0.00179662222222222 Joules by being active during the execution of the simulation
processor 2:1:8 used 0.001816177777777775 Joules by being active during the execution of the simulation
processor 2:1:9 used 0.0018403555555555511 Joules by being active during the execution of the simulation
processor 2:1:10 used 0.0002520888888888904 Joules by being active during the execution of the simulation
processor 2:1:11 used 0.0018275555555555532 Joules by being active during the execution of the simulation
processor 2:1:12 used 0.0017998222222222193 Joules by being active during the execution of the simulation
processor 2:1:13 used 0.0018154666666666656 Joules by being active during the execution of the simulation
processor 2:1:14 used 0.0018005333333333306 Joules by being active during the execution of the simulation
processor 2:1:15 used 0.0018222222222222197 Joules by being active during the execution of the simulation
processor 2:1:16 used 0.0018001777777777752 Joules by being active during the execution of the simulation
processor 2:1:17 used 0.001808355555555553 Joules by being active during the execution of the simulation
The chip at 2,1 used 0.36000000000000004 Joules by being idle during the execution of the simulation

processor 2:2:0 used 0.035555555555555465 Joules by being active during the execution of the simulation
processor 2:2:1 (running ChipPowerMonitor on 2, 2) used 0.0 Joules by being active during the execution of the simulation
processor 2:2:2 used 0.00181653333333333 Joules by being active during the execution of the simulation
processor 2:2:3 used 0.001819733333333331 Joules by being active during the execution of the simulation
processor 2:2:4 used 0.0018058666666666652 Joules by being active during the execution of the simulation
processor 2:2:5 used 0.0018161777777777762 Joules by being active during the execution of the simulation
processor 2:2:6 used 0.0018271999999999976 Joules by being active during the execution of the simulation
processor 2:2:7 used 0.0018037333333333306 Joules by being active during the execution of the simulation
processor 2:2:8 used 0.001800888888888887 Joules by being active during the execution of the simulation
processor 2:2:9 used 0.0018136888888888867 Joules by being active during the execution of the simulation
processor 2:2:10 used 0.0002506666666666682 Joules by being active during the execution of the simulation
processor 2:2:11 used 0.0018279111111111092 Joules by being active during the execution of the simulation
processor 2:2:12 used 0.001814399999999997 Joules by being active during the execution of the simulation
processor 2:2:13 used 0.0018183111111111105 Joules by being active during the execution of the simulation
processor 2:2:14 used 0.0018211555555555515 Joules by being active during the execution of the simulation
processor 2:2:15 used 0.0017973333333333311 Joules by being active during the execution of the simulation
processor 2:2:16 used 0.0018037333333333313 Joules by being active during the execution of the simulation
processor 2:2:17 used 0.0018055111111111104 Joules by being active during the execution of the simulation
The chip at 2,2 used 0.36000000000000004 Joules by being idle during the execution of the simulation

processor 2:3:0 used 0.035555555555555465 Joules by being active during the execution of the simulation
processor 2:3:1 (running ChipPowerMonitor on 2, 3) used 0.0 Joules by being active during the execution of the simulation
processor 2:3:2 used 0.0 Joules by being active during the execution of the simulation
processor 2:3:3 used 0.0 Joules by being active during the execution of the simulation
processor 2:3:4 used 0.0 Joules by being active during the execution of the simulation
processor 2:3:5 used 0.0 Joules by being active during the execution of the simulation
processor 2:3:6 used 0.0 Joules by being active during the execution of the simulation
processor 2:3:7 used 0.0 Joules by being active during the execution of the simulation
processor 2:3:8 used 0.0 Joules by being active during the execution of the simulation
processor 2:3:9 used 0.0 Joules by being active during the execution of the simulation
processor 2:3:10 used 0.00024675555555555705 Joules by being active during the execution of the simulation
processor 2:3:11 used 0.0 Joules by being active during the execution of the simulation
processor 2:3:12 used 0.0 Joules by being active during the execution of the simulation
processor 2:3:13 used 0.0 Joules by being active during the execution of the simulation
processor 2:3:14 used 0.0 Joules by being active during the execution of the simulation
processor 2:3:15 used 0.0 Joules by being active during the execution of the simulation
processor 2:3:16 used 0.0 Joules by being active during the execution of the simulation
processor 2:3:17 used 0.0 Joules by being active during the execution of the simulation
The chip at 2,3 used 0.36000000000000004 Joules by being idle during the execution of the simulation

processor 2:4:0 used 0.035555555555555465 Joules by being active during the execution of the simulation
processor 2:4:1 (running ChipPowerMonitor on 2, 4) used 0.0 Joules by being active during the execution of the simulation
processor 2:4:2 used 0.0 Joules by being active during the execution of the simulation
processor 2:4:3 used 0.0 Joules by being active during the execution of the simulation
processor 2:4:4 used 0.0 Joules by being active during the execution of the simulation
processor 2:4:5 used 0.0 Joules by being active during the execution of the simulation
processor 2:4:6 used 0.0 Joules by being active during the execution of the simulation
processor 2:4:7 used 0.0 Joules by being active during the execution of the simulation
processor 2:4:8 used 0.0 Joules by being active during the execution of the simulation
processor 2:4:9 used 0.0 Joules by being active during the execution of the simulation
processor 2:4:10 used 0.00024746666666666816 Joules by being active during the execution of the simulation
processor 2:4:11 used 0.0 Joules by being active during the execution of the simulation
processor 2:4:12 used 0.0 Joules by being active during the execution of the simulation
processor 2:4:13 used 0.0 Joules by being active during the execution of the simulation
processor 2:4:14 used 0.0 Joules by being active during the execution of the simulation
processor 2:4:15 used 0.0 Joules by being active during the execution of the simulation
processor 2:4:16 used 0.0 Joules by being active during the execution of the simulation
processor 2:4:17 used 0.0 Joules by being active during the execution of the simulation
The chip at 2,4 used 0.36000000000000004 Joules by being idle during the execution of the simulation

processor 2:5:0 used 0.035555555555555465 Joules by being active during the execution of the simulation
processor 2:5:1 (running ChipPowerMonitor on 2, 5) used 3.5555555555555553e-07 Joules by being active during the execution of the simulation
processor 2:5:2 used 0.0 Joules by being active during the execution of the simulation
processor 2:5:3 used 0.0 Joules by being active during the execution of the simulation
processor 2:5:4 used 0.0 Joules by being active during the execution of the simulation
processor 2:5:5 used 0.0 Joules by being active during the execution of the simulation
processor 2:5:6 used 0.0 Joules by being active during the execution of the simulation
processor 2:5:7 used 0.0 Joules by being active during the execution of the simulation
processor 2:5:8 used 0.0 Joules by being active during the execution of the simulation
processor 2:5:9 used 0.0 Joules by being active during the execution of the simulation
processor 2:5:10 used 0.00024675555555555705 Joules by being active during the execution of the simulation
processor 2:5:11 used 0.0 Joules by being active during the execution of the simulation
processor 2:5:12 used 0.0 Joules by being active during the execution of the simulation
processor 2:5:13 used 0.0 Joules by being active during the execution of the simulation
processor 2:5:14 used 0.0 Joules by being active during the execution of the simulation
processor 2:5:15 used 0.0 Joules by being active during the execution of the simulation
processor 2:5:16 used 0.0 Joules by being active during the execution of the simulation
processor 2:5:17 used 0.0 Joules by being active during the execution of the simulation
The chip at 2,5 used 0.36000000000000004 Joules by being idle during the execution of the simulation

processor 3:0:0 used 0.035555555555555465 Joules by being active during the execution of the simulation
processor 3:0:1 (running ChipPowerMonitor on 3, 0) used 0.0 Joules by being active during the execution of the simulation
processor 3:0:2 used 0.0016611555555555494 Joules by being active during the execution of the simulation
processor 3:0:3 used 0.0018311111111111076 Joules by being active during the execution of the simulation
processor 3:0:4 used 0.001831111111111106 Joules by being active during the execution of the simulation
processor 3:0:5 used 0.0018307555555555513 Joules by being active during the execution of the simulation
processor 3:0:6 used 0.001831466666666663 Joules by being active during the execution of the simulation
processor 3:0:7 used 0.0018328888888888846 Joules by being active during the execution of the simulation
processor 3:0:8 used 0.0018115555555555521 Joules by being active during the execution of the simulation
processor 3:0:9 used 0.0018264888888888837 Joules by being active during the execution of the simulation
processor 3:0:10 used 0.0002535111111111126 Joules by being active during the execution of the simulation
processor 3:0:11 used 0.0018065777777777725 Joules by being active during the execution of the simulation
processor 3:0:12 used 0.0018158222222222184 Joules by being active during the execution of the simulation
processor 3:0:13 used 0.001823999999999995 Joules by being active during the execution of the simulation
processor 3:0:14 used 0.0018111999999999965 Joules by being active during the execution of the simulation
processor 3:0:15 used 0.001821511111111107 Joules by being active during the execution of the simulation
processor 3:0:16 used 0.001803022222222219 Joules by being active during the execution of the simulation
processor 3:0:17 used 0.0018357333333333299 Joules by being active during the execution of the simulation
The chip at 3,0 used 0.36000000000000004 Joules by being idle during the execution of the simulation

processor 3:1:0 used 0.035555555555555465 Joules by being active during the execution of the simulation
processor 3:1:1 (running ChipPowerMonitor on 3, 1) used 0.0 Joules by being active during the execution of the simulation
processor 3:1:2 used 0.0 Joules by being active during the execution of the simulation
processor 3:1:3 used 0.0 Joules by being active during the execution of the simulation
processor 3:1:4 used 0.0 Joules by being active during the execution of the simulation
processor 3:1:5 used 0.0 Joules by being active during the execution of the simulation
processor 3:1:6 used 0.0 Joules by being active during the execution of the simulation
processor 3:1:7 used 0.0 Joules by being active during the execution of the simulation
processor 3:1:8 used 0.0 Joules by being active during the execution of the simulation
processor 3:1:9 used 0.0 Joules by being active during the execution of the simulation
processor 3:1:10 used 0.00024284444444444594 Joules by being active during the execution of the simulation
processor 3:1:11 used 0.0 Joules by being active during the execution of the simulation
processor 3:1:12 used 0.0 Joules by being active during the execution of the simulation
processor 3:1:13 used 0.0 Joules by being active during the execution of the simulation
processor 3:1:14 used 0.0 Joules by being active during the execution of the simulation
processor 3:1:15 used 0.0 Joules by being active during the execution of the simulation
processor 3:1:16 used 0.0 Joules by being active during the execution of the simulation
processor 3:1:17 used 0.0 Joules by being active during the execution of the simulation
The chip at 3,1 used 0.36000000000000004 Joules by being idle during the execution of the simulation

processor 3:2:0 used 0.035555555555555465 Joules by being active during the execution of the simulation
processor 3:2:1 (running ChipPowerMonitor on 3, 2) used 0.0 Joules by being active during the execution of the simulation
processor 3:2:2 used 0.0 Joules by being active during the execution of the simulation
processor 3:2:3 used 0.0 Joules by being active during the execution of the simulation
processor 3:2:4 used 0.0 Joules by being active during the execution of the simulation
processor 3:2:5 used 0.0 Joules by being active during the execution of the simulation
processor 3:2:6 used 0.0 Joules by being active during the execution of the simulation
processor 3:2:7 used 0.0 Joules by being active during the execution of the simulation
processor 3:2:8 used 0.0 Joules by being active during the execution of the simulation
processor 3:2:9 used 0.0 Joules by being active during the execution of the simulation
processor 3:2:10 used 0.0002446222222222237 Joules by being active during the execution of the simulation
processor 3:2:11 used 0.0 Joules by being active during the execution of the simulation
processor 3:2:12 used 0.0 Joules by being active during the execution of the simulation
processor 3:2:13 used 0.0 Joules by being active during the execution of the simulation
processor 3:2:14 used 0.0 Joules by being active during the execution of the simulation
processor 3:2:15 used 0.0 Joules by being active during the execution of the simulation
processor 3:2:16 used 0.0 Joules by being active during the execution of the simulation
processor 3:2:17 used 0.0 Joules by being active during the execution of the simulation
The chip at 3,2 used 0.36000000000000004 Joules by being idle during the execution of the simulation

processor 3:3:0 used 0.035555555555555465 Joules by being active during the execution of the simulation
processor 3:3:1 (running ChipPowerMonitor on 3, 3) used 0.0 Joules by being active during the execution of the simulation
processor 3:3:2 used 0.0 Joules by being active during the execution of the simulation
processor 3:3:3 used 0.0 Joules by being active during the execution of the simulation
processor 3:3:4 used 0.0 Joules by being active during the execution of the simulation
processor 3:3:5 used 0.0 Joules by being active during the execution of the simulation
processor 3:3:6 used 0.0 Joules by being active during the execution of the simulation
processor 3:3:7 used 0.0 Joules by being active during the execution of the simulation
processor 3:3:8 used 0.0 Joules by being active during the execution of the simulation
processor 3:3:9 used 0.0 Joules by being active during the execution of the simulation
processor 3:3:10 used 0.0 Joules by being active during the execution of the simulation
processor 3:3:11 used 0.0 Joules by being active during the execution of the simulation
processor 3:3:12 used 0.0 Joules by being active during the execution of the simulation
processor 3:3:13 used 0.0 Joules by being active during the execution of the simulation
processor 3:3:14 used 0.0 Joules by being active during the execution of the simulation
processor 3:3:15 used 0.0002478222222222237 Joules by being active during the execution of the simulation
processor 3:3:16 used 0.0 Joules by being active during the execution of the simulation
processor 3:3:17 used 0.0 Joules by being active during the execution of the simulation
The chip at 3,3 used 0.36000000000000004 Joules by being idle during the execution of the simulation

processor 3:4:0 used 0.035555555555555465 Joules by being active during the execution of the simulation
processor 3:4:1 (running ChipPowerMonitor on 3, 4) used 0.0 Joules by being active during the execution of the simulation
processor 3:4:2 used 0.0 Joules by being active during the execution of the simulation
processor 3:4:3 used 0.0 Joules by being active during the execution of the simulation
processor 3:4:4 used 0.0 Joules by being active during the execution of the simulation
processor 3:4:5 used 0.0 Joules by being active during the execution of the simulation
processor 3:4:6 used 0.0 Joules by being active during the execution of the simulation
processor 3:4:7 used 0.0 Joules by being active during the execution of the simulation
processor 3:4:8 used 0.0 Joules by being active during the execution of the simulation
processor 3:4:9 used 0.0 Joules by being active during the execution of the simulation
processor 3:4:10 used 0.00024675555555555705 Joules by being active during the execution of the simulation
processor 3:4:11 used 0.0 Joules by being active during the execution of the simulation
processor 3:4:12 used 0.0 Joules by being active during the execution of the simulation
processor 3:4:13 used 0.0 Joules by being active during the execution of the simulation
processor 3:4:14 used 0.0 Joules by being active during the execution of the simulation
processor 3:4:15 used 0.0 Joules by being active during the execution of the simulation
processor 3:4:16 used 0.0 Joules by being active during the execution of the simulation
processor 3:4:17 used 0.0 Joules by being active during the execution of the simulation
The chip at 3,4 used 0.36000000000000004 Joules by being idle during the execution of the simulation

processor 3:5:0 used 0.035555555555555465 Joules by being active during the execution of the simulation
processor 3:5:1 (running ChipPowerMonitor on 3, 5) used 0.0 Joules by being active during the execution of the simulation
processor 3:5:2 used 3.5555555555555553e-07 Joules by being active during the execution of the simulation
processor 3:5:3 used 0.0 Joules by being active during the execution of the simulation
processor 3:5:4 used 0.0 Joules by being active during the execution of the simulation
processor 3:5:5 used 0.0 Joules by being active during the execution of the simulation
processor 3:5:6 used 0.0 Joules by being active during the execution of the simulation
processor 3:5:7 used 0.0 Joules by being active during the execution of the simulation
processor 3:5:8 used 0.0 Joules by being active during the execution of the simulation
processor 3:5:9 used 0.0 Joules by being active during the execution of the simulation
processor 3:5:10 used 0.0002453333333333348 Joules by being active during the execution of the simulation
processor 3:5:11 used 0.0 Joules by being active during the execution of the simulation
processor 3:5:12 used 0.0 Joules by being active during the execution of the simulation
processor 3:5:13 used 0.0 Joules by being active during the execution of the simulation
processor 3:5:14 used 0.0 Joules by being active during the execution of the simulation
processor 3:5:15 used 0.0 Joules by being active during the execution of the simulation
processor 3:5:16 used 0.0 Joules by being active during the execution of the simulation
processor 3:5:17 used 0.0 Joules by being active during the execution of the simulation
The chip at 3,5 used 0.36000000000000004 Joules by being idle during the execution of the simulation

processor 3:6:0 used 0.035555555555555465 Joules by being active during the execution of the simulation
processor 3:6:1 (running ChipPowerMonitor on 3, 6) used 0.0 Joules by being active during the execution of the simulation
processor 3:6:2 used 0.0 Joules by being active during the execution of the simulation
processor 3:6:3 used 0.0 Joules by being active during the execution of the simulation
processor 3:6:4 used 0.0 Joules by being active during the execution of the simulation
processor 3:6:5 used 0.0 Joules by being active during the execution of the simulation
processor 3:6:6 used 0.0 Joules by being active during the execution of the simulation
processor 3:6:7 used 0.0 Joules by being active during the execution of the simulation
processor 3:6:8 used 0.0 Joules by being active during the execution of the simulation
processor 3:6:9 used 0.0 Joules by being active during the execution of the simulation
processor 3:6:10 used 0.0002471111111111126 Joules by being active during the execution of the simulation
processor 3:6:11 used 0.0 Joules by being active during the execution of the simulation
processor 3:6:12 used 0.0 Joules by being active during the execution of the simulation
processor 3:6:13 used 0.0 Joules by being active during the execution of the simulation
processor 3:6:14 used 0.0 Joules by being active during the execution of the simulation
processor 3:6:15 used 0.0 Joules by being active during the execution of the simulation
processor 3:6:16 used 0.0 Joules by being active during the execution of the simulation
processor 3:6:17 used 0.0 Joules by being active during the execution of the simulation
The chip at 3,6 used 0.36000000000000004 Joules by being idle during the execution of the simulation

processor 4:0:0 used 0.035555555555555465 Joules by being active during the execution of the simulation
processor 4:0:1 (running ChipPowerMonitor on 4, 0) used 0.0 Joules by being active during the execution of the simulation
processor 4:0:2 used 0.00180373333333333 Joules by being active during the execution of the simulation
processor 4:0:3 used 0.001832533333333328 Joules by being active during the execution of the simulation
processor 4:0:4 used 0.0018161777777777736 Joules by being active during the execution of the simulation
processor 4:0:5 used 0.001828622222222218 Joules by being active during the execution of the simulation
processor 4:0:6 used 0.0018360888888888844 Joules by being active during the execution of the simulation
processor 4:0:7 used 0.001850311111111107 Joules by being active during the execution of the simulation
processor 4:0:8 used 0.0018293333333333286 Joules by being active during the execution of the simulation
processor 4:0:9 used 0.001818666666666664 Joules by being active during the execution of the simulation
processor 4:0:10 used 0.00025635555555555706 Joules by being active during the execution of the simulation
processor 4:0:11 used 0.0018403555555555524 Joules by being active during the execution of the simulation
processor 4:0:12 used 0.001810133333333329 Joules by being active during the execution of the simulation
processor 4:0:13 used 0.0018104888888888862 Joules by being active during the execution of the simulation
processor 4:0:14 used 0.0018005333333333292 Joules by being active during the execution of the simulation
processor 4:0:15 used 0.0018115555555555526 Joules by being active during the execution of the simulation
processor 4:0:16 used 0.0018300444444444399 Joules by being active during the execution of the simulation
processor 4:0:17 used 0.0018143999999999966 Joules by being active during the execution of the simulation
The chip at 4,0 used 0.36000000000000004 Joules by being idle during the execution of the simulation

processor 4:1:0 used 0.035555555555555465 Joules by being active during the execution of the simulation
processor 4:1:1 (running ChipPowerMonitor on 4, 1) used 3.5555555555555553e-07 Joules by being active during the execution of the simulation
processor 4:1:2 used 0.0018332444444444397 Joules by being active during the execution of the simulation
processor 4:1:3 used 0.001822933333333329 Joules by being active during the execution of the simulation
processor 4:1:4 used 0.0018289777777777715 Joules by being active during the execution of the simulation
processor 4:1:5 used 0.0018183111111111068 Joules by being active during the execution of the simulation
processor 4:1:6 used 0.0016615111111111035 Joules by being active during the execution of the simulation
processor 4:1:7 used 0.0 Joules by being active during the execution of the simulation
processor 4:1:8 used 0.0 Joules by being active during the execution of the simulation
processor 4:1:9 used 0.0 Joules by being active during the execution of the simulation
processor 4:1:10 used 0.00024853333333333484 Joules by being active during the execution of the simulation
processor 4:1:11 used 0.0 Joules by being active during the execution of the simulation
processor 4:1:12 used 0.0 Joules by being active during the execution of the simulation
processor 4:1:13 used 0.0 Joules by being active during the execution of the simulation
processor 4:1:14 used 0.0 Joules by being active during the execution of the simulation
processor 4:1:15 used 0.0 Joules by being active during the execution of the simulation
processor 4:1:16 used 0.0 Joules by being active during the execution of the simulation
processor 4:1:17 used 0.0 Joules by being active during the execution of the simulation
The chip at 4,1 used 0.36000000000000004 Joules by being idle during the execution of the simulation

processor 4:2:0 used 0.035555555555555465 Joules by being active during the execution of the simulation
processor 4:2:1 (running ChipPowerMonitor on 4, 2) used 0.0 Joules by being active during the execution of the simulation
processor 4:2:2 used 0.0 Joules by being active during the execution of the simulation
processor 4:2:3 used 0.0 Joules by being active during the execution of the simulation
processor 4:2:4 used 0.0 Joules by being active during the execution of the simulation
processor 4:2:5 used 0.0 Joules by being active during the execution of the simulation
processor 4:2:6 used 0.0 Joules by being active during the execution of the simulation
processor 4:2:7 used 0.0 Joules by being active during the execution of the simulation
processor 4:2:8 used 0.0 Joules by being active during the execution of the simulation
processor 4:2:9 used 0.0 Joules by being active during the execution of the simulation
processor 4:2:10 used 0.0002453333333333348 Joules by being active during the execution of the simulation
processor 4:2:11 used 0.0 Joules by being active during the execution of the simulation
processor 4:2:12 used 0.0 Joules by being active during the execution of the simulation
processor 4:2:13 used 0.0 Joules by being active during the execution of the simulation
processor 4:2:14 used 0.0 Joules by being active during the execution of the simulation
processor 4:2:15 used 0.0 Joules by being active during the execution of the simulation
processor 4:2:16 used 0.0 Joules by being active during the execution of the simulation
processor 4:2:17 used 0.0 Joules by being active during the execution of the simulation
The chip at 4,2 used 0.36000000000000004 Joules by being idle during the execution of the simulation

processor 4:3:0 used 0.035555555555555465 Joules by being active during the execution of the simulation
processor 4:3:1 (running ChipPowerMonitor on 4, 3) used 0.0 Joules by being active during the execution of the simulation
processor 4:3:2 used 0.0 Joules by being active during the execution of the simulation
processor 4:3:3 used 0.0 Joules by being active during the execution of the simulation
processor 4:3:4 used 0.0 Joules by being active during the execution of the simulation
processor 4:3:5 used 0.0 Joules by being active during the execution of the simulation
processor 4:3:6 used 0.0 Joules by being active during the execution of the simulation
processor 4:3:7 used 0.0 Joules by being active during the execution of the simulation
processor 4:3:8 used 0.0 Joules by being active during the execution of the simulation
processor 4:3:9 used 0.0 Joules by being active during the execution of the simulation
processor 4:3:10 used 0.00024177777777777926 Joules by being active during the execution of the simulation
processor 4:3:11 used 0.0 Joules by being active during the execution of the simulation
processor 4:3:12 used 0.0 Joules by being active during the execution of the simulation
processor 4:3:13 used 0.0 Joules by being active during the execution of the simulation
processor 4:3:14 used 0.0 Joules by being active during the execution of the simulation
processor 4:3:15 used 0.0 Joules by being active during the execution of the simulation
processor 4:3:16 used 0.0 Joules by being active during the execution of the simulation
processor 4:3:17 used 0.0 Joules by being active during the execution of the simulation
The chip at 4,3 used 0.36000000000000004 Joules by being idle during the execution of the simulation

processor 4:4:0 used 0.035555555555555465 Joules by being active during the execution of the simulation
processor 4:4:1 (running ChipPowerMonitor on 4, 4) used 3.5555555555555553e-07 Joules by being active during the execution of the simulation
processor 4:4:2 used 0.0 Joules by being active during the execution of the simulation
processor 4:4:3 used 0.0 Joules by being active during the execution of the simulation
processor 4:4:4 used 0.0 Joules by being active during the execution of the simulation
processor 4:4:5 used 0.0 Joules by being active during the execution of the simulation
processor 4:4:6 used 0.0 Joules by being active during the execution of the simulation
processor 4:4:7 used 0.0 Joules by being active during the execution of the simulation
processor 4:4:8 used 0.0 Joules by being active during the execution of the simulation
processor 4:4:9 used 0.0 Joules by being active during the execution of the simulation
processor 4:4:10 used 0.00024675555555555705 Joules by being active during the execution of the simulation
processor 4:4:11 used 0.0 Joules by being active during the execution of the simulation
processor 4:4:12 used 0.0 Joules by being active during the execution of the simulation
processor 4:4:13 used 0.0 Joules by being active during the execution of the simulation
processor 4:4:14 used 0.0 Joules by being active during the execution of the simulation
processor 4:4:15 used 0.0 Joules by being active during the execution of the simulation
processor 4:4:16 used 0.0 Joules by being active during the execution of the simulation
processor 4:4:17 used 0.0 Joules by being active during the execution of the simulation
The chip at 4,4 used 0.36000000000000004 Joules by being idle during the execution of the simulation

processor 4:5:0 used 0.035555555555555465 Joules by being active during the execution of the simulation
processor 4:5:1 (running ChipPowerMonitor on 4, 5) used 0.0 Joules by being active during the execution of the simulation
processor 4:5:2 used 0.0 Joules by being active during the execution of the simulation
processor 4:5:3 used 0.0 Joules by being active during the execution of the simulation
processor 4:5:4 used 0.0 Joules by being active during the execution of the simulation
processor 4:5:5 used 0.0 Joules by being active during the execution of the simulation
processor 4:5:6 used 0.0 Joules by being active during the execution of the simulation
processor 4:5:7 used 0.0 Joules by being active during the execution of the simulation
processor 4:5:8 used 0.0 Joules by being active during the execution of the simulation
processor 4:5:9 used 0.0 Joules by being active during the execution of the simulation
processor 4:5:10 used 0.00024426666666666814 Joules by being active during the execution of the simulation
processor 4:5:11 used 0.0 Joules by being active during the execution of the simulation
processor 4:5:12 used 0.0 Joules by being active during the execution of the simulation
processor 4:5:13 used 0.0 Joules by being active during the execution of the simulation
processor 4:5:14 used 0.0 Joules by being active during the execution of the simulation
processor 4:5:15 used 0.0 Joules by being active during the execution of the simulation
processor 4:5:16 used 0.0 Joules by being active during the execution of the simulation
processor 4:5:17 used 0.0 Joules by being active during the execution of the simulation
The chip at 4,5 used 0.36000000000000004 Joules by being idle during the execution of the simulation

processor 4:6:0 used 0.035555555555555465 Joules by being active during the execution of the simulation
processor 4:6:1 (running ChipPowerMonitor on 4, 6) used 0.0 Joules by being active during the execution of the simulation
processor 4:6:2 used 0.0 Joules by being active during the execution of the simulation
processor 4:6:3 used 0.0 Joules by being active during the execution of the simulation
processor 4:6:4 used 0.0 Joules by being active during the execution of the simulation
processor 4:6:5 used 0.0 Joules by being active during the execution of the simulation
processor 4:6:6 used 0.0 Joules by being active during the execution of the simulation
processor 4:6:7 used 0.0 Joules by being active during the execution of the simulation
processor 4:6:8 used 0.0 Joules by being active during the execution of the simulation
processor 4:6:9 used 0.0 Joules by being active during the execution of the simulation
processor 4:6:10 used 0.00024888888888889034 Joules by being active during the execution of the simulation
processor 4:6:11 used 0.0 Joules by being active during the execution of the simulation
processor 4:6:12 used 0.0 Joules by being active during the execution of the simulation
processor 4:6:13 used 0.0 Joules by being active during the execution of the simulation
processor 4:6:14 used 0.0 Joules by being active during the execution of the simulation
processor 4:6:15 used 0.0 Joules by being active during the execution of the simulation
processor 4:6:16 used 0.0 Joules by being active during the execution of the simulation
processor 4:6:17 used 0.0 Joules by being active during the execution of the simulation
The chip at 4,6 used 0.36000000000000004 Joules by being idle during the execution of the simulation

processor 4:7:0 used 0.035555555555555465 Joules by being active during the execution of the simulation
processor 4:7:1 (running ChipPowerMonitor on 4, 7) used 0.0 Joules by being active during the execution of the simulation
processor 4:7:2 used 0.0 Joules by being active during the execution of the simulation
processor 4:7:3 used 0.0 Joules by being active during the execution of the simulation
processor 4:7:4 used 0.0 Joules by being active during the execution of the simulation
processor 4:7:5 used 0.0 Joules by being active during the execution of the simulation
processor 4:7:6 used 0.0 Joules by being active during the execution of the simulation
processor 4:7:7 used 0.0 Joules by being active during the execution of the simulation
processor 4:7:8 used 0.0 Joules by being active during the execution of the simulation
processor 4:7:9 used 0.0 Joules by being active during the execution of the simulation
processor 4:7:10 used 0.0002453333333333348 Joules by being active during the execution of the simulation
processor 4:7:11 used 0.0 Joules by being active during the execution of the simulation
processor 4:7:12 used 0.0 Joules by being active during the execution of the simulation
processor 4:7:13 used 0.0 Joules by being active during the execution of the simulation
processor 4:7:14 used 0.0 Joules by being active during the execution of the simulation
processor 4:7:15 used 0.0 Joules by being active during the execution of the simulation
processor 4:7:16 used 0.0 Joules by being active during the execution of the simulation
processor 4:7:17 used 0.0 Joules by being active during the execution of the simulation
The chip at 4,7 used 0.36000000000000004 Joules by being idle during the execution of the simulation

processor 5:1:0 used 0.035555555555555465 Joules by being active during the execution of the simulation
processor 5:1:1 (running ChipPowerMonitor on 5, 1) used 0.0 Joules by being active during the execution of the simulation
processor 5:1:2 used 0.0 Joules by being active during the execution of the simulation
processor 5:1:3 used 0.0 Joules by being active during the execution of the simulation
processor 5:1:4 used 0.0 Joules by being active during the execution of the simulation
processor 5:1:5 used 0.0 Joules by being active during the execution of the simulation
processor 5:1:6 used 0.0 Joules by being active during the execution of the simulation
processor 5:1:7 used 0.0 Joules by being active during the execution of the simulation
processor 5:1:8 used 0.0 Joules by being active during the execution of the simulation
processor 5:1:9 used 0.0 Joules by being active during the execution of the simulation
processor 5:1:10 used 0.00024497777777777926 Joules by being active during the execution of the simulation
processor 5:1:11 used 0.0 Joules by being active during the execution of the simulation
processor 5:1:12 used 0.0 Joules by being active during the execution of the simulation
processor 5:1:13 used 0.0 Joules by being active during the execution of the simulation
processor 5:1:14 used 0.0 Joules by being active during the execution of the simulation
processor 5:1:15 used 0.0 Joules by being active during the execution of the simulation
processor 5:1:16 used 0.0 Joules by being active during the execution of the simulation
processor 5:1:17 used 0.0 Joules by being active during the execution of the simulation
The chip at 5,1 used 0.36000000000000004 Joules by being idle during the execution of the simulation

processor 5:2:0 used 0.035555555555555465 Joules by being active during the execution of the simulation
processor 5:2:1 (running ChipPowerMonitor on 5, 2) used 0.0 Joules by being active during the execution of the simulation
processor 5:2:2 used 0.0 Joules by being active during the execution of the simulation
processor 5:2:3 used 0.0 Joules by being active during the execution of the simulation
processor 5:2:4 used 0.0 Joules by being active during the execution of the simulation
processor 5:2:5 used 0.0 Joules by being active during the execution of the simulation
processor 5:2:6 used 0.0 Joules by being active during the execution of the simulation
processor 5:2:7 used 0.0 Joules by being active during the execution of the simulation
processor 5:2:8 used 0.0 Joules by being active during the execution of the simulation
processor 5:2:9 used 0.0 Joules by being active during the execution of the simulation
processor 5:2:10 used 0.0 Joules by being active during the execution of the simulation
processor 5:2:11 used 0.0002474666666666681 Joules by being active during the execution of the simulation
processor 5:2:12 used 0.0 Joules by being active during the execution of the simulation
processor 5:2:13 used 0.0 Joules by being active during the execution of the simulation
processor 5:2:14 used 0.0 Joules by being active during the execution of the simulation
processor 5:2:15 used 0.0 Joules by being active during the execution of the simulation
processor 5:2:16 used 0.0 Joules by being active during the execution of the simulation
processor 5:2:17 used 0.0 Joules by being active during the execution of the simulation
The chip at 5,2 used 0.36000000000000004 Joules by being idle during the execution of the simulation

processor 5:3:0 used 0.035555555555555465 Joules by being active during the execution of the simulation
processor 5:3:1 (running ChipPowerMonitor on 5, 3) used 0.0 Joules by being active during the execution of the simulation
processor 5:3:2 used 0.0 Joules by being active during the execution of the simulation
processor 5:3:3 used 0.0 Joules by being active during the execution of the simulation
processor 5:3:4 used 0.0 Joules by being active during the execution of the simulation
processor 5:3:5 used 0.0 Joules by being active during the execution of the simulation
processor 5:3:6 used 0.0 Joules by being active during the execution of the simulation
processor 5:3:7 used 0.0 Joules by being active during the execution of the simulation
processor 5:3:8 used 0.0 Joules by being active during the execution of the simulation
processor 5:3:9 used 0.0 Joules by being active during the execution of the simulation
processor 5:3:10 used 0.00024391111111111258 Joules by being active during the execution of the simulation
processor 5:3:11 used 0.0 Joules by being active during the execution of the simulation
processor 5:3:12 used 0.0 Joules by being active during the execution of the simulation
processor 5:3:13 used 0.0 Joules by being active during the execution of the simulation
processor 5:3:14 used 0.0 Joules by being active during the execution of the simulation
processor 5:3:15 used 0.0 Joules by being active during the execution of the simulation
processor 5:3:16 used 0.0 Joules by being active during the execution of the simulation
processor 5:3:17 used 0.0 Joules by being active during the execution of the simulation
The chip at 5,3 used 0.36000000000000004 Joules by being idle during the execution of the simulation

processor 5:4:0 used 0.035555555555555465 Joules by being active during the execution of the simulation
processor 5:4:1 (running ChipPowerMonitor on 5, 4) used 0.0 Joules by being active during the execution of the simulation
processor 5:4:2 used 0.0 Joules by being active during the execution of the simulation
processor 5:4:3 used 0.0 Joules by being active during the execution of the simulation
processor 5:4:4 used 0.0 Joules by being active during the execution of the simulation
processor 5:4:5 used 0.0 Joules by being active during the execution of the simulation
processor 5:4:6 used 0.0 Joules by being active during the execution of the simulation
processor 5:4:7 used 0.0 Joules by being active during the execution of the simulation
processor 5:4:8 used 0.0 Joules by being active during the execution of the simulation
processor 5:4:9 used 0.0 Joules by being active during the execution of the simulation
processor 5:4:10 used 0.0002456888888888904 Joules by being active during the execution of the simulation
processor 5:4:11 used 0.0 Joules by being active during the execution of the simulation
processor 5:4:12 used 0.0 Joules by being active during the execution of the simulation
processor 5:4:13 used 0.0 Joules by being active during the execution of the simulation
processor 5:4:14 used 0.0 Joules by being active during the execution of the simulation
processor 5:4:15 used 0.0 Joules by being active during the execution of the simulation
processor 5:4:16 used 0.0 Joules by being active during the execution of the simulation
processor 5:4:17 used 0.0 Joules by being active during the execution of the simulation
The chip at 5,4 used 0.36000000000000004 Joules by being idle during the execution of the simulation

processor 5:5:0 used 0.035555555555555465 Joules by being active during the execution of the simulation
processor 5:5:1 (running ChipPowerMonitor on 5, 5) used 0.0 Joules by being active during the execution of the simulation
processor 5:5:2 used 0.0 Joules by being active during the execution of the simulation
processor 5:5:3 used 0.0 Joules by being active during the execution of the simulation
processor 5:5:4 used 0.0 Joules by being active during the execution of the simulation
processor 5:5:5 used 0.0 Joules by being active during the execution of the simulation
processor 5:5:6 used 0.0 Joules by being active during the execution of the simulation
processor 5:5:7 used 0.0 Joules by being active during the execution of the simulation
processor 5:5:8 used 0.0 Joules by being active during the execution of the simulation
processor 5:5:9 used 0.0 Joules by being active during the execution of the simulation
processor 5:5:10 used 0.0002453333333333348 Joules by being active during the execution of the simulation
processor 5:5:11 used 0.0 Joules by being active during the execution of the simulation
processor 5:5:12 used 0.0 Joules by being active during the execution of the simulation
processor 5:5:13 used 0.0 Joules by being active during the execution of the simulation
processor 5:5:14 used 0.0 Joules by being active during the execution of the simulation
processor 5:5:15 used 0.0 Joules by being active during the execution of the simulation
processor 5:5:16 used 0.0 Joules by being active during the execution of the simulation
processor 5:5:17 used 0.0 Joules by being active during the execution of the simulation
The chip at 5,5 used 0.36000000000000004 Joules by being idle during the execution of the simulation

processor 5:6:0 used 0.035555555555555465 Joules by being active during the execution of the simulation
processor 5:6:1 (running ChipPowerMonitor on 5, 6) used 0.0 Joules by being active during the execution of the simulation
processor 5:6:2 used 0.0 Joules by being active during the execution of the simulation
processor 5:6:3 used 0.0 Joules by being active during the execution of the simulation
processor 5:6:4 used 0.0 Joules by being active during the execution of the simulation
processor 5:6:5 used 0.0 Joules by being active during the execution of the simulation
processor 5:6:6 used 0.0 Joules by being active during the execution of the simulation
processor 5:6:7 used 0.0 Joules by being active during the execution of the simulation
processor 5:6:8 used 0.0 Joules by being active during the execution of the simulation
processor 5:6:9 used 0.0 Joules by being active during the execution of the simulation
processor 5:6:10 used 0.0 Joules by being active during the execution of the simulation
processor 5:6:11 used 0.0 Joules by being active during the execution of the simulation
processor 5:6:12 used 0.0 Joules by being active during the execution of the simulation
processor 5:6:13 used 0.0 Joules by being active during the execution of the simulation
processor 5:6:14 used 0.0 Joules by being active during the execution of the simulation
processor 5:6:15 used 0.00024604444444444593 Joules by being active during the execution of the simulation
processor 5:6:16 used 0.0 Joules by being active during the execution of the simulation
processor 5:6:17 used 0.0 Joules by being active during the execution of the simulation
The chip at 5,6 used 0.36000000000000004 Joules by being idle during the execution of the simulation

processor 5:7:0 used 0.035555555555555465 Joules by being active during the execution of the simulation
processor 5:7:1 (running ChipPowerMonitor on 5, 7) used 0.0 Joules by being active during the execution of the simulation
processor 5:7:2 used 0.0 Joules by being active during the execution of the simulation
processor 5:7:3 used 0.0 Joules by being active during the execution of the simulation
processor 5:7:4 used 0.0 Joules by being active during the execution of the simulation
processor 5:7:5 used 0.0 Joules by being active during the execution of the simulation
processor 5:7:6 used 0.0 Joules by being active during the execution of the simulation
processor 5:7:7 used 0.0 Joules by being active during the execution of the simulation
processor 5:7:8 used 0.0 Joules by being active during the execution of the simulation
processor 5:7:9 used 0.0 Joules by being active during the execution of the simulation
processor 5:7:10 used 0.0002464000000000015 Joules by being active during the execution of the simulation
processor 5:7:11 used 0.0 Joules by being active during the execution of the simulation
processor 5:7:12 used 0.0 Joules by being active during the execution of the simulation
processor 5:7:13 used 0.0 Joules by being active during the execution of the simulation
processor 5:7:14 used 0.0 Joules by being active during the execution of the simulation
processor 5:7:15 used 0.0 Joules by being active during the execution of the simulation
processor 5:7:16 used 0.0 Joules by being active during the execution of the simulation
processor 5:7:17 used 0.0 Joules by being active during the execution of the simulation
The chip at 5,7 used 0.36000000000000004 Joules by being idle during the execution of the simulation

processor 6:2:0 used 0.035555555555555465 Joules by being active during the execution of the simulation
processor 6:2:1 (running ChipPowerMonitor on 6, 2) used 0.0 Joules by being active during the execution of the simulation
processor 6:2:2 used 0.0 Joules by being active during the execution of the simulation
processor 6:2:3 used 0.0 Joules by being active during the execution of the simulation
processor 6:2:4 used 0.0 Joules by being active during the execution of the simulation
processor 6:2:5 used 0.0 Joules by being active during the execution of the simulation
processor 6:2:6 used 0.0 Joules by being active during the execution of the simulation
processor 6:2:7 used 0.0 Joules by being active during the execution of the simulation
processor 6:2:8 used 0.0 Joules by being active during the execution of the simulation
processor 6:2:9 used 0.0 Joules by being active during the execution of the simulation
processor 6:2:10 used 0.00024142222222222368 Joules by being active during the execution of the simulation
processor 6:2:11 used 0.0 Joules by being active during the execution of the simulation
processor 6:2:12 used 0.0 Joules by being active during the execution of the simulation
processor 6:2:13 used 0.0 Joules by being active during the execution of the simulation
processor 6:2:14 used 0.0 Joules by being active during the execution of the simulation
processor 6:2:15 used 0.0 Joules by being active during the execution of the simulation
processor 6:2:16 used 0.0 Joules by being active during the execution of the simulation
processor 6:2:17 used 0.0 Joules by being active during the execution of the simulation
The chip at 6,2 used 0.36000000000000004 Joules by being idle during the execution of the simulation

processor 6:3:0 used 0.035555555555555465 Joules by being active during the execution of the simulation
processor 6:3:1 (running ChipPowerMonitor on 6, 3) used 0.0 Joules by being active during the execution of the simulation
processor 6:3:2 used 0.0 Joules by being active during the execution of the simulation
processor 6:3:3 used 0.0 Joules by being active during the execution of the simulation
processor 6:3:4 used 0.0 Joules by being active during the execution of the simulation
processor 6:3:5 used 0.0 Joules by being active during the execution of the simulation
processor 6:3:6 used 0.0 Joules by being active during the execution of the simulation
processor 6:3:7 used 0.0 Joules by being active during the execution of the simulation
processor 6:3:8 used 0.0 Joules by being active during the execution of the simulation
processor 6:3:9 used 0.0 Joules by being active during the execution of the simulation
processor 6:3:10 used 0.00024320000000000147 Joules by being active during the execution of the simulation
processor 6:3:11 used 0.0 Joules by being active during the execution of the simulation
processor 6:3:12 used 0.0 Joules by being active during the execution of the simulation
processor 6:3:13 used 0.0 Joules by being active during the execution of the simulation
processor 6:3:14 used 0.0 Joules by being active during the execution of the simulation
processor 6:3:15 used 0.0 Joules by being active during the execution of the simulation
processor 6:3:16 used 0.0 Joules by being active during the execution of the simulation
processor 6:3:17 used 0.0 Joules by being active during the execution of the simulation
The chip at 6,3 used 0.36000000000000004 Joules by being idle during the execution of the simulation

processor 6:4:0 used 0.035555555555555465 Joules by being active during the execution of the simulation
processor 6:4:1 (running ChipPowerMonitor on 6, 4) used 3.5555555555555553e-07 Joules by being active during the execution of the simulation
processor 6:4:2 used 0.0 Joules by being active during the execution of the simulation
processor 6:4:3 used 0.0 Joules by being active during the execution of the simulation
processor 6:4:4 used 0.0 Joules by being active during the execution of the simulation
processor 6:4:5 used 0.0 Joules by being active during the execution of the simulation
processor 6:4:6 used 0.0 Joules by being active during the execution of the simulation
processor 6:4:7 used 0.0 Joules by being active during the execution of the simulation
processor 6:4:8 used 0.0 Joules by being active during the execution of the simulation
processor 6:4:9 used 0.0 Joules by being active during the execution of the simulation
processor 6:4:10 used 0.00024711111111111255 Joules by being active during the execution of the simulation
processor 6:4:11 used 0.0 Joules by being active during the execution of the simulation
processor 6:4:12 used 0.0 Joules by being active during the execution of the simulation
processor 6:4:13 used 0.0 Joules by being active during the execution of the simulation
processor 6:4:14 used 0.0 Joules by being active during the execution of the simulation
processor 6:4:15 used 0.0 Joules by being active during the execution of the simulation
processor 6:4:16 used 0.0 Joules by being active during the execution of the simulation
processor 6:4:17 used 0.0 Joules by being active during the execution of the simulation
The chip at 6,4 used 0.36000000000000004 Joules by being idle during the execution of the simulation

processor 6:5:0 used 0.035555555555555465 Joules by being active during the execution of the simulation
processor 6:5:1 (running ChipPowerMonitor on 6, 5) used 0.0 Joules by being active during the execution of the simulation
processor 6:5:2 used 0.0 Joules by being active during the execution of the simulation
processor 6:5:3 used 0.0 Joules by being active during the execution of the simulation
processor 6:5:4 used 0.0 Joules by being active during the execution of the simulation
processor 6:5:5 used 0.0 Joules by being active during the execution of the simulation
processor 6:5:6 used 0.0 Joules by being active during the execution of the simulation
processor 6:5:7 used 0.0 Joules by being active during the execution of the simulation
processor 6:5:8 used 0.0 Joules by being active during the execution of the simulation
processor 6:5:9 used 0.0 Joules by being active during the execution of the simulation
processor 6:5:10 used 0.0002496000000000015 Joules by being active during the execution of the simulation
processor 6:5:11 used 0.0 Joules by being active during the execution of the simulation
processor 6:5:12 used 0.0 Joules by being active during the execution of the simulation
processor 6:5:13 used 0.0 Joules by being active during the execution of the simulation
processor 6:5:14 used 0.0 Joules by being active during the execution of the simulation
processor 6:5:15 used 0.0 Joules by being active during the execution of the simulation
processor 6:5:16 used 0.0 Joules by being active during the execution of the simulation
processor 6:5:17 used 0.0 Joules by being active during the execution of the simulation
The chip at 6,5 used 0.36000000000000004 Joules by being idle during the execution of the simulation

processor 6:6:0 used 0.035555555555555465 Joules by being active during the execution of the simulation
processor 6:6:1 (running ChipPowerMonitor on 6, 6) used 0.0 Joules by being active during the execution of the simulation
processor 6:6:2 used 0.0 Joules by being active during the execution of the simulation
processor 6:6:3 used 0.0 Joules by being active during the execution of the simulation
processor 6:6:4 used 0.0 Joules by being active during the execution of the simulation
processor 6:6:5 used 0.0 Joules by being active during the execution of the simulation
processor 6:6:6 used 0.0 Joules by being active during the execution of the simulation
processor 6:6:7 used 0.0 Joules by being active during the execution of the simulation
processor 6:6:8 used 0.0 Joules by being active during the execution of the simulation
processor 6:6:9 used 0.0 Joules by being active during the execution of the simulation
processor 6:6:10 used 0.00024675555555555705 Joules by being active during the execution of the simulation
processor 6:6:11 used 0.0 Joules by being active during the execution of the simulation
processor 6:6:12 used 0.0 Joules by being active during the execution of the simulation
processor 6:6:13 used 0.0 Joules by being active during the execution of the simulation
processor 6:6:14 used 0.0 Joules by being active during the execution of the simulation
processor 6:6:15 used 0.0 Joules by being active during the execution of the simulation
processor 6:6:16 used 0.0 Joules by being active during the execution of the simulation
processor 6:6:17 used 0.0 Joules by being active during the execution of the simulation
The chip at 6,6 used 0.36000000000000004 Joules by being idle during the execution of the simulation

processor 6:7:0 used 0.035555555555555465 Joules by being active during the execution of the simulation
processor 6:7:1 (running ChipPowerMonitor on 6, 7) used 0.0 Joules by being active during the execution of the simulation
processor 6:7:2 used 0.0 Joules by being active during the execution of the simulation
processor 6:7:3 used 0.0 Joules by being active during the execution of the simulation
processor 6:7:4 used 0.0 Joules by being active during the execution of the simulation
processor 6:7:5 used 0.0 Joules by being active during the execution of the simulation
processor 6:7:6 used 0.0 Joules by being active during the execution of the simulation
processor 6:7:7 used 0.0 Joules by being active during the execution of the simulation
processor 6:7:8 used 0.0 Joules by being active during the execution of the simulation
processor 6:7:9 used 0.0 Joules by being active during the execution of the simulation
processor 6:7:10 used 0.0002446222222222237 Joules by being active during the execution of the simulation
processor 6:7:11 used 0.0 Joules by being active during the execution of the simulation
processor 6:7:12 used 0.0 Joules by being active during the execution of the simulation
processor 6:7:13 used 0.0 Joules by being active during the execution of the simulation
processor 6:7:14 used 0.0 Joules by being active during the execution of the simulation
processor 6:7:15 used 0.0 Joules by being active during the execution of the simulation
processor 6:7:16 used 0.0 Joules by being active during the execution of the simulation
processor 6:7:17 used 0.0 Joules by being active during the execution of the simulation
The chip at 6,7 used 0.36000000000000004 Joules by being idle during the execution of the simulation

processor 7:3:0 used 0.035555555555555465 Joules by being active during the execution of the simulation
processor 7:3:1 (running ChipPowerMonitor on 7, 3) used 0.0 Joules by being active during the execution of the simulation
processor 7:3:2 used 0.0 Joules by being active during the execution of the simulation
processor 7:3:3 used 0.0 Joules by being active during the execution of the simulation
processor 7:3:4 used 0.0 Joules by being active during the execution of the simulation
processor 7:3:5 used 0.0 Joules by being active during the execution of the simulation
processor 7:3:6 used 0.0 Joules by being active during the execution of the simulation
processor 7:3:7 used 0.0 Joules by being active during the execution of the simulation
processor 7:3:8 used 0.0 Joules by being active during the execution of the simulation
processor 7:3:9 used 0.0 Joules by being active during the execution of the simulation
processor 7:3:10 used 0.0002471111111111126 Joules by being active during the execution of the simulation
processor 7:3:11 used 0.0 Joules by being active during the execution of the simulation
processor 7:3:12 used 0.0 Joules by being active during the execution of the simulation
processor 7:3:13 used 0.0 Joules by being active during the execution of the simulation
processor 7:3:14 used 0.0 Joules by being active during the execution of the simulation
processor 7:3:15 used 0.0 Joules by being active during the execution of the simulation
processor 7:3:16 used 0.0 Joules by being active during the execution of the simulation
processor 7:3:17 used 0.0 Joules by being active during the execution of the simulation
The chip at 7,3 used 0.36000000000000004 Joules by being idle during the execution of the simulation

processor 7:4:0 used 0.035555555555555465 Joules by being active during the execution of the simulation
processor 7:4:1 (running ChipPowerMonitor on 7, 4) used 0.0 Joules by being active during the execution of the simulation
processor 7:4:2 used 0.0 Joules by being active during the execution of the simulation
processor 7:4:3 used 0.0 Joules by being active during the execution of the simulation
processor 7:4:4 used 0.0 Joules by being active during the execution of the simulation
processor 7:4:5 used 0.0 Joules by being active during the execution of the simulation
processor 7:4:6 used 0.0 Joules by being active during the execution of the simulation
processor 7:4:7 used 0.0 Joules by being active during the execution of the simulation
processor 7:4:8 used 0.0 Joules by being active during the execution of the simulation
processor 7:4:9 used 0.0 Joules by being active during the execution of the simulation
processor 7:4:10 used 0.00024497777777777926 Joules by being active during the execution of the simulation
processor 7:4:11 used 0.0 Joules by being active during the execution of the simulation
processor 7:4:12 used 0.0 Joules by being active during the execution of the simulation
processor 7:4:13 used 0.0 Joules by being active during the execution of the simulation
processor 7:4:14 used 0.0 Joules by being active during the execution of the simulation
processor 7:4:15 used 0.0 Joules by being active during the execution of the simulation
processor 7:4:16 used 0.0 Joules by being active during the execution of the simulation
processor 7:4:17 used 0.0 Joules by being active during the execution of the simulation
The chip at 7,4 used 0.36000000000000004 Joules by being idle during the execution of the simulation

processor 7:5:0 used 0.035555555555555465 Joules by being active during the execution of the simulation
processor 7:5:1 (running ChipPowerMonitor on 7, 5) used 0.0 Joules by being active during the execution of the simulation
processor 7:5:2 used 0.0 Joules by being active during the execution of the simulation
processor 7:5:3 used 0.0 Joules by being active during the execution of the simulation
processor 7:5:4 used 0.0 Joules by being active during the execution of the simulation
processor 7:5:5 used 0.0 Joules by being active during the execution of the simulation
processor 7:5:6 used 0.0 Joules by being active during the execution of the simulation
processor 7:5:7 used 0.0 Joules by being active during the execution of the simulation
processor 7:5:8 used 0.0 Joules by being active during the execution of the simulation
processor 7:5:9 used 0.0 Joules by being active during the execution of the simulation
processor 7:5:10 used 0.00024248888888889035 Joules by being active during the execution of the simulation
processor 7:5:11 used 0.0 Joules by being active during the execution of the simulation
processor 7:5:12 used 0.0 Joules by being active during the execution of the simulation
processor 7:5:13 used 0.0 Joules by being active during the execution of the simulation
processor 7:5:14 used 0.0 Joules by being active during the execution of the simulation
processor 7:5:15 used 0.0 Joules by being active during the execution of the simulation
processor 7:5:16 used 0.0 Joules by being active during the execution of the simulation
processor 7:5:17 used 0.0 Joules by being active during the execution of the simulation
The chip at 7,5 used 0.36000000000000004 Joules by being idle during the execution of the simulation

processor 7:6:0 used 0.035555555555555465 Joules by being active during the execution of the simulation
processor 7:6:1 (running ChipPowerMonitor on 7, 6) used 0.0 Joules by being active during the execution of the simulation
processor 7:6:2 used 0.0 Joules by being active during the execution of the simulation
processor 7:6:3 used 0.0 Joules by being active during the execution of the simulation
processor 7:6:4 used 0.0 Joules by being active during the execution of the simulation
processor 7:6:5 used 0.0 Joules by being active during the execution of the simulation
processor 7:6:6 used 0.0 Joules by being active during the execution of the simulation
processor 7:6:7 used 0.0 Joules by being active during the execution of the simulation
processor 7:6:8 used 0.0 Joules by being active during the execution of the simulation
processor 7:6:9 used 0.0 Joules by being active during the execution of the simulation
processor 7:6:10 used 0.00024426666666666814 Joules by being active during the execution of the simulation
processor 7:6:11 used 0.0 Joules by being active during the execution of the simulation
processor 7:6:12 used 0.0 Joules by being active during the execution of the simulation
processor 7:6:13 used 0.0 Joules by being active during the execution of the simulation
processor 7:6:14 used 0.0 Joules by being active during the execution of the simulation
processor 7:6:15 used 0.0 Joules by being active during the execution of the simulation
processor 7:6:16 used 0.0 Joules by being active during the execution of the simulation
processor 7:6:17 used 0.0 Joules by being active during the execution of the simulation
The chip at 7,6 used 0.36000000000000004 Joules by being idle during the execution of the simulation

processor 7:7:0 used 0.035555555555555465 Joules by being active during the execution of the simulation
processor 7:7:1 (running ChipPowerMonitor on 7, 7) used 0.0 Joules by being active during the execution of the simulation
processor 7:7:2 used 0.0 Joules by being active during the execution of the simulation
processor 7:7:3 used 0.0 Joules by being active during the execution of the simulation
processor 7:7:4 used 0.0 Joules by being active during the execution of the simulation
processor 7:7:5 used 0.0 Joules by being active during the execution of the simulation
processor 7:7:6 used 0.0 Joules by being active during the execution of the simulation
processor 7:7:7 used 0.0 Joules by being active during the execution of the simulation
processor 7:7:8 used 0.0 Joules by being active during the execution of the simulation
processor 7:7:9 used 0.0 Joules by being active during the execution of the simulation
processor 7:7:10 used 0.00024782222222222367 Joules by being active during the execution of the simulation
processor 7:7:11 used 0.0 Joules by being active during the execution of the simulation
processor 7:7:12 used 0.0 Joules by being active during the execution of the simulation
processor 7:7:13 used 0.0 Joules by being active during the execution of the simulation
processor 7:7:14 used 0.0 Joules by being active during the execution of the simulation
processor 7:7:15 used 0.0 Joules by being active during the execution of the simulation
processor 7:7:16 used 0.0 Joules by being active during the execution of the simulation
processor 7:7:17 used 0.0 Joules by being active during the execution of the simulation
The chip at 7,7 used 0.36000000000000004 Joules by being idle during the execution of the simulation
