This report is based off energy estimates for individual components of the SpiNNaker machine. It is not meant to be completely accurate. But does use provenance data gathered from the machine to estimate the energy usage and therefore should be in the right ballpark.


The energy components we use are as follows:

The energy usage for a chip when all cores are 100% active for a millisecond is 0.0006399999999999999 Joules.
The energy usage for a chip when all cores are not active for a millisecond is 0.00036 Joules.
The energy used by the machine for firing a packet is 8e-10 Joules.
The energy used by each active FPGA per millisecond is 0.000584635 Joules.


The packet cost is 0.04034673439999997 Joules
0 FPGAs on the Spalloc-ed boards are turned on and therefore the energy used by the FPGA during the entire time the machine was booted (which was 162711.37499999997 ms) is 0.0 Joules. The usage during execution was 0.0 Joules.The amount of time used during the loading process is 25543.821000000004 milliseconds.
Assumed only 2 monitor cores is executing that this point. We also assume that there is a baseline active router/cooling component that is using 3947.211601373458 Joules. Overall the energy usage is 4359.753670986792 Joules.
The amount of time used during the data extraction process is 6026.110000000001 milliseconds.
Assumed only 2 monitor cores is executing at this point. We also assume that there is a baseline active router/cooling component that is using 929.0065584993802 Joules. Hence the overall energy usage is 6372.903607027074 Joules.

processor 0:0:0 used 0.17777777777778633 Joules by being active during the execution of the simulation
processor 0:0:1 (running ChipPowerMonitor on 0, 0) used 0.0 Joules by being active during the execution of the simulation
processor 0:0:2 used 0.00127893333333331 Joules by being active during the execution of the simulation
processor 0:0:3 used 0.0 Joules by being active during the execution of the simulation
processor 0:0:4 used 0.007582933333333273 Joules by being active during the execution of the simulation
processor 0:0:5 used 0.007579733333333256 Joules by being active during the execution of the simulation
processor 0:0:6 used 0.007611377777777711 Joules by being active during the execution of the simulation
processor 0:0:7 used 0.007680355555555484 Joules by being active during the execution of the simulation
processor 0:0:8 used 0.00752711111111104 Joules by being active during the execution of the simulation
processor 0:0:9 used 0.007671466666666598 Joules by being active during the execution of the simulation
processor 0:0:10 used 0.007566933333333266 Joules by being active during the execution of the simulation
processor 0:0:11 used 0.007683555555555507 Joules by being active during the execution of the simulation
processor 0:0:12 used 0.007546666666666604 Joules by being active during the execution of the simulation
processor 0:0:13 used 0.0075263999999999305 Joules by being active during the execution of the simulation
processor 0:0:14 used 0.007626311111111055 Joules by being active during the execution of the simulation
processor 0:0:15 used 0.007591111111111055 Joules by being active during the execution of the simulation
processor 0:0:16 used 0.00766399999999994 Joules by being active during the execution of the simulation
processor 0:0:17 used 0.007590399999999925 Joules by being active during the execution of the simulation
The chip at 0,0 used 1.8 Joules by being idle during the execution of the simulation

processor 0:1:0 used 0.17777777777778633 Joules by being active during the execution of the simulation
processor 0:1:1 (running ChipPowerMonitor on 0, 1) used 0.0 Joules by being active during the execution of the simulation
processor 0:1:2 used 0.007546666666666601 Joules by being active during the execution of the simulation
processor 0:1:3 used 0.007591466666666602 Joules by being active during the execution of the simulation
processor 0:1:4 used 0.007629511111111041 Joules by being active during the execution of the simulation
processor 0:1:5 used 0.00758648888888882 Joules by being active during the execution of the simulation
processor 0:1:6 used 0.007595733333333284 Joules by being active during the execution of the simulation
processor 0:1:7 used 0.007435377777777705 Joules by being active during the execution of the simulation
processor 0:1:8 used 0.00755733333333327 Joules by being active during the execution of the simulation
processor 0:1:9 used 0.0075850666666666035 Joules by being active during the execution of the simulation
processor 0:1:10 used 0.001259022222222198 Joules by being active during the execution of the simulation
processor 0:1:11 used 0.007490133333333262 Joules by being active during the execution of the simulation
processor 0:1:12 used 0.007579022222222151 Joules by being active during the execution of the simulation
processor 0:1:13 used 0.007518222222222165 Joules by being active during the execution of the simulation
processor 0:1:14 used 0.00756693333333326 Joules by being active during the execution of the simulation
processor 0:1:15 used 0.007575466666666612 Joules by being active during the execution of the simulation
processor 0:1:16 used 0.00760355555555548 Joules by being active during the execution of the simulation
processor 0:1:17 used 0.007489066666666612 Joules by being active during the execution of the simulation
The chip at 0,1 used 1.8 Joules by being idle during the execution of the simulation

processor 0:2:0 used 0.17777777777778633 Joules by being active during the execution of the simulation
processor 0:2:1 (running ChipPowerMonitor on 0, 2) used 0.0 Joules by being active during the execution of the simulation
processor 0:2:2 used 0.0075153777777777105 Joules by being active during the execution of the simulation
processor 0:2:3 used 0.007507911111111055 Joules by being active during the execution of the simulation
processor 0:2:4 used 0.0075580444444443805 Joules by being active during the execution of the simulation
processor 0:2:5 used 0.0075683555555554755 Joules by being active during the execution of the simulation
processor 0:2:6 used 0.007524266666666589 Joules by being active during the execution of the simulation
processor 0:2:7 used 0.007561955555555489 Joules by being active during the execution of the simulation
processor 0:2:8 used 0.007601066666666591 Joules by being active during the execution of the simulation
processor 0:2:9 used 0.007463822222222159 Joules by being active during the execution of the simulation
processor 0:2:10 used 0.0012707555555555323 Joules by being active during the execution of the simulation
processor 0:2:11 used 0.007524266666666598 Joules by being active during the execution of the simulation
processor 0:2:12 used 0.007639111111111046 Joules by being active during the execution of the simulation
processor 0:2:13 used 0.0074719999999999336 Joules by being active during the execution of the simulation
processor 0:2:14 used 0.00759111111111104 Joules by being active during the execution of the simulation
processor 0:2:15 used 0.007470933333333257 Joules by being active during the execution of the simulation
processor 0:2:16 used 0.0075601777777777185 Joules by being active during the execution of the simulation
processor 0:2:17 used 0.007564444444444387 Joules by being active during the execution of the simulation
The chip at 0,2 used 1.8 Joules by being idle during the execution of the simulation

processor 0:3:0 used 0.17777777777778633 Joules by being active during the execution of the simulation
processor 0:3:1 (running ChipPowerMonitor on 0, 3) used 0.07111111111110803 Joules by being active during the execution of the simulation
processor 0:3:2 used 0.0 Joules by being active during the execution of the simulation
processor 0:3:3 used 0.0 Joules by being active during the execution of the simulation
processor 0:3:4 used 0.0 Joules by being active during the execution of the simulation
processor 0:3:5 used 0.0 Joules by being active during the execution of the simulation
processor 0:3:6 used 0.0 Joules by being active during the execution of the simulation
processor 0:3:7 used 0.0 Joules by being active during the execution of the simulation
processor 0:3:8 used 0.0 Joules by being active during the execution of the simulation
processor 0:3:9 used 0.0 Joules by being active during the execution of the simulation
processor 0:3:10 used 0.0012295111111110845 Joules by being active during the execution of the simulation
processor 0:3:11 used 0.0 Joules by being active during the execution of the simulation
processor 0:3:12 used 0.0 Joules by being active during the execution of the simulation
processor 0:3:13 used 0.0 Joules by being active during the execution of the simulation
processor 0:3:14 used 0.0 Joules by being active during the execution of the simulation
processor 0:3:15 used 0.0 Joules by being active during the execution of the simulation
processor 0:3:16 used 0.0 Joules by being active during the execution of the simulation
processor 0:3:17 used 0.0 Joules by being active during the execution of the simulation
The chip at 0,3 used 1.8 Joules by being idle during the execution of the simulation

processor 1:0:0 used 0.17777777777778633 Joules by being active during the execution of the simulation
processor 1:0:1 (running ChipPowerMonitor on 1, 0) used 0.0 Joules by being active during the execution of the simulation
processor 1:0:2 used 0.007535999999999941 Joules by being active during the execution of the simulation
processor 1:0:3 used 0.007551288888888825 Joules by being active during the execution of the simulation
processor 1:0:4 used 0.007560888888888829 Joules by being active during the execution of the simulation
processor 1:0:5 used 0.007555911111111044 Joules by being active during the execution of the simulation
processor 1:0:6 used 0.007597155555555474 Joules by being active during the execution of the simulation
processor 1:0:7 used 0.007561955555555492 Joules by being active during the execution of the simulation
processor 1:0:8 used 0.007609244444444389 Joules by being active during the execution of the simulation
processor 1:0:9 used 0.007559466666666603 Joules by being active during the execution of the simulation
processor 1:0:10 used 0.0012650666666666412 Joules by being active during the execution of the simulation
processor 1:0:11 used 0.007533155555555497 Joules by being active during the execution of the simulation
processor 1:0:12 used 0.007593599999999931 Joules by being active during the execution of the simulation
processor 1:0:13 used 0.007579377777777708 Joules by being active during the execution of the simulation
processor 1:0:14 used 0.007529955555555484 Joules by being active during the execution of the simulation
processor 1:0:15 used 0.007599288888888827 Joules by being active during the execution of the simulation
processor 1:0:16 used 0.007558044444444375 Joules by being active during the execution of the simulation
processor 1:0:17 used 0.007581511111111053 Joules by being active during the execution of the simulation
The chip at 1,0 used 1.8 Joules by being idle during the execution of the simulation

processor 1:1:0 used 0.17777777777778633 Joules by being active during the execution of the simulation
processor 1:1:1 (running ChipPowerMonitor on 1, 1) used 0.0 Joules by being active during the execution of the simulation
processor 1:1:2 used 0.07110968888888582 Joules by being active during the execution of the simulation
processor 1:1:3 used 0.0075790222222221655 Joules by being active during the execution of the simulation
processor 1:1:4 used 0.007550933333333273 Joules by being active during the execution of the simulation
processor 1:1:5 used 0.007568355555555483 Joules by being active during the execution of the simulation
processor 1:1:6 used 0.007582577777777718 Joules by being active during the execution of the simulation
processor 1:1:7 used 0.00758613333333327 Joules by being active during the execution of the simulation
processor 1:1:8 used 0.007542399999999939 Joules by being active during the execution of the simulation
processor 1:1:9 used 0.007576533333333256 Joules by being active during the execution of the simulation
processor 1:1:10 used 0.007545244444444384 Joules by being active during the execution of the simulation
processor 1:1:11 used 0.007612088888888826 Joules by being active during the execution of the simulation
processor 1:1:12 used 0.007563022222222172 Joules by being active during the execution of the simulation
processor 1:1:13 used 0.007521066666666593 Joules by being active during the execution of the simulation
processor 1:1:14 used 0.0076142222222221724 Joules by being active during the execution of the simulation
processor 1:1:15 used 0.001265066666666644 Joules by being active during the execution of the simulation
processor 1:1:16 used 0.0075889777777777305 Joules by being active during the execution of the simulation
processor 1:1:17 used 0.0076490666666665956 Joules by being active during the execution of the simulation
The chip at 1,1 used 1.8 Joules by being idle during the execution of the simulation

processor 1:2:0 used 0.17777777777778633 Joules by being active during the execution of the simulation
processor 1:2:1 (running ChipPowerMonitor on 1, 2) used 0.0 Joules by being active during the execution of the simulation
processor 1:2:2 used 0.007546311111111062 Joules by being active during the execution of the simulation
processor 1:2:3 used 0.007557333333333294 Joules by being active during the execution of the simulation
processor 1:2:4 used 0.007532444444444389 Joules by being active during the execution of the simulation
processor 1:2:5 used 0.007471288888888831 Joules by being active during the execution of the simulation
processor 1:2:6 used 0.007517511111111049 Joules by being active during the execution of the simulation
processor 1:2:7 used 0.0075100444444443784 Joules by being active during the execution of the simulation
processor 1:2:8 used 0.007516088888888825 Joules by being active during the execution of the simulation
processor 1:2:9 used 0.007528533333333273 Joules by being active during the execution of the simulation
processor 1:2:10 used 0.0012799999999999797 Joules by being active during the execution of the simulation
processor 1:2:11 used 0.007502222222222149 Joules by being active during the execution of the simulation
processor 1:2:12 used 0.007511111111111058 Joules by being active during the execution of the simulation
processor 1:2:13 used 0.0075569777777777115 Joules by being active during the execution of the simulation
processor 1:2:14 used 0.007619555555555491 Joules by being active during the execution of the simulation
processor 1:2:15 used 0.007542399999999932 Joules by being active during the execution of the simulation
processor 1:2:16 used 0.0075537777777777045 Joules by being active during the execution of the simulation
processor 1:2:17 used 0.00750328888888882 Joules by being active during the execution of the simulation
The chip at 1,2 used 1.8 Joules by being idle during the execution of the simulation

processor 1:3:0 used 0.17777777777778633 Joules by being active during the execution of the simulation
processor 1:3:1 (running ChipPowerMonitor on 1, 3) used 0.0 Joules by being active during the execution of the simulation
processor 1:3:2 used 0.007534933333333277 Joules by being active during the execution of the simulation
processor 1:3:3 used 0.007679999999999951 Joules by being active during the execution of the simulation
processor 1:3:4 used 0.007528888888888838 Joules by being active during the execution of the simulation
processor 1:3:5 used 0.0075957333333332945 Joules by being active during the execution of the simulation
processor 1:3:6 used 0.0012476444444444188 Joules by being active during the execution of the simulation
processor 1:3:7 used 0.0076103111111110585 Joules by being active during the execution of the simulation
processor 1:3:8 used 0.0076511999999999665 Joules by being active during the execution of the simulation
processor 1:3:9 used 0.007578666666666621 Joules by being active during the execution of the simulation
processor 1:3:10 used 0.0 Joules by being active during the execution of the simulation
processor 1:3:11 used 0.0075487999999999285 Joules by being active during the execution of the simulation
processor 1:3:12 used 0.007663644444444393 Joules by being active during the execution of the simulation
processor 1:3:13 used 0.007516444444444401 Joules by being active during the execution of the simulation
processor 1:3:14 used 0.0 Joules by being active during the execution of the simulation
processor 1:3:15 used 0.00753671111111106 Joules by being active during the execution of the simulation
processor 1:3:16 used 0.007501155555555514 Joules by being active during the execution of the simulation
processor 1:3:17 used 0.007541688888888839 Joules by being active during the execution of the simulation
The chip at 1,3 used 1.8 Joules by being idle during the execution of the simulation

processor 1:4:0 used 0.17777777777778633 Joules by being active during the execution of the simulation
processor 1:4:1 (running ChipPowerMonitor on 1, 4) used 0.0 Joules by being active during the execution of the simulation
processor 1:4:2 used 0.0 Joules by being active during the execution of the simulation
processor 1:4:3 used 0.0 Joules by being active during the execution of the simulation
processor 1:4:4 used 0.0 Joules by being active during the execution of the simulation
processor 1:4:5 used 0.0 Joules by being active during the execution of the simulation
processor 1:4:6 used 0.0 Joules by being active during the execution of the simulation
processor 1:4:7 used 0.0 Joules by being active during the execution of the simulation
processor 1:4:8 used 0.0 Joules by being active during the execution of the simulation
processor 1:4:9 used 0.0 Joules by being active during the execution of the simulation
processor 1:4:10 used 0.001244088888888863 Joules by being active during the execution of the simulation
processor 1:4:11 used 0.0 Joules by being active during the execution of the simulation
processor 1:4:12 used 0.0 Joules by being active during the execution of the simulation
processor 1:4:13 used 0.0 Joules by being active during the execution of the simulation
processor 1:4:14 used 0.0 Joules by being active during the execution of the simulation
processor 1:4:15 used 0.0 Joules by being active during the execution of the simulation
processor 1:4:16 used 0.0 Joules by being active during the execution of the simulation
processor 1:4:17 used 0.0 Joules by being active during the execution of the simulation
The chip at 1,4 used 1.8 Joules by being idle during the execution of the simulation

processor 2:0:0 used 0.17777777777778633 Joules by being active during the execution of the simulation
processor 2:0:1 (running ChipPowerMonitor on 2, 0) used 0.03555199999999991 Joules by being active during the execution of the simulation
processor 2:0:2 used 0.007534933333333262 Joules by being active during the execution of the simulation
processor 2:0:3 used 0.0075893333333332605 Joules by being active during the execution of the simulation
processor 2:0:4 used 0.007632711111111072 Joules by being active during the execution of the simulation
processor 2:0:5 used 0.007615999999999943 Joules by being active during the execution of the simulation
processor 2:0:6 used 0.0076714666666666195 Joules by being active during the execution of the simulation
processor 2:0:7 used 0.007605333333333275 Joules by being active during the execution of the simulation
processor 2:0:8 used 0.007555199999999948 Joules by being active during the execution of the simulation
processor 2:0:9 used 0.007567999999999956 Joules by being active during the execution of the simulation
processor 2:0:10 used 0.0012689777777777527 Joules by being active during the execution of the simulation
processor 2:0:11 used 0.007610666666666598 Joules by being active during the execution of the simulation
processor 2:0:12 used 0.007554133333333263 Joules by being active during the execution of the simulation
processor 2:0:13 used 0.007540977777777713 Joules by being active during the execution of the simulation
processor 2:0:14 used 0.007536711111111051 Joules by being active during the execution of the simulation
processor 2:0:15 used 0.007545599999999941 Joules by being active during the execution of the simulation
processor 2:0:16 used 0.007520355555555504 Joules by being active during the execution of the simulation
processor 2:0:17 used 0.007551288888888849 Joules by being active during the execution of the simulation
The chip at 2,0 used 1.8 Joules by being idle during the execution of the simulation

processor 2:1:0 used 0.17777777777778633 Joules by being active during the execution of the simulation
processor 2:1:1 (running ChipPowerMonitor on 2, 1) used 6.044444444444445e-06 Joules by being active during the execution of the simulation
processor 2:1:2 used 0.007508622222222162 Joules by being active during the execution of the simulation
processor 2:1:3 used 0.007585066666666602 Joules by being active during the execution of the simulation
processor 2:1:4 used 0.007480533333333278 Joules by being active during the execution of the simulation
processor 2:1:5 used 0.007514666666666599 Joules by being active during the execution of the simulation
processor 2:1:6 used 0.007464888888888826 Joules by being active during the execution of the simulation
processor 2:1:7 used 0.007457777777777713 Joules by being active during the execution of the simulation
processor 2:1:8 used 0.007505422222222162 Joules by being active during the execution of the simulation
processor 2:1:9 used 0.007647288888888824 Joules by being active during the execution of the simulation
processor 2:1:10 used 0.0012636444444444196 Joules by being active during the execution of the simulation
processor 2:1:11 used 0.007663999999999933 Joules by being active during the execution of the simulation
processor 2:1:12 used 0.007482311111111041 Joules by being active during the execution of the simulation
processor 2:1:13 used 0.007514666666666603 Joules by being active during the execution of the simulation
processor 2:1:14 used 0.007502933333333252 Joules by being active during the execution of the simulation
processor 2:1:15 used 0.007453511111111051 Joules by being active during the execution of the simulation
processor 2:1:16 used 0.0075932444444443735 Joules by being active during the execution of the simulation
processor 2:1:17 used 0.0075719111111110515 Joules by being active during the execution of the simulation
The chip at 2,1 used 1.8 Joules by being idle during the execution of the simulation

processor 2:2:0 used 0.17777777777778633 Joules by being active during the execution of the simulation
processor 2:2:1 (running ChipPowerMonitor on 2, 2) used 0.03555484444444436 Joules by being active during the execution of the simulation
processor 2:2:2 used 0.007597511111111044 Joules by being active during the execution of the simulation
processor 2:2:3 used 0.007564444444444366 Joules by being active during the execution of the simulation
processor 2:2:4 used 0.007462399999999933 Joules by being active during the execution of the simulation
processor 2:2:5 used 0.007494755555555487 Joules by being active during the execution of the simulation
processor 2:2:6 used 0.007560177777777723 Joules by being active during the execution of the simulation
processor 2:2:7 used 0.007490488888888824 Joules by being active during the execution of the simulation
processor 2:2:8 used 0.007467377777777717 Joules by being active during the execution of the simulation
processor 2:2:9 used 0.007520711111111062 Joules by being active during the execution of the simulation
processor 2:2:10 used 0.001261866666666642 Joules by being active during the execution of the simulation
processor 2:2:11 used 0.007465955555555499 Joules by being active during the execution of the simulation
processor 2:2:12 used 0.007502577777777701 Joules by being active during the execution of the simulation
processor 2:2:13 used 0.0075199999999999295 Joules by being active during the execution of the simulation
processor 2:2:14 used 0.0075647999999999375 Joules by being active during the execution of the simulation
processor 2:2:15 used 0.007448888888888824 Joules by being active during the execution of the simulation
processor 2:2:16 used 0.007494755555555482 Joules by being active during the execution of the simulation
processor 2:2:17 used 0.007589688888888818 Joules by being active during the execution of the simulation
The chip at 2,2 used 1.8 Joules by being idle during the execution of the simulation

processor 2:3:0 used 0.17777777777778633 Joules by being active during the execution of the simulation
processor 2:3:1 (running ChipPowerMonitor on 2, 3) used 0.03555484444444436 Joules by being active during the execution of the simulation
processor 2:3:2 used 0.0075271111111110635 Joules by being active during the execution of the simulation
processor 2:3:3 used 0.007628444444444399 Joules by being active during the execution of the simulation
processor 2:3:4 used 0.007510399999999937 Joules by being active during the execution of the simulation
processor 2:3:5 used 0.007560533333333278 Joules by being active during the execution of the simulation
processor 2:3:6 used 0.007563377777777728 Joules by being active during the execution of the simulation
processor 2:3:7 used 0.007565155555555498 Joules by being active during the execution of the simulation
processor 2:3:8 used 0.0076245333333332735 Joules by being active during the execution of the simulation
processor 2:3:9 used 0.007618133333333273 Joules by being active during the execution of the simulation
processor 2:3:10 used 0.0012767999999999773 Joules by being active during the execution of the simulation
processor 2:3:11 used 0.007543466666666615 Joules by being active during the execution of the simulation
processor 2:3:12 used 0.007528888888888824 Joules by being active during the execution of the simulation
processor 2:3:13 used 0.007602488888888821 Joules by being active during the execution of the simulation
processor 2:3:14 used 0.0075505777777777165 Joules by being active during the execution of the simulation
processor 2:3:15 used 0.007580799999999937 Joules by being active during the execution of the simulation
processor 2:3:16 used 0.007598933333333277 Joules by being active during the execution of the simulation
processor 2:3:17 used 0.007538133333333279 Joules by being active during the execution of the simulation
The chip at 2,3 used 1.8 Joules by being idle during the execution of the simulation

processor 2:4:0 used 0.17777777777778633 Joules by being active during the execution of the simulation
processor 2:4:1 (running ChipPowerMonitor on 2, 4) used 0.0 Joules by being active during the execution of the simulation
processor 2:4:2 used 0.007551288888888825 Joules by being active during the execution of the simulation
processor 2:4:3 used 0.00755768888888883 Joules by being active during the execution of the simulation
processor 2:4:4 used 0.007453155555555477 Joules by being active during the execution of the simulation
processor 2:4:5 used 0.007527466666666605 Joules by being active during the execution of the simulation
processor 2:4:6 used 0.0074929777777777125 Joules by being active during the execution of the simulation
processor 2:4:7 used 0.007573333333333275 Joules by being active during the execution of the simulation
processor 2:4:8 used 0.007548444444444384 Joules by being active during the execution of the simulation
processor 2:4:9 used 0.007490488888888824 Joules by being active during the execution of the simulation
processor 2:4:10 used 0.0012753777777777546 Joules by being active during the execution of the simulation
processor 2:4:11 used 0.007535288888888832 Joules by being active during the execution of the simulation
processor 2:4:12 used 0.007560533333333276 Joules by being active during the execution of the simulation
processor 2:4:13 used 0.007583999999999942 Joules by being active during the execution of the simulation
processor 2:4:14 used 0.007504711111111052 Joules by being active during the execution of the simulation
processor 2:4:15 used 0.0075338666666666 Joules by being active during the execution of the simulation
processor 2:4:16 used 0.007545244444444391 Joules by being active during the execution of the simulation
processor 2:4:17 used 0.007471644444444372 Joules by being active during the execution of the simulation
The chip at 2,4 used 1.8 Joules by being idle during the execution of the simulation

processor 2:5:0 used 0.17777777777778633 Joules by being active during the execution of the simulation
processor 2:5:1 (running ChipPowerMonitor on 2, 5) used 0.0 Joules by being active during the execution of the simulation
processor 2:5:2 used 0.0 Joules by being active during the execution of the simulation
processor 2:5:3 used 0.0 Joules by being active during the execution of the simulation
processor 2:5:4 used 0.0 Joules by being active during the execution of the simulation
processor 2:5:5 used 0.0 Joules by being active during the execution of the simulation
processor 2:5:6 used 0.0 Joules by being active during the execution of the simulation
processor 2:5:7 used 0.0 Joules by being active during the execution of the simulation
processor 2:5:8 used 0.0 Joules by being active during the execution of the simulation
processor 2:5:9 used 0.0 Joules by being active during the execution of the simulation
processor 2:5:10 used 0.0012263111111110816 Joules by being active during the execution of the simulation
processor 2:5:11 used 0.0 Joules by being active during the execution of the simulation
processor 2:5:12 used 0.0 Joules by being active during the execution of the simulation
processor 2:5:13 used 0.0 Joules by being active during the execution of the simulation
processor 2:5:14 used 0.0 Joules by being active during the execution of the simulation
processor 2:5:15 used 0.0 Joules by being active during the execution of the simulation
processor 2:5:16 used 0.0 Joules by being active during the execution of the simulation
processor 2:5:17 used 0.0 Joules by being active during the execution of the simulation
The chip at 2,5 used 1.8 Joules by being idle during the execution of the simulation

processor 3:0:0 used 0.17777777777778633 Joules by being active during the execution of the simulation
processor 3:0:1 (running ChipPowerMonitor on 3, 0) used 0.035555911111111026 Joules by being active during the execution of the simulation
processor 3:0:2 used 0.007626666666666606 Joules by being active during the execution of the simulation
processor 3:0:3 used 0.007631999999999937 Joules by being active during the execution of the simulation
processor 3:0:4 used 0.007558399999999949 Joules by being active during the execution of the simulation
processor 3:0:5 used 0.007576888888888831 Joules by being active during the execution of the simulation
processor 3:0:6 used 0.007587555555555496 Joules by being active during the execution of the simulation
processor 3:0:7 used 0.007558755555555511 Joules by being active during the execution of the simulation
processor 3:0:8 used 0.007601777777777718 Joules by being active during the execution of the simulation
processor 3:0:9 used 0.00766364444444439 Joules by being active during the execution of the simulation
processor 3:0:10 used 0.0012664888888888654 Joules by being active during the execution of the simulation
processor 3:0:11 used 0.0076366222222221565 Joules by being active during the execution of the simulation
processor 3:0:12 used 0.007556266666666622 Joules by being active during the execution of the simulation
processor 3:0:13 used 0.007600355555555517 Joules by being active during the execution of the simulation
processor 3:0:14 used 0.007555911111111047 Joules by being active during the execution of the simulation
processor 3:0:15 used 0.007552355555555492 Joules by being active during the execution of the simulation
processor 3:0:16 used 0.00757368888888882 Joules by being active during the execution of the simulation
processor 3:0:17 used 0.007575822222222169 Joules by being active during the execution of the simulation
The chip at 3,0 used 1.8 Joules by being idle during the execution of the simulation

processor 3:1:0 used 0.17777777777778633 Joules by being active during the execution of the simulation
processor 3:1:1 (running ChipPowerMonitor on 3, 1) used 0.03555199999999991 Joules by being active during the execution of the simulation
processor 3:1:2 used 0.007522133333333283 Joules by being active during the execution of the simulation
processor 3:1:3 used 0.007592533333333287 Joules by being active during the execution of the simulation
processor 3:1:4 used 0.0 Joules by being active during the execution of the simulation
processor 3:1:5 used 0.007531022222222163 Joules by being active during the execution of the simulation
processor 3:1:6 used 0.007545955555555499 Joules by being active during the execution of the simulation
processor 3:1:7 used 0.007639822222222164 Joules by being active during the execution of the simulation
processor 3:1:8 used 0.007638755555555512 Joules by being active during the execution of the simulation
processor 3:1:9 used 0.0075448888888888345 Joules by being active during the execution of the simulation
processor 3:1:10 used 0.0012604444444444187 Joules by being active during the execution of the simulation
processor 3:1:11 used 0.007615644444444393 Joules by being active during the execution of the simulation
processor 3:1:12 used 0.007553777777777727 Joules by being active during the execution of the simulation
processor 3:1:13 used 0.007619911111111055 Joules by being active during the execution of the simulation
processor 3:1:14 used 0.007571555555555495 Joules by being active during the execution of the simulation
processor 3:1:15 used 0.007584355555555481 Joules by being active during the execution of the simulation
processor 3:1:16 used 0.007547377777777733 Joules by being active during the execution of the simulation
processor 3:1:17 used 0.00762951111111106 Joules by being active during the execution of the simulation
The chip at 3,1 used 1.8 Joules by being idle during the execution of the simulation

processor 3:2:0 used 0.17777777777778633 Joules by being active during the execution of the simulation
processor 3:2:1 (running ChipPowerMonitor on 3, 2) used 0.0 Joules by being active during the execution of the simulation
processor 3:2:2 used 0.007596088888888833 Joules by being active during the execution of the simulation
processor 3:2:3 used 0.007585777777777719 Joules by being active during the execution of the simulation
processor 3:2:4 used 0.007554844444444381 Joules by being active during the execution of the simulation
processor 3:2:5 used 0.007563022222222155 Joules by being active during the execution of the simulation
processor 3:2:6 used 0.007529244444444383 Joules by being active during the execution of the simulation
processor 3:2:7 used 0.007481955555555489 Joules by being active during the execution of the simulation
processor 3:2:8 used 0.007532799999999929 Joules by being active during the execution of the simulation
processor 3:2:9 used 0.007575466666666607 Joules by being active during the execution of the simulation
processor 3:2:10 used 0.0012764444444444223 Joules by being active during the execution of the simulation
processor 3:2:11 used 0.007614222222222164 Joules by being active during the execution of the simulation
processor 3:2:12 used 0.00754808888888883 Joules by being active during the execution of the simulation
processor 3:2:13 used 0.007609955555555488 Joules by being active during the execution of the simulation
processor 3:2:14 used 0.007557333333333267 Joules by being active during the execution of the simulation
processor 3:2:15 used 0.0075338666666666205 Joules by being active during the execution of the simulation
processor 3:2:16 used 0.007531733333333272 Joules by being active during the execution of the simulation
processor 3:2:17 used 0.0075978666666666 Joules by being active during the execution of the simulation
The chip at 3,2 used 1.8 Joules by being idle during the execution of the simulation

processor 3:3:0 used 0.17777777777778633 Joules by being active during the execution of the simulation
processor 3:3:1 (running ChipPowerMonitor on 3, 3) used 0.03555484444444436 Joules by being active during the execution of the simulation
processor 3:3:2 used 0.007536711111111055 Joules by being active during the execution of the simulation
processor 3:3:3 used 0.007641599999999952 Joules by being active during the execution of the simulation
processor 3:3:4 used 0.007580088888888833 Joules by being active during the execution of the simulation
processor 3:3:5 used 0.0075822222222221534 Joules by being active during the execution of the simulation
processor 3:3:6 used 0.00754382222222217 Joules by being active during the execution of the simulation
processor 3:3:7 used 0.0075502222222221735 Joules by being active during the execution of the simulation
processor 3:3:8 used 0.007530311111111055 Joules by being active during the execution of the simulation
processor 3:3:9 used 0.007620266666666606 Joules by being active during the execution of the simulation
processor 3:3:10 used 0.007573333333333283 Joules by being active during the execution of the simulation
processor 3:3:11 used 0.001266133333333309 Joules by being active during the execution of the simulation
processor 3:3:12 used 0.007564799999999937 Joules by being active during the execution of the simulation
processor 3:3:13 used 0.007663999999999931 Joules by being active during the execution of the simulation
processor 3:3:14 used 0.007518222222222165 Joules by being active during the execution of the simulation
processor 3:3:15 used 0.0 Joules by being active during the execution of the simulation
processor 3:3:16 used 0.007593244444444399 Joules by being active during the execution of the simulation
processor 3:3:17 used 0.007559111111111045 Joules by being active during the execution of the simulation
The chip at 3,3 used 1.8 Joules by being idle during the execution of the simulation

processor 3:4:0 used 0.17777777777778633 Joules by being active during the execution of the simulation
processor 3:4:1 (running ChipPowerMonitor on 3, 4) used 0.0 Joules by being active during the execution of the simulation
processor 3:4:2 used 0.007550933333333272 Joules by being active during the execution of the simulation
processor 3:4:3 used 0.0075544888888888165 Joules by being active during the execution of the simulation
processor 3:4:4 used 0.007528888888888808 Joules by being active during the execution of the simulation
processor 3:4:5 used 0.007558399999999924 Joules by being active during the execution of the simulation
processor 3:4:6 used 0.0074759111111110275 Joules by being active during the execution of the simulation
processor 3:4:7 used 0.007564444444444383 Joules by being active during the execution of the simulation
processor 3:4:8 used 0.00745813333333325 Joules by being active during the execution of the simulation
processor 3:4:9 used 0.007549511111111051 Joules by being active during the execution of the simulation
processor 3:4:10 used 0.001279288888888868 Joules by being active during the execution of the simulation
processor 3:4:11 used 0.007562311111111022 Joules by being active during the execution of the simulation
processor 3:4:12 used 0.007577599999999956 Joules by being active during the execution of the simulation
processor 3:4:13 used 0.007525688888888824 Joules by being active during the execution of the simulation
processor 3:4:14 used 0.007570133333333263 Joules by being active during the execution of the simulation
processor 3:4:15 used 0.007497599999999921 Joules by being active during the execution of the simulation
processor 3:4:16 used 0.007595377777777698 Joules by being active during the execution of the simulation
processor 3:4:17 used 0.007490844444444378 Joules by being active during the execution of the simulation
The chip at 3,4 used 1.8 Joules by being idle during the execution of the simulation

processor 3:5:0 used 0.17777777777778633 Joules by being active during the execution of the simulation
processor 3:5:1 (running ChipPowerMonitor on 3, 5) used 0.0 Joules by being active during the execution of the simulation
processor 3:5:2 used 0.0 Joules by being active during the execution of the simulation
processor 3:5:3 used 0.0 Joules by being active during the execution of the simulation
processor 3:5:4 used 0.0 Joules by being active during the execution of the simulation
processor 3:5:5 used 0.0 Joules by being active during the execution of the simulation
processor 3:5:6 used 0.0 Joules by being active during the execution of the simulation
processor 3:5:7 used 0.0 Joules by being active during the execution of the simulation
processor 3:5:8 used 0.0 Joules by being active during the execution of the simulation
processor 3:5:9 used 0.0 Joules by being active during the execution of the simulation
processor 3:5:10 used 0.0 Joules by being active during the execution of the simulation
processor 3:5:11 used 0.0 Joules by being active during the execution of the simulation
processor 3:5:12 used 0.0 Joules by being active during the execution of the simulation
processor 3:5:13 used 0.0 Joules by being active during the execution of the simulation
processor 3:5:14 used 0.0 Joules by being active during the execution of the simulation
processor 3:5:15 used 0.0012195555555555287 Joules by being active during the execution of the simulation
processor 3:5:16 used 0.0 Joules by being active during the execution of the simulation
processor 3:5:17 used 0.0 Joules by being active during the execution of the simulation
The chip at 3,5 used 1.8 Joules by being idle during the execution of the simulation

processor 3:6:0 used 0.17777777777778633 Joules by being active during the execution of the simulation
processor 3:6:1 (running ChipPowerMonitor on 3, 6) used 0.0 Joules by being active during the execution of the simulation
processor 3:6:2 used 0.0 Joules by being active during the execution of the simulation
processor 3:6:3 used 0.0 Joules by being active during the execution of the simulation
processor 3:6:4 used 0.0 Joules by being active during the execution of the simulation
processor 3:6:5 used 0.0 Joules by being active during the execution of the simulation
processor 3:6:6 used 0.0 Joules by being active during the execution of the simulation
processor 3:6:7 used 0.0 Joules by being active during the execution of the simulation
processor 3:6:8 used 0.0 Joules by being active during the execution of the simulation
processor 3:6:9 used 0.0 Joules by being active during the execution of the simulation
processor 3:6:10 used 0.0012330666666666404 Joules by being active during the execution of the simulation
processor 3:6:11 used 0.0 Joules by being active during the execution of the simulation
processor 3:6:12 used 0.0 Joules by being active during the execution of the simulation
processor 3:6:13 used 0.0 Joules by being active during the execution of the simulation
processor 3:6:14 used 0.0 Joules by being active during the execution of the simulation
processor 3:6:15 used 0.0 Joules by being active during the execution of the simulation
processor 3:6:16 used 0.0 Joules by being active during the execution of the simulation
processor 3:6:17 used 0.0 Joules by being active during the execution of the simulation
The chip at 3,6 used 1.8 Joules by being idle during the execution of the simulation

processor 4:0:0 used 0.17777777777778633 Joules by being active during the execution of the simulation
processor 4:0:1 (running ChipPowerMonitor on 4, 0) used 0.035555555555555465 Joules by being active during the execution of the simulation
processor 4:0:2 used 0.0 Joules by being active during the execution of the simulation
processor 4:0:3 used 0.0 Joules by being active during the execution of the simulation
processor 4:0:4 used 0.0 Joules by being active during the execution of the simulation
processor 4:0:5 used 0.0 Joules by being active during the execution of the simulation
processor 4:0:6 used 0.0 Joules by being active during the execution of the simulation
processor 4:0:7 used 0.0 Joules by being active during the execution of the simulation
processor 4:0:8 used 0.0 Joules by being active during the execution of the simulation
processor 4:0:9 used 0.0 Joules by being active during the execution of the simulation
processor 4:0:10 used 0.0012337777777777503 Joules by being active during the execution of the simulation
processor 4:0:11 used 0.0 Joules by being active during the execution of the simulation
processor 4:0:12 used 0.0 Joules by being active during the execution of the simulation
processor 4:0:13 used 0.0 Joules by being active during the execution of the simulation
processor 4:0:14 used 0.0 Joules by being active during the execution of the simulation
processor 4:0:15 used 0.0 Joules by being active during the execution of the simulation
processor 4:0:16 used 0.0 Joules by being active during the execution of the simulation
processor 4:0:17 used 0.0 Joules by being active during the execution of the simulation
The chip at 4,0 used 1.8 Joules by being idle during the execution of the simulation

processor 4:1:0 used 0.17777777777778633 Joules by being active during the execution of the simulation
processor 4:1:1 (running ChipPowerMonitor on 4, 1) used 0.0 Joules by being active during the execution of the simulation
processor 4:1:2 used 0.0 Joules by being active during the execution of the simulation
processor 4:1:3 used 0.0 Joules by being active during the execution of the simulation
processor 4:1:4 used 0.0 Joules by being active during the execution of the simulation
processor 4:1:5 used 0.0 Joules by being active during the execution of the simulation
processor 4:1:6 used 0.0 Joules by being active during the execution of the simulation
processor 4:1:7 used 0.0 Joules by being active during the execution of the simulation
processor 4:1:8 used 0.0 Joules by being active during the execution of the simulation
processor 4:1:9 used 0.0 Joules by being active during the execution of the simulation
processor 4:1:10 used 0.0012270222222221943 Joules by being active during the execution of the simulation
processor 4:1:11 used 0.0 Joules by being active during the execution of the simulation
processor 4:1:12 used 0.0 Joules by being active during the execution of the simulation
processor 4:1:13 used 0.0 Joules by being active during the execution of the simulation
processor 4:1:14 used 0.0 Joules by being active during the execution of the simulation
processor 4:1:15 used 0.0 Joules by being active during the execution of the simulation
processor 4:1:16 used 0.0 Joules by being active during the execution of the simulation
processor 4:1:17 used 0.0 Joules by being active during the execution of the simulation
The chip at 4,1 used 1.8 Joules by being idle during the execution of the simulation

processor 4:2:0 used 0.17777777777778633 Joules by being active during the execution of the simulation
processor 4:2:1 (running ChipPowerMonitor on 4, 2) used 0.0 Joules by being active during the execution of the simulation
processor 4:2:2 used 0.0 Joules by being active during the execution of the simulation
processor 4:2:3 used 0.0 Joules by being active during the execution of the simulation
processor 4:2:4 used 0.0 Joules by being active during the execution of the simulation
processor 4:2:5 used 0.0 Joules by being active during the execution of the simulation
processor 4:2:6 used 0.0 Joules by being active during the execution of the simulation
processor 4:2:7 used 0.0 Joules by being active during the execution of the simulation
processor 4:2:8 used 0.0 Joules by being active during the execution of the simulation
processor 4:2:9 used 0.0 Joules by being active during the execution of the simulation
processor 4:2:10 used 0.001230222222222196 Joules by being active during the execution of the simulation
processor 4:2:11 used 0.0 Joules by being active during the execution of the simulation
processor 4:2:12 used 0.0 Joules by being active during the execution of the simulation
processor 4:2:13 used 0.0 Joules by being active during the execution of the simulation
processor 4:2:14 used 0.0 Joules by being active during the execution of the simulation
processor 4:2:15 used 0.0 Joules by being active during the execution of the simulation
processor 4:2:16 used 0.0 Joules by being active during the execution of the simulation
processor 4:2:17 used 0.0 Joules by being active during the execution of the simulation
The chip at 4,2 used 1.8 Joules by being idle during the execution of the simulation

processor 4:3:0 used 0.17777777777778633 Joules by being active during the execution of the simulation
processor 4:3:1 (running ChipPowerMonitor on 4, 3) used 0.035555555555555465 Joules by being active during the execution of the simulation
processor 4:3:2 used 0.0 Joules by being active during the execution of the simulation
processor 4:3:3 used 0.0 Joules by being active during the execution of the simulation
processor 4:3:4 used 0.0 Joules by being active during the execution of the simulation
processor 4:3:5 used 0.0 Joules by being active during the execution of the simulation
processor 4:3:6 used 0.0 Joules by being active during the execution of the simulation
processor 4:3:7 used 0.0 Joules by being active during the execution of the simulation
processor 4:3:8 used 0.0 Joules by being active during the execution of the simulation
processor 4:3:9 used 0.0 Joules by being active during the execution of the simulation
processor 4:3:10 used 0.0012327111111110854 Joules by being active during the execution of the simulation
processor 4:3:11 used 0.0 Joules by being active during the execution of the simulation
processor 4:3:12 used 0.0 Joules by being active during the execution of the simulation
processor 4:3:13 used 0.0 Joules by being active during the execution of the simulation
processor 4:3:14 used 0.0 Joules by being active during the execution of the simulation
processor 4:3:15 used 0.0 Joules by being active during the execution of the simulation
processor 4:3:16 used 0.0 Joules by being active during the execution of the simulation
processor 4:3:17 used 0.0 Joules by being active during the execution of the simulation
The chip at 4,3 used 1.8 Joules by being idle during the execution of the simulation

processor 4:4:0 used 0.17777777777778633 Joules by being active during the execution of the simulation
processor 4:4:1 (running ChipPowerMonitor on 4, 4) used 4.266666666666667e-06 Joules by being active during the execution of the simulation
processor 4:4:2 used 0.007577955555555507 Joules by being active during the execution of the simulation
processor 4:4:3 used 0.0 Joules by being active during the execution of the simulation
processor 4:4:4 used 0.0 Joules by being active during the execution of the simulation
processor 4:4:5 used 0.0 Joules by being active during the execution of the simulation
processor 4:4:6 used 0.0 Joules by being active during the execution of the simulation
processor 4:4:7 used 0.0 Joules by being active during the execution of the simulation
processor 4:4:8 used 0.0 Joules by being active during the execution of the simulation
processor 4:4:9 used 0.0 Joules by being active during the execution of the simulation
processor 4:4:10 used 0.0012341333333333092 Joules by being active during the execution of the simulation
processor 4:4:11 used 0.0 Joules by being active during the execution of the simulation
processor 4:4:12 used 0.0 Joules by being active during the execution of the simulation
processor 4:4:13 used 0.0 Joules by being active during the execution of the simulation
processor 4:4:14 used 0.0 Joules by being active during the execution of the simulation
processor 4:4:15 used 0.0 Joules by being active during the execution of the simulation
processor 4:4:16 used 0.0 Joules by being active during the execution of the simulation
processor 4:4:17 used 0.0 Joules by being active during the execution of the simulation
The chip at 4,4 used 1.8 Joules by being idle during the execution of the simulation

processor 4:5:0 used 0.17777777777778633 Joules by being active during the execution of the simulation
processor 4:5:1 (running ChipPowerMonitor on 4, 5) used 0.0 Joules by being active during the execution of the simulation
processor 4:5:2 used 0.0 Joules by being active during the execution of the simulation
processor 4:5:3 used 0.0 Joules by being active during the execution of the simulation
processor 4:5:4 used 0.0 Joules by being active during the execution of the simulation
processor 4:5:5 used 0.0 Joules by being active during the execution of the simulation
processor 4:5:6 used 0.0 Joules by being active during the execution of the simulation
processor 4:5:7 used 0.0 Joules by being active during the execution of the simulation
processor 4:5:8 used 0.0 Joules by being active during the execution of the simulation
processor 4:5:9 used 0.0 Joules by being active during the execution of the simulation
processor 4:5:10 used 0.001234133333333306 Joules by being active during the execution of the simulation
processor 4:5:11 used 0.0 Joules by being active during the execution of the simulation
processor 4:5:12 used 0.0 Joules by being active during the execution of the simulation
processor 4:5:13 used 0.0 Joules by being active during the execution of the simulation
processor 4:5:14 used 0.0 Joules by being active during the execution of the simulation
processor 4:5:15 used 0.0 Joules by being active during the execution of the simulation
processor 4:5:16 used 0.0 Joules by being active during the execution of the simulation
processor 4:5:17 used 0.0 Joules by being active during the execution of the simulation
The chip at 4,5 used 1.8 Joules by being idle during the execution of the simulation

processor 4:6:0 used 0.17777777777778633 Joules by being active during the execution of the simulation
processor 4:6:1 (running ChipPowerMonitor on 4, 6) used 0.0 Joules by being active during the execution of the simulation
processor 4:6:2 used 0.0 Joules by being active during the execution of the simulation
processor 4:6:3 used 0.0 Joules by being active during the execution of the simulation
processor 4:6:4 used 0.0 Joules by being active during the execution of the simulation
processor 4:6:5 used 0.0 Joules by being active during the execution of the simulation
processor 4:6:6 used 0.0 Joules by being active during the execution of the simulation
processor 4:6:7 used 0.0 Joules by being active during the execution of the simulation
processor 4:6:8 used 0.0 Joules by being active during the execution of the simulation
processor 4:6:9 used 0.0 Joules by being active during the execution of the simulation
processor 4:6:10 used 0.00123306666666664 Joules by being active during the execution of the simulation
processor 4:6:11 used 0.0 Joules by being active during the execution of the simulation
processor 4:6:12 used 0.0 Joules by being active during the execution of the simulation
processor 4:6:13 used 0.0 Joules by being active during the execution of the simulation
processor 4:6:14 used 0.0 Joules by being active during the execution of the simulation
processor 4:6:15 used 0.0 Joules by being active during the execution of the simulation
processor 4:6:16 used 0.0 Joules by being active during the execution of the simulation
processor 4:6:17 used 0.0 Joules by being active during the execution of the simulation
The chip at 4,6 used 1.8 Joules by being idle during the execution of the simulation

processor 4:7:0 used 0.17777777777778633 Joules by being active during the execution of the simulation
processor 4:7:1 (running ChipPowerMonitor on 4, 7) used 0.0 Joules by being active during the execution of the simulation
processor 4:7:2 used 0.0 Joules by being active during the execution of the simulation
processor 4:7:3 used 0.0 Joules by being active during the execution of the simulation
processor 4:7:4 used 0.0 Joules by being active during the execution of the simulation
processor 4:7:5 used 0.0 Joules by being active during the execution of the simulation
processor 4:7:6 used 0.0 Joules by being active during the execution of the simulation
processor 4:7:7 used 0.0 Joules by being active during the execution of the simulation
processor 4:7:8 used 0.0 Joules by being active during the execution of the simulation
processor 4:7:9 used 0.0 Joules by being active during the execution of the simulation
processor 4:7:10 used 0.0012213333333333063 Joules by being active during the execution of the simulation
processor 4:7:11 used 0.0 Joules by being active during the execution of the simulation
processor 4:7:12 used 0.0 Joules by being active during the execution of the simulation
processor 4:7:13 used 0.0 Joules by being active during the execution of the simulation
processor 4:7:14 used 0.0 Joules by being active during the execution of the simulation
processor 4:7:15 used 0.0 Joules by being active during the execution of the simulation
processor 4:7:16 used 0.0 Joules by being active during the execution of the simulation
processor 4:7:17 used 0.0 Joules by being active during the execution of the simulation
The chip at 4,7 used 1.8 Joules by being idle during the execution of the simulation

processor 5:1:0 used 0.17777777777778633 Joules by being active during the execution of the simulation
processor 5:1:1 (running ChipPowerMonitor on 5, 1) used 0.03562026666666658 Joules by being active during the execution of the simulation
processor 5:1:2 used 0.0 Joules by being active during the execution of the simulation
processor 5:1:3 used 0.0 Joules by being active during the execution of the simulation
processor 5:1:4 used 0.0 Joules by being active during the execution of the simulation
processor 5:1:5 used 0.0 Joules by being active during the execution of the simulation
processor 5:1:6 used 0.0 Joules by being active during the execution of the simulation
processor 5:1:7 used 0.0 Joules by being active during the execution of the simulation
processor 5:1:8 used 0.0 Joules by being active during the execution of the simulation
processor 5:1:9 used 0.0 Joules by being active during the execution of the simulation
processor 5:1:10 used 0.001219555555555526 Joules by being active during the execution of the simulation
processor 5:1:11 used 0.0 Joules by being active during the execution of the simulation
processor 5:1:12 used 0.0 Joules by being active during the execution of the simulation
processor 5:1:13 used 0.0 Joules by being active during the execution of the simulation
processor 5:1:14 used 0.0 Joules by being active during the execution of the simulation
processor 5:1:15 used 0.0 Joules by being active during the execution of the simulation
processor 5:1:16 used 0.0 Joules by being active during the execution of the simulation
processor 5:1:17 used 0.0 Joules by being active during the execution of the simulation
The chip at 5,1 used 1.8 Joules by being idle during the execution of the simulation

processor 5:2:0 used 0.17777777777778633 Joules by being active during the execution of the simulation
processor 5:2:1 (running ChipPowerMonitor on 5, 2) used 3.5555555555555553e-07 Joules by being active during the execution of the simulation
processor 5:2:2 used 0.0 Joules by being active during the execution of the simulation
processor 5:2:3 used 0.0 Joules by being active during the execution of the simulation
processor 5:2:4 used 0.0 Joules by being active during the execution of the simulation
processor 5:2:5 used 0.0 Joules by being active during the execution of the simulation
processor 5:2:6 used 0.0 Joules by being active during the execution of the simulation
processor 5:2:7 used 0.0 Joules by being active during the execution of the simulation
processor 5:2:8 used 0.0 Joules by being active during the execution of the simulation
processor 5:2:9 used 0.0 Joules by being active during the execution of the simulation
processor 5:2:10 used 0.0012259555555555269 Joules by being active during the execution of the simulation
processor 5:2:11 used 0.0 Joules by being active during the execution of the simulation
processor 5:2:12 used 0.0 Joules by being active during the execution of the simulation
processor 5:2:13 used 0.0 Joules by being active during the execution of the simulation
processor 5:2:14 used 0.0 Joules by being active during the execution of the simulation
processor 5:2:15 used 0.0 Joules by being active during the execution of the simulation
processor 5:2:16 used 0.0 Joules by being active during the execution of the simulation
processor 5:2:17 used 0.0 Joules by being active during the execution of the simulation
The chip at 5,2 used 1.8 Joules by being idle during the execution of the simulation

processor 5:3:0 used 0.17777777777778633 Joules by being active during the execution of the simulation
processor 5:3:1 (running ChipPowerMonitor on 5, 3) used 0.0 Joules by being active during the execution of the simulation
processor 5:3:2 used 0.0 Joules by being active during the execution of the simulation
processor 5:3:3 used 0.0 Joules by being active during the execution of the simulation
processor 5:3:4 used 0.0 Joules by being active during the execution of the simulation
processor 5:3:5 used 0.0 Joules by being active during the execution of the simulation
processor 5:3:6 used 0.0 Joules by being active during the execution of the simulation
processor 5:3:7 used 0.0 Joules by being active during the execution of the simulation
processor 5:3:8 used 0.0 Joules by being active during the execution of the simulation
processor 5:3:9 used 0.0 Joules by being active during the execution of the simulation
processor 5:3:10 used 0.0012266666666666385 Joules by being active during the execution of the simulation
processor 5:3:11 used 0.0 Joules by being active during the execution of the simulation
processor 5:3:12 used 0.0 Joules by being active during the execution of the simulation
processor 5:3:13 used 0.0 Joules by being active during the execution of the simulation
processor 5:3:14 used 0.0 Joules by being active during the execution of the simulation
processor 5:3:15 used 0.0 Joules by being active during the execution of the simulation
processor 5:3:16 used 0.0 Joules by being active during the execution of the simulation
processor 5:3:17 used 0.0 Joules by being active during the execution of the simulation
The chip at 5,3 used 1.8 Joules by being idle during the execution of the simulation

processor 5:4:0 used 0.17777777777778633 Joules by being active during the execution of the simulation
processor 5:4:1 (running ChipPowerMonitor on 5, 4) used 0.0 Joules by being active during the execution of the simulation
processor 5:4:2 used 0.0 Joules by being active during the execution of the simulation
processor 5:4:3 used 0.0 Joules by being active during the execution of the simulation
processor 5:4:4 used 0.0 Joules by being active during the execution of the simulation
processor 5:4:5 used 0.0 Joules by being active during the execution of the simulation
processor 5:4:6 used 0.0 Joules by being active during the execution of the simulation
processor 5:4:7 used 0.0 Joules by being active during the execution of the simulation
processor 5:4:8 used 0.0 Joules by being active during the execution of the simulation
processor 5:4:9 used 0.0 Joules by being active during the execution of the simulation
processor 5:4:10 used 0.0012312888888888613 Joules by being active during the execution of the simulation
processor 5:4:11 used 0.0 Joules by being active during the execution of the simulation
processor 5:4:12 used 0.0 Joules by being active during the execution of the simulation
processor 5:4:13 used 0.0 Joules by being active during the execution of the simulation
processor 5:4:14 used 0.0 Joules by being active during the execution of the simulation
processor 5:4:15 used 0.0 Joules by being active during the execution of the simulation
processor 5:4:16 used 0.0 Joules by being active during the execution of the simulation
processor 5:4:17 used 0.0 Joules by being active during the execution of the simulation
The chip at 5,4 used 1.8 Joules by being idle during the execution of the simulation

processor 5:5:0 used 0.17777777777778633 Joules by being active during the execution of the simulation
processor 5:5:1 (running ChipPowerMonitor on 5, 5) used 0.07111111111110803 Joules by being active during the execution of the simulation
processor 5:5:2 used 0.0 Joules by being active during the execution of the simulation
processor 5:5:3 used 0.0 Joules by being active during the execution of the simulation
processor 5:5:4 used 0.0 Joules by being active during the execution of the simulation
processor 5:5:5 used 0.0 Joules by being active during the execution of the simulation
processor 5:5:6 used 0.0 Joules by being active during the execution of the simulation
processor 5:5:7 used 0.0 Joules by being active during the execution of the simulation
processor 5:5:8 used 0.0 Joules by being active during the execution of the simulation
processor 5:5:9 used 0.0 Joules by being active during the execution of the simulation
processor 5:5:10 used 0.0012248888888888633 Joules by being active during the execution of the simulation
processor 5:5:11 used 0.0 Joules by being active during the execution of the simulation
processor 5:5:12 used 0.0 Joules by being active during the execution of the simulation
processor 5:5:13 used 0.0 Joules by being active during the execution of the simulation
processor 5:5:14 used 0.0 Joules by being active during the execution of the simulation
processor 5:5:15 used 0.0 Joules by being active during the execution of the simulation
processor 5:5:16 used 0.0 Joules by being active during the execution of the simulation
processor 5:5:17 used 0.0 Joules by being active during the execution of the simulation
The chip at 5,5 used 1.8 Joules by being idle during the execution of the simulation

processor 5:6:0 used 0.17777777777778633 Joules by being active during the execution of the simulation
processor 5:6:1 (running ChipPowerMonitor on 5, 6) used 0.0 Joules by being active during the execution of the simulation
processor 5:6:2 used 0.0 Joules by being active during the execution of the simulation
processor 5:6:3 used 0.0 Joules by being active during the execution of the simulation
processor 5:6:4 used 0.0 Joules by being active during the execution of the simulation
processor 5:6:5 used 0.0 Joules by being active during the execution of the simulation
processor 5:6:6 used 0.0 Joules by being active during the execution of the simulation
processor 5:6:7 used 0.0 Joules by being active during the execution of the simulation
processor 5:6:8 used 0.0 Joules by being active during the execution of the simulation
processor 5:6:9 used 0.0 Joules by being active during the execution of the simulation
processor 5:6:10 used 0.0012259555555555275 Joules by being active during the execution of the simulation
processor 5:6:11 used 0.0 Joules by being active during the execution of the simulation
processor 5:6:12 used 0.0 Joules by being active during the execution of the simulation
processor 5:6:13 used 0.0 Joules by being active during the execution of the simulation
processor 5:6:14 used 0.0 Joules by being active during the execution of the simulation
processor 5:6:15 used 0.0 Joules by being active during the execution of the simulation
processor 5:6:16 used 0.0 Joules by being active during the execution of the simulation
processor 5:6:17 used 0.0 Joules by being active during the execution of the simulation
The chip at 5,6 used 1.8 Joules by being idle during the execution of the simulation

processor 5:7:0 used 0.17777777777778633 Joules by being active during the execution of the simulation
processor 5:7:1 (running ChipPowerMonitor on 5, 7) used 0.07111111111110803 Joules by being active during the execution of the simulation
processor 5:7:2 used 0.0 Joules by being active during the execution of the simulation
processor 5:7:3 used 0.0 Joules by being active during the execution of the simulation
processor 5:7:4 used 0.0 Joules by being active during the execution of the simulation
processor 5:7:5 used 0.0 Joules by being active during the execution of the simulation
processor 5:7:6 used 0.0 Joules by being active during the execution of the simulation
processor 5:7:7 used 0.0 Joules by being active during the execution of the simulation
processor 5:7:8 used 0.0 Joules by being active during the execution of the simulation
processor 5:7:9 used 0.0 Joules by being active during the execution of the simulation
processor 5:7:10 used 0.0012280888888888605 Joules by being active during the execution of the simulation
processor 5:7:11 used 0.0 Joules by being active during the execution of the simulation
processor 5:7:12 used 0.0 Joules by being active during the execution of the simulation
processor 5:7:13 used 0.0 Joules by being active during the execution of the simulation
processor 5:7:14 used 0.0 Joules by being active during the execution of the simulation
processor 5:7:15 used 0.0 Joules by being active during the execution of the simulation
processor 5:7:16 used 0.0 Joules by being active during the execution of the simulation
processor 5:7:17 used 0.0 Joules by being active during the execution of the simulation
The chip at 5,7 used 1.8 Joules by being idle during the execution of the simulation

processor 6:2:0 used 0.17777777777778633 Joules by being active during the execution of the simulation
processor 6:2:1 (running ChipPowerMonitor on 6, 2) used 0.0 Joules by being active during the execution of the simulation
processor 6:2:2 used 0.0 Joules by being active during the execution of the simulation
processor 6:2:3 used 0.0 Joules by being active during the execution of the simulation
processor 6:2:4 used 0.0 Joules by being active during the execution of the simulation
processor 6:2:5 used 0.0 Joules by being active during the execution of the simulation
processor 6:2:6 used 0.0 Joules by being active during the execution of the simulation
processor 6:2:7 used 0.0 Joules by being active during the execution of the simulation
processor 6:2:8 used 0.0 Joules by being active during the execution of the simulation
processor 6:2:9 used 0.0 Joules by being active during the execution of the simulation
processor 6:2:10 used 0.001219199999999971 Joules by being active during the execution of the simulation
processor 6:2:11 used 0.0 Joules by being active during the execution of the simulation
processor 6:2:12 used 0.0 Joules by being active during the execution of the simulation
processor 6:2:13 used 0.0 Joules by being active during the execution of the simulation
processor 6:2:14 used 0.0 Joules by being active during the execution of the simulation
processor 6:2:15 used 0.0 Joules by being active during the execution of the simulation
processor 6:2:16 used 0.0 Joules by being active during the execution of the simulation
processor 6:2:17 used 0.0 Joules by being active during the execution of the simulation
The chip at 6,2 used 1.8 Joules by being idle during the execution of the simulation

processor 6:3:0 used 0.17777777777778633 Joules by being active during the execution of the simulation
processor 6:3:1 (running ChipPowerMonitor on 6, 3) used 0.0 Joules by being active during the execution of the simulation
processor 6:3:2 used 0.0 Joules by being active during the execution of the simulation
processor 6:3:3 used 0.0 Joules by being active during the execution of the simulation
processor 6:3:4 used 0.0 Joules by being active during the execution of the simulation
processor 6:3:5 used 0.0 Joules by being active during the execution of the simulation
processor 6:3:6 used 0.0 Joules by being active during the execution of the simulation
processor 6:3:7 used 0.0 Joules by being active during the execution of the simulation
processor 6:3:8 used 0.0 Joules by being active during the execution of the simulation
processor 6:3:9 used 0.0 Joules by being active during the execution of the simulation
processor 6:3:10 used 0.0012248888888888633 Joules by being active during the execution of the simulation
processor 6:3:11 used 0.0 Joules by being active during the execution of the simulation
processor 6:3:12 used 0.0 Joules by being active during the execution of the simulation
processor 6:3:13 used 0.0 Joules by being active during the execution of the simulation
processor 6:3:14 used 0.0 Joules by being active during the execution of the simulation
processor 6:3:15 used 0.0 Joules by being active during the execution of the simulation
processor 6:3:16 used 0.0 Joules by being active during the execution of the simulation
processor 6:3:17 used 0.0 Joules by being active during the execution of the simulation
The chip at 6,3 used 1.8 Joules by being idle during the execution of the simulation

processor 6:4:0 used 0.17777777777778633 Joules by being active during the execution of the simulation
processor 6:4:1 (running ChipPowerMonitor on 6, 4) used 0.035555555555555465 Joules by being active during the execution of the simulation
processor 6:4:2 used 0.0 Joules by being active during the execution of the simulation
processor 6:4:3 used 0.0 Joules by being active during the execution of the simulation
processor 6:4:4 used 0.0 Joules by being active during the execution of the simulation
processor 6:4:5 used 0.0 Joules by being active during the execution of the simulation
processor 6:4:6 used 0.0 Joules by being active during the execution of the simulation
processor 6:4:7 used 0.0 Joules by being active during the execution of the simulation
processor 6:4:8 used 0.0 Joules by being active during the execution of the simulation
processor 6:4:9 used 0.0 Joules by being active during the execution of the simulation
processor 6:4:10 used 0.0012252444444444156 Joules by being active during the execution of the simulation
processor 6:4:11 used 0.0 Joules by being active during the execution of the simulation
processor 6:4:12 used 0.0 Joules by being active during the execution of the simulation
processor 6:4:13 used 0.0 Joules by being active during the execution of the simulation
processor 6:4:14 used 0.0 Joules by being active during the execution of the simulation
processor 6:4:15 used 0.0 Joules by being active during the execution of the simulation
processor 6:4:16 used 0.0 Joules by being active during the execution of the simulation
processor 6:4:17 used 0.0 Joules by being active during the execution of the simulation
The chip at 6,4 used 1.8 Joules by being idle during the execution of the simulation

processor 6:5:0 used 0.17777777777778633 Joules by being active during the execution of the simulation
processor 6:5:1 (running ChipPowerMonitor on 6, 5) used 0.0 Joules by being active during the execution of the simulation
processor 6:5:2 used 0.0 Joules by being active during the execution of the simulation
processor 6:5:3 used 0.0 Joules by being active during the execution of the simulation
processor 6:5:4 used 0.0 Joules by being active during the execution of the simulation
processor 6:5:5 used 0.0 Joules by being active during the execution of the simulation
processor 6:5:6 used 0.0 Joules by being active during the execution of the simulation
processor 6:5:7 used 0.0 Joules by being active during the execution of the simulation
processor 6:5:8 used 0.0 Joules by being active during the execution of the simulation
processor 6:5:9 used 0.0 Joules by being active during the execution of the simulation
processor 6:5:10 used 0.0012270222222221941 Joules by being active during the execution of the simulation
processor 6:5:11 used 0.0 Joules by being active during the execution of the simulation
processor 6:5:12 used 0.0 Joules by being active during the execution of the simulation
processor 6:5:13 used 0.0 Joules by being active during the execution of the simulation
processor 6:5:14 used 0.0 Joules by being active during the execution of the simulation
processor 6:5:15 used 0.0 Joules by being active during the execution of the simulation
processor 6:5:16 used 0.0 Joules by being active during the execution of the simulation
processor 6:5:17 used 0.0 Joules by being active during the execution of the simulation
The chip at 6,5 used 1.8 Joules by being idle during the execution of the simulation

processor 6:6:0 used 0.17777777777778633 Joules by being active during the execution of the simulation
processor 6:6:1 (running ChipPowerMonitor on 6, 6) used 0.035555555555555465 Joules by being active during the execution of the simulation
processor 6:6:2 used 0.0 Joules by being active during the execution of the simulation
processor 6:6:3 used 0.0 Joules by being active during the execution of the simulation
processor 6:6:4 used 0.0 Joules by being active during the execution of the simulation
processor 6:6:5 used 0.0 Joules by being active during the execution of the simulation
processor 6:6:6 used 0.0 Joules by being active during the execution of the simulation
processor 6:6:7 used 0.0 Joules by being active during the execution of the simulation
processor 6:6:8 used 0.0 Joules by being active during the execution of the simulation
processor 6:6:9 used 0.0 Joules by being active during the execution of the simulation
processor 6:6:10 used 0.001214933333333304 Joules by being active during the execution of the simulation
processor 6:6:11 used 0.0 Joules by being active during the execution of the simulation
processor 6:6:12 used 0.0 Joules by being active during the execution of the simulation
processor 6:6:13 used 0.0 Joules by being active during the execution of the simulation
processor 6:6:14 used 0.0 Joules by being active during the execution of the simulation
processor 6:6:15 used 0.0 Joules by being active during the execution of the simulation
processor 6:6:16 used 0.0 Joules by being active during the execution of the simulation
processor 6:6:17 used 0.0 Joules by being active during the execution of the simulation
The chip at 6,6 used 1.8 Joules by being idle during the execution of the simulation

processor 6:7:0 used 0.17777777777778633 Joules by being active during the execution of the simulation
processor 6:7:1 (running ChipPowerMonitor on 6, 7) used 0.0 Joules by being active during the execution of the simulation
processor 6:7:2 used 0.0 Joules by being active during the execution of the simulation
processor 6:7:3 used 0.0 Joules by being active during the execution of the simulation
processor 6:7:4 used 0.0 Joules by being active during the execution of the simulation
processor 6:7:5 used 0.0 Joules by being active during the execution of the simulation
processor 6:7:6 used 0.0 Joules by being active during the execution of the simulation
processor 6:7:7 used 0.0 Joules by being active during the execution of the simulation
processor 6:7:8 used 0.0 Joules by being active during the execution of the simulation
processor 6:7:9 used 0.0 Joules by being active during the execution of the simulation
processor 6:7:10 used 0.0012458666666666398 Joules by being active during the execution of the simulation
processor 6:7:11 used 0.0 Joules by being active during the execution of the simulation
processor 6:7:12 used 0.0 Joules by being active during the execution of the simulation
processor 6:7:13 used 0.0 Joules by being active during the execution of the simulation
processor 6:7:14 used 0.0 Joules by being active during the execution of the simulation
processor 6:7:15 used 0.0 Joules by being active during the execution of the simulation
processor 6:7:16 used 0.0 Joules by being active during the execution of the simulation
processor 6:7:17 used 0.0 Joules by being active during the execution of the simulation
The chip at 6,7 used 1.8 Joules by being idle during the execution of the simulation

processor 7:3:0 used 0.17777777777778633 Joules by being active during the execution of the simulation
processor 7:3:1 (running ChipPowerMonitor on 7, 3) used 0.0 Joules by being active during the execution of the simulation
processor 7:3:2 used 0.0 Joules by being active during the execution of the simulation
processor 7:3:3 used 0.0 Joules by being active during the execution of the simulation
processor 7:3:4 used 0.0 Joules by being active during the execution of the simulation
processor 7:3:5 used 0.0 Joules by being active during the execution of the simulation
processor 7:3:6 used 0.0 Joules by being active during the execution of the simulation
processor 7:3:7 used 0.0 Joules by being active during the execution of the simulation
processor 7:3:8 used 0.0 Joules by being active during the execution of the simulation
processor 7:3:9 used 0.0 Joules by being active during the execution of the simulation
processor 7:3:10 used 0.0012302222222221944 Joules by being active during the execution of the simulation
processor 7:3:11 used 0.0 Joules by being active during the execution of the simulation
processor 7:3:12 used 0.0 Joules by being active during the execution of the simulation
processor 7:3:13 used 0.0 Joules by being active during the execution of the simulation
processor 7:3:14 used 0.0 Joules by being active during the execution of the simulation
processor 7:3:15 used 0.0 Joules by being active during the execution of the simulation
processor 7:3:16 used 0.0 Joules by being active during the execution of the simulation
processor 7:3:17 used 0.0 Joules by being active during the execution of the simulation
The chip at 7,3 used 1.8 Joules by being idle during the execution of the simulation

processor 7:4:0 used 0.17777777777778633 Joules by being active during the execution of the simulation
processor 7:4:1 (running ChipPowerMonitor on 7, 4) used 0.0355544888888888 Joules by being active during the execution of the simulation
processor 7:4:2 used 0.0 Joules by being active during the execution of the simulation
processor 7:4:3 used 0.0 Joules by being active during the execution of the simulation
processor 7:4:4 used 0.0 Joules by being active during the execution of the simulation
processor 7:4:5 used 0.0 Joules by being active during the execution of the simulation
processor 7:4:6 used 0.0 Joules by being active during the execution of the simulation
processor 7:4:7 used 0.0 Joules by being active during the execution of the simulation
processor 7:4:8 used 0.0 Joules by being active during the execution of the simulation
processor 7:4:9 used 0.0 Joules by being active during the execution of the simulation
processor 7:4:10 used 0.001225599999999971 Joules by being active during the execution of the simulation
processor 7:4:11 used 0.0 Joules by being active during the execution of the simulation
processor 7:4:12 used 0.0 Joules by being active during the execution of the simulation
processor 7:4:13 used 0.0 Joules by being active during the execution of the simulation
processor 7:4:14 used 0.0 Joules by being active during the execution of the simulation
processor 7:4:15 used 0.0 Joules by being active during the execution of the simulation
processor 7:4:16 used 0.0 Joules by being active during the execution of the simulation
processor 7:4:17 used 0.0 Joules by being active during the execution of the simulation
The chip at 7,4 used 1.8 Joules by being idle during the execution of the simulation

processor 7:5:0 used 0.17777777777778633 Joules by being active during the execution of the simulation
processor 7:5:1 (running ChipPowerMonitor on 7, 5) used 0.035555911111111026 Joules by being active during the execution of the simulation
processor 7:5:2 used 0.0 Joules by being active during the execution of the simulation
processor 7:5:3 used 0.0 Joules by being active during the execution of the simulation
processor 7:5:4 used 0.0 Joules by being active during the execution of the simulation
processor 7:5:5 used 0.0 Joules by being active during the execution of the simulation
processor 7:5:6 used 0.0 Joules by being active during the execution of the simulation
processor 7:5:7 used 0.0 Joules by being active during the execution of the simulation
processor 7:5:8 used 0.0 Joules by being active during the execution of the simulation
processor 7:5:9 used 0.0 Joules by being active during the execution of the simulation
processor 7:5:10 used 0.0012359111111110844 Joules by being active during the execution of the simulation
processor 7:5:11 used 0.0 Joules by being active during the execution of the simulation
processor 7:5:12 used 0.0 Joules by being active during the execution of the simulation
processor 7:5:13 used 0.0 Joules by being active during the execution of the simulation
processor 7:5:14 used 0.0 Joules by being active during the execution of the simulation
processor 7:5:15 used 0.0 Joules by being active during the execution of the simulation
processor 7:5:16 used 0.0 Joules by being active during the execution of the simulation
processor 7:5:17 used 0.0 Joules by being active during the execution of the simulation
The chip at 7,5 used 1.8 Joules by being idle during the execution of the simulation

processor 7:6:0 used 0.17777777777778633 Joules by being active during the execution of the simulation
processor 7:6:1 (running ChipPowerMonitor on 7, 6) used 0.035555555555555465 Joules by being active during the execution of the simulation
processor 7:6:2 used 0.0 Joules by being active during the execution of the simulation
processor 7:6:3 used 0.0 Joules by being active during the execution of the simulation
processor 7:6:4 used 0.0 Joules by being active during the execution of the simulation
processor 7:6:5 used 0.0 Joules by being active during the execution of the simulation
processor 7:6:6 used 0.0 Joules by being active during the execution of the simulation
processor 7:6:7 used 0.0 Joules by being active during the execution of the simulation
processor 7:6:8 used 0.0 Joules by being active during the execution of the simulation
processor 7:6:9 used 0.0 Joules by being active during the execution of the simulation
processor 7:6:10 used 0.0012287999999999713 Joules by being active during the execution of the simulation
processor 7:6:11 used 0.0 Joules by being active during the execution of the simulation
processor 7:6:12 used 0.0 Joules by being active during the execution of the simulation
processor 7:6:13 used 0.0 Joules by being active during the execution of the simulation
processor 7:6:14 used 0.0 Joules by being active during the execution of the simulation
processor 7:6:15 used 0.0 Joules by being active during the execution of the simulation
processor 7:6:16 used 0.0 Joules by being active during the execution of the simulation
processor 7:6:17 used 0.0 Joules by being active during the execution of the simulation
The chip at 7,6 used 1.8 Joules by being idle during the execution of the simulation

processor 7:7:0 used 0.17777777777778633 Joules by being active during the execution of the simulation
processor 7:7:1 (running ChipPowerMonitor on 7, 7) used 0.0 Joules by being active during the execution of the simulation
processor 7:7:2 used 0.0 Joules by being active during the execution of the simulation
processor 7:7:3 used 0.0 Joules by being active during the execution of the simulation
processor 7:7:4 used 0.0 Joules by being active during the execution of the simulation
processor 7:7:5 used 0.0 Joules by being active during the execution of the simulation
processor 7:7:6 used 0.0 Joules by being active during the execution of the simulation
processor 7:7:7 used 0.0 Joules by being active during the execution of the simulation
processor 7:7:8 used 0.0 Joules by being active during the execution of the simulation
processor 7:7:9 used 0.0 Joules by being active during the execution of the simulation
processor 7:7:10 used 0.001227733333333307 Joules by being active during the execution of the simulation
processor 7:7:11 used 0.0 Joules by being active during the execution of the simulation
processor 7:7:12 used 0.0 Joules by being active during the execution of the simulation
processor 7:7:13 used 0.0 Joules by being active during the execution of the simulation
processor 7:7:14 used 0.0 Joules by being active during the execution of the simulation
processor 7:7:15 used 0.0 Joules by being active during the execution of the simulation
processor 7:7:16 used 0.0 Joules by being active during the execution of the simulation
processor 7:7:17 used 0.0 Joules by being active during the execution of the simulation
The chip at 7,7 used 1.8 Joules by being idle during the execution of the simulation
