This report is based off energy estimates for individual components of the SpiNNaker machine. It is not meant to be completely accurate. But does use provenance data gathered from the machine to estimate the energy usage and therefore should be in the right ballpark.


The energy components we use are as follows:

The energy usage for a chip when all cores are 100% active for a millisecond is 0.0006399999999999999 Joules.
The energy usage for a chip when all cores are not active for a millisecond is 0.00036 Joules.
The energy used by the machine for firing a packet is 8e-10 Joules.
The energy used by each active FPGA per millisecond is 0.000584635 Joules.


The packet cost is 0.008015891200000003 Joules
0 FPGAs on the Spalloc-ed boards are turned on and therefore the energy used by the FPGA during the entire time the machine was booted (which was 60944.072 ms) is 0.0 Joules. The usage during execution was 0.0 Joules.The amount of time used during the loading process is 28085.286999999997 milliseconds.
Assumed only 2 monitor cores is executing that this point. We also assume that there is a baseline active router/cooling component that is using 4340.865163455298 Joules. Overall the energy usage is 4785.387505539742 Joules.
The amount of time used during the data extraction process is 1205.526 milliseconds.
Assumed only 2 monitor cores is executing at this point. We also assume that there is a baseline active router/cooling component that is using 185.848177421508 Joules. Hence the overall energy usage is 1620.858883995049 Joules.

processor 0:0:0 used 0.035555555555555465 Joules by being active during the execution of the simulation
processor 0:0:1 (running ChipPowerMonitor on 0, 0) used 0.0 Joules by being active during the execution of the simulation
processor 0:0:2 used 0.0002560000000000015 Joules by being active during the execution of the simulation
processor 0:0:3 used 0.0 Joules by being active during the execution of the simulation
processor 0:0:4 used 0.0014190222222222168 Joules by being active during the execution of the simulation
processor 0:0:5 used 0.0014243555555555503 Joules by being active during the execution of the simulation
processor 0:0:6 used 0.00142613333333333 Joules by being active during the execution of the simulation
processor 0:0:7 used 0.0014325333333333292 Joules by being active during the execution of the simulation
processor 0:0:8 used 0.0014090666666666616 Joules by being active during the execution of the simulation
processor 0:0:9 used 0.0014314666666666615 Joules by being active during the execution of the simulation
processor 0:0:10 used 0.001425777777777772 Joules by being active during the execution of the simulation
processor 0:0:11 used 0.0014314666666666628 Joules by being active during the execution of the simulation
processor 0:0:12 used 0.0014083555555555506 Joules by being active during the execution of the simulation
processor 0:0:13 used 0.0014175999999999943 Joules by being active during the execution of the simulation
processor 0:0:14 used 0.001422933333333329 Joules by being active during the execution of the simulation
processor 0:0:15 used 0.0014268444444444385 Joules by being active during the execution of the simulation
processor 0:0:16 used 0.0014321777777777731 Joules by being active during the execution of the simulation
processor 0:0:17 used 0.0014200888888888836 Joules by being active during the execution of the simulation
The chip at 0,0 used 0.36000000000000004 Joules by being idle during the execution of the simulation

processor 0:1:0 used 0.035555555555555465 Joules by being active during the execution of the simulation
processor 0:1:1 (running ChipPowerMonitor on 0, 1) used 0.0 Joules by being active during the execution of the simulation
processor 0:1:2 used 0.0014143999999999945 Joules by being active during the execution of the simulation
processor 0:1:3 used 0.0014389333333333283 Joules by being active during the execution of the simulation
processor 0:1:4 used 0.0014282666666666605 Joules by being active during the execution of the simulation
processor 0:1:5 used 0.001418311111111106 Joules by being active during the execution of the simulation
processor 0:1:6 used 0.0014175999999999946 Joules by being active during the execution of the simulation
processor 0:1:7 used 0.0013998222222222168 Joules by being active during the execution of the simulation
processor 0:1:8 used 0.0014197333333333282 Joules by being active during the execution of the simulation
processor 0:1:9 used 0.001419022222222217 Joules by being active during the execution of the simulation
processor 0:1:10 used 0.0002577777777777793 Joules by being active during the execution of the simulation
processor 0:1:11 used 0.0013944888888888837 Joules by being active during the execution of the simulation
processor 0:1:12 used 0.0014094222222222174 Joules by being active during the execution of the simulation
processor 0:1:13 used 0.001409777777777773 Joules by being active during the execution of the simulation
processor 0:1:14 used 0.0014161777777777734 Joules by being active during the execution of the simulation
processor 0:1:15 used 0.0014129777777777722 Joules by being active during the execution of the simulation
processor 0:1:16 used 0.0014236444444444406 Joules by being active during the execution of the simulation
processor 0:1:17 used 0.00139555555555555 Joules by being active during the execution of the simulation
The chip at 0,1 used 0.36000000000000004 Joules by being idle during the execution of the simulation

processor 0:2:0 used 0.035555555555555465 Joules by being active during the execution of the simulation
processor 0:2:1 (running ChipPowerMonitor on 0, 2) used 0.0 Joules by being active during the execution of the simulation
processor 0:2:2 used 0.0014136888888888826 Joules by being active during the execution of the simulation
processor 0:2:3 used 0.0014072888888888835 Joules by being active during the execution of the simulation
processor 0:2:4 used 0.001407999999999995 Joules by being active during the execution of the simulation
processor 0:2:5 used 0.0014232888888888835 Joules by being active during the execution of the simulation
processor 0:2:6 used 0.0014204444444444401 Joules by being active during the execution of the simulation
processor 0:2:7 used 0.0014254222222222163 Joules by being active during the execution of the simulation
processor 0:2:8 used 0.001412977777777773 Joules by being active during the execution of the simulation
processor 0:2:9 used 0.0014051555555555499 Joules by being active during the execution of the simulation
processor 0:2:10 used 0.0002570666666666682 Joules by being active during the execution of the simulation
processor 0:2:11 used 0.0014030222222222164 Joules by being active during the execution of the simulation
processor 0:2:12 used 0.001428622222222217 Joules by being active during the execution of the simulation
processor 0:2:13 used 0.0014008888888888836 Joules by being active during the execution of the simulation
processor 0:2:14 used 0.0014207999999999953 Joules by being active during the execution of the simulation
processor 0:2:15 used 0.0014104888888888836 Joules by being active during the execution of the simulation
processor 0:2:16 used 0.0014083555555555508 Joules by being active during the execution of the simulation
processor 0:2:17 used 0.001421866666666662 Joules by being active during the execution of the simulation
The chip at 0,2 used 0.36000000000000004 Joules by being idle during the execution of the simulation

processor 0:3:0 used 0.035555555555555465 Joules by being active during the execution of the simulation
processor 0:3:1 (running ChipPowerMonitor on 0, 3) used 3.5555555555555553e-07 Joules by being active during the execution of the simulation
processor 0:3:2 used 0.001425066666666661 Joules by being active during the execution of the simulation
processor 0:3:3 used 0.0014200888888888834 Joules by being active during the execution of the simulation
processor 0:3:4 used 0.0014335999999999934 Joules by being active during the execution of the simulation
processor 0:3:5 used 0.0014538666666666627 Joules by being active during the execution of the simulation
processor 0:3:6 used 0.0014311111111111059 Joules by being active during the execution of the simulation
processor 0:3:7 used 0.0014293333333333265 Joules by being active during the execution of the simulation
processor 0:3:8 used 0.0014407111111111061 Joules by being active during the execution of the simulation
processor 0:3:9 used 0.0014325333333333277 Joules by being active during the execution of the simulation
processor 0:3:10 used 0.0002535111111111126 Joules by being active during the execution of the simulation
processor 0:3:11 used 0.0014375111111111067 Joules by being active during the execution of the simulation
processor 0:3:12 used 0.0014222222222222158 Joules by being active during the execution of the simulation
processor 0:3:13 used 0.0014367999999999965 Joules by being active during the execution of the simulation
processor 0:3:14 used 0.0014236444444444393 Joules by being active during the execution of the simulation
processor 0:3:15 used 0.0014197333333333276 Joules by being active during the execution of the simulation
processor 0:3:16 used 0.001406933333333327 Joules by being active during the execution of the simulation
processor 0:3:17 used 0.001420088888888883 Joules by being active during the execution of the simulation
The chip at 0,3 used 0.36000000000000004 Joules by being idle during the execution of the simulation

processor 1:0:0 used 0.035555555555555465 Joules by being active during the execution of the simulation
processor 1:0:1 (running ChipPowerMonitor on 1, 0) used 0.0 Joules by being active during the execution of the simulation
processor 1:0:2 used 0.001413333333333328 Joules by being active during the execution of the simulation
processor 1:0:3 used 0.0014126222222222164 Joules by being active during the execution of the simulation
processor 1:0:4 used 0.0014175999999999954 Joules by being active during the execution of the simulation
processor 1:0:5 used 0.0014168888888888844 Joules by being active during the execution of the simulation
processor 1:0:6 used 0.0014247111111111066 Joules by being active during the execution of the simulation
processor 1:0:7 used 0.0014254222222222174 Joules by being active during the execution of the simulation
processor 1:0:8 used 0.0014058666666666607 Joules by being active during the execution of the simulation
processor 1:0:9 used 0.0014101333333333273 Joules by being active during the execution of the simulation
processor 1:0:10 used 0.00025564444444444595 Joules by being active during the execution of the simulation
processor 1:0:11 used 0.0014207999999999946 Joules by being active during the execution of the simulation
processor 1:0:12 used 0.0014215111111111065 Joules by being active during the execution of the simulation
processor 1:0:13 used 0.0014158222222222174 Joules by being active during the execution of the simulation
processor 1:0:14 used 0.0014058666666666615 Joules by being active during the execution of the simulation
processor 1:0:15 used 0.0014047999999999953 Joules by being active during the execution of the simulation
processor 1:0:16 used 0.0014090666666666605 Joules by being active during the execution of the simulation
processor 1:0:17 used 0.001417599999999995 Joules by being active during the execution of the simulation
The chip at 1,0 used 0.36000000000000004 Joules by being idle during the execution of the simulation

processor 1:1:0 used 0.035555555555555465 Joules by being active during the execution of the simulation
processor 1:1:1 (running ChipPowerMonitor on 1, 1) used 0.0 Joules by being active during the execution of the simulation
processor 1:1:2 used 0.0014111999999999935 Joules by being active during the execution of the simulation
processor 1:1:3 used 0.0 Joules by being active during the execution of the simulation
processor 1:1:4 used 0.0014108444444444388 Joules by being active during the execution of the simulation
processor 1:1:5 used 0.0014389333333333287 Joules by being active during the execution of the simulation
processor 1:1:6 used 0.0014197333333333285 Joules by being active during the execution of the simulation
processor 1:1:7 used 0.0014115555555555507 Joules by being active during the execution of the simulation
processor 1:1:8 used 0.0014254222222222178 Joules by being active during the execution of the simulation
processor 1:1:9 used 0.0014183111111111058 Joules by being active during the execution of the simulation
processor 1:1:10 used 0.001417244444444439 Joules by being active during the execution of the simulation
processor 1:1:11 used 0.00024924444444444596 Joules by being active during the execution of the simulation
processor 1:1:12 used 0.0014151111111111061 Joules by being active during the execution of the simulation
processor 1:1:13 used 0.00142044444444444 Joules by being active during the execution of the simulation
processor 1:1:14 used 0.0014136888888888828 Joules by being active during the execution of the simulation
processor 1:1:15 used 0.001415822222222217 Joules by being active during the execution of the simulation
processor 1:1:16 used 0.0014239999999999943 Joules by being active during the execution of the simulation
processor 1:1:17 used 0.0014079999999999943 Joules by being active during the execution of the simulation
The chip at 1,1 used 0.36000000000000004 Joules by being idle during the execution of the simulation

processor 1:2:0 used 0.035555555555555465 Joules by being active during the execution of the simulation
processor 1:2:1 (running ChipPowerMonitor on 1, 2) used 0.0 Joules by being active during the execution of the simulation
processor 1:2:2 used 0.001407288888888883 Joules by being active during the execution of the simulation
processor 1:2:3 used 0.001416888888888883 Joules by being active during the execution of the simulation
processor 1:2:4 used 0.0014239999999999958 Joules by being active during the execution of the simulation
processor 1:2:5 used 0.0014055111111111061 Joules by being active during the execution of the simulation
processor 1:2:6 used 0.0014175999999999946 Joules by being active during the execution of the simulation
processor 1:2:7 used 0.0014179555555555502 Joules by being active during the execution of the simulation
processor 1:2:8 used 0.0014119111111111052 Joules by being active during the execution of the simulation
processor 1:2:9 used 0.0014264888888888831 Joules by being active during the execution of the simulation
processor 1:2:10 used 0.0002552888888888904 Joules by being active during the execution of the simulation
processor 1:2:11 used 0.0014101333333333295 Joules by being active during the execution of the simulation
processor 1:2:12 used 0.0014076444444444394 Joules by being active during the execution of the simulation
processor 1:2:13 used 0.0014161777777777723 Joules by being active during the execution of the simulation
processor 1:2:14 used 0.0014161777777777721 Joules by being active during the execution of the simulation
processor 1:2:15 used 0.0014108444444444394 Joules by being active during the execution of the simulation
processor 1:2:16 used 0.0014211555555555507 Joules by being active during the execution of the simulation
processor 1:2:17 used 0.001414755555555551 Joules by being active during the execution of the simulation
The chip at 1,2 used 0.36000000000000004 Joules by being idle during the execution of the simulation

processor 1:3:0 used 0.035555555555555465 Joules by being active during the execution of the simulation
processor 1:3:1 (running ChipPowerMonitor on 1, 3) used 0.03555484444444436 Joules by being active during the execution of the simulation
processor 1:3:2 used 0.0014296888888888845 Joules by being active during the execution of the simulation
processor 1:3:3 used 0.0014136888888888828 Joules by being active during the execution of the simulation
processor 1:3:4 used 0.0014186666666666607 Joules by being active during the execution of the simulation
processor 1:3:5 used 0.0014343111111111064 Joules by being active during the execution of the simulation
processor 1:3:6 used 0.001427911111111106 Joules by being active during the execution of the simulation
processor 1:3:7 used 0.001422577777777772 Joules by being active during the execution of the simulation
processor 1:3:8 used 0.001427199999999995 Joules by being active during the execution of the simulation
processor 1:3:9 used 0.0014072888888888827 Joules by being active during the execution of the simulation
processor 1:3:10 used 0.00025208888888889037 Joules by being active during the execution of the simulation
processor 1:3:11 used 0.0014236444444444395 Joules by being active during the execution of the simulation
processor 1:3:12 used 0.0014343111111111062 Joules by being active during the execution of the simulation
processor 1:3:13 used 0.0014332444444444396 Joules by being active during the execution of the simulation
processor 1:3:14 used 0.0014087111111111053 Joules by being active during the execution of the simulation
processor 1:3:15 used 0.001441422222222216 Joules by being active during the execution of the simulation
processor 1:3:16 used 0.0 Joules by being active during the execution of the simulation
processor 1:3:17 used 0.0014360888888888838 Joules by being active during the execution of the simulation
The chip at 1,3 used 0.36000000000000004 Joules by being idle during the execution of the simulation

processor 1:4:0 used 0.035555555555555465 Joules by being active during the execution of the simulation
processor 1:4:1 (running ChipPowerMonitor on 1, 4) used 0.0 Joules by being active during the execution of the simulation
processor 1:4:2 used 0.0 Joules by being active during the execution of the simulation
processor 1:4:3 used 0.0 Joules by being active during the execution of the simulation
processor 1:4:4 used 0.0 Joules by being active during the execution of the simulation
processor 1:4:5 used 0.0 Joules by being active during the execution of the simulation
processor 1:4:6 used 0.0 Joules by being active during the execution of the simulation
processor 1:4:7 used 0.0 Joules by being active during the execution of the simulation
processor 1:4:8 used 0.0 Joules by being active during the execution of the simulation
processor 1:4:9 used 0.0 Joules by being active during the execution of the simulation
processor 1:4:10 used 0.0002471111111111126 Joules by being active during the execution of the simulation
processor 1:4:11 used 0.0 Joules by being active during the execution of the simulation
processor 1:4:12 used 0.0 Joules by being active during the execution of the simulation
processor 1:4:13 used 0.0 Joules by being active during the execution of the simulation
processor 1:4:14 used 0.0 Joules by being active during the execution of the simulation
processor 1:4:15 used 0.0 Joules by being active during the execution of the simulation
processor 1:4:16 used 0.0 Joules by being active during the execution of the simulation
processor 1:4:17 used 0.0 Joules by being active during the execution of the simulation
The chip at 1,4 used 0.36000000000000004 Joules by being idle during the execution of the simulation

processor 2:0:0 used 0.035555555555555465 Joules by being active during the execution of the simulation
processor 2:0:1 (running ChipPowerMonitor on 2, 0) used 3.5555555555555553e-07 Joules by being active during the execution of the simulation
processor 2:0:2 used 0.0014094222222222172 Joules by being active during the execution of the simulation
processor 2:0:3 used 0.0014154666666666622 Joules by being active during the execution of the simulation
processor 2:0:4 used 0.0014175999999999952 Joules by being active during the execution of the simulation
processor 2:0:5 used 0.0014026666666666612 Joules by being active during the execution of the simulation
processor 2:0:6 used 0.0014122666666666619 Joules by being active during the execution of the simulation
processor 2:0:7 used 0.0014104888888888845 Joules by being active during the execution of the simulation
processor 2:0:8 used 0.0014076444444444396 Joules by being active during the execution of the simulation
processor 2:0:9 used 0.0014097777777777722 Joules by being active during the execution of the simulation
processor 2:0:10 used 0.00025208888888889037 Joules by being active during the execution of the simulation
processor 2:0:11 used 0.0014154666666666622 Joules by being active during the execution of the simulation
processor 2:0:12 used 0.0014033777777777742 Joules by being active during the execution of the simulation
processor 2:0:13 used 0.0014023111111111063 Joules by being active during the execution of the simulation
processor 2:0:14 used 0.0013998222222222163 Joules by being active during the execution of the simulation
processor 2:0:15 used 0.0014161777777777734 Joules by being active during the execution of the simulation
processor 2:0:16 used 0.0014001777777777739 Joules by being active during the execution of the simulation
processor 2:0:17 used 0.0014108444444444394 Joules by being active during the execution of the simulation
The chip at 2,0 used 0.36000000000000004 Joules by being idle during the execution of the simulation

processor 2:1:0 used 0.035555555555555465 Joules by being active during the execution of the simulation
processor 2:1:1 (running ChipPowerMonitor on 2, 1) used 0.0 Joules by being active during the execution of the simulation
processor 2:1:2 used 0.0014076444444444394 Joules by being active during the execution of the simulation
processor 2:1:3 used 0.0014222222222222169 Joules by being active during the execution of the simulation
processor 2:1:4 used 0.00140835555555555 Joules by being active during the execution of the simulation
processor 2:1:5 used 0.0014069333333333286 Joules by being active during the execution of the simulation
processor 2:1:6 used 0.001400888888888883 Joules by being active during the execution of the simulation
processor 2:1:7 used 0.0014030222222222168 Joules by being active during the execution of the simulation
processor 2:1:8 used 0.0013980444444444393 Joules by being active during the execution of the simulation
processor 2:1:9 used 0.0014321777777777716 Joules by being active during the execution of the simulation
processor 2:1:10 used 0.00025208888888889037 Joules by being active during the execution of the simulation
processor 2:1:11 used 0.0014311111111111063 Joules by being active during the execution of the simulation
processor 2:1:12 used 0.0014076444444444391 Joules by being active during the execution of the simulation
processor 2:1:13 used 0.0014069333333333277 Joules by being active during the execution of the simulation
processor 2:1:14 used 0.0014111999999999955 Joules by being active during the execution of the simulation
processor 2:1:15 used 0.0013966222222222175 Joules by being active during the execution of the simulation
processor 2:1:16 used 0.001395199999999994 Joules by being active during the execution of the simulation
processor 2:1:17 used 0.0014140444444444395 Joules by being active during the execution of the simulation
The chip at 2,1 used 0.36000000000000004 Joules by being idle during the execution of the simulation

processor 2:2:0 used 0.035555555555555465 Joules by being active during the execution of the simulation
processor 2:2:1 (running ChipPowerMonitor on 2, 2) used 0.0 Joules by being active during the execution of the simulation
processor 2:2:2 used 0.0014204444444444384 Joules by being active during the execution of the simulation
processor 2:2:3 used 0.0014097777777777726 Joules by being active during the execution of the simulation
processor 2:2:4 used 0.0014076444444444391 Joules by being active during the execution of the simulation
processor 2:2:5 used 0.0014115555555555496 Joules by being active during the execution of the simulation
processor 2:2:6 used 0.0014129777777777714 Joules by being active during the execution of the simulation
processor 2:2:7 used 0.001405511111111105 Joules by being active during the execution of the simulation
processor 2:2:8 used 0.0014058666666666609 Joules by being active during the execution of the simulation
processor 2:2:9 used 0.001405866666666661 Joules by being active during the execution of the simulation
processor 2:2:10 used 0.0002570666666666682 Joules by being active during the execution of the simulation
processor 2:2:11 used 0.0014165333333333282 Joules by being active during the execution of the simulation
processor 2:2:12 used 0.001407644444444439 Joules by being active during the execution of the simulation
processor 2:2:13 used 0.0014133333333333283 Joules by being active during the execution of the simulation
processor 2:2:14 used 0.0014069333333333281 Joules by being active during the execution of the simulation
processor 2:2:15 used 0.0014044444444444397 Joules by being active during the execution of the simulation
processor 2:2:16 used 0.0014129777777777718 Joules by being active during the execution of the simulation
processor 2:2:17 used 0.0014122666666666608 Joules by being active during the execution of the simulation
The chip at 2,2 used 0.36000000000000004 Joules by being idle during the execution of the simulation

processor 2:3:0 used 0.035555555555555465 Joules by being active during the execution of the simulation
processor 2:3:1 (running ChipPowerMonitor on 2, 3) used 0.0 Joules by being active during the execution of the simulation
processor 2:3:2 used 0.0014179555555555493 Joules by being active during the execution of the simulation
processor 2:3:3 used 0.0014051555555555488 Joules by being active during the execution of the simulation
processor 2:3:4 used 0.0014307555555555485 Joules by being active during the execution of the simulation
processor 2:3:5 used 0.001400177777777772 Joules by being active during the execution of the simulation
processor 2:3:6 used 0.0014211555555555507 Joules by being active during the execution of the simulation
processor 2:3:7 used 0.0014065777777777717 Joules by being active during the execution of the simulation
processor 2:3:8 used 0.0014183111111111064 Joules by being active during the execution of the simulation
processor 2:3:9 used 0.0014193777777777713 Joules by being active during the execution of the simulation
processor 2:3:10 used 0.00025351111111111265 Joules by being active during the execution of the simulation
processor 2:3:11 used 0.0014268444444444392 Joules by being active during the execution of the simulation
processor 2:3:12 used 0.0014168888888888836 Joules by being active during the execution of the simulation
processor 2:3:13 used 0.0014072888888888825 Joules by being active during the execution of the simulation
processor 2:3:14 used 0.001416888888888882 Joules by being active during the execution of the simulation
processor 2:3:15 used 0.0014179555555555502 Joules by being active during the execution of the simulation
processor 2:3:16 used 0.0014140444444444393 Joules by being active during the execution of the simulation
processor 2:3:17 used 0.00140195555555555 Joules by being active during the execution of the simulation
The chip at 2,3 used 0.36000000000000004 Joules by being idle during the execution of the simulation

processor 2:4:0 used 0.035555555555555465 Joules by being active during the execution of the simulation
processor 2:4:1 (running ChipPowerMonitor on 2, 4) used 0.0 Joules by being active during the execution of the simulation
processor 2:4:2 used 0.0 Joules by being active during the execution of the simulation
processor 2:4:3 used 0.0 Joules by being active during the execution of the simulation
processor 2:4:4 used 0.0 Joules by being active during the execution of the simulation
processor 2:4:5 used 0.0 Joules by being active during the execution of the simulation
processor 2:4:6 used 0.0 Joules by being active during the execution of the simulation
processor 2:4:7 used 0.0 Joules by being active during the execution of the simulation
processor 2:4:8 used 0.0 Joules by being active during the execution of the simulation
processor 2:4:9 used 0.0 Joules by being active during the execution of the simulation
processor 2:4:10 used 0.0002456888888888904 Joules by being active during the execution of the simulation
processor 2:4:11 used 0.0 Joules by being active during the execution of the simulation
processor 2:4:12 used 0.0 Joules by being active during the execution of the simulation
processor 2:4:13 used 0.0 Joules by being active during the execution of the simulation
processor 2:4:14 used 0.0 Joules by being active during the execution of the simulation
processor 2:4:15 used 0.0 Joules by being active during the execution of the simulation
processor 2:4:16 used 0.0 Joules by being active during the execution of the simulation
processor 2:4:17 used 0.0 Joules by being active during the execution of the simulation
The chip at 2,4 used 0.36000000000000004 Joules by being idle during the execution of the simulation

processor 2:5:0 used 0.035555555555555465 Joules by being active during the execution of the simulation
processor 2:5:1 (running ChipPowerMonitor on 2, 5) used 0.0 Joules by being active during the execution of the simulation
processor 2:5:2 used 0.0 Joules by being active during the execution of the simulation
processor 2:5:3 used 0.0 Joules by being active during the execution of the simulation
processor 2:5:4 used 0.0 Joules by being active during the execution of the simulation
processor 2:5:5 used 0.0 Joules by being active during the execution of the simulation
processor 2:5:6 used 0.0 Joules by being active during the execution of the simulation
processor 2:5:7 used 0.0 Joules by being active during the execution of the simulation
processor 2:5:8 used 0.0 Joules by being active during the execution of the simulation
processor 2:5:9 used 0.0 Joules by being active during the execution of the simulation
processor 2:5:10 used 0.00024426666666666814 Joules by being active during the execution of the simulation
processor 2:5:11 used 0.0 Joules by being active during the execution of the simulation
processor 2:5:12 used 0.0 Joules by being active during the execution of the simulation
processor 2:5:13 used 0.0 Joules by being active during the execution of the simulation
processor 2:5:14 used 0.0 Joules by being active during the execution of the simulation
processor 2:5:15 used 0.0 Joules by being active during the execution of the simulation
processor 2:5:16 used 0.0 Joules by being active during the execution of the simulation
processor 2:5:17 used 0.0 Joules by being active during the execution of the simulation
The chip at 2,5 used 0.36000000000000004 Joules by being idle during the execution of the simulation

processor 3:0:0 used 0.035555555555555465 Joules by being active during the execution of the simulation
processor 3:0:1 (running ChipPowerMonitor on 3, 0) used 3.5555555555555553e-07 Joules by being active during the execution of the simulation
processor 3:0:2 used 0.0014207999999999962 Joules by being active during the execution of the simulation
processor 3:0:3 used 0.00143644444444444 Joules by being active during the execution of the simulation
processor 3:0:4 used 0.001423999999999995 Joules by being active during the execution of the simulation
processor 3:0:5 used 0.0014346666666666618 Joules by being active during the execution of the simulation
processor 3:0:6 used 0.001418311111111107 Joules by being active during the execution of the simulation
processor 3:0:7 used 0.001415111111111105 Joules by being active during the execution of the simulation
processor 3:0:8 used 0.0014101333333333276 Joules by being active during the execution of the simulation
processor 3:0:9 used 0.0014300444444444395 Joules by being active during the execution of the simulation
processor 3:0:10 used 0.00025280000000000154 Joules by being active during the execution of the simulation
processor 3:0:11 used 0.0014207999999999949 Joules by being active during the execution of the simulation
processor 3:0:12 used 0.0014097777777777715 Joules by being active during the execution of the simulation
processor 3:0:13 used 0.001427199999999996 Joules by being active during the execution of the simulation
processor 3:0:14 used 0.0014115555555555507 Joules by being active during the execution of the simulation
processor 3:0:15 used 0.0014172444444444398 Joules by being active during the execution of the simulation
processor 3:0:16 used 0.0 Joules by being active during the execution of the simulation
processor 3:0:17 used 0.001421866666666662 Joules by being active during the execution of the simulation
The chip at 3,0 used 0.36000000000000004 Joules by being idle during the execution of the simulation

processor 3:1:0 used 0.035555555555555465 Joules by being active during the execution of the simulation
processor 3:1:1 (running ChipPowerMonitor on 3, 1) used 0.0 Joules by being active during the execution of the simulation
processor 3:1:2 used 0.001408711111111105 Joules by being active during the execution of the simulation
processor 3:1:3 used 0.0 Joules by being active during the execution of the simulation
processor 3:1:4 used 0.001406933333333327 Joules by being active during the execution of the simulation
processor 3:1:5 used 0.001433955555555551 Joules by being active during the execution of the simulation
processor 3:1:6 used 0.0014065777777777723 Joules by being active during the execution of the simulation
processor 3:1:7 used 0.0014065777777777732 Joules by being active during the execution of the simulation
processor 3:1:8 used 0.0014133333333333274 Joules by being active during the execution of the simulation
processor 3:1:9 used 0.0014207999999999949 Joules by being active during the execution of the simulation
processor 3:1:10 used 0.0014218666666666621 Joules by being active during the execution of the simulation
processor 3:1:11 used 0.001427199999999995 Joules by being active during the execution of the simulation
processor 3:1:12 used 0.0014055111111111055 Joules by being active during the execution of the simulation
processor 3:1:13 used 0.001428977777777773 Joules by being active during the execution of the simulation
processor 3:1:14 used 0.001414399999999995 Joules by being active during the execution of the simulation
processor 3:1:15 used 0.0002485333333333348 Joules by being active during the execution of the simulation
processor 3:1:16 used 0.0014058666666666613 Joules by being active during the execution of the simulation
processor 3:1:17 used 0.0014019555555555502 Joules by being active during the execution of the simulation
The chip at 3,1 used 0.36000000000000004 Joules by being idle during the execution of the simulation

processor 3:2:0 used 0.035555555555555465 Joules by being active during the execution of the simulation
processor 3:2:1 (running ChipPowerMonitor on 3, 2) used 3.5555555555555553e-07 Joules by being active during the execution of the simulation
processor 3:2:2 used 0.001421511111111105 Joules by being active during the execution of the simulation
processor 3:2:3 used 0.0014193777777777724 Joules by being active during the execution of the simulation
processor 3:2:4 used 0.0014300444444444388 Joules by being active during the execution of the simulation
processor 3:2:5 used 0.0014225777777777725 Joules by being active during the execution of the simulation
processor 3:2:6 used 0.001421866666666662 Joules by being active during the execution of the simulation
processor 3:2:7 used 0.0014300444444444406 Joules by being active during the execution of the simulation
processor 3:2:8 used 0.001423999999999995 Joules by being active during the execution of the simulation
processor 3:2:9 used 0.0014190222222222179 Joules by being active during the execution of the simulation
processor 3:2:10 used 0.000255644444444446 Joules by being active during the execution of the simulation
processor 3:2:11 used 0.0014087111111111062 Joules by being active during the execution of the simulation
processor 3:2:12 used 0.0014129777777777716 Joules by being active during the execution of the simulation
processor 3:2:13 used 0.0014254222222222167 Joules by being active during the execution of the simulation
processor 3:2:14 used 0.0014257777777777723 Joules by being active during the execution of the simulation
processor 3:2:15 used 0.0014197333333333274 Joules by being active during the execution of the simulation
processor 3:2:16 used 0.0014229333333333283 Joules by being active during the execution of the simulation
processor 3:2:17 used 0.0013998222222222165 Joules by being active during the execution of the simulation
The chip at 3,2 used 0.36000000000000004 Joules by being idle during the execution of the simulation

processor 3:3:0 used 0.035555555555555465 Joules by being active during the execution of the simulation
processor 3:3:1 (running ChipPowerMonitor on 3, 3) used 0.0 Joules by being active during the execution of the simulation
processor 3:3:2 used 0.0014207999999999938 Joules by being active during the execution of the simulation
processor 3:3:3 used 0.0014104888888888832 Joules by being active during the execution of the simulation
processor 3:3:4 used 0.001416533333333328 Joules by being active during the execution of the simulation
processor 3:3:5 used 0.0014250666666666616 Joules by being active during the execution of the simulation
processor 3:3:6 used 0.001422577777777773 Joules by being active during the execution of the simulation
processor 3:3:7 used 0.0014165333333333273 Joules by being active during the execution of the simulation
processor 3:3:8 used 0.001419733333333328 Joules by being active during the execution of the simulation
processor 3:3:9 used 0.001410133333333328 Joules by being active during the execution of the simulation
processor 3:3:10 used 0.0002542222222222237 Joules by being active during the execution of the simulation
processor 3:3:11 used 0.0014222222222222184 Joules by being active during the execution of the simulation
processor 3:3:12 used 0.0014268444444444394 Joules by being active during the execution of the simulation
processor 3:3:13 used 0.0014293333333333293 Joules by being active during the execution of the simulation
processor 3:3:14 used 0.0014236444444444389 Joules by being active during the execution of the simulation
processor 3:3:15 used 0.0014051555555555496 Joules by being active during the execution of the simulation
processor 3:3:16 used 0.0 Joules by being active during the execution of the simulation
processor 3:3:17 used 0.0014197333333333276 Joules by being active during the execution of the simulation
The chip at 3,3 used 0.36000000000000004 Joules by being idle during the execution of the simulation

processor 3:4:0 used 0.035555555555555465 Joules by being active during the execution of the simulation
processor 3:4:1 (running ChipPowerMonitor on 3, 4) used 0.0 Joules by being active during the execution of the simulation
processor 3:4:2 used 0.0 Joules by being active during the execution of the simulation
processor 3:4:3 used 0.0 Joules by being active during the execution of the simulation
processor 3:4:4 used 0.0 Joules by being active during the execution of the simulation
processor 3:4:5 used 0.0 Joules by being active during the execution of the simulation
processor 3:4:6 used 0.0 Joules by being active during the execution of the simulation
processor 3:4:7 used 0.0 Joules by being active during the execution of the simulation
processor 3:4:8 used 0.0 Joules by being active during the execution of the simulation
processor 3:4:9 used 0.0 Joules by being active during the execution of the simulation
processor 3:4:10 used 0.00024746666666666816 Joules by being active during the execution of the simulation
processor 3:4:11 used 0.0 Joules by being active during the execution of the simulation
processor 3:4:12 used 0.0 Joules by being active during the execution of the simulation
processor 3:4:13 used 0.0 Joules by being active during the execution of the simulation
processor 3:4:14 used 0.0 Joules by being active during the execution of the simulation
processor 3:4:15 used 0.0 Joules by being active during the execution of the simulation
processor 3:4:16 used 0.0 Joules by being active during the execution of the simulation
processor 3:4:17 used 0.0 Joules by being active during the execution of the simulation
The chip at 3,4 used 0.36000000000000004 Joules by being idle during the execution of the simulation

processor 3:5:0 used 0.035555555555555465 Joules by being active during the execution of the simulation
processor 3:5:1 (running ChipPowerMonitor on 3, 5) used 0.0 Joules by being active during the execution of the simulation
processor 3:5:2 used 0.0 Joules by being active during the execution of the simulation
processor 3:5:3 used 0.00024533333333333476 Joules by being active during the execution of the simulation
processor 3:5:4 used 0.0 Joules by being active during the execution of the simulation
processor 3:5:5 used 0.0 Joules by being active during the execution of the simulation
processor 3:5:6 used 0.0 Joules by being active during the execution of the simulation
processor 3:5:7 used 0.0 Joules by being active during the execution of the simulation
processor 3:5:8 used 0.0 Joules by being active during the execution of the simulation
processor 3:5:9 used 0.0 Joules by being active during the execution of the simulation
processor 3:5:10 used 0.0 Joules by being active during the execution of the simulation
processor 3:5:11 used 0.0 Joules by being active during the execution of the simulation
processor 3:5:12 used 0.0 Joules by being active during the execution of the simulation
processor 3:5:13 used 0.0 Joules by being active during the execution of the simulation
processor 3:5:14 used 0.0 Joules by being active during the execution of the simulation
processor 3:5:15 used 0.0 Joules by being active during the execution of the simulation
processor 3:5:16 used 0.0 Joules by being active during the execution of the simulation
processor 3:5:17 used 0.0 Joules by being active during the execution of the simulation
The chip at 3,5 used 0.36000000000000004 Joules by being idle during the execution of the simulation

processor 4:0:0 used 0.035555555555555465 Joules by being active during the execution of the simulation
processor 4:0:1 (running ChipPowerMonitor on 4, 0) used 0.0 Joules by being active during the execution of the simulation
processor 4:0:2 used 0.0014069333333333288 Joules by being active during the execution of the simulation
processor 4:0:3 used 0.0014065777777777734 Joules by being active during the execution of the simulation
processor 4:0:4 used 0.0014133333333333298 Joules by being active during the execution of the simulation
processor 4:0:5 used 0.0014222222222222175 Joules by being active during the execution of the simulation
processor 4:0:6 used 0.0014172444444444387 Joules by being active during the execution of the simulation
processor 4:0:7 used 0.0014239999999999956 Joules by being active during the execution of the simulation
processor 4:0:8 used 0.0014236444444444393 Joules by being active during the execution of the simulation
processor 4:0:9 used 0.0014243555555555503 Joules by being active during the execution of the simulation
processor 4:0:10 used 0.0002520888888888904 Joules by being active during the execution of the simulation
processor 4:0:11 used 0.001414044444444439 Joules by being active during the execution of the simulation
processor 4:0:12 used 0.001423288888888884 Joules by being active during the execution of the simulation
processor 4:0:13 used 0.0014264888888888862 Joules by being active during the execution of the simulation
processor 4:0:14 used 0.0014065777777777734 Joules by being active during the execution of the simulation
processor 4:0:15 used 0.0014122666666666623 Joules by being active during the execution of the simulation
processor 4:0:16 used 0.0014055111111111063 Joules by being active during the execution of the simulation
processor 4:0:17 used 0.001419022222222218 Joules by being active during the execution of the simulation
The chip at 4,0 used 0.36000000000000004 Joules by being idle during the execution of the simulation

processor 4:1:0 used 0.035555555555555465 Joules by being active during the execution of the simulation
processor 4:1:1 (running ChipPowerMonitor on 4, 1) used 0.0 Joules by being active during the execution of the simulation
processor 4:1:2 used 0.001410488888888885 Joules by being active during the execution of the simulation
processor 4:1:3 used 0.0014083555555555508 Joules by being active during the execution of the simulation
processor 4:1:4 used 0.0014126222222222177 Joules by being active during the execution of the simulation
processor 4:1:5 used 0.0014211555555555513 Joules by being active during the execution of the simulation
processor 4:1:6 used 0.0014168888888888844 Joules by being active during the execution of the simulation
processor 4:1:7 used 0.0014079999999999952 Joules by being active during the execution of the simulation
processor 4:1:8 used 0.0014186666666666605 Joules by being active during the execution of the simulation
processor 4:1:9 used 0.0014222222222222164 Joules by being active during the execution of the simulation
processor 4:1:10 used 0.00025351111111111265 Joules by being active during the execution of the simulation
processor 4:1:11 used 0.0014055111111111068 Joules by being active during the execution of the simulation
processor 4:1:12 used 0.0014215111111111074 Joules by being active during the execution of the simulation
processor 4:1:13 used 0.001411199999999995 Joules by being active during the execution of the simulation
processor 4:1:14 used 0.0014225777777777731 Joules by being active during the execution of the simulation
processor 4:1:15 used 0.0014005333333333271 Joules by being active during the execution of the simulation
processor 4:1:16 used 0.0014382222222222181 Joules by being active during the execution of the simulation
processor 4:1:17 used 0.0014033777777777733 Joules by being active during the execution of the simulation
The chip at 4,1 used 0.36000000000000004 Joules by being idle during the execution of the simulation

processor 4:2:0 used 0.035555555555555465 Joules by being active during the execution of the simulation
processor 4:2:1 (running ChipPowerMonitor on 4, 2) used 0.0 Joules by being active during the execution of the simulation
processor 4:2:2 used 0.0 Joules by being active during the execution of the simulation
processor 4:2:3 used 0.0 Joules by being active during the execution of the simulation
processor 4:2:4 used 0.0 Joules by being active during the execution of the simulation
processor 4:2:5 used 0.0 Joules by being active during the execution of the simulation
processor 4:2:6 used 0.00024248888888889035 Joules by being active during the execution of the simulation
processor 4:2:7 used 0.0 Joules by being active during the execution of the simulation
processor 4:2:8 used 0.0 Joules by being active during the execution of the simulation
processor 4:2:9 used 0.0 Joules by being active during the execution of the simulation
processor 4:2:10 used 0.0 Joules by being active during the execution of the simulation
processor 4:2:11 used 0.0 Joules by being active during the execution of the simulation
processor 4:2:12 used 0.0 Joules by being active during the execution of the simulation
processor 4:2:13 used 0.0 Joules by being active during the execution of the simulation
processor 4:2:14 used 0.0 Joules by being active during the execution of the simulation
processor 4:2:15 used 0.0 Joules by being active during the execution of the simulation
processor 4:2:16 used 0.0 Joules by being active during the execution of the simulation
processor 4:2:17 used 0.0 Joules by being active during the execution of the simulation
The chip at 4,2 used 0.36000000000000004 Joules by being idle during the execution of the simulation

processor 4:3:0 used 0.035555555555555465 Joules by being active during the execution of the simulation
processor 4:3:1 (running ChipPowerMonitor on 4, 3) used 0.0 Joules by being active during the execution of the simulation
processor 4:3:2 used 0.0 Joules by being active during the execution of the simulation
processor 4:3:3 used 0.0 Joules by being active during the execution of the simulation
processor 4:3:4 used 0.0 Joules by being active during the execution of the simulation
processor 4:3:5 used 0.0 Joules by being active during the execution of the simulation
processor 4:3:6 used 0.0 Joules by being active during the execution of the simulation
processor 4:3:7 used 0.0 Joules by being active during the execution of the simulation
processor 4:3:8 used 0.0 Joules by being active during the execution of the simulation
processor 4:3:9 used 0.0 Joules by being active during the execution of the simulation
processor 4:3:10 used 0.00024497777777777926 Joules by being active during the execution of the simulation
processor 4:3:11 used 0.0 Joules by being active during the execution of the simulation
processor 4:3:12 used 0.0 Joules by being active during the execution of the simulation
processor 4:3:13 used 0.0 Joules by being active during the execution of the simulation
processor 4:3:14 used 0.0 Joules by being active during the execution of the simulation
processor 4:3:15 used 0.0 Joules by being active during the execution of the simulation
processor 4:3:16 used 0.0 Joules by being active during the execution of the simulation
processor 4:3:17 used 0.0 Joules by being active during the execution of the simulation
The chip at 4,3 used 0.36000000000000004 Joules by being idle during the execution of the simulation

processor 4:4:0 used 0.035555555555555465 Joules by being active during the execution of the simulation
processor 4:4:1 (running ChipPowerMonitor on 4, 4) used 3.5555555555555553e-07 Joules by being active during the execution of the simulation
processor 4:4:2 used 0.0 Joules by being active during the execution of the simulation
processor 4:4:3 used 0.0 Joules by being active during the execution of the simulation
processor 4:4:4 used 0.0 Joules by being active during the execution of the simulation
processor 4:4:5 used 0.0 Joules by being active during the execution of the simulation
processor 4:4:6 used 0.0 Joules by being active during the execution of the simulation
processor 4:4:7 used 0.0 Joules by being active during the execution of the simulation
processor 4:4:8 used 0.0 Joules by being active during the execution of the simulation
processor 4:4:9 used 0.0 Joules by being active during the execution of the simulation
processor 4:4:10 used 0.00024355555555555702 Joules by being active during the execution of the simulation
processor 4:4:11 used 0.0 Joules by being active during the execution of the simulation
processor 4:4:12 used 0.0 Joules by being active during the execution of the simulation
processor 4:4:13 used 0.0 Joules by being active during the execution of the simulation
processor 4:4:14 used 0.0 Joules by being active during the execution of the simulation
processor 4:4:15 used 0.0 Joules by being active during the execution of the simulation
processor 4:4:16 used 0.0 Joules by being active during the execution of the simulation
processor 4:4:17 used 0.0 Joules by being active during the execution of the simulation
The chip at 4,4 used 0.36000000000000004 Joules by being idle during the execution of the simulation

processor 4:5:0 used 0.035555555555555465 Joules by being active during the execution of the simulation
processor 4:5:1 (running ChipPowerMonitor on 4, 5) used 0.0 Joules by being active during the execution of the simulation
processor 4:5:2 used 0.0 Joules by being active during the execution of the simulation
processor 4:5:3 used 0.0 Joules by being active during the execution of the simulation
processor 4:5:4 used 0.0 Joules by being active during the execution of the simulation
processor 4:5:5 used 0.0 Joules by being active during the execution of the simulation
processor 4:5:6 used 0.0 Joules by being active during the execution of the simulation
processor 4:5:7 used 0.0 Joules by being active during the execution of the simulation
processor 4:5:8 used 0.0 Joules by being active during the execution of the simulation
processor 4:5:9 used 0.0 Joules by being active during the execution of the simulation
processor 4:5:10 used 0.00024675555555555705 Joules by being active during the execution of the simulation
processor 4:5:11 used 0.0 Joules by being active during the execution of the simulation
processor 4:5:12 used 0.0 Joules by being active during the execution of the simulation
processor 4:5:13 used 0.0 Joules by being active during the execution of the simulation
processor 4:5:14 used 0.0 Joules by being active during the execution of the simulation
processor 4:5:15 used 0.0 Joules by being active during the execution of the simulation
processor 4:5:16 used 0.0 Joules by being active during the execution of the simulation
processor 4:5:17 used 0.0 Joules by being active during the execution of the simulation
The chip at 4,5 used 0.36000000000000004 Joules by being idle during the execution of the simulation

processor 4:6:0 used 0.035555555555555465 Joules by being active during the execution of the simulation
processor 4:6:1 (running ChipPowerMonitor on 4, 6) used 0.0 Joules by being active during the execution of the simulation
processor 4:6:2 used 0.0 Joules by being active during the execution of the simulation
processor 4:6:3 used 0.0 Joules by being active during the execution of the simulation
processor 4:6:4 used 0.0 Joules by being active during the execution of the simulation
processor 4:6:5 used 0.0 Joules by being active during the execution of the simulation
processor 4:6:6 used 0.0 Joules by being active during the execution of the simulation
processor 4:6:7 used 0.0 Joules by being active during the execution of the simulation
processor 4:6:8 used 0.0 Joules by being active during the execution of the simulation
processor 4:6:9 used 0.0 Joules by being active during the execution of the simulation
processor 4:6:10 used 0.00024497777777777926 Joules by being active during the execution of the simulation
processor 4:6:11 used 0.0 Joules by being active during the execution of the simulation
processor 4:6:12 used 0.0 Joules by being active during the execution of the simulation
processor 4:6:13 used 0.0 Joules by being active during the execution of the simulation
processor 4:6:14 used 0.0 Joules by being active during the execution of the simulation
processor 4:6:15 used 0.0 Joules by being active during the execution of the simulation
processor 4:6:16 used 0.0 Joules by being active during the execution of the simulation
processor 4:6:17 used 0.0 Joules by being active during the execution of the simulation
The chip at 4,6 used 0.36000000000000004 Joules by being idle during the execution of the simulation

processor 4:7:0 used 0.035555555555555465 Joules by being active during the execution of the simulation
processor 4:7:1 (running ChipPowerMonitor on 4, 7) used 0.0 Joules by being active during the execution of the simulation
processor 4:7:2 used 0.0 Joules by being active during the execution of the simulation
processor 4:7:3 used 0.0 Joules by being active during the execution of the simulation
processor 4:7:4 used 0.0 Joules by being active during the execution of the simulation
processor 4:7:5 used 0.0 Joules by being active during the execution of the simulation
processor 4:7:6 used 0.0 Joules by being active during the execution of the simulation
processor 4:7:7 used 0.0 Joules by being active during the execution of the simulation
processor 4:7:8 used 0.0 Joules by being active during the execution of the simulation
processor 4:7:9 used 0.0 Joules by being active during the execution of the simulation
processor 4:7:10 used 0.00024497777777777926 Joules by being active during the execution of the simulation
processor 4:7:11 used 0.0 Joules by being active during the execution of the simulation
processor 4:7:12 used 0.0 Joules by being active during the execution of the simulation
processor 4:7:13 used 0.0 Joules by being active during the execution of the simulation
processor 4:7:14 used 0.0 Joules by being active during the execution of the simulation
processor 4:7:15 used 0.0 Joules by being active during the execution of the simulation
processor 4:7:16 used 0.0 Joules by being active during the execution of the simulation
processor 4:7:17 used 0.0 Joules by being active during the execution of the simulation
The chip at 4,7 used 0.36000000000000004 Joules by being idle during the execution of the simulation

processor 5:1:0 used 0.035555555555555465 Joules by being active during the execution of the simulation
processor 5:1:1 (running ChipPowerMonitor on 5, 1) used 0.0 Joules by being active during the execution of the simulation
processor 5:1:2 used 0.001431822222222217 Joules by being active during the execution of the simulation
processor 5:1:3 used 0.0014271999999999948 Joules by being active during the execution of the simulation
processor 5:1:4 used 0.0014321777777777731 Joules by being active during the execution of the simulation
processor 5:1:5 used 0.0014154666666666613 Joules by being active during the execution of the simulation
processor 5:1:6 used 0.0014279111111111051 Joules by being active during the execution of the simulation
processor 5:1:7 used 0.0014222222222222158 Joules by being active during the execution of the simulation
processor 5:1:8 used 0.0014414222222222171 Joules by being active during the execution of the simulation
processor 5:1:9 used 0.001433955555555551 Joules by being active during the execution of the simulation
processor 5:1:10 used 0.0002560000000000015 Joules by being active during the execution of the simulation
processor 5:1:11 used 0.0014403555555555507 Joules by being active during the execution of the simulation
processor 5:1:12 used 0.0014421333333333288 Joules by being active during the execution of the simulation
processor 5:1:13 used 0.0014200888888888838 Joules by being active during the execution of the simulation
processor 5:1:14 used 0.0014229333333333268 Joules by being active during the execution of the simulation
processor 5:1:15 used 0.0014200888888888832 Joules by being active during the execution of the simulation
processor 5:1:16 used 0.0014332444444444387 Joules by being active during the execution of the simulation
processor 5:1:17 used 0.0014179555555555504 Joules by being active during the execution of the simulation
The chip at 5,1 used 0.36000000000000004 Joules by being idle during the execution of the simulation

processor 5:2:0 used 0.035555555555555465 Joules by being active during the execution of the simulation
processor 5:2:1 (running ChipPowerMonitor on 5, 2) used 0.03555484444444436 Joules by being active during the execution of the simulation
processor 5:2:2 used 0.001438577777777773 Joules by being active during the execution of the simulation
processor 5:2:3 used 0.001452444444444439 Joules by being active during the execution of the simulation
processor 5:2:4 used 0.0014389333333333285 Joules by being active during the execution of the simulation
processor 5:2:5 used 0.0014542222222222176 Joules by being active during the execution of the simulation
processor 5:2:6 used 0.0014428444444444391 Joules by being active during the execution of the simulation
processor 5:2:7 used 0.0014254222222222172 Joules by being active during the execution of the simulation
processor 5:2:8 used 0.0 Joules by being active during the execution of the simulation
processor 5:2:9 used 0.0 Joules by being active during the execution of the simulation
processor 5:2:10 used 0.0 Joules by being active during the execution of the simulation
processor 5:2:11 used 0.0002464000000000015 Joules by being active during the execution of the simulation
processor 5:2:12 used 0.0 Joules by being active during the execution of the simulation
processor 5:2:13 used 0.0 Joules by being active during the execution of the simulation
processor 5:2:14 used 0.0 Joules by being active during the execution of the simulation
processor 5:2:15 used 0.0 Joules by being active during the execution of the simulation
processor 5:2:16 used 0.0 Joules by being active during the execution of the simulation
processor 5:2:17 used 0.0 Joules by being active during the execution of the simulation
The chip at 5,2 used 0.36000000000000004 Joules by being idle during the execution of the simulation

processor 5:3:0 used 0.035555555555555465 Joules by being active during the execution of the simulation
processor 5:3:1 (running ChipPowerMonitor on 5, 3) used 0.0 Joules by being active during the execution of the simulation
processor 5:3:2 used 0.0 Joules by being active during the execution of the simulation
processor 5:3:3 used 0.0 Joules by being active during the execution of the simulation
processor 5:3:4 used 0.0 Joules by being active during the execution of the simulation
processor 5:3:5 used 0.0 Joules by being active during the execution of the simulation
processor 5:3:6 used 0.0 Joules by being active during the execution of the simulation
processor 5:3:7 used 0.0 Joules by being active during the execution of the simulation
processor 5:3:8 used 0.0 Joules by being active during the execution of the simulation
processor 5:3:9 used 0.0 Joules by being active during the execution of the simulation
processor 5:3:10 used 0.0002464000000000015 Joules by being active during the execution of the simulation
processor 5:3:11 used 0.0 Joules by being active during the execution of the simulation
processor 5:3:12 used 0.0 Joules by being active during the execution of the simulation
processor 5:3:13 used 0.0 Joules by being active during the execution of the simulation
processor 5:3:14 used 0.0 Joules by being active during the execution of the simulation
processor 5:3:15 used 0.0 Joules by being active during the execution of the simulation
processor 5:3:16 used 0.0 Joules by being active during the execution of the simulation
processor 5:3:17 used 0.0 Joules by being active during the execution of the simulation
The chip at 5,3 used 0.36000000000000004 Joules by being idle during the execution of the simulation

processor 5:4:0 used 0.035555555555555465 Joules by being active during the execution of the simulation
processor 5:4:1 (running ChipPowerMonitor on 5, 4) used 0.0 Joules by being active during the execution of the simulation
processor 5:4:2 used 0.0 Joules by being active during the execution of the simulation
processor 5:4:3 used 0.0 Joules by being active during the execution of the simulation
processor 5:4:4 used 0.0 Joules by being active during the execution of the simulation
processor 5:4:5 used 0.0 Joules by being active during the execution of the simulation
processor 5:4:6 used 0.0 Joules by being active during the execution of the simulation
processor 5:4:7 used 0.0 Joules by being active during the execution of the simulation
processor 5:4:8 used 0.0 Joules by being active during the execution of the simulation
processor 5:4:9 used 0.0 Joules by being active during the execution of the simulation
processor 5:4:10 used 0.0 Joules by being active during the execution of the simulation
processor 5:4:11 used 0.00024497777777777926 Joules by being active during the execution of the simulation
processor 5:4:12 used 0.0 Joules by being active during the execution of the simulation
processor 5:4:13 used 0.0 Joules by being active during the execution of the simulation
processor 5:4:14 used 0.0 Joules by being active during the execution of the simulation
processor 5:4:15 used 0.0 Joules by being active during the execution of the simulation
processor 5:4:16 used 0.0 Joules by being active during the execution of the simulation
processor 5:4:17 used 0.0 Joules by being active during the execution of the simulation
The chip at 5,4 used 0.36000000000000004 Joules by being idle during the execution of the simulation

processor 5:5:0 used 0.035555555555555465 Joules by being active during the execution of the simulation
processor 5:5:1 (running ChipPowerMonitor on 5, 5) used 0.0 Joules by being active during the execution of the simulation
processor 5:5:2 used 0.0 Joules by being active during the execution of the simulation
processor 5:5:3 used 0.0 Joules by being active during the execution of the simulation
processor 5:5:4 used 0.0 Joules by being active during the execution of the simulation
processor 5:5:5 used 0.0 Joules by being active during the execution of the simulation
processor 5:5:6 used 0.0 Joules by being active during the execution of the simulation
processor 5:5:7 used 0.0 Joules by being active during the execution of the simulation
processor 5:5:8 used 0.0 Joules by being active during the execution of the simulation
processor 5:5:9 used 0.0 Joules by being active during the execution of the simulation
processor 5:5:10 used 0.0 Joules by being active during the execution of the simulation
processor 5:5:11 used 0.00024604444444444593 Joules by being active during the execution of the simulation
processor 5:5:12 used 0.0 Joules by being active during the execution of the simulation
processor 5:5:13 used 0.0 Joules by being active during the execution of the simulation
processor 5:5:14 used 0.0 Joules by being active during the execution of the simulation
processor 5:5:15 used 0.0 Joules by being active during the execution of the simulation
processor 5:5:16 used 0.0 Joules by being active during the execution of the simulation
processor 5:5:17 used 0.0 Joules by being active during the execution of the simulation
The chip at 5,5 used 0.36000000000000004 Joules by being idle during the execution of the simulation

processor 5:6:0 used 0.035555555555555465 Joules by being active during the execution of the simulation
processor 5:6:1 (running ChipPowerMonitor on 5, 6) used 0.0 Joules by being active during the execution of the simulation
processor 5:6:2 used 0.0 Joules by being active during the execution of the simulation
processor 5:6:3 used 0.0 Joules by being active during the execution of the simulation
processor 5:6:4 used 0.0 Joules by being active during the execution of the simulation
processor 5:6:5 used 0.0 Joules by being active during the execution of the simulation
processor 5:6:6 used 0.0 Joules by being active during the execution of the simulation
processor 5:6:7 used 0.0 Joules by being active during the execution of the simulation
processor 5:6:8 used 0.0 Joules by being active during the execution of the simulation
processor 5:6:9 used 0.0 Joules by being active during the execution of the simulation
processor 5:6:10 used 0.0 Joules by being active during the execution of the simulation
processor 5:6:11 used 0.00024391111111111258 Joules by being active during the execution of the simulation
processor 5:6:12 used 0.0 Joules by being active during the execution of the simulation
processor 5:6:13 used 0.0 Joules by being active during the execution of the simulation
processor 5:6:14 used 0.0 Joules by being active during the execution of the simulation
processor 5:6:15 used 0.0 Joules by being active during the execution of the simulation
processor 5:6:16 used 0.0 Joules by being active during the execution of the simulation
processor 5:6:17 used 0.0 Joules by being active during the execution of the simulation
The chip at 5,6 used 0.36000000000000004 Joules by being idle during the execution of the simulation

processor 5:7:0 used 0.035555555555555465 Joules by being active during the execution of the simulation
processor 5:7:1 (running ChipPowerMonitor on 5, 7) used 0.0 Joules by being active during the execution of the simulation
processor 5:7:2 used 0.0 Joules by being active during the execution of the simulation
processor 5:7:3 used 0.0 Joules by being active during the execution of the simulation
processor 5:7:4 used 0.0 Joules by being active during the execution of the simulation
processor 5:7:5 used 0.0 Joules by being active during the execution of the simulation
processor 5:7:6 used 0.0 Joules by being active during the execution of the simulation
processor 5:7:7 used 0.0 Joules by being active during the execution of the simulation
processor 5:7:8 used 0.0 Joules by being active during the execution of the simulation
processor 5:7:9 used 0.0 Joules by being active during the execution of the simulation
processor 5:7:10 used 0.00024675555555555705 Joules by being active during the execution of the simulation
processor 5:7:11 used 0.0 Joules by being active during the execution of the simulation
processor 5:7:12 used 0.0 Joules by being active during the execution of the simulation
processor 5:7:13 used 0.0 Joules by being active during the execution of the simulation
processor 5:7:14 used 0.0 Joules by being active during the execution of the simulation
processor 5:7:15 used 0.0 Joules by being active during the execution of the simulation
processor 5:7:16 used 0.0 Joules by being active during the execution of the simulation
processor 5:7:17 used 0.0 Joules by being active during the execution of the simulation
The chip at 5,7 used 0.36000000000000004 Joules by being idle during the execution of the simulation

processor 6:2:0 used 0.035555555555555465 Joules by being active during the execution of the simulation
processor 6:2:1 (running ChipPowerMonitor on 6, 2) used 0.0 Joules by being active during the execution of the simulation
processor 6:2:2 used 0.001430399999999994 Joules by being active during the execution of the simulation
processor 6:2:3 used 0.0014239999999999956 Joules by being active during the execution of the simulation
processor 6:2:4 used 0.0014268444444444396 Joules by being active during the execution of the simulation
processor 6:2:5 used 0.0014154666666666607 Joules by being active during the execution of the simulation
processor 6:2:6 used 0.0014293333333333287 Joules by being active during the execution of the simulation
processor 6:2:7 used 0.0014453333333333295 Joules by being active during the execution of the simulation
processor 6:2:8 used 0.0014318222222222175 Joules by being active during the execution of the simulation
processor 6:2:9 used 0.0014328888888888842 Joules by being active during the execution of the simulation
processor 6:2:10 used 0.000255644444444446 Joules by being active during the execution of the simulation
processor 6:2:11 used 0.0014076444444444385 Joules by being active during the execution of the simulation
processor 6:2:12 used 0.0014147555555555494 Joules by being active during the execution of the simulation
processor 6:2:13 used 0.0014225777777777727 Joules by being active during the execution of the simulation
processor 6:2:14 used 0.0014271999999999946 Joules by being active during the execution of the simulation
processor 6:2:15 used 0.0014343111111111057 Joules by being active during the execution of the simulation
processor 6:2:16 used 0.0014168888888888833 Joules by being active during the execution of the simulation
processor 6:2:17 used 0.0014407111111111063 Joules by being active during the execution of the simulation
The chip at 6,2 used 0.36000000000000004 Joules by being idle during the execution of the simulation

processor 6:3:0 used 0.035555555555555465 Joules by being active during the execution of the simulation
processor 6:3:1 (running ChipPowerMonitor on 6, 3) used 0.0 Joules by being active during the execution of the simulation
processor 6:3:2 used 0.0 Joules by being active during the execution of the simulation
processor 6:3:3 used 0.0 Joules by being active during the execution of the simulation
processor 6:3:4 used 0.0 Joules by being active during the execution of the simulation
processor 6:3:5 used 0.0 Joules by being active during the execution of the simulation
processor 6:3:6 used 0.0 Joules by being active during the execution of the simulation
processor 6:3:7 used 0.0 Joules by being active during the execution of the simulation
processor 6:3:8 used 0.0 Joules by being active during the execution of the simulation
processor 6:3:9 used 0.0 Joules by being active during the execution of the simulation
processor 6:3:10 used 0.0002453333333333348 Joules by being active during the execution of the simulation
processor 6:3:11 used 0.0 Joules by being active during the execution of the simulation
processor 6:3:12 used 0.0 Joules by being active during the execution of the simulation
processor 6:3:13 used 0.0 Joules by being active during the execution of the simulation
processor 6:3:14 used 0.0 Joules by being active during the execution of the simulation
processor 6:3:15 used 0.0 Joules by being active during the execution of the simulation
processor 6:3:16 used 0.0 Joules by being active during the execution of the simulation
processor 6:3:17 used 0.0 Joules by being active during the execution of the simulation
The chip at 6,3 used 0.36000000000000004 Joules by being idle during the execution of the simulation

processor 6:4:0 used 0.035555555555555465 Joules by being active during the execution of the simulation
processor 6:4:1 (running ChipPowerMonitor on 6, 4) used 0.0 Joules by being active during the execution of the simulation
processor 6:4:2 used 0.0 Joules by being active during the execution of the simulation
processor 6:4:3 used 0.0 Joules by being active during the execution of the simulation
processor 6:4:4 used 0.0 Joules by being active during the execution of the simulation
processor 6:4:5 used 0.0 Joules by being active during the execution of the simulation
processor 6:4:6 used 0.0 Joules by being active during the execution of the simulation
processor 6:4:7 used 0.0 Joules by being active during the execution of the simulation
processor 6:4:8 used 0.0 Joules by being active during the execution of the simulation
processor 6:4:9 used 0.0 Joules by being active during the execution of the simulation
processor 6:4:10 used 0.00024746666666666816 Joules by being active during the execution of the simulation
processor 6:4:11 used 0.0 Joules by being active during the execution of the simulation
processor 6:4:12 used 0.0 Joules by being active during the execution of the simulation
processor 6:4:13 used 0.0 Joules by being active during the execution of the simulation
processor 6:4:14 used 0.0 Joules by being active during the execution of the simulation
processor 6:4:15 used 0.0 Joules by being active during the execution of the simulation
processor 6:4:16 used 0.0 Joules by being active during the execution of the simulation
processor 6:4:17 used 0.0 Joules by being active during the execution of the simulation
The chip at 6,4 used 0.36000000000000004 Joules by being idle during the execution of the simulation

processor 6:5:0 used 0.035555555555555465 Joules by being active during the execution of the simulation
processor 6:5:1 (running ChipPowerMonitor on 6, 5) used 0.0 Joules by being active during the execution of the simulation
processor 6:5:2 used 0.0 Joules by being active during the execution of the simulation
processor 6:5:3 used 0.0 Joules by being active during the execution of the simulation
processor 6:5:4 used 0.0 Joules by being active during the execution of the simulation
processor 6:5:5 used 0.0 Joules by being active during the execution of the simulation
processor 6:5:6 used 0.0 Joules by being active during the execution of the simulation
processor 6:5:7 used 0.0 Joules by being active during the execution of the simulation
processor 6:5:8 used 0.0 Joules by being active during the execution of the simulation
processor 6:5:9 used 0.0 Joules by being active during the execution of the simulation
processor 6:5:10 used 0.00024604444444444593 Joules by being active during the execution of the simulation
processor 6:5:11 used 0.0 Joules by being active during the execution of the simulation
processor 6:5:12 used 0.0 Joules by being active during the execution of the simulation
processor 6:5:13 used 0.0 Joules by being active during the execution of the simulation
processor 6:5:14 used 0.0 Joules by being active during the execution of the simulation
processor 6:5:15 used 0.0 Joules by being active during the execution of the simulation
processor 6:5:16 used 0.0 Joules by being active during the execution of the simulation
processor 6:5:17 used 0.0 Joules by being active during the execution of the simulation
The chip at 6,5 used 0.36000000000000004 Joules by being idle during the execution of the simulation

processor 6:6:0 used 0.035555555555555465 Joules by being active during the execution of the simulation
processor 6:6:1 (running ChipPowerMonitor on 6, 6) used 0.03555235555555547 Joules by being active during the execution of the simulation
processor 6:6:2 used 0.0 Joules by being active during the execution of the simulation
processor 6:6:3 used 0.0 Joules by being active during the execution of the simulation
processor 6:6:4 used 0.0 Joules by being active during the execution of the simulation
processor 6:6:5 used 0.0 Joules by being active during the execution of the simulation
processor 6:6:6 used 0.0 Joules by being active during the execution of the simulation
processor 6:6:7 used 0.0 Joules by being active during the execution of the simulation
processor 6:6:8 used 0.0 Joules by being active during the execution of the simulation
processor 6:6:9 used 0.0 Joules by being active during the execution of the simulation
processor 6:6:10 used 0.00024391111111111258 Joules by being active during the execution of the simulation
processor 6:6:11 used 0.0 Joules by being active during the execution of the simulation
processor 6:6:12 used 0.0 Joules by being active during the execution of the simulation
processor 6:6:13 used 0.0 Joules by being active during the execution of the simulation
processor 6:6:14 used 0.0 Joules by being active during the execution of the simulation
processor 6:6:15 used 0.0 Joules by being active during the execution of the simulation
processor 6:6:16 used 0.0 Joules by being active during the execution of the simulation
processor 6:6:17 used 0.0 Joules by being active during the execution of the simulation
The chip at 6,6 used 0.36000000000000004 Joules by being idle during the execution of the simulation

processor 6:7:0 used 0.035555555555555465 Joules by being active during the execution of the simulation
processor 6:7:1 (running ChipPowerMonitor on 6, 7) used 0.0 Joules by being active during the execution of the simulation
processor 6:7:2 used 0.0 Joules by being active during the execution of the simulation
processor 6:7:3 used 0.0 Joules by being active during the execution of the simulation
processor 6:7:4 used 0.0 Joules by being active during the execution of the simulation
processor 6:7:5 used 0.0 Joules by being active during the execution of the simulation
processor 6:7:6 used 0.0 Joules by being active during the execution of the simulation
processor 6:7:7 used 0.0 Joules by being active during the execution of the simulation
processor 6:7:8 used 0.0 Joules by being active during the execution of the simulation
processor 6:7:9 used 0.0 Joules by being active during the execution of the simulation
processor 6:7:10 used 0.00024604444444444593 Joules by being active during the execution of the simulation
processor 6:7:11 used 0.0 Joules by being active during the execution of the simulation
processor 6:7:12 used 0.0 Joules by being active during the execution of the simulation
processor 6:7:13 used 0.0 Joules by being active during the execution of the simulation
processor 6:7:14 used 0.0 Joules by being active during the execution of the simulation
processor 6:7:15 used 0.0 Joules by being active during the execution of the simulation
processor 6:7:16 used 0.0 Joules by being active during the execution of the simulation
processor 6:7:17 used 0.0 Joules by being active during the execution of the simulation
The chip at 6,7 used 0.36000000000000004 Joules by being idle during the execution of the simulation

processor 7:3:0 used 0.035555555555555465 Joules by being active during the execution of the simulation
processor 7:3:1 (running ChipPowerMonitor on 7, 3) used 0.0 Joules by being active during the execution of the simulation
processor 7:3:2 used 0.0 Joules by being active during the execution of the simulation
processor 7:3:3 used 0.0 Joules by being active during the execution of the simulation
processor 7:3:4 used 0.0 Joules by being active during the execution of the simulation
processor 7:3:5 used 0.0 Joules by being active during the execution of the simulation
processor 7:3:6 used 0.0 Joules by being active during the execution of the simulation
processor 7:3:7 used 0.0 Joules by being active during the execution of the simulation
processor 7:3:8 used 0.0 Joules by being active during the execution of the simulation
processor 7:3:9 used 0.0 Joules by being active during the execution of the simulation
processor 7:3:10 used 0.0002464000000000015 Joules by being active during the execution of the simulation
processor 7:3:11 used 0.0 Joules by being active during the execution of the simulation
processor 7:3:12 used 0.0 Joules by being active during the execution of the simulation
processor 7:3:13 used 0.0 Joules by being active during the execution of the simulation
processor 7:3:14 used 0.0 Joules by being active during the execution of the simulation
processor 7:3:15 used 0.0 Joules by being active during the execution of the simulation
processor 7:3:16 used 0.0 Joules by being active during the execution of the simulation
processor 7:3:17 used 0.0 Joules by being active during the execution of the simulation
The chip at 7,3 used 0.36000000000000004 Joules by being idle during the execution of the simulation

processor 7:4:0 used 0.035555555555555465 Joules by being active during the execution of the simulation
processor 7:4:1 (running ChipPowerMonitor on 7, 4) used 0.0 Joules by being active during the execution of the simulation
processor 7:4:2 used 0.0 Joules by being active during the execution of the simulation
processor 7:4:3 used 0.0 Joules by being active during the execution of the simulation
processor 7:4:4 used 0.0 Joules by being active during the execution of the simulation
processor 7:4:5 used 0.0 Joules by being active during the execution of the simulation
processor 7:4:6 used 0.0 Joules by being active during the execution of the simulation
processor 7:4:7 used 0.0 Joules by being active during the execution of the simulation
processor 7:4:8 used 0.0 Joules by being active during the execution of the simulation
processor 7:4:9 used 0.0 Joules by being active during the execution of the simulation
processor 7:4:10 used 0.0002453333333333348 Joules by being active during the execution of the simulation
processor 7:4:11 used 0.0 Joules by being active during the execution of the simulation
processor 7:4:12 used 0.0 Joules by being active during the execution of the simulation
processor 7:4:13 used 0.0 Joules by being active during the execution of the simulation
processor 7:4:14 used 0.0 Joules by being active during the execution of the simulation
processor 7:4:15 used 0.0 Joules by being active during the execution of the simulation
processor 7:4:16 used 0.0 Joules by being active during the execution of the simulation
processor 7:4:17 used 0.0 Joules by being active during the execution of the simulation
The chip at 7,4 used 0.36000000000000004 Joules by being idle during the execution of the simulation

processor 7:5:0 used 0.035555555555555465 Joules by being active during the execution of the simulation
processor 7:5:1 (running ChipPowerMonitor on 7, 5) used 0.0 Joules by being active during the execution of the simulation
processor 7:5:2 used 0.0 Joules by being active during the execution of the simulation
processor 7:5:3 used 0.0 Joules by being active during the execution of the simulation
processor 7:5:4 used 0.0 Joules by being active during the execution of the simulation
processor 7:5:5 used 0.0 Joules by being active during the execution of the simulation
processor 7:5:6 used 0.0 Joules by being active during the execution of the simulation
processor 7:5:7 used 0.0 Joules by being active during the execution of the simulation
processor 7:5:8 used 0.0 Joules by being active during the execution of the simulation
processor 7:5:9 used 0.0 Joules by being active during the execution of the simulation
processor 7:5:10 used 0.0002471111111111126 Joules by being active during the execution of the simulation
processor 7:5:11 used 0.0 Joules by being active during the execution of the simulation
processor 7:5:12 used 0.0 Joules by being active during the execution of the simulation
processor 7:5:13 used 0.0 Joules by being active during the execution of the simulation
processor 7:5:14 used 0.0 Joules by being active during the execution of the simulation
processor 7:5:15 used 0.0 Joules by being active during the execution of the simulation
processor 7:5:16 used 0.0 Joules by being active during the execution of the simulation
processor 7:5:17 used 0.0 Joules by being active during the execution of the simulation
The chip at 7,5 used 0.36000000000000004 Joules by being idle during the execution of the simulation

processor 7:6:0 used 0.035555555555555465 Joules by being active during the execution of the simulation
processor 7:6:1 (running ChipPowerMonitor on 7, 6) used 0.0 Joules by being active during the execution of the simulation
processor 7:6:2 used 0.0 Joules by being active during the execution of the simulation
processor 7:6:3 used 0.0 Joules by being active during the execution of the simulation
processor 7:6:4 used 0.0 Joules by being active during the execution of the simulation
processor 7:6:5 used 0.0 Joules by being active during the execution of the simulation
processor 7:6:6 used 0.0 Joules by being active during the execution of the simulation
processor 7:6:7 used 0.0 Joules by being active during the execution of the simulation
processor 7:6:8 used 0.0 Joules by being active during the execution of the simulation
processor 7:6:9 used 0.0 Joules by being active during the execution of the simulation
processor 7:6:10 used 0.00024391111111111258 Joules by being active during the execution of the simulation
processor 7:6:11 used 0.0 Joules by being active during the execution of the simulation
processor 7:6:12 used 0.0 Joules by being active during the execution of the simulation
processor 7:6:13 used 0.0 Joules by being active during the execution of the simulation
processor 7:6:14 used 0.0 Joules by being active during the execution of the simulation
processor 7:6:15 used 0.0 Joules by being active during the execution of the simulation
processor 7:6:16 used 0.0 Joules by being active during the execution of the simulation
processor 7:6:17 used 0.0 Joules by being active during the execution of the simulation
The chip at 7,6 used 0.36000000000000004 Joules by being idle during the execution of the simulation

processor 7:7:0 used 0.035555555555555465 Joules by being active during the execution of the simulation
processor 7:7:1 (running ChipPowerMonitor on 7, 7) used 3.5555555555555553e-07 Joules by being active during the execution of the simulation
processor 7:7:2 used 0.0 Joules by being active during the execution of the simulation
processor 7:7:3 used 0.0 Joules by being active during the execution of the simulation
processor 7:7:4 used 0.0 Joules by being active during the execution of the simulation
processor 7:7:5 used 0.0 Joules by being active during the execution of the simulation
processor 7:7:6 used 0.0 Joules by being active during the execution of the simulation
processor 7:7:7 used 0.0 Joules by being active during the execution of the simulation
processor 7:7:8 used 0.0 Joules by being active during the execution of the simulation
processor 7:7:9 used 0.0 Joules by being active during the execution of the simulation
processor 7:7:10 used 0.00024462222222222364 Joules by being active during the execution of the simulation
processor 7:7:11 used 0.0 Joules by being active during the execution of the simulation
processor 7:7:12 used 0.0 Joules by being active during the execution of the simulation
processor 7:7:13 used 0.0 Joules by being active during the execution of the simulation
processor 7:7:14 used 0.0 Joules by being active during the execution of the simulation
processor 7:7:15 used 0.0 Joules by being active during the execution of the simulation
processor 7:7:16 used 0.0 Joules by being active during the execution of the simulation
processor 7:7:17 used 0.0 Joules by being active during the execution of the simulation
The chip at 7,7 used 0.36000000000000004 Joules by being idle during the execution of the simulation
